#
# There is insufficient memory for the Java Runtime Environment to continue.
# Native memory allocation (malloc) failed to allocate 356592 bytes. Error detail: Chunk::new
# Possible reasons:
#   The system is out of physical RAM or swap space
#   This process is running with CompressedOops enabled, and the Java Heap may be blocking the growth of the native heap
# Possible solutions:
#   Reduce memory load on the system
#   Increase physical memory or swap space
#   Check if swap backing store is full
#   Decrease Java heap size (-Xmx/-Xms)
#   Decrease number of Java threads
#   Decrease Java thread stack sizes (-Xss)
#   Set larger code cache with -XX:ReservedCodeCacheSize=
#   JVM is running with Unscaled Compressed Oops mode in which the Java heap is
#     placed in the first 4GB address space. The Java Heap base address is the
#     maximum limit for the native heap growth. Please use -XX:HeapBaseMinAddress
#     to set the Java Heap base and to place the Java Heap above 4GB virtual address.
# This output file may be truncated or incomplete.
#
#  Out of Memory Error (arena.cpp:168), pid=2196, tid=10316
#
# JRE version: OpenJDK Runtime Environment Temurin-21.0.6+7 (21.0.6+7) (build 21.0.6+7-LTS)
# Java VM: OpenJDK 64-Bit Server VM Temurin-21.0.6+7 (21.0.6+7-LTS, mixed mode, sharing, tiered, compressed oops, compressed class ptrs, g1 gc, windows-amd64)
# No core dump will be written. Minidumps are not enabled by default on client versions of Windows
#

---------------  S U M M A R Y ------------

Command Line: -Dcom.sun.management.jmxremote -Dcom.sun.management.jmxremote.port=59742 -Dcom.sun.management.jmxremote.authenticate=false -Dcom.sun.management.jmxremote.ssl=false -Dspring.jmx.enabled=true -Djava.rmi.server.hostname=localhost -Dspring.application.admin.enabled=true -Dspring.boot.project.name=zull-server -XX:+ShowCodeDetailsInExceptionMessages -Dmanagement.endpoints.jmx.exposure.include=* com.example.zull_server.ZullServerApplication

Host: Intel(R) Core(TM) i5-10300H CPU @ 2.50GHz, 8 cores, 7G,  Windows 11 , 64 bit Build 22621 (10.0.22621.4974)
Time: Fri Apr 18 16:07:32 2025 Paris, Madrid elapsed time: 1.269873 seconds (0d 0h 0m 1s)

---------------  T H R E A D  ---------------

Current thread (0x000001fff4dab0e0):  JavaThread "C2 CompilerThread0" daemon [_thread_in_native, id=10316, stack(0x0000003b95a00000,0x0000003b95b00000) (1024K)]


Current CompileTask:
C2:1269 2246 % !   4       java.util.concurrent.ConcurrentHashMap::transfer @ 96 (849 bytes)

Stack: [0x0000003b95a00000,0x0000003b95b00000]
Native frames: (J=compiled Java code, j=interpreted, Vv=VM code, C=native code)
V  [jvm.dll+0x6cdee9]
V  [jvm.dll+0x8a83d1]
V  [jvm.dll+0x8aa8fe]
V  [jvm.dll+0x8aafe3]
V  [jvm.dll+0x27f706]
V  [jvm.dll+0xc500d]
V  [jvm.dll+0xc5543]
V  [jvm.dll+0x3b678c]
V  [jvm.dll+0x382935]
V  [jvm.dll+0x381d9a]
V  [jvm.dll+0x2479f0]
V  [jvm.dll+0x246fcf]
V  [jvm.dll+0x1c75ee]
V  [jvm.dll+0x25685a]
V  [jvm.dll+0x254dfa]
V  [jvm.dll+0x3f0256]
V  [jvm.dll+0x851f8b]
V  [jvm.dll+0x6cc5ed]
C  [ucrtbase.dll+0x29333]
C  [KERNEL32.DLL+0x1259d]
C  [ntdll.dll+0x5af38]


---------------  P R O C E S S  ---------------

Threads class SMR info:
_java_thread_list=0x000001fff9bc1930, length=19, elements={
0x000001ffdb3a3b80, 0x000001fff4d90880, 0x000001fff4d91690, 0x000001fff4d96d30,
0x000001fff4d9ad80, 0x000001fff4d9b7d0, 0x000001fff4d9c220, 0x000001fff4dab0e0,
0x000001fff4daff80, 0x000001fff90d8130, 0x000001fff9188050, 0x000001fff4dac900,
0x000001fff982db70, 0x000001fff93f7820, 0x000001fff9dd4bc0, 0x000001fff9b07a30,
0x000001fff9c6cba0, 0x000001fff9970000, 0x000001fff9bcb660
}

Java Threads: ( => current thread )
  0x000001ffdb3a3b80 JavaThread "main"                              [_thread_in_vm, id=11612, stack(0x0000003b94c00000,0x0000003b94d00000) (1024K)]
  0x000001fff4d90880 JavaThread "Reference Handler"          daemon [_thread_blocked, id=12084, stack(0x0000003b95400000,0x0000003b95500000) (1024K)]
  0x000001fff4d91690 JavaThread "Finalizer"                  daemon [_thread_blocked, id=16672, stack(0x0000003b95500000,0x0000003b95600000) (1024K)]
  0x000001fff4d96d30 JavaThread "Signal Dispatcher"          daemon [_thread_blocked, id=15568, stack(0x0000003b95600000,0x0000003b95700000) (1024K)]
  0x000001fff4d9ad80 JavaThread "Attach Listener"            daemon [_thread_blocked, id=4532, stack(0x0000003b95700000,0x0000003b95800000) (1024K)]
  0x000001fff4d9b7d0 JavaThread "Service Thread"             daemon [_thread_blocked, id=2760, stack(0x0000003b95800000,0x0000003b95900000) (1024K)]
  0x000001fff4d9c220 JavaThread "Monitor Deflation Thread"   daemon [_thread_blocked, id=6012, stack(0x0000003b95900000,0x0000003b95a00000) (1024K)]
=>0x000001fff4dab0e0 JavaThread "C2 CompilerThread0"         daemon [_thread_in_native, id=10316, stack(0x0000003b95a00000,0x0000003b95b00000) (1024K)]
  0x000001fff4daff80 JavaThread "C1 CompilerThread0"         daemon [_thread_blocked, id=16180, stack(0x0000003b95b00000,0x0000003b95c00000) (1024K)]
  0x000001fff90d8130 JavaThread "Common-Cleaner"             daemon [_thread_blocked, id=18628, stack(0x0000003b95c00000,0x0000003b95d00000) (1024K)]
  0x000001fff9188050 JavaThread "Notification Thread"        daemon [_thread_blocked, id=13572, stack(0x0000003b95d00000,0x0000003b95e00000) (1024K)]
  0x000001fff4dac900 JavaThread "C2 CompilerThread1"         daemon [_thread_in_native, id=19368, stack(0x0000003b95e00000,0x0000003b95f00000) (1024K)]
  0x000001fff982db70 JavaThread "RMI TCP Accept-0"           daemon [_thread_in_native, id=18840, stack(0x0000003b95f00000,0x0000003b96000000) (1024K)]
  0x000001fff93f7820 JavaThread "RMI TCP Accept-59742"       daemon [_thread_in_native, id=10920, stack(0x0000003b96000000,0x0000003b96100000) (1024K)]
  0x000001fff9dd4bc0 JavaThread "RMI TCP Accept-0"           daemon [_thread_in_native, id=15200, stack(0x0000003b96100000,0x0000003b96200000) (1024K)]
  0x000001fff9b07a30 JavaThread "RMI TCP Connection(1)-127.0.0.1" daemon [_thread_in_native, id=15264, stack(0x0000003b96200000,0x0000003b96300000) (1024K)]
  0x000001fff9c6cba0 JavaThread "RMI Scheduler(0)"           daemon [_thread_blocked, id=6560, stack(0x0000003b96300000,0x0000003b96400000) (1024K)]
  0x000001fff9970000 JavaThread "RMI TCP Connection(2)-127.0.0.1" daemon [_thread_in_native, id=5444, stack(0x0000003b96b00000,0x0000003b96c00000) (1024K)]
  0x000001fff9bcb660 JavaThread "JMX server connection timeout 35" daemon [_thread_blocked, id=18952, stack(0x0000003b96c00000,0x0000003b96d00000) (1024K)]
Total: 19

Other Threads:
  0x000001fff4d76040 VMThread "VM Thread"                           [id=16252, stack(0x0000003b95300000,0x0000003b95400000) (1024K)]
  0x000001fff4d68100 WatcherThread "VM Periodic Task Thread"        [id=17204, stack(0x0000003b95200000,0x0000003b95300000) (1024K)]
  0x000001ffdd6e2d10 WorkerThread "GC Thread#0"                     [id=18664, stack(0x0000003b94d00000,0x0000003b94e00000) (1024K)]
  0x000001fff9c79840 WorkerThread "GC Thread#1"                     [id=10420, stack(0x0000003b96400000,0x0000003b96500000) (1024K)]
  0x000001fff9d55110 WorkerThread "GC Thread#2"                     [id=6912, stack(0x0000003b96500000,0x0000003b96600000) (1024K)]
  0x000001fff9fbc1a0 WorkerThread "GC Thread#3"                     [id=8036, stack(0x0000003b96600000,0x0000003b96700000) (1024K)]
  0x000001fff9fbc540 WorkerThread "GC Thread#4"                     [id=11956, stack(0x0000003b96700000,0x0000003b96800000) (1024K)]
  0x000001fff9fbc8e0 WorkerThread "GC Thread#5"                     [id=17648, stack(0x0000003b96800000,0x0000003b96900000) (1024K)]
  0x000001fff9fbec90 WorkerThread "GC Thread#6"                     [id=17024, stack(0x0000003b96900000,0x0000003b96a00000) (1024K)]
  0x000001fff9fc7040 WorkerThread "GC Thread#7"                     [id=17496, stack(0x0000003b96a00000,0x0000003b96b00000) (1024K)]
  0x000001ffdd6f3be0 ConcurrentGCThread "G1 Main Marker"            [id=1596, stack(0x0000003b94e00000,0x0000003b94f00000) (1024K)]
  0x000001ffdd6f46e0 WorkerThread "G1 Conc#0"                       [id=11408, stack(0x0000003b94f00000,0x0000003b95000000) (1024K)]
  0x000001fff4c27220 ConcurrentGCThread "G1 Refine#0"               [id=7544, stack(0x0000003b95000000,0x0000003b95100000) (1024K)]
  0x000001fff4c28bb0 ConcurrentGCThread "G1 Service"                [id=7852, stack(0x0000003b95100000,0x0000003b95200000) (1024K)]
Total: 14

Threads with active compile tasks:
C2 CompilerThread0  1288 2246 % !   4       java.util.concurrent.ConcurrentHashMap::transfer @ 96 (849 bytes)
Total: 1

VM state: not at safepoint (normal execution)

VM Mutex/Monitor currently owned by a thread: None

Heap address: 0x0000000081600000, size: 2026 MB, Compressed Oops mode: 32-bit

CDS archive(s) mapped at: [0x000001ff80000000-0x000001ff80ba0000-0x000001ff80ba0000), size 12189696, SharedBaseAddress: 0x000001ff80000000, ArchiveRelocationMode: 1.
Compressed class space mapped at: 0x000001ff81000000-0x000001ffc1000000, reserved size: 1073741824
Narrow klass base: 0x000001ff80000000, Narrow klass shift: 0, Narrow klass range: 0x100000000

GC Precious Log:
 CardTable entry size: 512
 Card Set container configuration: InlinePtr #cards 5 size 8 Array Of Cards #cards 12 size 40 Howl #buckets 4 coarsen threshold 1843 Howl Bitmap #cards 512 size 80 coarsen threshold 460 Card regions per heap region 1 cards per card region 2048
 CPUs: 8 total, 8 available
 Memory: 8099M
 Large Page Support: Disabled
 NUMA Support: Disabled
 Compressed Oops: Enabled (32-bit)
 Heap Region Size: 1M
 Heap Min Capacity: 8M
 Heap Initial Capacity: 128M
 Heap Max Capacity: 2026M
 Pre-touch: Disabled
 Parallel Workers: 8
 Concurrent Workers: 2
 Concurrent Refinement Workers: 8
 Periodic GC: Disabled

Heap:
 garbage-first heap   total 131072K, used 35582K [0x0000000081600000, 0x0000000100000000)
  region size 1024K, 23 young (23552K), 4 survivors (4096K)
 Metaspace       used 12827K, committed 13184K, reserved 1114112K
  class space    used 1521K, committed 1664K, reserved 1048576K

Heap Regions: E=young(eden), S=young(survivor), O=old, HS=humongous(starts), HC=humongous(continues), CS=collection set, F=free, TAMS=top-at-mark-start, PB=parsable bottom
|   0|0x0000000081600000, 0x0000000081700000, 0x0000000081700000|100%|HS|  |TAMS 0x0000000081600000| PB 0x0000000081600000| Complete 
|   1|0x0000000081700000, 0x0000000081800000, 0x0000000081800000|100%|HS|  |TAMS 0x0000000081700000| PB 0x0000000081700000| Complete 
|   2|0x0000000081800000, 0x0000000081900000, 0x0000000081900000|100%| O|  |TAMS 0x0000000081800000| PB 0x0000000081800000| Untracked 
|   3|0x0000000081900000, 0x0000000081a00000, 0x0000000081a00000|100%| O|  |TAMS 0x0000000081900000| PB 0x0000000081900000| Untracked 
|   4|0x0000000081a00000, 0x0000000081b00000, 0x0000000081b00000|100%| O|  |TAMS 0x0000000081a00000| PB 0x0000000081a00000| Untracked 
|   5|0x0000000081b00000, 0x0000000081c00000, 0x0000000081c00000|100%| O|  |TAMS 0x0000000081b00000| PB 0x0000000081b00000| Untracked 
|   6|0x0000000081c00000, 0x0000000081d00000, 0x0000000081d00000|100%| O|  |TAMS 0x0000000081c00000| PB 0x0000000081c00000| Untracked 
|   7|0x0000000081d00000, 0x0000000081d00000, 0x0000000081e00000|  0%| F|  |TAMS 0x0000000081d00000| PB 0x0000000081d00000| Untracked 
|   8|0x0000000081e00000, 0x0000000081f00000, 0x0000000081f00000|100%|HS|  |TAMS 0x0000000081e00000| PB 0x0000000081e00000| Complete 
|   9|0x0000000081f00000, 0x0000000082000000, 0x0000000082000000|100%|HS|  |TAMS 0x0000000081f00000| PB 0x0000000081f00000| Complete 
|  10|0x0000000082000000, 0x0000000082100000, 0x0000000082100000|100%| O|  |TAMS 0x0000000082000000| PB 0x0000000082000000| Untracked 
|  11|0x0000000082100000, 0x0000000082200000, 0x0000000082200000|100%| O|  |TAMS 0x0000000082100000| PB 0x0000000082100000| Untracked 
|  12|0x0000000082200000, 0x0000000082300000, 0x0000000082300000|100%| O|  |TAMS 0x0000000082200000| PB 0x0000000082200000| Untracked 
|  13|0x0000000082300000, 0x0000000082400000, 0x0000000082400000|100%| O|  |TAMS 0x0000000082300000| PB 0x0000000082300000| Untracked 
|  14|0x0000000082400000, 0x00000000824bfac0, 0x0000000082500000| 74%| O|  |TAMS 0x0000000082400000| PB 0x0000000082400000| Untracked 
|  15|0x0000000082500000, 0x0000000082500000, 0x0000000082600000|  0%| F|  |TAMS 0x0000000082500000| PB 0x0000000082500000| Untracked 
|  16|0x0000000082600000, 0x0000000082600000, 0x0000000082700000|  0%| F|  |TAMS 0x0000000082600000| PB 0x0000000082600000| Untracked 
|  17|0x0000000082700000, 0x0000000082700000, 0x0000000082800000|  0%| F|  |TAMS 0x0000000082700000| PB 0x0000000082700000| Untracked 
|  18|0x0000000082800000, 0x0000000082800000, 0x0000000082900000|  0%| F|  |TAMS 0x0000000082800000| PB 0x0000000082800000| Untracked 
|  19|0x0000000082900000, 0x0000000082900000, 0x0000000082a00000|  0%| F|  |TAMS 0x0000000082900000| PB 0x0000000082900000| Untracked 
|  20|0x0000000082a00000, 0x0000000082a00000, 0x0000000082b00000|  0%| F|  |TAMS 0x0000000082a00000| PB 0x0000000082a00000| Untracked 
|  21|0x0000000082b00000, 0x0000000082b00000, 0x0000000082c00000|  0%| F|  |TAMS 0x0000000082b00000| PB 0x0000000082b00000| Untracked 
|  22|0x0000000082c00000, 0x0000000082c00000, 0x0000000082d00000|  0%| F|  |TAMS 0x0000000082c00000| PB 0x0000000082c00000| Untracked 
|  23|0x0000000082d00000, 0x0000000082d00000, 0x0000000082e00000|  0%| F|  |TAMS 0x0000000082d00000| PB 0x0000000082d00000| Untracked 
|  24|0x0000000082e00000, 0x0000000082e00000, 0x0000000082f00000|  0%| F|  |TAMS 0x0000000082e00000| PB 0x0000000082e00000| Untracked 
|  25|0x0000000082f00000, 0x0000000082f00000, 0x0000000083000000|  0%| F|  |TAMS 0x0000000082f00000| PB 0x0000000082f00000| Untracked 
|  26|0x0000000083000000, 0x0000000083000000, 0x0000000083100000|  0%| F|  |TAMS 0x0000000083000000| PB 0x0000000083000000| Untracked 
|  27|0x0000000083100000, 0x0000000083100000, 0x0000000083200000|  0%| F|  |TAMS 0x0000000083100000| PB 0x0000000083100000| Untracked 
|  28|0x0000000083200000, 0x0000000083200000, 0x0000000083300000|  0%| F|  |TAMS 0x0000000083200000| PB 0x0000000083200000| Untracked 
|  29|0x0000000083300000, 0x0000000083300000, 0x0000000083400000|  0%| F|  |TAMS 0x0000000083300000| PB 0x0000000083300000| Untracked 
|  30|0x0000000083400000, 0x0000000083400000, 0x0000000083500000|  0%| F|  |TAMS 0x0000000083400000| PB 0x0000000083400000| Untracked 
|  31|0x0000000083500000, 0x0000000083500000, 0x0000000083600000|  0%| F|  |TAMS 0x0000000083500000| PB 0x0000000083500000| Untracked 
|  32|0x0000000083600000, 0x0000000083600000, 0x0000000083700000|  0%| F|  |TAMS 0x0000000083600000| PB 0x0000000083600000| Untracked 
|  33|0x0000000083700000, 0x0000000083700000, 0x0000000083800000|  0%| F|  |TAMS 0x0000000083700000| PB 0x0000000083700000| Untracked 
|  34|0x0000000083800000, 0x0000000083800000, 0x0000000083900000|  0%| F|  |TAMS 0x0000000083800000| PB 0x0000000083800000| Untracked 
|  35|0x0000000083900000, 0x0000000083900000, 0x0000000083a00000|  0%| F|  |TAMS 0x0000000083900000| PB 0x0000000083900000| Untracked 
|  36|0x0000000083a00000, 0x0000000083a00000, 0x0000000083b00000|  0%| F|  |TAMS 0x0000000083a00000| PB 0x0000000083a00000| Untracked 
|  37|0x0000000083b00000, 0x0000000083b00000, 0x0000000083c00000|  0%| F|  |TAMS 0x0000000083b00000| PB 0x0000000083b00000| Untracked 
|  38|0x0000000083c00000, 0x0000000083c00000, 0x0000000083d00000|  0%| F|  |TAMS 0x0000000083c00000| PB 0x0000000083c00000| Untracked 
|  39|0x0000000083d00000, 0x0000000083d00000, 0x0000000083e00000|  0%| F|  |TAMS 0x0000000083d00000| PB 0x0000000083d00000| Untracked 
|  40|0x0000000083e00000, 0x0000000083e00000, 0x0000000083f00000|  0%| F|  |TAMS 0x0000000083e00000| PB 0x0000000083e00000| Untracked 
|  41|0x0000000083f00000, 0x0000000083f00000, 0x0000000084000000|  0%| F|  |TAMS 0x0000000083f00000| PB 0x0000000083f00000| Untracked 
|  42|0x0000000084000000, 0x0000000084000000, 0x0000000084100000|  0%| F|  |TAMS 0x0000000084000000| PB 0x0000000084000000| Untracked 
|  43|0x0000000084100000, 0x0000000084100000, 0x0000000084200000|  0%| F|  |TAMS 0x0000000084100000| PB 0x0000000084100000| Untracked 
|  44|0x0000000084200000, 0x0000000084200000, 0x0000000084300000|  0%| F|  |TAMS 0x0000000084200000| PB 0x0000000084200000| Untracked 
|  45|0x0000000084300000, 0x0000000084300000, 0x0000000084400000|  0%| F|  |TAMS 0x0000000084300000| PB 0x0000000084300000| Untracked 
|  46|0x0000000084400000, 0x0000000084400000, 0x0000000084500000|  0%| F|  |TAMS 0x0000000084400000| PB 0x0000000084400000| Untracked 
|  47|0x0000000084500000, 0x0000000084500000, 0x0000000084600000|  0%| F|  |TAMS 0x0000000084500000| PB 0x0000000084500000| Untracked 
|  48|0x0000000084600000, 0x0000000084600000, 0x0000000084700000|  0%| F|  |TAMS 0x0000000084600000| PB 0x0000000084600000| Untracked 
|  49|0x0000000084700000, 0x0000000084700000, 0x0000000084800000|  0%| F|  |TAMS 0x0000000084700000| PB 0x0000000084700000| Untracked 
|  50|0x0000000084800000, 0x0000000084800000, 0x0000000084900000|  0%| F|  |TAMS 0x0000000084800000| PB 0x0000000084800000| Untracked 
|  51|0x0000000084900000, 0x0000000084900000, 0x0000000084a00000|  0%| F|  |TAMS 0x0000000084900000| PB 0x0000000084900000| Untracked 
|  52|0x0000000084a00000, 0x0000000084a00000, 0x0000000084b00000|  0%| F|  |TAMS 0x0000000084a00000| PB 0x0000000084a00000| Untracked 
|  53|0x0000000084b00000, 0x0000000084b00000, 0x0000000084c00000|  0%| F|  |TAMS 0x0000000084b00000| PB 0x0000000084b00000| Untracked 
|  54|0x0000000084c00000, 0x0000000084c00000, 0x0000000084d00000|  0%| F|  |TAMS 0x0000000084c00000| PB 0x0000000084c00000| Untracked 
|  55|0x0000000084d00000, 0x0000000084d00000, 0x0000000084e00000|  0%| F|  |TAMS 0x0000000084d00000| PB 0x0000000084d00000| Untracked 
|  56|0x0000000084e00000, 0x0000000084e00000, 0x0000000084f00000|  0%| F|  |TAMS 0x0000000084e00000| PB 0x0000000084e00000| Untracked 
|  57|0x0000000084f00000, 0x0000000084f00000, 0x0000000085000000|  0%| F|  |TAMS 0x0000000084f00000| PB 0x0000000084f00000| Untracked 
|  58|0x0000000085000000, 0x0000000085000000, 0x0000000085100000|  0%| F|  |TAMS 0x0000000085000000| PB 0x0000000085000000| Untracked 
|  59|0x0000000085100000, 0x0000000085100000, 0x0000000085200000|  0%| F|  |TAMS 0x0000000085100000| PB 0x0000000085100000| Untracked 
|  60|0x0000000085200000, 0x0000000085200000, 0x0000000085300000|  0%| F|  |TAMS 0x0000000085200000| PB 0x0000000085200000| Untracked 
|  61|0x0000000085300000, 0x0000000085300000, 0x0000000085400000|  0%| F|  |TAMS 0x0000000085300000| PB 0x0000000085300000| Untracked 
|  62|0x0000000085400000, 0x0000000085400000, 0x0000000085500000|  0%| F|  |TAMS 0x0000000085400000| PB 0x0000000085400000| Untracked 
|  63|0x0000000085500000, 0x0000000085500000, 0x0000000085600000|  0%| F|  |TAMS 0x0000000085500000| PB 0x0000000085500000| Untracked 
|  64|0x0000000085600000, 0x0000000085600000, 0x0000000085700000|  0%| F|  |TAMS 0x0000000085600000| PB 0x0000000085600000| Untracked 
|  65|0x0000000085700000, 0x0000000085700000, 0x0000000085800000|  0%| F|  |TAMS 0x0000000085700000| PB 0x0000000085700000| Untracked 
|  66|0x0000000085800000, 0x0000000085800000, 0x0000000085900000|  0%| F|  |TAMS 0x0000000085800000| PB 0x0000000085800000| Untracked 
|  67|0x0000000085900000, 0x0000000085900000, 0x0000000085a00000|  0%| F|  |TAMS 0x0000000085900000| PB 0x0000000085900000| Untracked 
|  68|0x0000000085a00000, 0x0000000085a00000, 0x0000000085b00000|  0%| F|  |TAMS 0x0000000085a00000| PB 0x0000000085a00000| Untracked 
|  69|0x0000000085b00000, 0x0000000085b00000, 0x0000000085c00000|  0%| F|  |TAMS 0x0000000085b00000| PB 0x0000000085b00000| Untracked 
|  70|0x0000000085c00000, 0x0000000085c00000, 0x0000000085d00000|  0%| F|  |TAMS 0x0000000085c00000| PB 0x0000000085c00000| Untracked 
|  71|0x0000000085d00000, 0x0000000085d00000, 0x0000000085e00000|  0%| F|  |TAMS 0x0000000085d00000| PB 0x0000000085d00000| Untracked 
|  72|0x0000000085e00000, 0x0000000085e00000, 0x0000000085f00000|  0%| F|  |TAMS 0x0000000085e00000| PB 0x0000000085e00000| Untracked 
|  73|0x0000000085f00000, 0x0000000085f00000, 0x0000000086000000|  0%| F|  |TAMS 0x0000000085f00000| PB 0x0000000085f00000| Untracked 
|  74|0x0000000086000000, 0x0000000086000000, 0x0000000086100000|  0%| F|  |TAMS 0x0000000086000000| PB 0x0000000086000000| Untracked 
|  75|0x0000000086100000, 0x0000000086100000, 0x0000000086200000|  0%| F|  |TAMS 0x0000000086100000| PB 0x0000000086100000| Untracked 
|  76|0x0000000086200000, 0x0000000086200000, 0x0000000086300000|  0%| F|  |TAMS 0x0000000086200000| PB 0x0000000086200000| Untracked 
|  77|0x0000000086300000, 0x0000000086300000, 0x0000000086400000|  0%| F|  |TAMS 0x0000000086300000| PB 0x0000000086300000| Untracked 
|  78|0x0000000086400000, 0x0000000086400000, 0x0000000086500000|  0%| F|  |TAMS 0x0000000086400000| PB 0x0000000086400000| Untracked 
|  79|0x0000000086500000, 0x0000000086500000, 0x0000000086600000|  0%| F|  |TAMS 0x0000000086500000| PB 0x0000000086500000| Untracked 
|  80|0x0000000086600000, 0x0000000086600000, 0x0000000086700000|  0%| F|  |TAMS 0x0000000086600000| PB 0x0000000086600000| Untracked 
|  81|0x0000000086700000, 0x0000000086700000, 0x0000000086800000|  0%| F|  |TAMS 0x0000000086700000| PB 0x0000000086700000| Untracked 
|  82|0x0000000086800000, 0x0000000086800000, 0x0000000086900000|  0%| F|  |TAMS 0x0000000086800000| PB 0x0000000086800000| Untracked 
|  83|0x0000000086900000, 0x0000000086900000, 0x0000000086a00000|  0%| F|  |TAMS 0x0000000086900000| PB 0x0000000086900000| Untracked 
|  84|0x0000000086a00000, 0x0000000086a00000, 0x0000000086b00000|  0%| F|  |TAMS 0x0000000086a00000| PB 0x0000000086a00000| Untracked 
|  85|0x0000000086b00000, 0x0000000086b00000, 0x0000000086c00000|  0%| F|  |TAMS 0x0000000086b00000| PB 0x0000000086b00000| Untracked 
|  86|0x0000000086c00000, 0x0000000086c00000, 0x0000000086d00000|  0%| F|  |TAMS 0x0000000086c00000| PB 0x0000000086c00000| Untracked 
|  87|0x0000000086d00000, 0x0000000086d00000, 0x0000000086e00000|  0%| F|  |TAMS 0x0000000086d00000| PB 0x0000000086d00000| Untracked 
|  88|0x0000000086e00000, 0x0000000086e00000, 0x0000000086f00000|  0%| F|  |TAMS 0x0000000086e00000| PB 0x0000000086e00000| Untracked 
|  89|0x0000000086f00000, 0x0000000086f00000, 0x0000000087000000|  0%| F|  |TAMS 0x0000000086f00000| PB 0x0000000086f00000| Untracked 
|  90|0x0000000087000000, 0x0000000087000000, 0x0000000087100000|  0%| F|  |TAMS 0x0000000087000000| PB 0x0000000087000000| Untracked 
|  91|0x0000000087100000, 0x0000000087100000, 0x0000000087200000|  0%| F|  |TAMS 0x0000000087100000| PB 0x0000000087100000| Untracked 
|  92|0x0000000087200000, 0x0000000087200000, 0x0000000087300000|  0%| F|  |TAMS 0x0000000087200000| PB 0x0000000087200000| Untracked 
|  93|0x0000000087300000, 0x0000000087300000, 0x0000000087400000|  0%| F|  |TAMS 0x0000000087300000| PB 0x0000000087300000| Untracked 
|  94|0x0000000087400000, 0x0000000087400000, 0x0000000087500000|  0%| F|  |TAMS 0x0000000087400000| PB 0x0000000087400000| Untracked 
|  95|0x0000000087500000, 0x0000000087600000, 0x0000000087600000|100%| S|CS|TAMS 0x0000000087500000| PB 0x0000000087500000| Complete 
|  96|0x0000000087600000, 0x0000000087700000, 0x0000000087700000|100%| S|CS|TAMS 0x0000000087600000| PB 0x0000000087600000| Complete 
|  97|0x0000000087700000, 0x0000000087800000, 0x0000000087800000|100%| S|CS|TAMS 0x0000000087700000| PB 0x0000000087700000| Complete 
|  98|0x0000000087800000, 0x0000000087900000, 0x0000000087900000|100%| S|CS|TAMS 0x0000000087800000| PB 0x0000000087800000| Complete 
|  99|0x0000000087900000, 0x0000000087900000, 0x0000000087a00000|  0%| F|  |TAMS 0x0000000087900000| PB 0x0000000087900000| Untracked 
| 100|0x0000000087a00000, 0x0000000087a00000, 0x0000000087b00000|  0%| F|  |TAMS 0x0000000087a00000| PB 0x0000000087a00000| Untracked 
| 101|0x0000000087b00000, 0x0000000087b00000, 0x0000000087c00000|  0%| F|  |TAMS 0x0000000087b00000| PB 0x0000000087b00000| Untracked 
| 102|0x0000000087c00000, 0x0000000087c00000, 0x0000000087d00000|  0%| F|  |TAMS 0x0000000087c00000| PB 0x0000000087c00000| Untracked 
| 103|0x0000000087d00000, 0x0000000087d00000, 0x0000000087e00000|  0%| F|  |TAMS 0x0000000087d00000| PB 0x0000000087d00000| Untracked 
| 104|0x0000000087e00000, 0x0000000087e00000, 0x0000000087f00000|  0%| F|  |TAMS 0x0000000087e00000| PB 0x0000000087e00000| Untracked 
| 105|0x0000000087f00000, 0x0000000087f00000, 0x0000000088000000|  0%| F|  |TAMS 0x0000000087f00000| PB 0x0000000087f00000| Untracked 
| 106|0x0000000088000000, 0x0000000088000000, 0x0000000088100000|  0%| F|  |TAMS 0x0000000088000000| PB 0x0000000088000000| Untracked 
| 107|0x0000000088100000, 0x0000000088100000, 0x0000000088200000|  0%| F|  |TAMS 0x0000000088100000| PB 0x0000000088100000| Untracked 
| 108|0x0000000088200000, 0x0000000088200000, 0x0000000088300000|  0%| F|  |TAMS 0x0000000088200000| PB 0x0000000088200000| Untracked 
| 109|0x0000000088300000, 0x000000008836ce38, 0x0000000088400000| 42%| E|  |TAMS 0x0000000088300000| PB 0x0000000088300000| Complete 
| 110|0x0000000088400000, 0x0000000088500000, 0x0000000088500000|100%| E|CS|TAMS 0x0000000088400000| PB 0x0000000088400000| Complete 
| 111|0x0000000088500000, 0x0000000088600000, 0x0000000088600000|100%| E|CS|TAMS 0x0000000088500000| PB 0x0000000088500000| Complete 
| 112|0x0000000088600000, 0x0000000088700000, 0x0000000088700000|100%| E|CS|TAMS 0x0000000088600000| PB 0x0000000088600000| Complete 
| 113|0x0000000088700000, 0x0000000088800000, 0x0000000088800000|100%| E|CS|TAMS 0x0000000088700000| PB 0x0000000088700000| Complete 
| 114|0x0000000088800000, 0x0000000088900000, 0x0000000088900000|100%| E|CS|TAMS 0x0000000088800000| PB 0x0000000088800000| Complete 
| 115|0x0000000088900000, 0x0000000088a00000, 0x0000000088a00000|100%| E|CS|TAMS 0x0000000088900000| PB 0x0000000088900000| Complete 
| 116|0x0000000088a00000, 0x0000000088b00000, 0x0000000088b00000|100%| E|CS|TAMS 0x0000000088a00000| PB 0x0000000088a00000| Complete 
| 117|0x0000000088b00000, 0x0000000088c00000, 0x0000000088c00000|100%| E|CS|TAMS 0x0000000088b00000| PB 0x0000000088b00000| Complete 
| 118|0x0000000088c00000, 0x0000000088d00000, 0x0000000088d00000|100%| E|CS|TAMS 0x0000000088c00000| PB 0x0000000088c00000| Complete 
| 119|0x0000000088d00000, 0x0000000088e00000, 0x0000000088e00000|100%| E|CS|TAMS 0x0000000088d00000| PB 0x0000000088d00000| Complete 
| 120|0x0000000088e00000, 0x0000000088f00000, 0x0000000088f00000|100%| E|CS|TAMS 0x0000000088e00000| PB 0x0000000088e00000| Complete 
| 121|0x0000000088f00000, 0x0000000089000000, 0x0000000089000000|100%| E|CS|TAMS 0x0000000088f00000| PB 0x0000000088f00000| Complete 
| 122|0x0000000089000000, 0x0000000089100000, 0x0000000089100000|100%| E|CS|TAMS 0x0000000089000000| PB 0x0000000089000000| Complete 
| 123|0x0000000089100000, 0x0000000089200000, 0x0000000089200000|100%| E|CS|TAMS 0x0000000089100000| PB 0x0000000089100000| Complete 
| 124|0x0000000089200000, 0x0000000089300000, 0x0000000089300000|100%| E|CS|TAMS 0x0000000089200000| PB 0x0000000089200000| Complete 
| 125|0x0000000089300000, 0x0000000089400000, 0x0000000089400000|100%| E|CS|TAMS 0x0000000089300000| PB 0x0000000089300000| Complete 
| 126|0x0000000089400000, 0x0000000089500000, 0x0000000089500000|100%| E|CS|TAMS 0x0000000089400000| PB 0x0000000089400000| Complete 
| 127|0x0000000089500000, 0x0000000089600000, 0x0000000089600000|100%| E|  |TAMS 0x0000000089500000| PB 0x0000000089500000| Complete 

Card table byte_map: [0x000001ffeff90000,0x000001fff0390000] _byte_map_base: 0x000001ffefb85000

Marking Bits: (CMBitMap*) 0x000001ffdd6e3410
 Bits: [0x000001fff0390000, 0x000001fff2338000)

Polling page: 0x000001ffdb660000

Metaspace:

Usage:
  Non-class:     11.05 MB used.
      Class:      1.49 MB used.
       Both:     12.54 MB used.

Virtual space:
  Non-class space:       64.00 MB reserved,      11.25 MB ( 18%) committed,  1 nodes.
      Class space:        1.00 GB reserved,       1.62 MB ( <1%) committed,  1 nodes.
             Both:        1.06 GB reserved,      12.88 MB (  1%) committed. 

Chunk freelists:
   Non-Class:  4.67 MB
       Class:  14.32 MB
        Both:  18.98 MB

MaxMetaspaceSize: unlimited
CompressedClassSpaceSize: 1.00 GB
Initial GC threshold: 21.00 MB
Current GC threshold: 21.00 MB
CDS: on
 - commit_granule_bytes: 65536.
 - commit_granule_words: 8192.
 - virtual_space_node_default_size: 8388608.
 - enlarge_chunks_in_place: 1.
 - use_allocation_guard: 0.


Internal statistics:

num_allocs_failed_limit: 0.
num_arena_births: 390.
num_arena_deaths: 0.
num_vsnodes_births: 2.
num_vsnodes_deaths: 0.
num_space_committed: 206.
num_space_uncommitted: 0.
num_chunks_returned_to_freelist: 0.
num_chunks_taken_from_freelist: 652.
num_chunk_merges: 0.
num_chunk_splits: 412.
num_chunks_enlarged: 239.
num_inconsistent_stats: 0.

CodeHeap 'non-profiled nmethods': size=120000Kb used=955Kb max_used=955Kb free=119044Kb
 bounds [0x000001ffe8330000, 0x000001ffe85a0000, 0x000001ffef860000]
CodeHeap 'profiled nmethods': size=120000Kb used=3991Kb max_used=3991Kb free=116008Kb
 bounds [0x000001ffe0860000, 0x000001ffe0c50000, 0x000001ffe7d90000]
CodeHeap 'non-nmethods': size=5760Kb used=1430Kb max_used=1484Kb free=4330Kb
 bounds [0x000001ffe7d90000, 0x000001ffe8000000, 0x000001ffe8330000]
 total_blobs=2803 nmethods=2286 adapters=421
 compilation: enabled
              stopped_count=0, restarted_count=0
 full_count=0

Compilation events (20 events):
Event: 1.263 Thread 0x000001fff4daff80 2252       3       java.util.Spliterators$ArraySpliterator::tryAdvance (58 bytes)
Event: 1.263 Thread 0x000001fff4daff80 nmethod 2252 0x000001ffe0c2b490 code [0x000001ffe0c2b660, 0x000001ffe0c2ba08]
Event: 1.263 Thread 0x000001fff4daff80 2253       3       java.util.stream.ReferencePipeline$StatelessOp::<init> (29 bytes)
Event: 1.263 Thread 0x000001fff4daff80 nmethod 2253 0x000001ffe0c2bb90 code [0x000001ffe0c2bd40, 0x000001ffe0c2bef8]
Event: 1.263 Thread 0x000001fff4daff80 2254       3       java.util.stream.Sink$ChainedReference::end (10 bytes)
Event: 1.263 Thread 0x000001fff4daff80 nmethod 2254 0x000001ffe0c2c010 code [0x000001ffe0c2c1c0, 0x000001ffe0c2c398]
Event: 1.263 Thread 0x000001fff4daff80 2255       3       java.util.stream.StreamSpliterators$WrappingSpliterator$$Lambda/0x000001ff811269c0::getAsBoolean (8 bytes)
Event: 1.264 Thread 0x000001fff4daff80 nmethod 2255 0x000001ffe0c2c490 code [0x000001ffe0c2c640, 0x000001ffe0c2c888]
Event: 1.264 Thread 0x000001fff4daff80 2256       3       java.util.stream.StreamSpliterators$WrappingSpliterator::lambda$initPartialTraversalState$0 (14 bytes)
Event: 1.264 Thread 0x000001fff4daff80 nmethod 2256 0x000001ffe0c2c990 code [0x000001ffe0c2cb40, 0x000001ffe0c2cd20]
Event: 1.264 Thread 0x000001fff4daff80 2257       3       org.springframework.boot.context.properties.source.SpringIterableConfigurationPropertySource$$Lambda/0x000001ff8119dcc8::test (8 bytes)
Event: 1.264 Thread 0x000001fff4daff80 nmethod 2257 0x000001ffe0c2ce10 code [0x000001ffe0c2cfc0, 0x000001ffe0c2d270]
Event: 1.264 Thread 0x000001fff4dac900 2258       4       org.springframework.boot.context.properties.source.ConfigurationPropertyName$ElementsParser::updateType (109 bytes)
Event: 1.265 Thread 0x000001fff4daff80 2259       3       org.springframework.boot.context.properties.bind.IndexedElementsBinder$$Lambda/0x000001ff8119d800::test (12 bytes)
Event: 1.265 Thread 0x000001fff4daff80 nmethod 2259 0x000001ffe0c2d390 code [0x000001ffe0c2d580, 0x000001ffe0c2dad8]
Event: 1.265 Thread 0x000001fff4daff80 2260       3       org.springframework.boot.context.properties.source.ConfigurationPropertyName::elementDiffers (94 bytes)
Event: 1.266 Thread 0x000001fff4daff80 nmethod 2260 0x000001ffe0c2dd10 code [0x000001ffe0c2dfa0, 0x000001ffe0c2ea30]
Event: 1.266 Thread 0x000001fff4daff80 2261       3       java.util.stream.SpinedBuffer::inflateSpine (35 bytes)
Event: 1.266 Thread 0x000001fff4daff80 nmethod 2261 0x000001ffe0c2ed90 code [0x000001ffe0c2ef40, 0x000001ffe0c2f3f0]
Event: 1.267 Thread 0x000001fff4dac900 nmethod 2258 0x000001ffe841c490 code [0x000001ffe841c660, 0x000001ffe841c9d0]

GC Heap History (4 events):
Event: 0.655 GC heap before
{Heap before GC invocations=0 (full 0):
 garbage-first heap   total 131072K, used 24576K [0x0000000081600000, 0x0000000100000000)
  region size 1024K, 23 young (23552K), 0 survivors (0K)
 Metaspace       used 7058K, committed 7296K, reserved 1114112K
  class space    used 786K, committed 896K, reserved 1048576K
}
Event: 0.663 GC heap after
{Heap after GC invocations=1 (full 0):
 garbage-first heap   total 131072K, used 8319K [0x0000000081600000, 0x0000000100000000)
  region size 1024K, 3 young (3072K), 3 survivors (3072K)
 Metaspace       used 7058K, committed 7296K, reserved 1114112K
  class space    used 786K, committed 896K, reserved 1048576K
}
Event: 0.832 GC heap before
{Heap before GC invocations=1 (full 0):
 garbage-first heap   total 131072K, used 38015K [0x0000000081600000, 0x0000000100000000)
  region size 1024K, 29 young (29696K), 3 survivors (3072K)
 Metaspace       used 9134K, committed 9536K, reserved 1114112K
  class space    used 1026K, committed 1216K, reserved 1048576K
}
Event: 0.840 GC heap after
{Heap after GC invocations=2 (full 0):
 garbage-first heap   total 131072K, used 18174K [0x0000000081600000, 0x0000000100000000)
  region size 1024K, 4 young (4096K), 4 survivors (4096K)
 Metaspace       used 9134K, committed 9536K, reserved 1114112K
  class space    used 1026K, committed 1216K, reserved 1048576K
}

Dll operation events (9 events):
Event: 0.006 Loaded shared library C:\Users\Adel\.vscode\extensions\redhat.java-1.41.1-win32-x64\jre\21.0.6-win32-x86_64\bin\java.dll
Event: 0.033 Loaded shared library C:\Users\Adel\.vscode\extensions\redhat.java-1.41.1-win32-x64\jre\21.0.6-win32-x86_64\bin\zip.dll
Event: 0.124 Loaded shared library C:\Users\Adel\.vscode\extensions\redhat.java-1.41.1-win32-x64\jre\21.0.6-win32-x86_64\bin\jimage.dll
Event: 0.129 Loaded shared library C:\Users\Adel\.vscode\extensions\redhat.java-1.41.1-win32-x64\jre\21.0.6-win32-x86_64\bin\net.dll
Event: 0.131 Loaded shared library C:\Users\Adel\.vscode\extensions\redhat.java-1.41.1-win32-x64\jre\21.0.6-win32-x86_64\bin\nio.dll
Event: 0.133 Loaded shared library C:\Users\Adel\.vscode\extensions\redhat.java-1.41.1-win32-x64\jre\21.0.6-win32-x86_64\bin\zip.dll
Event: 0.202 Loaded shared library C:\Users\Adel\.vscode\extensions\redhat.java-1.41.1-win32-x64\jre\21.0.6-win32-x86_64\bin\management.dll
Event: 0.212 Loaded shared library C:\Users\Adel\.vscode\extensions\redhat.java-1.41.1-win32-x64\jre\21.0.6-win32-x86_64\bin\management_ext.dll
Event: 0.432 Loaded shared library C:\Users\Adel\.vscode\extensions\redhat.java-1.41.1-win32-x64\jre\21.0.6-win32-x86_64\bin\extnet.dll

Deoptimization events (20 events):
Event: 1.032 Thread 0x000001ffdb3a3b80 Uncommon trap: trap_request=0xffffffc6 fr.pc=0x000001ffe83d41d4 relative=0x0000000000001634
Event: 1.032 Thread 0x000001ffdb3a3b80 Uncommon trap: reason=bimorphic_or_optimized_type_check action=maybe_recompile pc=0x000001ffe83d41d4 method=java.util.HashMap.putVal(ILjava/lang/Object;Ljava/lang/Object;ZZ)Ljava/lang/Object; @ 56 c2
Event: 1.032 Thread 0x000001ffdb3a3b80 DEOPT PACKING pc=0x000001ffe83d41d4 sp=0x0000003b94cfdeb0
Event: 1.032 Thread 0x000001ffdb3a3b80 DEOPT UNPACKING pc=0x000001ffe7de46a2 sp=0x0000003b94cfde48 mode 2
Event: 1.032 Thread 0x000001ffdb3a3b80 Uncommon trap: trap_request=0xffffffc6 fr.pc=0x000001ffe83d41d4 relative=0x0000000000001634
Event: 1.032 Thread 0x000001ffdb3a3b80 Uncommon trap: reason=bimorphic_or_optimized_type_check action=maybe_recompile pc=0x000001ffe83d41d4 method=java.util.HashMap.putVal(ILjava/lang/Object;Ljava/lang/Object;ZZ)Ljava/lang/Object; @ 56 c2
Event: 1.032 Thread 0x000001ffdb3a3b80 DEOPT PACKING pc=0x000001ffe83d41d4 sp=0x0000003b94cfdeb0
Event: 1.032 Thread 0x000001ffdb3a3b80 DEOPT UNPACKING pc=0x000001ffe7de46a2 sp=0x0000003b94cfde48 mode 2
Event: 1.032 Thread 0x000001ffdb3a3b80 Uncommon trap: trap_request=0xffffffc6 fr.pc=0x000001ffe83d41d4 relative=0x0000000000001634
Event: 1.032 Thread 0x000001ffdb3a3b80 Uncommon trap: reason=bimorphic_or_optimized_type_check action=maybe_recompile pc=0x000001ffe83d41d4 method=java.util.HashMap.putVal(ILjava/lang/Object;Ljava/lang/Object;ZZ)Ljava/lang/Object; @ 56 c2
Event: 1.032 Thread 0x000001ffdb3a3b80 DEOPT PACKING pc=0x000001ffe83d41d4 sp=0x0000003b94cfdeb0
Event: 1.032 Thread 0x000001ffdb3a3b80 DEOPT UNPACKING pc=0x000001ffe7de46a2 sp=0x0000003b94cfde48 mode 2
Event: 1.038 Thread 0x000001ffdb3a3b80 DEOPT PACKING pc=0x000001ffe0a44ebd sp=0x0000003b94cfdd70
Event: 1.038 Thread 0x000001ffdb3a3b80 DEOPT UNPACKING pc=0x000001ffe7de4e42 sp=0x0000003b94cfd278 mode 0
Event: 1.117 Thread 0x000001ffdb3a3b80 DEOPT PACKING pc=0x000001ffe0a57302 sp=0x0000003b94cfae10
Event: 1.117 Thread 0x000001ffdb3a3b80 DEOPT UNPACKING pc=0x000001ffe7de4e42 sp=0x0000003b94cfa298 mode 0
Event: 1.129 Thread 0x000001ffdb3a3b80 Uncommon trap: trap_request=0xffffff45 fr.pc=0x000001ffe83f2470 relative=0x00000000000000d0
Event: 1.129 Thread 0x000001ffdb3a3b80 Uncommon trap: reason=unstable_if action=reinterpret pc=0x000001ffe83f2470 method=java.lang.ref.SoftReference.get()Ljava/lang/Object; @ 6 c2
Event: 1.129 Thread 0x000001ffdb3a3b80 DEOPT PACKING pc=0x000001ffe83f2470 sp=0x0000003b94cfe5b0
Event: 1.129 Thread 0x000001ffdb3a3b80 DEOPT UNPACKING pc=0x000001ffe7de46a2 sp=0x0000003b94cfe568 mode 2

Classes loaded (20 events):
Event: 1.140 Loading class java/util/stream/MatchOps$BooleanTerminalSink
Event: 1.140 Loading class java/util/stream/MatchOps$BooleanTerminalSink done
Event: 1.140 Loading class java/util/stream/MatchOps$2MatchSink
Event: 1.141 Loading class java/util/stream/Sink$OfInt
Event: 1.141 Loading class java/util/stream/Sink$OfInt done
Event: 1.141 Loading class java/util/stream/MatchOps$2MatchSink done
Event: 1.207 Loading class java/beans/PropertyEditorSupport
Event: 1.207 Loading class java/beans/PropertyEditor
Event: 1.207 Loading class java/beans/PropertyEditor done
Event: 1.207 Loading class java/beans/PropertyEditorSupport done
Event: 1.241 Loading class java/util/regex/Pattern$Neg
Event: 1.241 Loading class java/util/regex/Pattern$Neg done
Event: 1.248 Loading class java/util/stream/StreamSpliterators$WrappingSpliterator
Event: 1.248 Loading class java/util/stream/StreamSpliterators$AbstractWrappingSpliterator
Event: 1.249 Loading class java/util/stream/StreamSpliterators$AbstractWrappingSpliterator done
Event: 1.249 Loading class java/util/stream/StreamSpliterators$WrappingSpliterator done
Event: 1.249 Loading class java/util/stream/StreamSpliterators
Event: 1.249 Loading class java/util/stream/StreamSpliterators done
Event: 1.249 Loading class java/util/function/BooleanSupplier
Event: 1.249 Loading class java/util/function/BooleanSupplier done

Classes unloaded (0 events):
No events

Classes redefined (0 events):
No events

Internal exceptions (20 events):
Event: 0.876 Thread 0x000001fff9970000 Exception <a 'java/lang/NoSuchMethodError'{0x00000000892e8a68}: 'java.lang.Object java.lang.invoke.DirectMethodHandle$Holder.invokeInterface(java.lang.Object, java.lang.Object, java.lang.Object, java.lang.Object, java.lang.Object, java.lang.Object, java.lang.Object)'> (0x00000000892e8a68) 
thrown [s\src\hotspot\share\interpreter\linkResolver.cpp, line 773]
Event: 0.880 Thread 0x000001fff9970000 Exception <a 'java/lang/NoSuchMethodError'{0x0000000089113638}: 'java.lang.Object java.lang.invoke.DirectMethodHandle$Holder.invokeStatic(java.lang.Object, java.lang.Object, int)'> (0x0000000089113638) 
thrown [s\src\hotspot\share\interpreter\linkResolver.cpp, line 773]
Event: 0.880 Thread 0x000001fff9970000 Exception <a 'java/lang/NoSuchMethodError'{0x000000008911ebb8}: 'void java.lang.invoke.DelegatingMethodHandle$Holder.delegate(java.lang.Object, java.lang.Object, int, java.lang.Object)'> (0x000000008911ebb8) 
thrown [s\src\hotspot\share\interpreter\linkResolver.cpp, line 773]
Event: 0.887 Thread 0x000001fff9970000 Exception <a 'java/lang/NoSuchMethodError'{0x000000008915c060}: static [Ljava/lang/StackTraceElement;.<clinit>()V> (0x000000008915c060) 
thrown [s\src\hotspot\share\prims\jni.cpp, line 1111]
Event: 0.932 Thread 0x000001ffdb3a3b80 Exception <a 'java/lang/NoSuchMethodError'{0x00000000890c4c08}: 'void java.lang.invoke.DirectMethodHandle$Holder.invokeInterface(java.lang.Object, java.lang.Object, java.lang.Object, java.lang.Object)'> (0x00000000890c4c08) 
thrown [s\src\hotspot\share\interpreter\linkResolver.cpp, line 773]
Event: 0.973 Thread 0x000001ffdb3a3b80 Exception <a 'java/lang/NoSuchMethodError'{0x0000000088ee7208}: 'java.lang.Object java.lang.invoke.DirectMethodHandle$Holder.invokeSpecialIFC(java.lang.Object, java.lang.Object, java.lang.Object, java.lang.Object)'> (0x0000000088ee7208) 
thrown [s\src\hotspot\share\interpreter\linkResolver.cpp, line 773]
Event: 0.992 Thread 0x000001ffdb3a3b80 Exception <a 'java/lang/NoSuchMethodError'{0x0000000088dd52b0}: 'int java.lang.invoke.DirectMethodHandle$Holder.invokeStaticInit(java.lang.Object, java.lang.Object, java.lang.Object)'> (0x0000000088dd52b0) 
thrown [s\src\hotspot\share\interpreter\linkResolver.cpp, line 773]
Event: 1.002 Thread 0x000001ffdb3a3b80 Exception <a 'java/lang/NoSuchMethodError'{0x0000000088c3a0d0}: 'java.lang.Object java.lang.invoke.DirectMethodHandle$Holder.newInvokeSpecial(java.lang.Object, java.lang.Object, java.lang.Object, java.lang.Object, java.lang.Object)'> (0x0000000088c3a0d0) 
thrown [s\src\hotspot\share\interpreter\linkResolver.cpp, line 773]
Event: 1.017 Thread 0x000001ffdb3a3b80 Exception <a 'java/lang/IncompatibleClassChangeError'{0x0000000088cf2f10}: Found class java.lang.Object, but interface was expected> (0x0000000088cf2f10) 
thrown [s\src\hotspot\share\interpreter\linkResolver.cpp, line 840]
Event: 1.031 Thread 0x000001ffdb3a3b80 Exception <a 'sun/nio/fs/WindowsException'{0x0000000088b7f6a8}> (0x0000000088b7f6a8) 
thrown [s\src\hotspot\share\prims\jni.cpp, line 520]
Event: 1.115 Thread 0x000001ffdb3a3b80 Exception <a 'java/lang/NoSuchMethodError'{0x0000000088803a80}: 'java.lang.Object java.lang.invoke.DirectMethodHandle$Holder.invokeStatic(java.lang.Object, long, java.lang.Object)'> (0x0000000088803a80) 
thrown [s\src\hotspot\share\interpreter\linkResolver.cpp, line 773]
Event: 1.115 Thread 0x000001ffdb3a3b80 Exception <a 'java/lang/NoSuchMethodError'{0x0000000088806e68}: 'java.lang.Object java.lang.invoke.DirectMethodHandle$Holder.invokeStaticInit(java.lang.Object, long, java.lang.Object)'> (0x0000000088806e68) 
thrown [s\src\hotspot\share\interpreter\linkResolver.cpp, line 773]
Event: 1.116 Thread 0x000001ffdb3a3b80 Exception <a 'java/lang/NoSuchMethodError'{0x000000008880c460}: 'java.lang.Object java.lang.invoke.DirectMethodHandle$Holder.newInvokeSpecial(java.lang.Object, long)'> (0x000000008880c460) 
thrown [s\src\hotspot\share\interpreter\linkResolver.cpp, line 773]
Event: 1.150 Thread 0x000001ffdb3a3b80 Exception <a 'java/lang/NoSuchMethodError'{0x00000000888d6ae0}: 'int java.lang.invoke.DirectMethodHandle$Holder.invokeStatic(java.lang.Object, java.lang.Object, java.lang.Object, java.lang.Object)'> (0x00000000888d6ae0) 
thrown [s\src\hotspot\share\interpreter\linkResolver.cpp, line 773]
Event: 1.225 Thread 0x000001ffdb3a3b80 Exception <a 'java/lang/NoSuchMethodError'{0x00000000886c1d28}: 'java.lang.Object java.lang.invoke.DirectMethodHandle$Holder.newInvokeSpecial(java.lang.Object, java.lang.Object, java.lang.Object, java.lang.Object, java.lang.Object, java.lang.Object, java.lang.Object)'> (0x00000000886c1d28) 
thrown [s\src\hotspot\share\interpreter\linkResolver.cpp, line 773]
Event: 1.230 Thread 0x000001ffdb3a3b80 Exception <a 'java/lang/NoSuchMethodError'{0x00000000886dc128}: 'void java.lang.invoke.DirectMethodHandle$Holder.invokeStaticInit(java.lang.Object, java.lang.Object)'> (0x00000000886dc128) 
thrown [s\src\hotspot\share\interpreter\linkResolver.cpp, line 773]
Event: 1.242 Thread 0x000001ffdb3a3b80 Exception <a 'java/lang/NoSuchMethodError'{0x000000008855e820}: 'java.lang.Object java.lang.invoke.Invokers$Holder.invokeExact_MT(java.lang.Object, java.lang.Object, java.lang.Object, java.lang.Object, java.lang.Object)'> (0x000000008855e820) 
thrown [s\src\hotspot\share\interpreter\linkResolver.cpp, line 773]
Event: 1.249 Thread 0x000001ffdb3a3b80 Exception <a 'java/lang/NoSuchMethodError'{0x00000000885a0d48}: 'java.lang.Object java.lang.invoke.DirectMethodHandle$Holder.invokeSpecial(java.lang.Object, java.lang.Object, java.lang.Object, java.lang.Object, java.lang.Object, java.lang.Object, int)'> (0x00000000885a0d48) 
thrown [s\src\hotspot\share\interpreter\linkResolver.cpp, line 773]
Event: 1.250 Thread 0x000001ffdb3a3b80 Exception <a 'java/lang/NoSuchMethodError'{0x00000000885aa440}: 'java.lang.Object java.lang.invoke.DirectMethodHandle$Holder.newInvokeSpecial(java.lang.Object, java.lang.Object, java.lang.Object, java.lang.Object, java.lang.Object, java.lang.Object, int)'> (0x00000000885aa440) 
thrown [s\src\hotspot\share\interpreter\linkResolver.cpp, line 773]
Event: 1.250 Thread 0x000001ffdb3a3b80 Exception <a 'java/lang/NoSuchMethodError'{0x00000000885aeae0}: 'java.lang.Object java.lang.invoke.DirectMethodHandle$Holder.invokeSpecial(java.lang.Object, java.lang.Object, java.lang.Object, java.lang.Object, java.lang.Object, java.lang.Object, java.lang.Object, int)'> (0x00000000885aeae0) 
thrown [s\src\hotspot\share\interpreter\linkResolver.cpp, line 773]

ZGC Phase Switch (0 events):
No events

VM Operations (20 events):
Event: 0.550 Executing VM operation: HandshakeAllThreads (Deoptimize)
Event: 0.550 Executing VM operation: HandshakeAllThreads (Deoptimize) done
Event: 0.550 Executing VM operation: HandshakeAllThreads (Deoptimize)
Event: 0.550 Executing VM operation: HandshakeAllThreads (Deoptimize) done
Event: 0.552 Executing VM operation: HandshakeAllThreads (Deoptimize)
Event: 0.552 Executing VM operation: HandshakeAllThreads (Deoptimize) done
Event: 0.552 Executing VM operation: HandshakeAllThreads (Deoptimize)
Event: 0.552 Executing VM operation: HandshakeAllThreads (Deoptimize) done
Event: 0.592 Executing VM operation: ICBufferFull
Event: 0.592 Executing VM operation: ICBufferFull done
Event: 0.655 Executing VM operation: G1CollectForAllocation (G1 Evacuation Pause)
Event: 0.663 Executing VM operation: G1CollectForAllocation (G1 Evacuation Pause) done
Event: 0.720 Executing VM operation: HandshakeAllThreads (Deoptimize)
Event: 0.721 Executing VM operation: HandshakeAllThreads (Deoptimize) done
Event: 0.747 Executing VM operation: HandshakeAllThreads (Deoptimize)
Event: 0.747 Executing VM operation: HandshakeAllThreads (Deoptimize) done
Event: 0.832 Executing VM operation: G1CollectForAllocation (G1 Evacuation Pause)
Event: 0.840 Executing VM operation: G1CollectForAllocation (G1 Evacuation Pause) done
Event: 1.032 Executing VM operation: HandshakeAllThreads (Deoptimize)
Event: 1.032 Executing VM operation: HandshakeAllThreads (Deoptimize) done

Memory protections (0 events):
No events

Nmethod flushes (0 events):
No events

Events (19 events):
Event: 0.021 Thread 0x000001ffdb3a3b80 Thread added: 0x000001ffdb3a3b80
Event: 0.035 Thread 0x000001ffdb3a3b80 Thread added: 0x000001fff4d90880
Event: 0.035 Thread 0x000001ffdb3a3b80 Thread added: 0x000001fff4d91690
Event: 0.036 Thread 0x000001ffdb3a3b80 Thread added: 0x000001fff4d96d30
Event: 0.036 Thread 0x000001ffdb3a3b80 Thread added: 0x000001fff4d9ad80
Event: 0.036 Thread 0x000001ffdb3a3b80 Thread added: 0x000001fff4d9b7d0
Event: 0.036 Thread 0x000001ffdb3a3b80 Thread added: 0x000001fff4d9c220
Event: 0.036 Thread 0x000001ffdb3a3b80 Thread added: 0x000001fff4dab0e0
Event: 0.036 Thread 0x000001ffdb3a3b80 Thread added: 0x000001fff4daff80
Event: 0.107 Thread 0x000001ffdb3a3b80 Thread added: 0x000001fff90d8130
Event: 0.120 Thread 0x000001ffdb3a3b80 Thread added: 0x000001fff9188050
Event: 0.151 Thread 0x000001fff4dab0e0 Thread added: 0x000001fff4dac900
Event: 0.434 Thread 0x000001ffdb3a3b80 Thread added: 0x000001fff982db70
Event: 0.450 Thread 0x000001ffdb3a3b80 Thread added: 0x000001fff93f7820
Event: 0.482 Thread 0x000001ffdb3a3b80 Thread added: 0x000001fff9dd4bc0
Event: 0.632 Thread 0x000001fff93f7820 Thread added: 0x000001fff9b07a30
Event: 0.654 Thread 0x000001fff9b07a30 Thread added: 0x000001fff9c6cba0
Event: 0.685 Thread 0x000001fff982db70 Thread added: 0x000001fff9970000
Event: 0.719 Thread 0x000001fff9970000 Thread added: 0x000001fff9bcb660


Dynamic libraries:
0x00007ff75c170000 - 0x00007ff75c17e000 	C:\Users\Adel\.vscode\extensions\redhat.java-1.41.1-win32-x64\jre\21.0.6-win32-x86_64\bin\java.exe
0x00007ff880870000 - 0x00007ff880a87000 	C:\WINDOWS\SYSTEM32\ntdll.dll
0x00007ff87f6b0000 - 0x00007ff87f774000 	C:\WINDOWS\System32\KERNEL32.DLL
0x00007ff87db40000 - 0x00007ff87df11000 	C:\WINDOWS\System32\KERNELBASE.dll
0x00007ff87e1d0000 - 0x00007ff87e2e1000 	C:\WINDOWS\System32\ucrtbase.dll
0x00007ff876310000 - 0x00007ff87632e000 	C:\Users\Adel\.vscode\extensions\redhat.java-1.41.1-win32-x64\jre\21.0.6-win32-x86_64\bin\VCRUNTIME140.dll
0x00007ff878bd0000 - 0x00007ff878be8000 	C:\Users\Adel\.vscode\extensions\redhat.java-1.41.1-win32-x64\jre\21.0.6-win32-x86_64\bin\jli.dll
0x00007ff87f1c0000 - 0x00007ff87f371000 	C:\WINDOWS\System32\USER32.dll
0x00007ff867cb0000 - 0x00007ff867f42000 	C:\WINDOWS\WinSxS\amd64_microsoft.windows.common-controls_6595b64144ccf1df_6.0.22621.4830_none_270fe7d773858e80\COMCTL32.dll
0x00007ff87e370000 - 0x00007ff87e396000 	C:\WINDOWS\System32\win32u.dll
0x00007ff87f790000 - 0x00007ff87f837000 	C:\WINDOWS\System32\msvcrt.dll
0x00007ff87ff10000 - 0x00007ff87ff39000 	C:\WINDOWS\System32\GDI32.dll
0x00007ff87e420000 - 0x00007ff87e53b000 	C:\WINDOWS\System32\gdi32full.dll
0x00007ff87d9b0000 - 0x00007ff87da4a000 	C:\WINDOWS\System32\msvcp_win.dll
0x00007ff87ee30000 - 0x00007ff87ee61000 	C:\WINDOWS\System32\IMM32.DLL
0x00007ff878cd0000 - 0x00007ff878cdc000 	C:\Users\Adel\.vscode\extensions\redhat.java-1.41.1-win32-x64\jre\21.0.6-win32-x86_64\bin\vcruntime140_1.dll
0x00007ff844a40000 - 0x00007ff844acd000 	C:\Users\Adel\.vscode\extensions\redhat.java-1.41.1-win32-x64\jre\21.0.6-win32-x86_64\bin\msvcp140.dll
0x00007ff834b10000 - 0x00007ff8358a0000 	C:\Users\Adel\.vscode\extensions\redhat.java-1.41.1-win32-x64\jre\21.0.6-win32-x86_64\bin\server\jvm.dll
0x00007ff87f380000 - 0x00007ff87f431000 	C:\WINDOWS\System32\ADVAPI32.dll
0x00007ff87ed70000 - 0x00007ff87ee17000 	C:\WINDOWS\System32\sechost.dll
0x00007ff87da50000 - 0x00007ff87da78000 	C:\WINDOWS\System32\bcrypt.dll
0x00007ff87f440000 - 0x00007ff87f554000 	C:\WINDOWS\System32\RPCRT4.dll
0x00007ff87ef20000 - 0x00007ff87ef91000 	C:\WINDOWS\System32\WS2_32.dll
0x00007ff87d6d0000 - 0x00007ff87d71d000 	C:\WINDOWS\SYSTEM32\POWRPROF.dll
0x00007ff878a10000 - 0x00007ff878a44000 	C:\WINDOWS\SYSTEM32\WINMM.dll
0x00007ff8784c0000 - 0x00007ff8784ca000 	C:\WINDOWS\SYSTEM32\VERSION.dll
0x00007ff87d6b0000 - 0x00007ff87d6c3000 	C:\WINDOWS\SYSTEM32\UMPDC.dll
0x00007ff87c9c0000 - 0x00007ff87c9d8000 	C:\WINDOWS\SYSTEM32\kernel.appcore.dll
0x00007ff877f70000 - 0x00007ff877f7a000 	C:\Users\Adel\.vscode\extensions\redhat.java-1.41.1-win32-x64\jre\21.0.6-win32-x86_64\bin\jimage.dll
0x00007ff87b120000 - 0x00007ff87b352000 	C:\WINDOWS\SYSTEM32\DBGHELP.DLL
0x00007ff87e9c0000 - 0x00007ff87ed50000 	C:\WINDOWS\System32\combase.dll
0x00007ff87f5d0000 - 0x00007ff87f6a7000 	C:\WINDOWS\System32\OLEAUT32.dll
0x00007ff8581c0000 - 0x00007ff8581f2000 	C:\WINDOWS\SYSTEM32\dbgcore.DLL
0x00007ff87e3a0000 - 0x00007ff87e41b000 	C:\WINDOWS\System32\bcryptPrimitives.dll
0x00007ff8760b0000 - 0x00007ff8760cf000 	C:\Users\Adel\.vscode\extensions\redhat.java-1.41.1-win32-x64\jre\21.0.6-win32-x86_64\bin\java.dll
0x00007ff87ffa0000 - 0x00007ff880828000 	C:\WINDOWS\System32\SHELL32.dll
0x00007ff87e090000 - 0x00007ff87e1cf000 	C:\WINDOWS\System32\wintypes.dll
0x00007ff87b8c0000 - 0x00007ff87c1cd000 	C:\WINDOWS\SYSTEM32\windows.storage.dll
0x00007ff87f050000 - 0x00007ff87f15a000 	C:\WINDOWS\System32\SHCORE.dll
0x00007ff87f160000 - 0x00007ff87f1be000 	C:\WINDOWS\System32\shlwapi.dll
0x00007ff87d8e0000 - 0x00007ff87d90b000 	C:\WINDOWS\SYSTEM32\profapi.dll
0x00007ff8745c0000 - 0x00007ff8745d8000 	C:\Users\Adel\.vscode\extensions\redhat.java-1.41.1-win32-x64\jre\21.0.6-win32-x86_64\bin\zip.dll
0x00007ff876240000 - 0x00007ff876250000 	C:\Users\Adel\.vscode\extensions\redhat.java-1.41.1-win32-x64\jre\21.0.6-win32-x86_64\bin\net.dll
0x00007ff879170000 - 0x00007ff87929c000 	C:\WINDOWS\SYSTEM32\WINHTTP.dll
0x00007ff87ce20000 - 0x00007ff87ce8a000 	C:\WINDOWS\system32\mswsock.dll
0x00007ff874080000 - 0x00007ff874096000 	C:\Users\Adel\.vscode\extensions\redhat.java-1.41.1-win32-x64\jre\21.0.6-win32-x86_64\bin\nio.dll
0x00007ff877f60000 - 0x00007ff877f6a000 	C:\Users\Adel\.vscode\extensions\redhat.java-1.41.1-win32-x64\jre\21.0.6-win32-x86_64\bin\management.dll
0x00007ff877ee0000 - 0x00007ff877eeb000 	C:\Users\Adel\.vscode\extensions\redhat.java-1.41.1-win32-x64\jre\21.0.6-win32-x86_64\bin\management_ext.dll
0x00007ff87fab0000 - 0x00007ff87fab8000 	C:\WINDOWS\System32\PSAPI.DLL
0x00007ff85c100000 - 0x00007ff85c117000 	C:\WINDOWS\system32\napinsp.dll
0x00007ff85c0e0000 - 0x00007ff85c0fb000 	C:\WINDOWS\system32\pnrpnsp.dll
0x00007ff87c4a0000 - 0x00007ff87c5a2000 	C:\WINDOWS\SYSTEM32\DNSAPI.dll
0x00007ff87c430000 - 0x00007ff87c45d000 	C:\WINDOWS\SYSTEM32\IPHLPAPI.DLL
0x00007ff87f780000 - 0x00007ff87f789000 	C:\WINDOWS\System32\NSI.dll
0x00007ff85c0c0000 - 0x00007ff85c0d1000 	C:\WINDOWS\System32\winrnr.dll
0x00007ff8623f0000 - 0x00007ff862417000 	C:\WINDOWS\system32\nlansp_c.dll
0x00007ff854ad0000 - 0x00007ff854ae5000 	C:\WINDOWS\system32\wshbth.dll
0x00007ff876d00000 - 0x00007ff876d0a000 	C:\Windows\System32\rasadhlp.dll
0x00007ff878680000 - 0x00007ff878703000 	C:\WINDOWS\System32\fwpuclnt.dll
0x00007ff87d170000 - 0x00007ff87d18b000 	C:\WINDOWS\SYSTEM32\CRYPTSP.dll
0x00007ff87c920000 - 0x00007ff87c957000 	C:\WINDOWS\system32\rsaenh.dll
0x00007ff87cec0000 - 0x00007ff87cee8000 	C:\WINDOWS\SYSTEM32\USERENV.dll
0x00007ff87d150000 - 0x00007ff87d15c000 	C:\WINDOWS\SYSTEM32\CRYPTBASE.dll
0x00007ff86b010000 - 0x00007ff86b019000 	C:\Users\Adel\.vscode\extensions\redhat.java-1.41.1-win32-x64\jre\21.0.6-win32-x86_64\bin\extnet.dll

dbghelp: loaded successfully - version: 4.0.5 - missing functions: none
symbol engine: initialized successfully - sym options: 0x614 - pdb path: .;C:\Users\Adel\.vscode\extensions\redhat.java-1.41.1-win32-x64\jre\21.0.6-win32-x86_64\bin;C:\WINDOWS\SYSTEM32;C:\WINDOWS\WinSxS\amd64_microsoft.windows.common-controls_6595b64144ccf1df_6.0.22621.4830_none_270fe7d773858e80;C:\Users\Adel\.vscode\extensions\redhat.java-1.41.1-win32-x64\jre\21.0.6-win32-x86_64\bin\server

VM Arguments:
jvm_args: -Dcom.sun.management.jmxremote -Dcom.sun.management.jmxremote.port=59742 -Dcom.sun.management.jmxremote.authenticate=false -Dcom.sun.management.jmxremote.ssl=false -Dspring.jmx.enabled=true -Djava.rmi.server.hostname=localhost -Dspring.application.admin.enabled=true -Dspring.boot.project.name=zull-server -XX:+ShowCodeDetailsInExceptionMessages -Dmanagement.endpoints.jmx.exposure.include=* 
java_command: com.example.zull_server.ZullServerApplication
java_class_path (initial): D:\microservice\zull-server\target\classes;C:\Users\Adel\.m2\repository\org\springframework\cloud\spring-cloud-starter-config\4.2.1\spring-cloud-starter-config-4.2.1.jar;C:\Users\Adel\.m2\repository\org\springframework\cloud\spring-cloud-starter\4.2.1\spring-cloud-starter-4.2.1.jar;C:\Users\Adel\.m2\repository\org\springframework\cloud\spring-cloud-context\4.2.1\spring-cloud-context-4.2.1.jar;C:\Users\Adel\.m2\repository\org\springframework\security\spring-security-crypto\6.4.4\spring-security-crypto-6.4.4.jar;C:\Users\Adel\.m2\repository\org\springframework\cloud\spring-cloud-commons\4.2.1\spring-cloud-commons-4.2.1.jar;C:\Users\Adel\.m2\repository\org\bouncycastle\bcprov-jdk18on\1.78.1\bcprov-jdk18on-1.78.1.jar;C:\Users\Adel\.m2\repository\org\springframework\cloud\spring-cloud-config-client\4.2.1\spring-cloud-config-client-4.2.1.jar;C:\Users\Adel\.m2\repository\org\springframework\boot\spring-boot-autoconfigure\3.4.4\spring-boot-autoconfigure-3.4.4.jar;C:\Users\Adel\.m2\repository\org\springframework\spring-web\6.2.5\spring-web-6.2.5.jar;C:\Users\Adel\.m2\repository\org\springframework\spring-beans\6.2.5\spring-beans-6.2.5.jar;C:\Users\Adel\.m2\repository\io\micrometer\micrometer-observation\1.14.5\micrometer-observation-1.14.5.jar;C:\Users\Adel\.m2\repository\io\micrometer\micrometer-commons\1.14.5\micrometer-commons-1.14.5.jar;C:\Users\Adel\.m2\repository\com\fasterxml\jackson\core\jackson-annotations\2.18.3\jackson-annotations-2.18.3.jar;C:\Users\Adel\.m2\repository\org\apache\httpcomponents\client5\httpclient5\5.4.2\httpclient5-5.4.2.jar;C:\Users\Adel\.m2\repository\org\apache\httpcomponents\core5\httpcore5\5.3.3\httpcore5-5.3.3.jar;C:\Users\Adel\.m2\repository\org\apache\httpcomponents\core5\httpcore5-h2\5.3.3\httpcore5-h2-5.3.3.jar;C:\Users\Adel\.m2\repository\com\fasterxml\jackson\core\jackson-databind\2.18.3\jackson-databind-2.18.3.jar;C:\Users\Adel\.m2\repository\com\fasterxml\jackson\core\jackson-core\2.18.3\jackson-core-2.18.3.jar;C:\Users\Adel\.m2\repository\org\springframework\cloud\spring-cloud-starter-netflix-eureka-server\4.2.1\spring-cloud-starter-netflix-eureka-server-4.2.1.jar;C:\Users\Adel\.m2\repository\org\springframework\cloud\spring-cloud-netflix-eureka-server\4.2.1\spring-cloud-netflix-eureka-server-4.2.1.jar;C:\Users\Adel\.m2\repository\org\springframework\boot\spring-boot-starter-web\3.4.4\spring-boot-starter-web-3.4.4.jar;C:\Users\Adel\.m2\repository\org\springframework\boot\spring-boot-starter-json\3.4.4\spring-boot-starter-json-3.4.4.jar;C:\Users\Adel\.m2\repository\com\fasterxml\jackson\datatype\jackson-datatype-jdk8\2.18.3\jackson-datatype-jdk8-2.18.3.jar;C:\Users\Adel\.m2\repository\com\fasterxml\jackson\datatype\jackson-datatype-jsr310\2.18.3\jackson-datatype-jsr310-2.18.3.jar;C:\Users\Adel\.m2\repository\com\fasterxml\jackson\module\jackson-module-parameter-names\2.18.3\jackson-module-parameter-names-2.18.3.jar;C:\Users\Adel\.m2\repository\org\springframework\boot\spring-boot-starter-tomcat\3.4.4\spring-boot-starter-tomcat-3.4.4.jar;C:\Users\Adel\.m2\repository\org\apache\tomcat\embed\tomcat-embed-core\10.1.39\tomcat-embed-core-10.1.39.jar;C:\Users\Adel\.m2\repository\org\apache\tomcat\embed\tomcat-embed-el\10.1.39\tomcat-embed-el-10.1.39.jar;C:\Users\Adel\.m2\repository\org\apache\tomcat\embed\tomcat-embed-websocket\10.1.39\tomcat-embed-websocket-10.1.39.jar;C:\Users\Adel\.m2\repository\org\springframework\spring-webmvc\6.2.5\spring-webmvc-6.2.5.jar;C:\Users\Adel\.m2\repository\org\springframework\spring-aop\6.2.5\spring-aop-6.2.5.jar;C:\Users\Adel\.m2\repository\org\springframework\spring-expression\6.2.5\spring-expression-6.2.5.jar;C:\Users\Adel\.m2\repository\org\springframework\boot\spring-boot-starter-actuator\3.4.4\spring-boot-starter-actuator-3.4.4.jar;C:\Users\Adel\.m2\repository\org\springframework\boot\spring-boot-actuator-autoconfigure\3.4.4\spring-boot-actuator-autoconfigure-3.4.4.jar;C:\Users\Adel\.m2\repository\org\springframework\boot\spring-boot-actuator\3.4.4\spring-boot-actuator-3.4.4.jar;C:\Users\Adel\.m2\repository\io\micrometer\micrometer-jakarta9\1.14.5\micrometer-jakarta9-1.14.5.jar;C:\Users\Adel\.m2\repository\io\micrometer\micrometer-core\1.14.5\micrometer-core-1.14.5.jar;C:\Users\Adel\.m2\repository\org\hdrhistogram\HdrHistogram\2.2.2\HdrHistogram-2.2.2.jar;C:\Users\Adel\.m2\repository\org\latencyutils\LatencyUtils\2.0.3\LatencyUtils-2.0.3.jar;C:\Users\Adel\.m2\repository\org\springframework\boot\spring-boot-starter-freemarker\3.4.4\spring-boot-starter-freemarker-3.4.4.jar;C:\Users\Adel\.m2\repository\org\freemarker\freemarker\2.3.34\freemarker-2.3.34.jar;C:\Users\Adel\.m2\repository\org\springframework\spring-context-support\6.2.5\spring-context-support-6.2.5.jar;C:\Users\Adel\.m2\repository\com\netflix\eureka\eureka-client-jersey3\2.0.4\eureka-client-jersey3-2.0.4.jar;C:\Users\Adel\.m2\repository\org\glassfish\jersey\connectors\jersey-apache-connector\3.1.10\jersey-apache-connector-3.1.10.jar;C:\Users\Adel\.m2\repository\com\netflix\eureka\eureka-core-jersey3\2.0.4\eureka-core-jersey3-2.0.4.jar;C:\Users\Adel\.m2\repository\com\netflix\eureka\eureka-core\2.0.4\eureka-core-2.0.4.jar;C:\Users\Adel\.m2\repository\com\google\guava\guava\33.0.0-jre\guava-33.0.0-jre.jar;C:\Users\Adel\.m2\repository\com\google\guava\failureaccess\1.0.2\failureaccess-1.0.2.jar;C:\Users\Adel\.m2\repository\com\google\guava\listenablefuture\9999.0-empty-to-avoid-conflict-with-guava\listenablefuture-9999.0-empty-to-avoid-conflict-with-guava.jar;C:\Users\Adel\.m2\repository\org\checkerframework\checker-qual\3.41.0\checker-qual-3.41.0.jar;C:\Users\Adel\.m2\repository\com\google\errorprone\error_prone_annotations\2.23.0\error_prone_annotations-2.23.0.jar;C:\Users\Adel\.m2\repository\com\google\j2objc\j2objc-annotations\2.8\j2objc-annotations-2.8.jar;C:\Users\Adel\.m2\repository\org\glassfish\jersey\containers\jersey-container-servlet\3.1.10\jersey-container-servlet-3.1.10.jar;C:\Users\Adel\.m2\repository\org\glassfish\jersey\containers\jersey-container-servlet-core\3.1.10\jersey-container-servlet-core-3.1.10.jar;C:\Users\Adel\.m2\repository\org\glassfish\jersey\core\jersey-common\3.1.10\jersey-common-3.1.10.jar;C:\Users\Adel\.m2\repository\org\glassfish\hk2\osgi-resource-locator\1.0.3\osgi-resource-locator-1.0.3.jar;C:\Users\Adel\.m2\repository\org\glassfish\jersey\core\jersey-server\3.1.10\jersey-server-3.1.10.jar;C:\Users\Adel\.m2\repository\jakarta\validation\jakarta.validation-api\3.0.2\jakarta.validation-api-3.0.2.jar;C:\Users\Adel\.m2\repository\org\glassfish\jersey\core\jersey-client\3.1.10\jersey-client-3.1.10.jar;C:\Users\Adel\.m2\repository\org\glassfish\jersey\inject\jersey-hk2\3.1.10\jersey-hk2-3.1.10.jar;C:\Users\Adel\.m2\repository\org\glassfish\hk2\hk2-locator\3.0.6\hk2-locator-3.0.6.jar;C:\Users\Adel\.m2\repository\org\glassfish\hk2\hk2-utils\3.0.6\hk2-utils-3.0.6.jar;C:\Users\Adel\.m2\repository\org\javassist\javassist\3.30.2-GA\javassist-3.30.2-GA.jar;C:\Users\Adel\.m2\repository\org\glassfish\hk2\spring-bridge\3.1.1\spring-bridge-3.1.1.jar;C:\Users\Adel\.m2\repository\org\glassfish\hk2\hk2-api\3.1.1\hk2-api-3.1.1.jar;C:\Users\Adel\.m2\repository\org\springframework\spring-context\6.2.5\spring-context-6.2.5.jar;C:\Users\Adel\.m2\repository\com\fasterxml\jackson\dataformat\jackson-dataformat-xml\2.18.3\jackson-dataformat-xml-2.18.3.jar;C:\Users\Adel\.m2\repository\org\codehaus\woodstox\stax2-api\4.2.2\stax2-api-4.2.2.jar;C:\Users\Adel\.m2\repository\com\fasterxml\woodstox\woodstox-core\7.0.0\woodstox-core-7.0.0.jar;C:\Users\Adel\.m2\repository\org\springframework\cloud\spring-cloud-starter-loadbalancer\4.2.1\spring-cloud-starter-loadbalancer-4.2.1.jar;C:\Users\Adel\.m2\repository\org\springframework\cloud\spring-cloud-loadbalancer\4.2.1\spring-cloud-loadbalancer-4.2.1.jar;C:\Users\Adel\.m2\repository\io\projectreactor\reactor-core\3.7.4\reactor-core-3.7.4.jar;C:\Users\Adel\.m2\repository\org\reactivestreams\reactive-streams\1.0.4\reactive-streams-1.0.4.jar;C:\Users\Adel\.m2\repository\io\projectreactor\addons\reactor-extra\3.5.2\reactor-extra-3.5.2.jar;C:\Users\Adel\.m2\repository\org\springframework\boot\spring-boot-starter-cache\3.4.4\spring-boot-starter-cache-3.4.4.jar;C:\Users\Adel\.m2\repository\com\stoyanr\evictor\1.0.0\evictor-1.0.0.jar;C:\Users\Adel\.m2\repository\org\glassfish\jaxb\jaxb-runtime\4.0.5\jaxb-runtime-4.0.5.jar;C:\Users\Adel\.m2\repository\org\glassfish\jaxb\jaxb-core\4.0.5\jaxb-core-4.0.5.jar;C:\Users\Adel\.m2\repository\org\eclipse\angus\angus-activation\2.0.2\angus-activation-2.0.2.jar;C:\Users\Adel\.m2\repository\org\glassfish\jaxb\txw2\4.0.5\txw2-4.0.5.jar;C:\Users\Adel\.m2\repository\com\sun\istack\istack-commons-runtime\4.1.2\istack-commons-runtime-4.1.2.jar;C:\Users\Adel\.m2\repository\org\springframework\cloud\spring-cloud-starter-netflix-eureka-client\4.2.1\spring-cloud-starter-netflix-eureka-client-4.2.1.jar;C:\Users\Adel\.m2\repository\org\springframework\cloud\spring-cloud-netflix-eureka-client\4.2.1\spring-cloud-netflix-eureka-client-4.2.1.jar;C:\Users\Adel\.m2\repository\com\netflix\eureka\eureka-client\2.0.4\eureka-client-2.0.4.jar;C:\Users\Adel\.m2\repository\com\thoughtworks\xstream\xstream\1.4.20\xstream-1.4.20.jar;C:\Users\Adel\.m2\repository\io\github\x-stream\mxparser\1.2.2\mxparser-1.2.2.jar;C:\Users\Adel\.m2\repository\xmlpull\xmlpull\1.1.3.1\xmlpull-1.1.3.1.jar;C:\Users\Adel\.m2\repository\jakarta\ws\rs\jakarta.ws.rs-api\3.1.0\jakarta.ws.rs-api-3.1.0.jar;C:\Users\Adel\.m2\repository\jakarta\inject\jakarta.inject-api\2.0.1\jakarta.inject-api-2.0.1.jar;C:\Users\Adel\.m2\repository\jakarta\annotation\jakarta.annotation-api\2.1.1\jakarta.annotation-api-2.1.1.jar;C:\Users\Adel\.m2\repository\com\netflix\spectator\spectator-api\1.7.3\spectator-api-1.7.3.jar;C:\Users\Adel\.m2\repository\org\slf4j\slf4j-api\2.0.17\slf4j-api-2.0.17.jar;C:\Users\Adel\.m2\repository\org\apache\httpcomponents\httpclient\4.5.3\httpclient-4.5.3.jar;C:\Users\Adel\.m2\repository\org\apache\httpcomponents\httpcore\4.4.16\httpcore-4.4.16.jar;C:\Users\Adel\.m2\repository\commons-codec\commons-codec\1.17.2\commons-codec-1.17.2.jar;C:\Users\Adel\.m2\repository\commons-configuration\commons-configuration\1.10\commons-configuration-1.10.jar;C:\Users\Adel\.m2\repository\commons-lang\commons-lang\2.6\commons-lang-2.6.jar;C:\Users\Adel\.m2\repository\com\netflix\netflix-commons\netflix-eventbus\0.3.0\netflix-eventbus-0.3.0.jar;C:\Users\Adel\.m2\repository\com\netflix\netflix-commons\netflix-infix\0.3.0\netflix-infix-0.3.0.jar;C:\Users\Adel\.m2\repository\commons-jxpath\commons-jxpath\1.3\commons-jxpath-1.3.jar;C:\Users\Adel\.m2\repository\joda-time\joda-time\2.3\joda-time-2.3.jar;C:\Users\Adel\.m2\repository\org\antlr\antlr-runtime\3.4\antlr-runtime-3.4.jar;C:\Users\Adel\.m2\repository\org\antlr\stringtemplate\3.2.1\stringtemplate-3.2.1.jar;C:\Users\Adel\.m2\repository\antlr\antlr\2.7.7\antlr-2.7.7.jar;C:\Users\Adel\.m2\repository\com\google\code\gson\gson\2.11.0\gson-2.11.0.jar;C:\Users\Adel\.m2\repository\com\netflix\servo\servo-core\0.5.3\servo-core-0.5.3.jar;C:\Users\Adel\.m2\repository\org\apache\commons\commons-math\2.2\commons-math-2.2.jar;C:\Users\Adel\.m2\repository\javax\annotation\javax.annotation-api\1.2\javax.annotation-api-1.2.jar;C:\Users\Adel\.m2\repository\org\codehaus\jettison\jettison\1.5.4\jettison-1.5.4.jar;C:\Users\Adel\.m2\repository\org\springframework\boot\spring-boot-starter\3.4.4\spring-boot-starter-3.4.4.jar;C:\Users\Adel\.m2\repository\org\springframework\boot\spring-boot\3.4.4\spring-boot-3.4.4.jar;C:\Users\Adel\.m2\repository\org\springframework\boot\spring-boot-starter-logging\3.4.4\spring-boot-starter-logging-3.4.4.jar;C:\Users\Adel\.m2\repository\ch\qos\logback\logback-classic\1.5.18\logback-classic-1.5.18.jar;C:\Users\Adel\.m2\repository\ch\qos\logback\logback-core\1.5.18\logback-core-1.5.18.jar;C:\Users\Adel\.m2\repository\org\apache\logging\log4j\log4j-to-slf4j\2.24.3\log4j-to-slf4j-2.24.3.jar;C:\Users\Adel\.m2\repository\org\apache\logging\log4j\log4j-api\2.24.3\log4j-api-2.24.3.jar;C:\Users\Adel\.m2\repository\org\slf4j\jul-to-slf4j\2.0.17\jul-to-slf4j-2.0.17.jar;C:\Users\Adel\.m2\repository\org\yaml\snakeyaml\2.3\snakeyaml-2.3.jar;C:\Users\Adel\.m2\repository\jakarta\xml\bind\jakarta.xml.bind-api\4.0.2\jakarta.xml.bind-api-4.0.2.jar;C:\Users\Adel\.m2\repository\jakarta\activation\jakarta.activation-api\2.1.3\jakarta.activation-api-2.1.3.jar;C:\Users\Adel\.m2\repository\org\springframework\spring-core\6.2.5\spring-core-6.2.5.jar;C:\Users\Adel\.m2\repository\org\springframework\spring-jcl\6.2.5\spring-jcl-6.2.5.jar
Launcher Type: SUN_STANDARD

[Global flags]
     intx CICompilerCount                          = 4                                         {product} {ergonomic}
     uint ConcGCThreads                            = 2                                         {product} {ergonomic}
     uint G1ConcRefinementThreads                  = 8                                         {product} {ergonomic}
   size_t G1HeapRegionSize                         = 1048576                                   {product} {ergonomic}
    uintx GCDrainStackTargetSize                   = 64                                        {product} {ergonomic}
   size_t InitialHeapSize                          = 134217728                                 {product} {ergonomic}
     bool ManagementServer                         = true                                      {product} {command line}
   size_t MarkStackSize                            = 4194304                                   {product} {ergonomic}
   size_t MaxHeapSize                              = 2124414976                                {product} {ergonomic}
   size_t MaxNewSize                               = 1274019840                                {product} {ergonomic}
   size_t MinHeapDeltaBytes                        = 1048576                                   {product} {ergonomic}
   size_t MinHeapSize                              = 8388608                                   {product} {ergonomic}
    uintx NonNMethodCodeHeapSize                   = 5839372                                {pd product} {ergonomic}
    uintx NonProfiledCodeHeapSize                  = 122909434                              {pd product} {ergonomic}
    uintx ProfiledCodeHeapSize                     = 122909434                              {pd product} {ergonomic}
    uintx ReservedCodeCacheSize                    = 251658240                              {pd product} {ergonomic}
     bool SegmentedCodeCache                       = true                                      {product} {ergonomic}
     bool ShowCodeDetailsInExceptionMessages       = true                                   {manageable} {command line}
   size_t SoftMaxHeapSize                          = 2124414976                             {manageable} {ergonomic}
     bool UseCompressedOops                        = true                           {product lp64_product} {ergonomic}
     bool UseG1GC                                  = true                                      {product} {ergonomic}
     bool UseLargePagesIndividualAllocation        = false                                  {pd product} {ergonomic}

Logging:
Log output configuration:
 #0: stdout all=warning uptime,level,tags foldmultilines=false
 #1: stderr all=off uptime,level,tags foldmultilines=false

Environment Variables:
PATH=C:\Program Files\Common Files\Oracle\Java\javapath;C:\WINDOWS\system32;C:\WINDOWS;C:\WINDOWS\System32\Wbem;C:\WINDOWS\System32\WindowsPowerShell\v1.0\;C:\WINDOWS\System32\OpenSSH\;D:\1\Git\cmd;C:\Program Files\Docker\Docker\resources\bin;C:\ProgramData\Adel\GitHubDesktop\bin;C:\Program Files\nodejs\;C:\Program Files\Git\bin;C:\Program Files\apache-maven-3.9.6\bin;D:\kafka-4.0.0-src\bin;C:\ProgramData\Oracle\Java\javapath;C:\Program Files\Common Files\Oracle\Java\javapath;C:\WINDOWS\system32;C:\WINDOWS;C:\WINDOWS\System32\Wbem;C:\WINDOWS\System32\WindowsPowerShell\v1.0\;C:\WINDOWS\System32\OpenSSH\;D:\1\Git\cmd;D:\1\flutter_windows_3.27.3-stable;C:\Users\Adel\AppData\Local\Programs\Python\Python312\Scripts\;C:\Users\Adel\AppData\Local\Programs\Python\Python312\;C:\Users\Adel\AppData\Local\Programs\Python\Launcher\;C:\Users\Adel\AppData\Local\Microsoft\WindowsApps;C:\Users\Adel\AppData\Local\Programs\Microsoft VS Code\bin;C:\msys64\usr\bin;C:\msys64\mingw64\bin;C:\msys64\mingw32\bin;C:\msys64\ucrt64\bin;C:\ProgramData\Adel\GitHubDesktop\bin;C:\Users\Adel\AppData\Local\Programs\MiKTeX\miktex\bin\x64\;D:\1\flutter_windows_3.27.3-stable\flutter\bin;C:\Program Files\Java\jdk1.8.0_111\bin;C:\Users\Adel\Downloads\maven-mvnd-1.0.2-windows-amd64\maven-mvnd-1.0.2-windows-amd64\bin;C:\ProgramData\Adel\GitHubDesktop\bin;C:\Users\Adel\AppData\Roaming\npm;C:\Program Files\maven-mvnd-1.0.2-windows-amd64\bin;
USERNAME=Adel
LANG=fr_FR.UTF-8
OS=Windows_NT
PROCESSOR_IDENTIFIER=Intel64 Family 6 Model 165 Stepping 2, GenuineIntel
TMP=C:\Users\Adel\AppData\Local\Temp
TEMP=C:\Users\Adel\AppData\Local\Temp




Periodic native trim disabled

---------------  S Y S T E M  ---------------

OS:
 Windows 11 , 64 bit Build 22621 (10.0.22621.4974)
OS uptime: 1 days 1:37 hours
Hyper-V role detected

CPU: total 8 (initial active 8) (4 cores per cpu, 2 threads per core) family 6 model 165 stepping 2 microcode 0xf0, cx8, cmov, fxsr, ht, mmx, 3dnowpref, sse, sse2, sse3, ssse3, sse4.1, sse4.2, popcnt, lzcnt, tsc, tscinvbit, avx, avx2, aes, erms, clmul, bmi1, bmi2, adx, fma, vzeroupper, clflush, clflushopt, hv, rdtscp, f16c
Processor Information for the first 8 processors :
  Max Mhz: 2496, Current Mhz: 2496, Mhz Limit: 2496

Memory: 4k page, system-wide physical 8099M (413M free)
TotalPageFile size 15752M (AvailPageFile size 94M)
current process WorkingSet (physical memory assigned to process): 125M, peak: 125M
current process commit charge ("private bytes"): 244M, peak: 244M

vm_info: OpenJDK 64-Bit Server VM (21.0.6+7-LTS) for windows-amd64 JRE (21.0.6+7-LTS), built on 2025-01-21T00:00:00Z by "admin" with MS VC++ 17.7 (VS2022)

END.
