#
# There is insufficient memory for the Java Runtime Environment to continue.
# Native memory allocation (malloc) failed to allocate 1071376 bytes. Error detail: Chunk::new
# Possible reasons:
#   The system is out of physical RAM or swap space
#   This process is running with CompressedOops enabled, and the Java Heap may be blocking the growth of the native heap
# Possible solutions:
#   Reduce memory load on the system
#   Increase physical memory or swap space
#   Check if swap backing store is full
#   Decrease Java heap size (-Xmx/-Xms)
#   Decrease number of Java threads
#   Decrease Java thread stack sizes (-Xss)
#   Set larger code cache with -XX:ReservedCodeCacheSize=
#   JVM is running with Unscaled Compressed Oops mode in which the Java heap is
#     placed in the first 4GB address space. The Java Heap base address is the
#     maximum limit for the native heap growth. Please use -XX:HeapBaseMinAddress
#     to set the Java Heap base and to place the Java Heap above 4GB virtual address.
# This output file may be truncated or incomplete.
#
#  Out of Memory Error (arena.cpp:168), pid=2940, tid=10284
#
# JRE version: OpenJDK Runtime Environment Temurin-21.0.6+7 (21.0.6+7) (build 21.0.6+7-LTS)
# Java VM: OpenJDK 64-Bit Server VM Temurin-21.0.6+7 (21.0.6+7-LTS, mixed mode, sharing, tiered, compressed oops, compressed class ptrs, g1 gc, windows-amd64)
# No core dump will be written. Minidumps are not enabled by default on client versions of Windows
#

---------------  S U M M A R Y ------------

Command Line: -Dcom.sun.management.jmxremote -Dcom.sun.management.jmxremote.port=59742 -Dcom.sun.management.jmxremote.authenticate=false -Dcom.sun.management.jmxremote.ssl=false -Dspring.jmx.enabled=true -Djava.rmi.server.hostname=localhost -Dspring.application.admin.enabled=true -Dspring.boot.project.name=zull-server -XX:+ShowCodeDetailsInExceptionMessages -Dmanagement.endpoints.jmx.exposure.include=* com.example.zull_server.ZullServerApplication

Host: Intel(R) Core(TM) i5-10300H CPU @ 2.50GHz, 8 cores, 7G,  Windows 11 , 64 bit Build 22621 (10.0.22621.4974)
Time: Fri Apr 18 20:29:04 2025 Paris, Madrid elapsed time: 2139.791642 seconds (0d 0h 35m 39s)

---------------  T H R E A D  ---------------

Current thread (0x00000203c04acef0):  JavaThread "C2 CompilerThread0" daemon [_thread_in_native, id=10284, stack(0x000000e278b00000,0x000000e278c00000) (1024K)]


Current CompileTask:
C2:2139791 10908       4       org.springframework.boot.actuate.endpoint.jmx.JacksonJmxOperationResponseMapper::mapResponse (61 bytes)

Stack: [0x000000e278b00000,0x000000e278c00000]
Native frames: (J=compiled Java code, j=interpreted, Vv=VM code, C=native code)
V  [jvm.dll+0x6cdee9]
V  [jvm.dll+0x8a83d1]
V  [jvm.dll+0x8aa8fe]
V  [jvm.dll+0x8aafe3]
V  [jvm.dll+0x27f706]
V  [jvm.dll+0xc500d]
V  [jvm.dll+0xc5543]
V  [jvm.dll+0x3b6752]
V  [jvm.dll+0x382935]
V  [jvm.dll+0x381d9a]
V  [jvm.dll+0x2479f0]
V  [jvm.dll+0x246fcf]
V  [jvm.dll+0x1c75ee]
V  [jvm.dll+0x25685a]
V  [jvm.dll+0x254dfa]
V  [jvm.dll+0x3f0256]
V  [jvm.dll+0x851f8b]
V  [jvm.dll+0x6cc5ed]
C  [ucrtbase.dll+0x29333]
C  [KERNEL32.DLL+0x1259d]
C  [ntdll.dll+0x5af38]


---------------  P R O C E S S  ---------------

Threads class SMR info:
_java_thread_list=0x00000204092f9200, length=40, elements={
0x00000203c049a0b0, 0x00000203c049af10, 0x00000203c049e480, 0x00000203c04a23a0,
0x00000203c04a3150, 0x00000203c04a3cd0, 0x00000203c04acef0, 0x00000203c04b1160,
0x00000203c023d570, 0x00000203c064e860, 0x00000203c088dbd0, 0x0000020406c1d5e0,
0x0000020406c4f930, 0x00000204069c7e10, 0x00000204069f0060, 0x00000204080aec80,
0x00000204080af310, 0x00000204080acbb0, 0x00000204080ad8d0, 0x00000204080ae5f0,
0x00000204099282d0, 0x0000020409928960, 0x0000020409928ff0, 0x00000204099254e0,
0x0000020409923aa0, 0x00000204099275b0, 0x0000020409926f20, 0x00000204099247c0,
0x0000020409926890, 0x0000020409924e50, 0x0000020409922d80, 0x0000020409925b70,
0x0000020409922060, 0x0000020409924130, 0x0000020409926200, 0x0000020409929680,
0x0000020409927c40, 0x00000204099226f0, 0x0000020409923410, 0x0000020408535e30
}

Java Threads: ( => current thread )
  0x00000203c049a0b0 JavaThread "Reference Handler"          daemon [_thread_blocked, id=13944, stack(0x000000e278500000,0x000000e278600000) (1024K)]
  0x00000203c049af10 JavaThread "Finalizer"                  daemon [_thread_blocked, id=4976, stack(0x000000e278600000,0x000000e278700000) (1024K)]
  0x00000203c049e480 JavaThread "Signal Dispatcher"          daemon [_thread_blocked, id=13724, stack(0x000000e278700000,0x000000e278800000) (1024K)]
  0x00000203c04a23a0 JavaThread "Attach Listener"            daemon [_thread_blocked, id=7212, stack(0x000000e278800000,0x000000e278900000) (1024K)]
  0x00000203c04a3150 JavaThread "Service Thread"             daemon [_thread_blocked, id=17160, stack(0x000000e278900000,0x000000e278a00000) (1024K)]
  0x00000203c04a3cd0 JavaThread "Monitor Deflation Thread"   daemon [_thread_blocked, id=16216, stack(0x000000e278a00000,0x000000e278b00000) (1024K)]
=>0x00000203c04acef0 JavaThread "C2 CompilerThread0"         daemon [_thread_in_native, id=10284, stack(0x000000e278b00000,0x000000e278c00000) (1024K)]
  0x00000203c04b1160 JavaThread "C1 CompilerThread0"         daemon [_thread_blocked, id=17048, stack(0x000000e278c00000,0x000000e278d00000) (1024K)]
  0x00000203c023d570 JavaThread "Common-Cleaner"             daemon [_thread_blocked, id=15992, stack(0x000000e278d00000,0x000000e278e00000) (1024K)]
  0x00000203c064e860 JavaThread "Notification Thread"        daemon [_thread_blocked, id=1200, stack(0x000000e278e00000,0x000000e278f00000) (1024K)]
  0x00000203c088dbd0 JavaThread "RMI TCP Accept-0"           daemon [_thread_in_native, id=16508, stack(0x000000e279000000,0x000000e279100000) (1024K)]
  0x0000020406c1d5e0 JavaThread "RMI TCP Accept-59742"       daemon [_thread_in_native, id=14608, stack(0x000000e279100000,0x000000e279200000) (1024K)]
  0x0000020406c4f930 JavaThread "RMI TCP Accept-0"           daemon [_thread_in_native, id=17184, stack(0x000000e279200000,0x000000e279300000) (1024K)]
  0x00000204069c7e10 JavaThread "RMI Scheduler(0)"           daemon [_thread_blocked, id=13124, stack(0x000000e279b00000,0x000000e279c00000) (1024K)]
  0x00000204069f0060 JavaThread "JMX server connection timeout 35" daemon [_thread_blocked, id=12760, stack(0x000000e279d00000,0x000000e279e00000) (1024K)]
  0x00000204080aec80 JavaThread "Catalina-utility-1"                [_thread_blocked, id=13112, stack(0x000000e27a100000,0x000000e27a200000) (1024K)]
  0x00000204080af310 JavaThread "Catalina-utility-2"                [_thread_blocked, id=13784, stack(0x000000e27a200000,0x000000e27a300000) (1024K)]
  0x00000204080acbb0 JavaThread "container-0"                       [_thread_blocked, id=15576, stack(0x000000e27a300000,0x000000e27a400000) (1024K)]
  0x00000204080ad8d0 JavaThread "spectator-gauge-polling-0"  daemon [_thread_blocked, id=4820, stack(0x000000e27a500000,0x000000e27a600000) (1024K)]
  0x00000204080ae5f0 JavaThread "Eureka-DeltaRetentionTimer" daemon [_thread_blocked, id=16648, stack(0x000000e27a600000,0x000000e27a700000) (1024K)]
  0x00000204099282d0 JavaThread "Eureka-EvictionTimer"       daemon [_thread_blocked, id=12528, stack(0x000000e27a700000,0x000000e27a800000) (1024K)]
  0x0000020409928960 JavaThread "Eureka-MeasureRateTimer"    daemon [_thread_blocked, id=13708, stack(0x000000e27a800000,0x000000e27a900000) (1024K)]
  0x0000020409928ff0 JavaThread "ReplicaAwareInstanceRegistry - RenewalThresholdUpdater" daemon [_thread_blocked, id=15164, stack(0x000000e27a900000,0x000000e27aa00000) (1024K)]
  0x00000204099254e0 JavaThread "Eureka-MeasureRateTimer"    daemon [_thread_blocked, id=1344, stack(0x000000e27aa00000,0x000000e27ab00000) (1024K)]
  0x0000020409923aa0 JavaThread "Eureka-PeerNodesUpdater"    daemon [_thread_blocked, id=2368, stack(0x000000e27ab00000,0x000000e27ac00000) (1024K)]
  0x00000204099275b0 JavaThread "Eureka-CacheFillTimer"      daemon [_thread_blocked, id=1812, stack(0x000000e27ac00000,0x000000e27ad00000) (1024K)]
  0x0000020409926f20 JavaThread "http-nio-9107-exec-1"       daemon [_thread_blocked, id=16512, stack(0x000000e27ae00000,0x000000e27af00000) (1024K)]
  0x00000204099247c0 JavaThread "http-nio-9107-exec-2"       daemon [_thread_blocked, id=9228, stack(0x000000e27af00000,0x000000e27b000000) (1024K)]
  0x0000020409926890 JavaThread "http-nio-9107-exec-3"       daemon [_thread_blocked, id=9280, stack(0x000000e27b000000,0x000000e27b100000) (1024K)]
  0x0000020409924e50 JavaThread "http-nio-9107-exec-4"       daemon [_thread_blocked, id=14872, stack(0x000000e27b100000,0x000000e27b200000) (1024K)]
  0x0000020409922d80 JavaThread "http-nio-9107-exec-5"       daemon [_thread_blocked, id=12284, stack(0x000000e27b200000,0x000000e27b300000) (1024K)]
  0x0000020409925b70 JavaThread "http-nio-9107-exec-6"       daemon [_thread_blocked, id=15212, stack(0x000000e27b300000,0x000000e27b400000) (1024K)]
  0x0000020409922060 JavaThread "http-nio-9107-exec-7"       daemon [_thread_blocked, id=15048, stack(0x000000e27b400000,0x000000e27b500000) (1024K)]
  0x0000020409924130 JavaThread "http-nio-9107-exec-8"       daemon [_thread_blocked, id=15604, stack(0x000000e27b500000,0x000000e27b600000) (1024K)]
  0x0000020409926200 JavaThread "http-nio-9107-exec-9"       daemon [_thread_blocked, id=8552, stack(0x000000e27b600000,0x000000e27b700000) (1024K)]
  0x0000020409929680 JavaThread "http-nio-9107-exec-10"      daemon [_thread_blocked, id=7380, stack(0x000000e27b700000,0x000000e27b800000) (1024K)]
  0x0000020409927c40 JavaThread "http-nio-9107-Poller"       daemon [_thread_in_native, id=17036, stack(0x000000e27ad00000,0x000000e27ae00000) (1024K)]
  0x00000204099226f0 JavaThread "http-nio-9107-Acceptor"     daemon [_thread_in_native, id=12480, stack(0x000000e27b800000,0x000000e27b900000) (1024K)]
  0x0000020409923410 JavaThread "DestroyJavaVM"                     [_thread_blocked, id=15524, stack(0x000000e277d00000,0x000000e277e00000) (1024K)]
  0x0000020408535e30 JavaThread "RMI TCP Connection(8)-127.0.0.1" daemon [_thread_in_native, id=15152, stack(0x000000e277b00000,0x000000e277c00000) (1024K)]
Total: 40

Other Threads:
  0x00000203a696f970 VMThread "VM Thread"                           [id=11984, stack(0x000000e278400000,0x000000e278500000) (1024K)]
  0x00000203c023c1e0 WatcherThread "VM Periodic Task Thread"        [id=2204, stack(0x000000e278300000,0x000000e278400000) (1024K)]
  0x00000203a696fd10 WorkerThread "GC Thread#0"                     [id=15772, stack(0x000000e277e00000,0x000000e277f00000) (1024K)]
  0x00000203a696e750 WorkerThread "GC Thread#1"                     [id=15420, stack(0x000000e279300000,0x000000e279400000) (1024K)]
  0x00000203a696ee90 WorkerThread "GC Thread#2"                     [id=5852, stack(0x000000e279400000,0x000000e279500000) (1024K)]
  0x00000203a696f230 WorkerThread "GC Thread#3"                     [id=15564, stack(0x000000e279500000,0x000000e279600000) (1024K)]
  0x000002040681f510 WorkerThread "GC Thread#4"                     [id=10056, stack(0x000000e279600000,0x000000e279700000) (1024K)]
  0x000002040681f8b0 WorkerThread "GC Thread#5"                     [id=12696, stack(0x000000e279700000,0x000000e279800000) (1024K)]
  0x000002040681f170 WorkerThread "GC Thread#6"                     [id=2092, stack(0x000000e279800000,0x000000e279900000) (1024K)]
  0x000002040681cd30 WorkerThread "GC Thread#7"                     [id=9644, stack(0x000000e279900000,0x000000e279a00000) (1024K)]
  0x00000203a6cd6b40 ConcurrentGCThread "G1 Main Marker"            [id=16692, stack(0x000000e277f00000,0x000000e278000000) (1024K)]
  0x00000203a696e3b0 WorkerThread "G1 Conc#0"                       [id=18416, stack(0x000000e278000000,0x000000e278100000) (1024K)]
  0x000002040681edd0 WorkerThread "G1 Conc#1"                       [id=14892, stack(0x000000e27a000000,0x000000e27a100000) (1024K)]
  0x00000203a6d0e7a0 ConcurrentGCThread "G1 Refine#0"               [id=11812, stack(0x000000e278100000,0x000000e278200000) (1024K)]
  0x00000203c0101500 ConcurrentGCThread "G1 Service"                [id=12248, stack(0x000000e278200000,0x000000e278300000) (1024K)]
Total: 15

Threads with active compile tasks:
C2 CompilerThread0  2139811 10908       4       org.springframework.boot.actuate.endpoint.jmx.JacksonJmxOperationResponseMapper::mapResponse (61 bytes)
Total: 1

VM state: not at safepoint (normal execution)

VM Mutex/Monitor currently owned by a thread: None

Heap address: 0x0000000081600000, size: 2026 MB, Compressed Oops mode: 32-bit

CDS archive(s) mapped at: [0x00000203c1000000-0x00000203c1ba0000-0x00000203c1ba0000), size 12189696, SharedBaseAddress: 0x00000203c1000000, ArchiveRelocationMode: 1.
Compressed class space mapped at: 0x00000203c2000000-0x0000020402000000, reserved size: 1073741824
Narrow klass base: 0x00000203c1000000, Narrow klass shift: 0, Narrow klass range: 0x100000000

GC Precious Log:
 CardTable entry size: 512
 Card Set container configuration: InlinePtr #cards 5 size 8 Array Of Cards #cards 12 size 40 Howl #buckets 4 coarsen threshold 1843 Howl Bitmap #cards 512 size 80 coarsen threshold 460 Card regions per heap region 1 cards per card region 2048
 CPUs: 8 total, 8 available
 Memory: 8099M
 Large Page Support: Disabled
 NUMA Support: Disabled
 Compressed Oops: Enabled (32-bit)
 Heap Region Size: 1M
 Heap Min Capacity: 8M
 Heap Initial Capacity: 128M
 Heap Max Capacity: 2026M
 Pre-touch: Disabled
 Parallel Workers: 8
 Concurrent Workers: 2
 Concurrent Refinement Workers: 8
 Periodic GC: Disabled

Heap:
 garbage-first heap   total 79872K, used 57806K [0x0000000081600000, 0x0000000100000000)
  region size 1024K, 26 young (26624K), 1 survivors (1024K)
 Metaspace       used 60429K, committed 61696K, reserved 1114112K
  class space    used 7766K, committed 8320K, reserved 1048576K

Heap Regions: E=young(eden), S=young(survivor), O=old, HS=humongous(starts), HC=humongous(continues), CS=collection set, F=free, TAMS=top-at-mark-start, PB=parsable bottom
|   0|0x0000000081600000, 0x0000000081700000, 0x0000000081700000|100%|HS|  |TAMS 0x0000000081600000| PB 0x0000000081600000| Complete 
|   1|0x0000000081700000, 0x0000000081800000, 0x0000000081800000|100%| O|  |TAMS 0x0000000081700000| PB 0x0000000081700000| Untracked 
|   2|0x0000000081800000, 0x0000000081900000, 0x0000000081900000|100%| O|  |TAMS 0x0000000081800000| PB 0x0000000081800000| Untracked 
|   3|0x0000000081900000, 0x0000000081a00000, 0x0000000081a00000|100%| O|  |TAMS 0x0000000081900000| PB 0x0000000081900000| Untracked 
|   4|0x0000000081a00000, 0x0000000081b00000, 0x0000000081b00000|100%| O|  |TAMS 0x0000000081a00000| PB 0x0000000081a00000| Untracked 
|   5|0x0000000081b00000, 0x0000000081c00000, 0x0000000081c00000|100%| O|  |TAMS 0x0000000081b00000| PB 0x0000000081b00000| Untracked 
|   6|0x0000000081c00000, 0x0000000081d00000, 0x0000000081d00000|100%| O|  |TAMS 0x0000000081c00000| PB 0x0000000081c00000| Untracked 
|   7|0x0000000081d00000, 0x0000000081e00000, 0x0000000081e00000|100%| O|  |TAMS 0x0000000081d00000| PB 0x0000000081d00000| Untracked 
|   8|0x0000000081e00000, 0x0000000081f00000, 0x0000000081f00000|100%| O|  |TAMS 0x0000000081e00000| PB 0x0000000081e00000| Untracked 
|   9|0x0000000081f00000, 0x0000000082000000, 0x0000000082000000|100%| O|  |TAMS 0x0000000081f00000| PB 0x0000000081f00000| Untracked 
|  10|0x0000000082000000, 0x0000000082100000, 0x0000000082100000|100%| O|  |TAMS 0x0000000082000000| PB 0x0000000082000000| Untracked 
|  11|0x0000000082100000, 0x0000000082200000, 0x0000000082200000|100%| O|  |TAMS 0x0000000082100000| PB 0x0000000082100000| Untracked 
|  12|0x0000000082200000, 0x0000000082300000, 0x0000000082300000|100%| O|  |TAMS 0x0000000082200000| PB 0x0000000082200000| Untracked 
|  13|0x0000000082300000, 0x0000000082400000, 0x0000000082400000|100%| O|  |TAMS 0x0000000082300000| PB 0x0000000082300000| Untracked 
|  14|0x0000000082400000, 0x0000000082500000, 0x0000000082500000|100%| O|  |TAMS 0x0000000082400000| PB 0x0000000082400000| Untracked 
|  15|0x0000000082500000, 0x0000000082600000, 0x0000000082600000|100%| O|  |TAMS 0x0000000082500000| PB 0x0000000082500000| Untracked 
|  16|0x0000000082600000, 0x0000000082700000, 0x0000000082700000|100%| O|  |TAMS 0x0000000082600000| PB 0x0000000082600000| Untracked 
|  17|0x0000000082700000, 0x0000000082800000, 0x0000000082800000|100%| O|  |TAMS 0x0000000082700000| PB 0x0000000082700000| Untracked 
|  18|0x0000000082800000, 0x0000000082900000, 0x0000000082900000|100%| O|  |TAMS 0x0000000082800000| PB 0x0000000082800000| Untracked 
|  19|0x0000000082900000, 0x0000000082900000, 0x0000000082a00000|  0%| F|  |TAMS 0x0000000082900000| PB 0x0000000082900000| Untracked 
|  20|0x0000000082a00000, 0x0000000082a3a740, 0x0000000082b00000| 22%| O|  |TAMS 0x0000000082a00000| PB 0x0000000082a00000| Untracked 
|  21|0x0000000082b00000, 0x0000000082c00000, 0x0000000082c00000|100%| O|  |TAMS 0x0000000082b00000| PB 0x0000000082b00000| Untracked 
|  22|0x0000000082c00000, 0x0000000082d00000, 0x0000000082d00000|100%| O|  |TAMS 0x0000000082c00000| PB 0x0000000082c00000| Untracked 
|  23|0x0000000082d00000, 0x0000000082e00000, 0x0000000082e00000|100%| O|  |TAMS 0x0000000082d00000| PB 0x0000000082d00000| Untracked 
|  24|0x0000000082e00000, 0x0000000082f00000, 0x0000000082f00000|100%| O|  |TAMS 0x0000000082e00000| PB 0x0000000082e00000| Untracked 
|  25|0x0000000082f00000, 0x0000000083000000, 0x0000000083000000|100%| O|  |TAMS 0x0000000082f00000| PB 0x0000000082f00000| Untracked 
|  26|0x0000000083000000, 0x0000000083000000, 0x0000000083100000|  0%| F|  |TAMS 0x0000000083000000| PB 0x0000000083000000| Untracked 
|  27|0x0000000083100000, 0x0000000083100000, 0x0000000083200000|  0%| F|  |TAMS 0x0000000083100000| PB 0x0000000083100000| Untracked 
|  28|0x0000000083200000, 0x0000000083300000, 0x0000000083300000|100%| O|Cm|TAMS 0x0000000083200000| PB 0x0000000083200000| Complete 
|  29|0x0000000083300000, 0x0000000083300000, 0x0000000083400000|  0%| F|  |TAMS 0x0000000083300000| PB 0x0000000083300000| Untracked 
|  30|0x0000000083400000, 0x0000000083400000, 0x0000000083500000|  0%| F|  |TAMS 0x0000000083400000| PB 0x0000000083400000| Untracked 
|  31|0x0000000083500000, 0x0000000083500000, 0x0000000083600000|  0%| F|  |TAMS 0x0000000083500000| PB 0x0000000083500000| Untracked 
|  32|0x0000000083600000, 0x0000000083700000, 0x0000000083700000|100%| O|  |TAMS 0x0000000083600000| PB 0x0000000083600000| Untracked 
|  33|0x0000000083700000, 0x0000000083800000, 0x0000000083800000|100%| O|  |TAMS 0x0000000083700000| PB 0x0000000083700000| Untracked 
|  34|0x0000000083800000, 0x0000000083900000, 0x0000000083900000|100%| O|  |TAMS 0x0000000083800000| PB 0x0000000083800000| Untracked 
|  35|0x0000000083900000, 0x0000000083a00000, 0x0000000083a00000|100%| O|  |TAMS 0x0000000083900000| PB 0x0000000083900000| Untracked 
|  36|0x0000000083a00000, 0x0000000083b00000, 0x0000000083b00000|100%| O|  |TAMS 0x0000000083a00000| PB 0x0000000083a00000| Untracked 
|  37|0x0000000083b00000, 0x0000000083c00000, 0x0000000083c00000|100%| O|Cm|TAMS 0x0000000083b00000| PB 0x0000000083b00000| Complete 
|  38|0x0000000083c00000, 0x0000000083c392c8, 0x0000000083d00000| 22%| S|CS|TAMS 0x0000000083c00000| PB 0x0000000083c00000| Complete 
|  39|0x0000000083d00000, 0x0000000083e00000, 0x0000000083e00000|100%| O|  |TAMS 0x0000000083d00000| PB 0x0000000083d00000| Untracked 
|  40|0x0000000083e00000, 0x0000000083e00000, 0x0000000083f00000|  0%| F|  |TAMS 0x0000000083e00000| PB 0x0000000083e00000| Untracked 
|  41|0x0000000083f00000, 0x0000000083f00000, 0x0000000084000000|  0%| F|  |TAMS 0x0000000083f00000| PB 0x0000000083f00000| Untracked 
|  42|0x0000000084000000, 0x0000000084000000, 0x0000000084100000|  0%| F|  |TAMS 0x0000000084000000| PB 0x0000000084000000| Untracked 
|  43|0x0000000084100000, 0x0000000084100000, 0x0000000084200000|  0%| F|  |TAMS 0x0000000084100000| PB 0x0000000084100000| Untracked 
|  44|0x0000000084200000, 0x0000000084200000, 0x0000000084300000|  0%| F|  |TAMS 0x0000000084200000| PB 0x0000000084200000| Untracked 
|  45|0x0000000084300000, 0x0000000084300000, 0x0000000084400000|  0%| F|  |TAMS 0x0000000084300000| PB 0x0000000084300000| Untracked 
|  46|0x0000000084400000, 0x0000000084400000, 0x0000000084500000|  0%| F|  |TAMS 0x0000000084400000| PB 0x0000000084400000| Untracked 
|  47|0x0000000084500000, 0x0000000084500000, 0x0000000084600000|  0%| F|  |TAMS 0x0000000084500000| PB 0x0000000084500000| Untracked 
|  48|0x0000000084600000, 0x0000000084600000, 0x0000000084700000|  0%| F|  |TAMS 0x0000000084600000| PB 0x0000000084600000| Untracked 
|  49|0x0000000084700000, 0x0000000084700000, 0x0000000084800000|  0%| F|  |TAMS 0x0000000084700000| PB 0x0000000084700000| Untracked 
|  50|0x0000000084800000, 0x0000000084800000, 0x0000000084900000|  0%| F|  |TAMS 0x0000000084800000| PB 0x0000000084800000| Untracked 
|  51|0x0000000084900000, 0x0000000084900000, 0x0000000084a00000|  0%| F|  |TAMS 0x0000000084900000| PB 0x0000000084900000| Untracked 
|  52|0x0000000084a00000, 0x0000000084a00000, 0x0000000084b00000|  0%| F|  |TAMS 0x0000000084a00000| PB 0x0000000084a00000| Untracked 
|  53|0x0000000084b00000, 0x0000000084b80000, 0x0000000084c00000| 50%| E|  |TAMS 0x0000000084b00000| PB 0x0000000084b00000| Complete 
|  54|0x0000000084c00000, 0x0000000084d00000, 0x0000000084d00000|100%| E|CS|TAMS 0x0000000084c00000| PB 0x0000000084c00000| Complete 
|  55|0x0000000084d00000, 0x0000000084e00000, 0x0000000084e00000|100%| E|CS|TAMS 0x0000000084d00000| PB 0x0000000084d00000| Complete 
|  56|0x0000000084e00000, 0x0000000084f00000, 0x0000000084f00000|100%| E|CS|TAMS 0x0000000084e00000| PB 0x0000000084e00000| Complete 
|  57|0x0000000084f00000, 0x0000000085000000, 0x0000000085000000|100%| E|CS|TAMS 0x0000000084f00000| PB 0x0000000084f00000| Complete 
|  58|0x0000000085000000, 0x0000000085100000, 0x0000000085100000|100%| E|CS|TAMS 0x0000000085000000| PB 0x0000000085000000| Complete 
|  59|0x0000000085100000, 0x0000000085200000, 0x0000000085200000|100%| E|CS|TAMS 0x0000000085100000| PB 0x0000000085100000| Complete 
|  60|0x0000000085200000, 0x0000000085300000, 0x0000000085300000|100%| E|CS|TAMS 0x0000000085200000| PB 0x0000000085200000| Complete 
|  61|0x0000000085300000, 0x0000000085400000, 0x0000000085400000|100%| E|CS|TAMS 0x0000000085300000| PB 0x0000000085300000| Complete 
|  62|0x0000000085400000, 0x0000000085500000, 0x0000000085500000|100%| E|CS|TAMS 0x0000000085400000| PB 0x0000000085400000| Complete 
|  63|0x0000000085500000, 0x0000000085600000, 0x0000000085600000|100%| E|CS|TAMS 0x0000000085500000| PB 0x0000000085500000| Complete 
|  64|0x0000000085600000, 0x0000000085700000, 0x0000000085700000|100%| E|CS|TAMS 0x0000000085600000| PB 0x0000000085600000| Complete 
|  65|0x0000000085700000, 0x0000000085800000, 0x0000000085800000|100%| E|CS|TAMS 0x0000000085700000| PB 0x0000000085700000| Complete 
|  66|0x0000000085800000, 0x0000000085900000, 0x0000000085900000|100%| E|CS|TAMS 0x0000000085800000| PB 0x0000000085800000| Complete 
|  67|0x0000000085900000, 0x0000000085a00000, 0x0000000085a00000|100%| E|CS|TAMS 0x0000000085900000| PB 0x0000000085900000| Complete 
|  68|0x0000000085a00000, 0x0000000085b00000, 0x0000000085b00000|100%| E|CS|TAMS 0x0000000085a00000| PB 0x0000000085a00000| Complete 
|  69|0x0000000085b00000, 0x0000000085c00000, 0x0000000085c00000|100%| E|CS|TAMS 0x0000000085b00000| PB 0x0000000085b00000| Complete 
|  70|0x0000000085c00000, 0x0000000085d00000, 0x0000000085d00000|100%| E|CS|TAMS 0x0000000085c00000| PB 0x0000000085c00000| Complete 
|  71|0x0000000085d00000, 0x0000000085e00000, 0x0000000085e00000|100%| E|CS|TAMS 0x0000000085d00000| PB 0x0000000085d00000| Complete 
|  72|0x0000000085e00000, 0x0000000085f00000, 0x0000000085f00000|100%| E|CS|TAMS 0x0000000085e00000| PB 0x0000000085e00000| Complete 
|  73|0x0000000085f00000, 0x0000000086000000, 0x0000000086000000|100%| E|CS|TAMS 0x0000000085f00000| PB 0x0000000085f00000| Complete 
|  74|0x0000000086000000, 0x0000000086100000, 0x0000000086100000|100%| E|CS|TAMS 0x0000000086000000| PB 0x0000000086000000| Complete 
|  75|0x0000000086100000, 0x0000000086200000, 0x0000000086200000|100%| E|CS|TAMS 0x0000000086100000| PB 0x0000000086100000| Complete 
| 126|0x0000000089400000, 0x0000000089500000, 0x0000000089500000|100%| E|CS|TAMS 0x0000000089400000| PB 0x0000000089400000| Complete 
| 127|0x0000000089500000, 0x0000000089600000, 0x0000000089600000|100%| E|CS|TAMS 0x0000000089500000| PB 0x0000000089500000| Complete 

Card table byte_map: [0x00000203bb5c0000,0x00000203bb9c0000] _byte_map_base: 0x00000203bb1b5000

Marking Bits: (CMBitMap*) 0x00000203a6cc6520
 Bits: [0x00000203bb9c0000, 0x00000203bd968000)

Polling page: 0x00000203a6d10000

Metaspace:

Usage:
  Non-class:     51.43 MB used.
      Class:      7.58 MB used.
       Both:     59.01 MB used.

Virtual space:
  Non-class space:       64.00 MB reserved,      52.12 MB ( 81%) committed,  1 nodes.
      Class space:        1.00 GB reserved,       8.12 MB ( <1%) committed,  1 nodes.
             Both:        1.06 GB reserved,      60.25 MB (  6%) committed. 

Chunk freelists:
   Non-Class:  11.92 MB
       Class:  8.12 MB
        Both:  20.05 MB

MaxMetaspaceSize: unlimited
CompressedClassSpaceSize: 1.00 GB
Initial GC threshold: 21.00 MB
Current GC threshold: 100.25 MB
CDS: on
 - commit_granule_bytes: 65536.
 - commit_granule_words: 8192.
 - virtual_space_node_default_size: 8388608.
 - enlarge_chunks_in_place: 1.
 - use_allocation_guard: 0.


Internal statistics:

num_allocs_failed_limit: 6.
num_arena_births: 1390.
num_arena_deaths: 498.
num_vsnodes_births: 2.
num_vsnodes_deaths: 0.
num_space_committed: 964.
num_space_uncommitted: 0.
num_chunks_returned_to_freelist: 591.
num_chunks_taken_from_freelist: 3719.
num_chunk_merges: 144.
num_chunk_splits: 2433.
num_chunks_enlarged: 1652.
num_inconsistent_stats: 0.

CodeHeap 'non-profiled nmethods': size=120000Kb used=5392Kb max_used=5482Kb free=114607Kb
 bounds [0x00000203b3220000, 0x00000203b3780000, 0x00000203ba750000]
CodeHeap 'profiled nmethods': size=120000Kb used=4744Kb max_used=14649Kb free=115255Kb
 bounds [0x00000203ab750000, 0x00000203ac5a0000, 0x00000203b2c80000]
CodeHeap 'non-nmethods': size=5760Kb used=1630Kb max_used=1700Kb free=4129Kb
 bounds [0x00000203b2c80000, 0x00000203b2ef0000, 0x00000203b3220000]
 total_blobs=4295 nmethods=3614 adapters=584
 compilation: enabled
              stopped_count=0, restarted_count=0
 full_count=0

Compilation events (20 events):
Event: 2123.967 Thread 0x00000203c04b1160 nmethod 10898 0x00000203ac575a90 code [0x00000203ac575c40, 0x00000203ac575d58]
Event: 2123.968 Thread 0x00000203c04b1160 10899       3       org.glassfish.jersey.internal.util.collection.KeyComparatorHashMap::keyComparatorEq (61 bytes)
Event: 2123.969 Thread 0x00000203c04b1160 nmethod 10899 0x00000203ac140710 code [0x00000203ac140900, 0x00000203ac140e20]
Event: 2123.969 Thread 0x00000203c04b1160 10900       1       sun.util.calendar.CalendarDate::isNormalized (5 bytes)
Event: 2123.969 Thread 0x00000203c04b1160 nmethod 10900 0x00000203b34d3e10 code [0x00000203b34d3fa0, 0x00000203b34d4070]
Event: 2123.970 Thread 0x00000203c04b1160 10901       3       java.util.concurrent.CopyOnWriteArraySet::iterator (8 bytes)
Event: 2123.970 Thread 0x00000203c04b1160 nmethod 10901 0x00000203abb30110 code [0x00000203abb302c0, 0x00000203abb30640]
Event: 2123.982 Thread 0x00000203c04b1160 10902   !   3       org.apache.tomcat.util.http.parser.HttpParser::isNumeric (9 bytes)
Event: 2123.982 Thread 0x00000203c04b1160 nmethod 10902 0x00000203aba1d910 code [0x00000203aba1dac0, 0x00000203aba1dc30]
Event: 2129.733 Thread 0x00000203c04acef0 10903   !   4       jdk.internal.util.xml.impl.Parser::pop (102 bytes)
Event: 2129.737 Thread 0x00000203c04acef0 nmethod 10903 0x00000203b34d3410 code [0x00000203b34d35c0, 0x00000203b34d3aa8]
Event: 2129.757 Thread 0x00000203c04acef0 10904       4       java.util.Arrays::copyOf (33 bytes)
Event: 2129.759 Thread 0x00000203c04acef0 nmethod 10904 0x00000203b36ee690 code [0x00000203b36ee820, 0x00000203b36eeb48]
Event: 2134.732 Thread 0x00000203c04acef0 10905       4       com.fasterxml.jackson.databind.SerializationConfig::without (54 bytes)
Event: 2134.733 Thread 0x00000203c04acef0 nmethod 10905 0x00000203b36ee390 code [0x00000203b36ee520, 0x00000203b36ee5f0]
Event: 2134.778 Thread 0x00000203c04acef0 10906   !   4       jdk.internal.reflect.GeneratedSerializationConstructorAccessor16::newInstance (49 bytes)
Event: 2134.780 Thread 0x00000203c04acef0 nmethod 10906 0x00000203b36ede90 code [0x00000203b36ee040, 0x00000203b36ee1e0]
Event: 2139.722 Thread 0x00000203c04acef0 10907       4       org.springframework.boot.actuate.endpoint.jmx.EndpointMBean$ReactiveHandler::handle (32 bytes)
Event: 2139.723 Thread 0x00000203c04acef0 nmethod 10907 0x00000203b36edb10 code [0x00000203b36edca0, 0x00000203b36edd88]
Event: 2139.723 Thread 0x00000203c04acef0 10908       4       org.springframework.boot.actuate.endpoint.jmx.JacksonJmxOperationResponseMapper::mapResponse (61 bytes)

GC Heap History (20 events):
Event: 2044.772 GC heap before
{Heap before GC invocations=355 (full 0):
 garbage-first heap   total 79872K, used 73314K [0x0000000081600000, 0x0000000100000000)
  region size 1024K, 38 young (38912K), 1 survivors (1024K)
 Metaspace       used 60353K, committed 61696K, reserved 1114112K
  class space    used 7774K, committed 8320K, reserved 1048576K
}
Event: 2044.773 GC heap after
{Heap after GC invocations=356 (full 0):
 garbage-first heap   total 79872K, used 35270K [0x0000000081600000, 0x0000000100000000)
  region size 1024K, 1 young (1024K), 1 survivors (1024K)
 Metaspace       used 60353K, committed 61696K, reserved 1114112K
  class space    used 7774K, committed 8320K, reserved 1048576K
}
Event: 2054.761 GC heap before
{Heap before GC invocations=357 (full 0):
 garbage-first heap   total 79872K, used 73158K [0x0000000081600000, 0x0000000100000000)
  region size 1024K, 38 young (38912K), 1 survivors (1024K)
 Metaspace       used 60323K, committed 61696K, reserved 1114112K
  class space    used 7766K, committed 8320K, reserved 1048576K
}
Event: 2054.762 GC heap after
{Heap after GC invocations=358 (full 0):
 garbage-first heap   total 79872K, used 35121K [0x0000000081600000, 0x0000000100000000)
  region size 1024K, 1 young (1024K), 1 survivors (1024K)
 Metaspace       used 60323K, committed 61696K, reserved 1114112K
  class space    used 7766K, committed 8320K, reserved 1048576K
}
Event: 2064.755 GC heap before
{Heap before GC invocations=358 (full 0):
 garbage-first heap   total 79872K, used 71985K [0x0000000081600000, 0x0000000100000000)
  region size 1024K, 37 young (37888K), 1 survivors (1024K)
 Metaspace       used 60329K, committed 61696K, reserved 1114112K
  class space    used 7766K, committed 8320K, reserved 1048576K
}
Event: 2064.758 GC heap after
{Heap after GC invocations=359 (full 0):
 garbage-first heap   total 79872K, used 34401K [0x0000000081600000, 0x0000000100000000)
  region size 1024K, 1 young (1024K), 1 survivors (1024K)
 Metaspace       used 60329K, committed 61696K, reserved 1114112K
  class space    used 7766K, committed 8320K, reserved 1048576K
}
Event: 2074.743 GC heap before
{Heap before GC invocations=359 (full 0):
 garbage-first heap   total 79872K, used 72289K [0x0000000081600000, 0x0000000100000000)
  region size 1024K, 38 young (38912K), 1 survivors (1024K)
 Metaspace       used 60329K, committed 61696K, reserved 1114112K
  class space    used 7766K, committed 8320K, reserved 1048576K
}
Event: 2074.745 GC heap after
{Heap after GC invocations=360 (full 0):
 garbage-first heap   total 79872K, used 34240K [0x0000000081600000, 0x0000000100000000)
  region size 1024K, 1 young (1024K), 1 survivors (1024K)
 Metaspace       used 60329K, committed 61696K, reserved 1114112K
  class space    used 7766K, committed 8320K, reserved 1048576K
}
Event: 2084.799 GC heap before
{Heap before GC invocations=361 (full 0):
 garbage-first heap   total 79872K, used 72128K [0x0000000081600000, 0x0000000100000000)
  region size 1024K, 38 young (38912K), 1 survivors (1024K)
 Metaspace       used 60329K, committed 61696K, reserved 1114112K
  class space    used 7766K, committed 8320K, reserved 1048576K
}
Event: 2084.800 GC heap after
{Heap after GC invocations=362 (full 0):
 garbage-first heap   total 79872K, used 34453K [0x0000000081600000, 0x0000000100000000)
  region size 1024K, 1 young (1024K), 1 survivors (1024K)
 Metaspace       used 60329K, committed 61696K, reserved 1114112K
  class space    used 7766K, committed 8320K, reserved 1048576K
}
Event: 2094.739 GC heap before
{Heap before GC invocations=362 (full 0):
 garbage-first heap   total 79872K, used 72341K [0x0000000081600000, 0x0000000100000000)
  region size 1024K, 38 young (38912K), 1 survivors (1024K)
 Metaspace       used 60405K, committed 61696K, reserved 1114112K
  class space    used 7766K, committed 8320K, reserved 1048576K
}
Event: 2094.741 GC heap after
{Heap after GC invocations=363 (full 0):
 garbage-first heap   total 79872K, used 33773K [0x0000000081600000, 0x0000000100000000)
  region size 1024K, 1 young (1024K), 1 survivors (1024K)
 Metaspace       used 60405K, committed 61696K, reserved 1114112K
  class space    used 7766K, committed 8320K, reserved 1048576K
}
Event: 2104.760 GC heap before
{Heap before GC invocations=363 (full 0):
 garbage-first heap   total 79872K, used 72685K [0x0000000081600000, 0x0000000100000000)
  region size 1024K, 39 young (39936K), 1 survivors (1024K)
 Metaspace       used 60405K, committed 61696K, reserved 1114112K
  class space    used 7766K, committed 8320K, reserved 1048576K
}
Event: 2104.761 GC heap after
{Heap after GC invocations=364 (full 0):
 garbage-first heap   total 79872K, used 33642K [0x0000000081600000, 0x0000000100000000)
  region size 1024K, 1 young (1024K), 1 survivors (1024K)
 Metaspace       used 60405K, committed 61696K, reserved 1114112K
  class space    used 7766K, committed 8320K, reserved 1048576K
}
Event: 2114.752 GC heap before
{Heap before GC invocations=365 (full 0):
 garbage-first heap   total 79872K, used 72554K [0x0000000081600000, 0x0000000100000000)
  region size 1024K, 39 young (39936K), 1 survivors (1024K)
 Metaspace       used 60407K, committed 61696K, reserved 1114112K
  class space    used 7766K, committed 8320K, reserved 1048576K
}
Event: 2114.753 GC heap after
{Heap after GC invocations=366 (full 0):
 garbage-first heap   total 79872K, used 33936K [0x0000000081600000, 0x0000000100000000)
  region size 1024K, 1 young (1024K), 1 survivors (1024K)
 Metaspace       used 60407K, committed 61696K, reserved 1114112K
  class space    used 7766K, committed 8320K, reserved 1048576K
}
Event: 2124.748 GC heap before
{Heap before GC invocations=366 (full 0):
 garbage-first heap   total 79872K, used 72848K [0x0000000081600000, 0x0000000100000000)
  region size 1024K, 39 young (39936K), 1 survivors (1024K)
 Metaspace       used 60429K, committed 61696K, reserved 1114112K
  class space    used 7766K, committed 8320K, reserved 1048576K
}
Event: 2124.757 GC heap after
{Heap after GC invocations=367 (full 0):
 garbage-first heap   total 79872K, used 33124K [0x0000000081600000, 0x0000000100000000)
  region size 1024K, 1 young (1024K), 1 survivors (1024K)
 Metaspace       used 60429K, committed 61696K, reserved 1114112K
  class space    used 7766K, committed 8320K, reserved 1048576K
}
Event: 2134.762 GC heap before
{Heap before GC invocations=367 (full 0):
 garbage-first heap   total 79872K, used 72036K [0x0000000081600000, 0x0000000100000000)
  region size 1024K, 39 young (39936K), 1 survivors (1024K)
 Metaspace       used 60429K, committed 61696K, reserved 1114112K
  class space    used 7766K, committed 8320K, reserved 1048576K
}
Event: 2134.763 GC heap after
{Heap after GC invocations=368 (full 0):
 garbage-first heap   total 79872K, used 33230K [0x0000000081600000, 0x0000000100000000)
  region size 1024K, 1 young (1024K), 1 survivors (1024K)
 Metaspace       used 60429K, committed 61696K, reserved 1114112K
  class space    used 7766K, committed 8320K, reserved 1048576K
}

Dll operation events (11 events):
Event: 0.006 Loaded shared library C:\Users\Adel\.vscode\extensions\redhat.java-1.41.1-win32-x64\jre\21.0.6-win32-x86_64\bin\java.dll
Event: 0.032 Loaded shared library C:\Users\Adel\.vscode\extensions\redhat.java-1.41.1-win32-x64\jre\21.0.6-win32-x86_64\bin\zip.dll
Event: 0.117 Loaded shared library C:\Users\Adel\.vscode\extensions\redhat.java-1.41.1-win32-x64\jre\21.0.6-win32-x86_64\bin\jimage.dll
Event: 0.122 Loaded shared library C:\Users\Adel\.vscode\extensions\redhat.java-1.41.1-win32-x64\jre\21.0.6-win32-x86_64\bin\net.dll
Event: 0.124 Loaded shared library C:\Users\Adel\.vscode\extensions\redhat.java-1.41.1-win32-x64\jre\21.0.6-win32-x86_64\bin\nio.dll
Event: 0.126 Loaded shared library C:\Users\Adel\.vscode\extensions\redhat.java-1.41.1-win32-x64\jre\21.0.6-win32-x86_64\bin\zip.dll
Event: 0.194 Loaded shared library C:\Users\Adel\.vscode\extensions\redhat.java-1.41.1-win32-x64\jre\21.0.6-win32-x86_64\bin\management.dll
Event: 0.203 Loaded shared library C:\Users\Adel\.vscode\extensions\redhat.java-1.41.1-win32-x64\jre\21.0.6-win32-x86_64\bin\management_ext.dll
Event: 0.431 Loaded shared library C:\Users\Adel\.vscode\extensions\redhat.java-1.41.1-win32-x64\jre\21.0.6-win32-x86_64\bin\extnet.dll
Event: 4.538 Loaded shared library C:\Users\Adel\.vscode\extensions\redhat.java-1.41.1-win32-x64\jre\21.0.6-win32-x86_64\bin\sunmscapi.dll
Event: 6.443 Loaded shared library C:\Users\Adel\.vscode\extensions\redhat.java-1.41.1-win32-x64\jre\21.0.6-win32-x86_64\bin\verify.dll

Deoptimization events (20 events):
Event: 1994.703 Thread 0x0000020408535e30 DEOPT PACKING pc=0x00000203b36e12f4 sp=0x000000e277bfea80
Event: 1994.703 Thread 0x0000020408535e30 DEOPT UNPACKING pc=0x00000203b2cd46a2 sp=0x000000e277bfe9c8 mode 2
Event: 2024.723 Thread 0x0000020408535e30 Uncommon trap: trap_request=0xffffff54 fr.pc=0x00000203b34d5548 relative=0x0000000000001a08
Event: 2024.723 Thread 0x0000020408535e30 Uncommon trap: reason=speculate_null_assert action=make_not_entrant pc=0x00000203b34d5548 method=org.springframework.util.ConcurrentReferenceHashMap$Segment.restructureIfNecessary(Z)V @ 41 c2
Event: 2024.723 Thread 0x0000020408535e30 DEOPT PACKING pc=0x00000203b34d5548 sp=0x000000e277bfea70
Event: 2024.723 Thread 0x0000020408535e30 DEOPT UNPACKING pc=0x00000203b2cd46a2 sp=0x000000e277bfe7f0 mode 2
Event: 2024.723 Thread 0x0000020408535e30 Uncommon trap: trap_request=0xffffff54 fr.pc=0x00000203b352a53c relative=0x0000000000000e9c
Event: 2024.723 Thread 0x0000020408535e30 Uncommon trap: reason=speculate_null_assert action=make_not_entrant pc=0x00000203b352a53c method=org.springframework.util.ConcurrentReferenceHashMap$Segment.restructureIfNecessary(Z)V @ 41 c2
Event: 2024.723 Thread 0x0000020408535e30 DEOPT PACKING pc=0x00000203b352a53c sp=0x000000e277bfe5c0
Event: 2024.723 Thread 0x0000020408535e30 DEOPT UNPACKING pc=0x00000203b2cd46a2 sp=0x000000e277bfe4e8 mode 2
Event: 2031.179 Thread 0x0000020409926890 Uncommon trap: trap_request=0xffffff45 fr.pc=0x00000203b338da5c relative=0x000000000000029c
Event: 2031.179 Thread 0x0000020409926890 Uncommon trap: reason=unstable_if action=reinterpret pc=0x00000203b338da5c method=java.util.concurrent.locks.ReentrantReadWriteLock$Sync.tryAcquireShared(I)I @ 55 c2
Event: 2031.179 Thread 0x0000020409926890 DEOPT PACKING pc=0x00000203b338da5c sp=0x000000e27b0fe7b0
Event: 2031.180 Thread 0x0000020409926890 DEOPT UNPACKING pc=0x00000203b2cd46a2 sp=0x000000e27b0fe6a0 mode 2
Event: 2061.206 Thread 0x0000020409922060 Uncommon trap: trap_request=0xffffff45 fr.pc=0x00000203b3299da0 relative=0x0000000000000160
Event: 2061.206 Thread 0x0000020409922060 Uncommon trap: reason=unstable_if action=reinterpret pc=0x00000203b3299da0 method=java.util.concurrent.locks.ReentrantReadWriteLock$Sync.tryReleaseShared(I)Z @ 9 c2
Event: 2061.206 Thread 0x0000020409922060 DEOPT PACKING pc=0x00000203b3299da0 sp=0x000000e27b4feea0
Event: 2061.207 Thread 0x0000020409922060 DEOPT UNPACKING pc=0x00000203b2cd46a2 sp=0x000000e27b4fed70 mode 2
Event: 2093.954 Thread 0x0000020409924e50 DEOPT PACKING pc=0x00000203abad9673 sp=0x000000e27b1feb10
Event: 2093.954 Thread 0x0000020409924e50 DEOPT UNPACKING pc=0x00000203b2cd4e42 sp=0x000000e27b1fdfb0 mode 3

Classes loaded (20 events):
Event: 34.533 Loading class java/util/concurrent/CancellationException
Event: 34.533 Loading class java/util/concurrent/CancellationException done
Event: 34.540 Loading class java/util/zip/GZIPOutputStream
Event: 34.540 Loading class java/util/zip/DeflaterOutputStream
Event: 34.540 Loading class java/util/zip/DeflaterOutputStream done
Event: 34.540 Loading class java/util/zip/GZIPOutputStream done
Event: 34.540 Loading class java/util/zip/Deflater
Event: 34.540 Loading class java/util/zip/Deflater done
Event: 34.541 Loading class java/util/zip/Deflater$DeflaterZStreamRef
Event: 34.541 Loading class java/util/zip/Deflater$DeflaterZStreamRef done
Event: 34.553 Loading class java/util/ArrayDeque$DescendingIterator
Event: 34.554 Loading class java/util/ArrayDeque$DescendingIterator done
Event: 34.677 Loading class java/util/PrimitiveIterator$OfInt
Event: 34.677 Loading class java/util/PrimitiveIterator
Event: 34.677 Loading class java/util/PrimitiveIterator done
Event: 34.677 Loading class java/util/PrimitiveIterator$OfInt done
Event: 43.221 Loading class sun/net/ConnectionResetException
Event: 43.222 Loading class sun/net/ConnectionResetException done
Event: 1403.261 Loading class java/util/concurrent/locks/ReentrantReadWriteLock$Sync$HoldCounter
Event: 1403.261 Loading class java/util/concurrent/locks/ReentrantReadWriteLock$Sync$HoldCounter done

Classes unloaded (20 events):
Event: 2019.755 Thread 0x00000203a696f970 Unloading class 0x00000203c2003000 'java/lang/invoke/LambdaForm$MH+0x00000203c2003000'
Event: 2019.755 Thread 0x00000203a696f970 Unloading class 0x00000203c2002800 'java/lang/invoke/LambdaForm$MH+0x00000203c2002800'
Event: 2019.755 Thread 0x00000203a696f970 Unloading class 0x00000203c2002000 'java/lang/invoke/LambdaForm$MH+0x00000203c2002000'
Event: 2044.809 Thread 0x00000203a696f970 Unloading class 0x00000203c2814400 'java/lang/invoke/LambdaForm$MH+0x00000203c2814400'
Event: 2044.809 Thread 0x00000203a696f970 Unloading class 0x00000203c2814000 'java/lang/invoke/LambdaForm$BMH+0x00000203c2814000'
Event: 2044.809 Thread 0x00000203a696f970 Unloading class 0x00000203c280f000 'java/lang/invoke/LambdaForm$MH+0x00000203c280f000'
Event: 2044.809 Thread 0x00000203a696f970 Unloading class 0x00000203c280e400 'java/lang/invoke/LambdaForm$MH+0x00000203c280e400'
Event: 2044.809 Thread 0x00000203a696f970 Unloading class 0x00000203c280d800 'java/lang/invoke/LambdaForm$MH+0x00000203c280d800'
Event: 2044.809 Thread 0x00000203a696f970 Unloading class 0x00000203c280d400 'java/lang/invoke/LambdaForm$MH+0x00000203c280d400'
Event: 2044.809 Thread 0x00000203a696f970 Unloading class 0x00000203c280c800 'java/lang/invoke/LambdaForm$MH+0x00000203c280c800'
Event: 2044.809 Thread 0x00000203a696f970 Unloading class 0x00000203c2448000 'java/lang/invoke/LambdaForm$MH+0x00000203c2448000'
Event: 2044.809 Thread 0x00000203a696f970 Unloading class 0x00000203c2445400 'java/lang/invoke/LambdaForm$MH+0x00000203c2445400'
Event: 2044.809 Thread 0x00000203a696f970 Unloading class 0x00000203c23a0400 'java/lang/invoke/LambdaForm$MH+0x00000203c23a0400'
Event: 2044.809 Thread 0x00000203a696f970 Unloading class 0x00000203c239b400 'java/lang/invoke/LambdaForm$MH+0x00000203c239b400'
Event: 2044.809 Thread 0x00000203a696f970 Unloading class 0x00000203c21b5800 'java/lang/invoke/LambdaForm$MH+0x00000203c21b5800'
Event: 2044.809 Thread 0x00000203a696f970 Unloading class 0x00000203c21b4400 'java/lang/invoke/LambdaForm$MH+0x00000203c21b4400'
Event: 2044.809 Thread 0x00000203a696f970 Unloading class 0x00000203c21b4000 'java/lang/invoke/LambdaForm$MH+0x00000203c21b4000'
Event: 2044.809 Thread 0x00000203a696f970 Unloading class 0x00000203c218a800 'java/lang/invoke/LambdaForm$MH+0x00000203c218a800'
Event: 2044.809 Thread 0x00000203a696f970 Unloading class 0x00000203c20c1800 'java/lang/invoke/LambdaForm$MH+0x00000203c20c1800'
Event: 2044.809 Thread 0x00000203a696f970 Unloading class 0x00000203c2007000 'java/lang/invoke/LambdaForm$MH+0x00000203c2007000'

Classes redefined (0 events):
No events

Internal exceptions (20 events):
Event: 2139.737 Thread 0x0000020408535e30 Exception <a 'java/lang/ClassNotFoundException'{0x000000008540ad60}: org/springframework/boot/actuate/endpoint/jmx/DataEndpointMBean> (0x000000008540ad60) 
thrown [s\src\hotspot\share\classfile\systemDictionary.cpp, line 312]
Event: 2139.737 Thread 0x0000020408535e30 Exception <a 'java/lang/ClassNotFoundException'{0x000000008540b108}: org/springframework/context/support/LiveBeansView> (0x000000008540b108) 
thrown [s\src\hotspot\share\classfile\systemDictionary.cpp, line 312]
Event: 2139.737 Thread 0x0000020408535e30 Exception <a 'java/lang/ClassNotFoundException'{0x000000008540b4d0}: org/springframework/boot/actuate/endpoint/jmx/EndpointMBean> (0x000000008540b4d0) 
thrown [s\src\hotspot\share\classfile\systemDictionary.cpp, line 312]
Event: 2139.737 Thread 0x0000020408535e30 Exception <a 'java/lang/ClassNotFoundException'{0x000000008540b898}: org/springframework/boot/actuate/endpoint/jmx/DataEndpointMBean> (0x000000008540b898) 
thrown [s\src\hotspot\share\classfile\systemDictionary.cpp, line 312]
Event: 2139.737 Thread 0x0000020408535e30 Exception <a 'java/lang/ClassNotFoundException'{0x000000008540bc58}: org/springframework/context/support/LiveBeansView> (0x000000008540bc58) 
thrown [s\src\hotspot\share\classfile\systemDictionary.cpp, line 312]
Event: 2139.737 Thread 0x0000020408535e30 Exception <a 'java/lang/ClassNotFoundException'{0x000000008540c010}: org/springframework/boot/actuate/endpoint/jmx/EndpointMBean> (0x000000008540c010) 
thrown [s\src\hotspot\share\classfile\systemDictionary.cpp, line 312]
Event: 2139.737 Thread 0x0000020408535e30 Exception <a 'java/lang/ClassNotFoundException'{0x000000008540c3c8}: org/springframework/boot/actuate/endpoint/jmx/DataEndpointMBean> (0x000000008540c3c8) 
thrown [s\src\hotspot\share\classfile\systemDictionary.cpp, line 312]
Event: 2139.737 Thread 0x0000020408535e30 Exception <a 'java/lang/ClassNotFoundException'{0x000000008540c778}: org/springframework/context/support/LiveBeansView> (0x000000008540c778) 
thrown [s\src\hotspot\share\classfile\systemDictionary.cpp, line 312]
Event: 2139.743 Thread 0x0000020408535e30 Exception <a 'java/lang/ClassNotFoundException'{0x000000008510bfb8}: org/springframework/boot/actuate/endpoint/jmx/EndpointMBean> (0x000000008510bfb8) 
thrown [s\src\hotspot\share\classfile\systemDictionary.cpp, line 312]
Event: 2139.748 Thread 0x0000020408535e30 Exception <a 'java/lang/ClassNotFoundException'{0x0000000084e07018}: org/springframework/boot/actuate/endpoint/jmx/DataEndpointMBean> (0x0000000084e07018) 
thrown [s\src\hotspot\share\classfile\systemDictionary.cpp, line 312]
Event: 2139.761 Thread 0x0000020408535e30 Exception <a 'java/lang/ClassNotFoundException'{0x0000000084b01fa0}: org/springframework/context/support/LiveBeansView> (0x0000000084b01fa0) 
thrown [s\src\hotspot\share\classfile\systemDictionary.cpp, line 312]
Event: 2139.761 Thread 0x0000020408535e30 Exception <a 'java/lang/ClassNotFoundException'{0x0000000084b02420}: org/springframework/boot/actuate/endpoint/jmx/EndpointMBean> (0x0000000084b02420) 
thrown [s\src\hotspot\share\classfile\systemDictionary.cpp, line 312]
Event: 2139.761 Thread 0x0000020408535e30 Exception <a 'java/lang/ClassNotFoundException'{0x0000000084b027f8}: org/springframework/boot/actuate/endpoint/jmx/DataEndpointMBean> (0x0000000084b027f8) 
thrown [s\src\hotspot\share\classfile\systemDictionary.cpp, line 312]
Event: 2139.761 Thread 0x0000020408535e30 Exception <a 'java/lang/ClassNotFoundException'{0x0000000084b02bc8}: org/springframework/context/support/LiveBeansView> (0x0000000084b02bc8) 
thrown [s\src\hotspot\share\classfile\systemDictionary.cpp, line 312]
Event: 2139.762 Thread 0x0000020408535e30 Exception <a 'java/lang/ClassNotFoundException'{0x0000000084b06c10}: org/springframework/boot/actuate/endpoint/jmx/EndpointMBean> (0x0000000084b06c10) 
thrown [s\src\hotspot\share\classfile\systemDictionary.cpp, line 312]
Event: 2139.762 Thread 0x0000020408535e30 Exception <a 'java/lang/ClassNotFoundException'{0x0000000084b06fd0}: org/springframework/boot/actuate/endpoint/jmx/DataEndpointMBean> (0x0000000084b06fd0) 
thrown [s\src\hotspot\share\classfile\systemDictionary.cpp, line 312]
Event: 2139.762 Thread 0x0000020408535e30 Exception <a 'java/lang/ClassNotFoundException'{0x0000000084b07388}: org/springframework/context/support/LiveBeansView> (0x0000000084b07388) 
thrown [s\src\hotspot\share\classfile\systemDictionary.cpp, line 312]
Event: 2139.762 Thread 0x0000020408535e30 Exception <a 'java/lang/ClassNotFoundException'{0x0000000084b07748}: org/springframework/boot/actuate/endpoint/jmx/EndpointMBean> (0x0000000084b07748) 
thrown [s\src\hotspot\share\classfile\systemDictionary.cpp, line 312]
Event: 2139.762 Thread 0x0000020408535e30 Exception <a 'java/lang/ClassNotFoundException'{0x0000000084b07b08}: org/springframework/boot/actuate/endpoint/jmx/DataEndpointMBean> (0x0000000084b07b08) 
thrown [s\src\hotspot\share\classfile\systemDictionary.cpp, line 312]
Event: 2139.762 Thread 0x0000020408535e30 Exception <a 'java/lang/ClassNotFoundException'{0x0000000084b07ec0}: org/springframework/context/support/LiveBeansView> (0x0000000084b07ec0) 
thrown [s\src\hotspot\share\classfile\systemDictionary.cpp, line 312]

ZGC Phase Switch (0 events):
No events

VM Operations (20 events):
Event: 2104.272 Executing VM operation: RendezvousGCThreads
Event: 2104.272 Executing VM operation: RendezvousGCThreads done
Event: 2104.760 Executing VM operation: G1CollectForAllocation (G1 Evacuation Pause)
Event: 2104.761 Executing VM operation: G1CollectForAllocation (G1 Evacuation Pause) done
Event: 2104.794 Executing VM operation: G1PauseRemark
Event: 2104.795 Executing VM operation: G1PauseRemark done
Event: 2104.812 Executing VM operation: G1PauseCleanup
Event: 2104.812 Executing VM operation: G1PauseCleanup done
Event: 2109.829 Executing VM operation: Cleanup
Event: 2109.829 Executing VM operation: Cleanup done
Event: 2114.752 Executing VM operation: G1CollectForAllocation (G1 Evacuation Pause)
Event: 2114.753 Executing VM operation: G1CollectForAllocation (G1 Evacuation Pause) done
Event: 2124.748 Executing VM operation: G1CollectForAllocation (G1 Evacuation Pause)
Event: 2124.757 Executing VM operation: G1CollectForAllocation (G1 Evacuation Pause) done
Event: 2134.762 Executing VM operation: G1CollectForAllocation (G1 Evacuation Pause)
Event: 2134.763 Executing VM operation: G1CollectForAllocation (G1 Evacuation Pause) done
Event: 2134.799 Executing VM operation: G1PauseRemark
Event: 2134.800 Executing VM operation: G1PauseRemark done
Event: 2134.818 Executing VM operation: G1PauseCleanup
Event: 2134.818 Executing VM operation: G1PauseCleanup done

Memory protections (0 events):
No events

Nmethod flushes (20 events):
Event: 2074.781 Thread 0x00000203a696f970 flushing  nmethod 0x00000203b3528c10
Event: 2074.781 Thread 0x00000203a696f970 flushing  nmethod 0x00000203b34d3410
Event: 2074.781 Thread 0x00000203a696f970 flushing  nmethod 0x00000203abc8eb10
Event: 2074.781 Thread 0x00000203a696f970 flushing  nmethod 0x00000203b338d610
Event: 2074.781 Thread 0x00000203a696f970 flushing  nmethod 0x00000203ac56c410
Event: 2074.781 Thread 0x00000203a696f970 flushing  nmethod 0x00000203ab763290
Event: 2074.781 Thread 0x00000203a696f970 flushing  nmethod 0x00000203ab7e1e90
Event: 2074.781 Thread 0x00000203a696f970 flushing  nmethod 0x00000203abb00410
Event: 2074.781 Thread 0x00000203a696f970 flushing  nmethod 0x00000203ac3ffa90
Event: 2074.781 Thread 0x00000203a696f970 flushing  nmethod 0x00000203abc87f90
Event: 2074.781 Thread 0x00000203a696f970 flushing  nmethod 0x00000203abad0210
Event: 2104.795 Thread 0x00000203a696f970 flushing  nmethod 0x00000203ab951510
Event: 2104.795 Thread 0x00000203a696f970 flushing  nmethod 0x00000203aba1d610
Event: 2104.795 Thread 0x00000203a696f970 flushing  nmethod 0x00000203ac140710
Event: 2104.795 Thread 0x00000203a696f970 flushing  nmethod 0x00000203ac575a90
Event: 2104.795 Thread 0x00000203a696f970 flushing  nmethod 0x00000203ab9d2f90
Event: 2104.795 Thread 0x00000203a696f970 flushing  nmethod 0x00000203b3299a90
Event: 2104.795 Thread 0x00000203a696f970 flushing  nmethod 0x00000203abb30110
Event: 2134.800 Thread 0x00000203a696f970 flushing  nmethod 0x00000203ab993110
Event: 2134.800 Thread 0x00000203a696f970 flushing  nmethod 0x00000203abad8f90

Events (20 events):
Event: 1072.881 Thread 0x00000203c04acef0 Thread added: 0x0000020408c94d50
Event: 1072.884 Thread 0x00000203c04b1160 Thread added: 0x0000020408abf560
Event: 1074.032 Thread 0x0000020408abf560 Thread exited: 0x0000020408abf560
Event: 1079.781 Thread 0x0000020408c94d50 Thread exited: 0x0000020408c94d50
Event: 1102.956 Thread 0x00000203c04b1160 Thread added: 0x0000020408abee90
Event: 1102.973 Thread 0x00000203c04acef0 Thread added: 0x0000020408abda20
Event: 1108.017 Thread 0x0000020408abda20 Thread exited: 0x0000020408abda20
Event: 1108.018 Thread 0x0000020408abee90 Thread exited: 0x0000020408abee90
Event: 1223.109 Thread 0x00000203c04b1160 Thread added: 0x0000020408abee90
Event: 1224.716 Thread 0x0000020408abee90 Thread exited: 0x0000020408abee90
Event: 1224.741 Thread 0x00000203c088dbd0 Thread added: 0x0000020408539940
Event: 1306.174 Thread 0x0000020408539940 Thread exited: 0x0000020408539940
Event: 1344.744 Thread 0x00000203c088dbd0 Thread added: 0x0000020408535e30
Event: 1426.245 Thread 0x000002040853a660 Thread exited: 0x000002040853a660
Event: 1484.710 Thread 0x00000203c088dbd0 Thread added: 0x0000020408536b50
Event: 1576.312 Thread 0x0000020408536b50 Thread exited: 0x0000020408536b50
Event: 1624.734 Thread 0x00000203c088dbd0 Thread added: 0x00000204085357a0
Event: 1726.394 Thread 0x00000204085357a0 Thread exited: 0x00000204085357a0
Event: 1994.723 Thread 0x00000203c04acef0 Thread added: 0x0000020408abd350
Event: 1999.814 Thread 0x0000020408abd350 Thread exited: 0x0000020408abd350


Dynamic libraries:
0x00007ff6b3ee0000 - 0x00007ff6b3eee000 	C:\Users\Adel\.vscode\extensions\redhat.java-1.41.1-win32-x64\jre\21.0.6-win32-x86_64\bin\java.exe
0x00007ff9d2370000 - 0x00007ff9d2587000 	C:\WINDOWS\SYSTEM32\ntdll.dll
0x00007ff9d1510000 - 0x00007ff9d15d4000 	C:\WINDOWS\System32\KERNEL32.DLL
0x00007ff9cf9a0000 - 0x00007ff9cfd71000 	C:\WINDOWS\System32\KERNELBASE.dll
0x00007ff9cff20000 - 0x00007ff9d0031000 	C:\WINDOWS\System32\ucrtbase.dll
0x00007ff9bc360000 - 0x00007ff9bc378000 	C:\Users\Adel\.vscode\extensions\redhat.java-1.41.1-win32-x64\jre\21.0.6-win32-x86_64\bin\jli.dll
0x00007ff9bb750000 - 0x00007ff9bb76e000 	C:\Users\Adel\.vscode\extensions\redhat.java-1.41.1-win32-x64\jre\21.0.6-win32-x86_64\bin\VCRUNTIME140.dll
0x00007ff9d1b30000 - 0x00007ff9d1ce1000 	C:\WINDOWS\System32\USER32.dll
0x00007ff9cf4b0000 - 0x00007ff9cf4d6000 	C:\WINDOWS\System32\win32u.dll
0x00007ff9b9570000 - 0x00007ff9b9802000 	C:\WINDOWS\WinSxS\amd64_microsoft.windows.common-controls_6595b64144ccf1df_6.0.22621.4830_none_270fe7d773858e80\COMCTL32.dll
0x00007ff9d1690000 - 0x00007ff9d16b9000 	C:\WINDOWS\System32\GDI32.dll
0x00007ff9d1450000 - 0x00007ff9d14f7000 	C:\WINDOWS\System32\msvcrt.dll
0x00007ff9cf680000 - 0x00007ff9cf79b000 	C:\WINDOWS\System32\gdi32full.dll
0x00007ff9cf5e0000 - 0x00007ff9cf67a000 	C:\WINDOWS\System32\msvcp_win.dll
0x00007ff9d1380000 - 0x00007ff9d13b1000 	C:\WINDOWS\System32\IMM32.DLL
0x00007ff9cb3b0000 - 0x00007ff9cb3bc000 	C:\Users\Adel\.vscode\extensions\redhat.java-1.41.1-win32-x64\jre\21.0.6-win32-x86_64\bin\vcruntime140_1.dll
0x00007ff9b05f0000 - 0x00007ff9b067d000 	C:\Users\Adel\.vscode\extensions\redhat.java-1.41.1-win32-x64\jre\21.0.6-win32-x86_64\bin\msvcp140.dll
0x00007ff97a130000 - 0x00007ff97aec0000 	C:\Users\Adel\.vscode\extensions\redhat.java-1.41.1-win32-x64\jre\21.0.6-win32-x86_64\bin\server\jvm.dll
0x00007ff9d0c40000 - 0x00007ff9d0cf1000 	C:\WINDOWS\System32\ADVAPI32.dll
0x00007ff9d0d40000 - 0x00007ff9d0de7000 	C:\WINDOWS\System32\sechost.dll
0x00007ff9cfef0000 - 0x00007ff9cff18000 	C:\WINDOWS\System32\bcrypt.dll
0x00007ff9d1f60000 - 0x00007ff9d2074000 	C:\WINDOWS\System32\RPCRT4.dll
0x00007ff9d1ab0000 - 0x00007ff9d1b21000 	C:\WINDOWS\System32\WS2_32.dll
0x00007ff9cf1d0000 - 0x00007ff9cf21d000 	C:\WINDOWS\SYSTEM32\POWRPROF.dll
0x00007ff9cb1a0000 - 0x00007ff9cb1aa000 	C:\WINDOWS\SYSTEM32\VERSION.dll
0x00007ff9ca4a0000 - 0x00007ff9ca4d4000 	C:\WINDOWS\SYSTEM32\WINMM.dll
0x00007ff9cf1b0000 - 0x00007ff9cf1c3000 	C:\WINDOWS\SYSTEM32\UMPDC.dll
0x00007ff9ce4c0000 - 0x00007ff9ce4d8000 	C:\WINDOWS\SYSTEM32\kernel.appcore.dll
0x00007ff9c7d30000 - 0x00007ff9c7d3a000 	C:\Users\Adel\.vscode\extensions\redhat.java-1.41.1-win32-x64\jre\21.0.6-win32-x86_64\bin\jimage.dll
0x00007ff9ccc30000 - 0x00007ff9cce62000 	C:\WINDOWS\SYSTEM32\DBGHELP.DLL
0x00007ff9d1720000 - 0x00007ff9d1ab0000 	C:\WINDOWS\System32\combase.dll
0x00007ff9d0200000 - 0x00007ff9d02d7000 	C:\WINDOWS\System32\OLEAUT32.dll
0x00007ff9a9d30000 - 0x00007ff9a9d62000 	C:\WINDOWS\SYSTEM32\dbgcore.DLL
0x00007ff9cf4e0000 - 0x00007ff9cf55b000 	C:\WINDOWS\System32\bcryptPrimitives.dll
0x00007ff9bad50000 - 0x00007ff9bad6f000 	C:\Users\Adel\.vscode\extensions\redhat.java-1.41.1-win32-x64\jre\21.0.6-win32-x86_64\bin\java.dll
0x00007ff9d0350000 - 0x00007ff9d0bd8000 	C:\WINDOWS\System32\SHELL32.dll
0x00007ff9cf7a0000 - 0x00007ff9cf8df000 	C:\WINDOWS\System32\wintypes.dll
0x00007ff9cd3c0000 - 0x00007ff9cdccd000 	C:\WINDOWS\SYSTEM32\windows.storage.dll
0x00007ff9d0df0000 - 0x00007ff9d0efa000 	C:\WINDOWS\System32\SHCORE.dll
0x00007ff9d0be0000 - 0x00007ff9d0c3e000 	C:\WINDOWS\System32\shlwapi.dll
0x00007ff9cf3e0000 - 0x00007ff9cf40b000 	C:\WINDOWS\SYSTEM32\profapi.dll
0x00007ff9ba680000 - 0x00007ff9ba698000 	C:\Users\Adel\.vscode\extensions\redhat.java-1.41.1-win32-x64\jre\21.0.6-win32-x86_64\bin\zip.dll
0x00007ff9bc5b0000 - 0x00007ff9bc5c0000 	C:\Users\Adel\.vscode\extensions\redhat.java-1.41.1-win32-x64\jre\21.0.6-win32-x86_64\bin\net.dll
0x00007ff9cafe0000 - 0x00007ff9cb10c000 	C:\WINDOWS\SYSTEM32\WINHTTP.dll
0x00007ff9ce920000 - 0x00007ff9ce98a000 	C:\WINDOWS\system32\mswsock.dll
0x00007ff9b9cc0000 - 0x00007ff9b9cd6000 	C:\Users\Adel\.vscode\extensions\redhat.java-1.41.1-win32-x64\jre\21.0.6-win32-x86_64\bin\nio.dll
0x00007ff9c9410000 - 0x00007ff9c941a000 	C:\Users\Adel\.vscode\extensions\redhat.java-1.41.1-win32-x64\jre\21.0.6-win32-x86_64\bin\management.dll
0x00007ff9c5f70000 - 0x00007ff9c5f7b000 	C:\Users\Adel\.vscode\extensions\redhat.java-1.41.1-win32-x64\jre\21.0.6-win32-x86_64\bin\management_ext.dll
0x00007ff9d0d00000 - 0x00007ff9d0d08000 	C:\WINDOWS\System32\PSAPI.DLL
0x00007ff9c7ce0000 - 0x00007ff9c7cf7000 	C:\WINDOWS\system32\napinsp.dll
0x00007ff9c7cc0000 - 0x00007ff9c7cdb000 	C:\WINDOWS\system32\pnrpnsp.dll
0x00007ff9cdfa0000 - 0x00007ff9ce0a2000 	C:\WINDOWS\SYSTEM32\DNSAPI.dll
0x00007ff9cdf30000 - 0x00007ff9cdf5d000 	C:\WINDOWS\SYSTEM32\IPHLPAPI.DLL
0x00007ff9d0d10000 - 0x00007ff9d0d19000 	C:\WINDOWS\System32\NSI.dll
0x00007ff9bc5c0000 - 0x00007ff9bc5d1000 	C:\WINDOWS\System32\winrnr.dll
0x00007ff9b11f0000 - 0x00007ff9b1217000 	C:\WINDOWS\system32\nlansp_c.dll
0x00007ff9a5cf0000 - 0x00007ff9a5d05000 	C:\WINDOWS\system32\wshbth.dll
0x00007ff9cab40000 - 0x00007ff9cab4a000 	C:\Windows\System32\rasadhlp.dll
0x00007ff9ca140000 - 0x00007ff9ca1c3000 	C:\WINDOWS\System32\fwpuclnt.dll
0x00007ff9cec70000 - 0x00007ff9cec8b000 	C:\WINDOWS\SYSTEM32\CRYPTSP.dll
0x00007ff9ce420000 - 0x00007ff9ce457000 	C:\WINDOWS\system32\rsaenh.dll
0x00007ff9ce9c0000 - 0x00007ff9ce9e8000 	C:\WINDOWS\SYSTEM32\USERENV.dll
0x00007ff9cec50000 - 0x00007ff9cec5c000 	C:\WINDOWS\SYSTEM32\CRYPTBASE.dll
0x00007ff9b6c40000 - 0x00007ff9b6c49000 	C:\Users\Adel\.vscode\extensions\redhat.java-1.41.1-win32-x64\jre\21.0.6-win32-x86_64\bin\extnet.dll
0x00007ff9b9cb0000 - 0x00007ff9b9cbe000 	C:\Users\Adel\.vscode\extensions\redhat.java-1.41.1-win32-x64\jre\21.0.6-win32-x86_64\bin\sunmscapi.dll
0x00007ff9cfd80000 - 0x00007ff9cfee6000 	C:\WINDOWS\System32\CRYPT32.dll
0x00007ff9cedd0000 - 0x00007ff9cedfd000 	C:\WINDOWS\SYSTEM32\ncrypt.dll
0x00007ff9ced90000 - 0x00007ff9cedc7000 	C:\WINDOWS\SYSTEM32\NTASN1.dll
0x00007ff9b6c70000 - 0x00007ff9b6c80000 	C:\Users\Adel\.vscode\extensions\redhat.java-1.41.1-win32-x64\jre\21.0.6-win32-x86_64\bin\verify.dll
0x00007ff9b9ca0000 - 0x00007ff9b9ca8000 	C:\WINDOWS\system32\wshunix.dll

dbghelp: loaded successfully - version: 4.0.5 - missing functions: none
symbol engine: initialized successfully - sym options: 0x614 - pdb path: .;C:\Users\Adel\.vscode\extensions\redhat.java-1.41.1-win32-x64\jre\21.0.6-win32-x86_64\bin;C:\WINDOWS\SYSTEM32;C:\WINDOWS\WinSxS\amd64_microsoft.windows.common-controls_6595b64144ccf1df_6.0.22621.4830_none_270fe7d773858e80;C:\Users\Adel\.vscode\extensions\redhat.java-1.41.1-win32-x64\jre\21.0.6-win32-x86_64\bin\server

VM Arguments:
jvm_args: -Dcom.sun.management.jmxremote -Dcom.sun.management.jmxremote.port=59742 -Dcom.sun.management.jmxremote.authenticate=false -Dcom.sun.management.jmxremote.ssl=false -Dspring.jmx.enabled=true -Djava.rmi.server.hostname=localhost -Dspring.application.admin.enabled=true -Dspring.boot.project.name=zull-server -XX:+ShowCodeDetailsInExceptionMessages -Dmanagement.endpoints.jmx.exposure.include=* 
java_command: com.example.zull_server.ZullServerApplication
java_class_path (initial): D:\microservice\zull-server\target\classes;C:\Users\Adel\.m2\repository\org\springframework\cloud\spring-cloud-starter-config\4.2.1\spring-cloud-starter-config-4.2.1.jar;C:\Users\Adel\.m2\repository\org\springframework\cloud\spring-cloud-starter\4.2.1\spring-cloud-starter-4.2.1.jar;C:\Users\Adel\.m2\repository\org\springframework\cloud\spring-cloud-context\4.2.1\spring-cloud-context-4.2.1.jar;C:\Users\Adel\.m2\repository\org\springframework\security\spring-security-crypto\6.4.4\spring-security-crypto-6.4.4.jar;C:\Users\Adel\.m2\repository\org\springframework\cloud\spring-cloud-commons\4.2.1\spring-cloud-commons-4.2.1.jar;C:\Users\Adel\.m2\repository\org\bouncycastle\bcprov-jdk18on\1.78.1\bcprov-jdk18on-1.78.1.jar;C:\Users\Adel\.m2\repository\org\springframework\cloud\spring-cloud-config-client\4.2.1\spring-cloud-config-client-4.2.1.jar;C:\Users\Adel\.m2\repository\org\springframework\boot\spring-boot-autoconfigure\3.4.4\spring-boot-autoconfigure-3.4.4.jar;C:\Users\Adel\.m2\repository\org\springframework\spring-web\6.2.5\spring-web-6.2.5.jar;C:\Users\Adel\.m2\repository\org\springframework\spring-beans\6.2.5\spring-beans-6.2.5.jar;C:\Users\Adel\.m2\repository\io\micrometer\micrometer-observation\1.14.5\micrometer-observation-1.14.5.jar;C:\Users\Adel\.m2\repository\io\micrometer\micrometer-commons\1.14.5\micrometer-commons-1.14.5.jar;C:\Users\Adel\.m2\repository\com\fasterxml\jackson\core\jackson-annotations\2.18.3\jackson-annotations-2.18.3.jar;C:\Users\Adel\.m2\repository\org\apache\httpcomponents\client5\httpclient5\5.4.2\httpclient5-5.4.2.jar;C:\Users\Adel\.m2\repository\org\apache\httpcomponents\core5\httpcore5\5.3.3\httpcore5-5.3.3.jar;C:\Users\Adel\.m2\repository\org\apache\httpcomponents\core5\httpcore5-h2\5.3.3\httpcore5-h2-5.3.3.jar;C:\Users\Adel\.m2\repository\com\fasterxml\jackson\core\jackson-databind\2.18.3\jackson-databind-2.18.3.jar;C:\Users\Adel\.m2\repository\com\fasterxml\jackson\core\jackson-core\2.18.3\jackson-core-2.18.3.jar;C:\Users\Adel\.m2\repository\org\springframework\cloud\spring-cloud-starter-netflix-eureka-server\4.2.1\spring-cloud-starter-netflix-eureka-server-4.2.1.jar;C:\Users\Adel\.m2\repository\org\springframework\cloud\spring-cloud-netflix-eureka-server\4.2.1\spring-cloud-netflix-eureka-server-4.2.1.jar;C:\Users\Adel\.m2\repository\org\springframework\boot\spring-boot-starter-web\3.4.4\spring-boot-starter-web-3.4.4.jar;C:\Users\Adel\.m2\repository\org\springframework\boot\spring-boot-starter-json\3.4.4\spring-boot-starter-json-3.4.4.jar;C:\Users\Adel\.m2\repository\com\fasterxml\jackson\datatype\jackson-datatype-jdk8\2.18.3\jackson-datatype-jdk8-2.18.3.jar;C:\Users\Adel\.m2\repository\com\fasterxml\jackson\datatype\jackson-datatype-jsr310\2.18.3\jackson-datatype-jsr310-2.18.3.jar;C:\Users\Adel\.m2\repository\com\fasterxml\jackson\module\jackson-module-parameter-names\2.18.3\jackson-module-parameter-names-2.18.3.jar;C:\Users\Adel\.m2\repository\org\springframework\boot\spring-boot-starter-tomcat\3.4.4\spring-boot-starter-tomcat-3.4.4.jar;C:\Users\Adel\.m2\repository\org\apache\tomcat\embed\tomcat-embed-core\10.1.39\tomcat-embed-core-10.1.39.jar;C:\Users\Adel\.m2\repository\org\apache\tomcat\embed\tomcat-embed-el\10.1.39\tomcat-embed-el-10.1.39.jar;C:\Users\Adel\.m2\repository\org\apache\tomcat\embed\tomcat-embed-websocket\10.1.39\tomcat-embed-websocket-10.1.39.jar;C:\Users\Adel\.m2\repository\org\springframework\spring-webmvc\6.2.5\spring-webmvc-6.2.5.jar;C:\Users\Adel\.m2\repository\org\springframework\spring-aop\6.2.5\spring-aop-6.2.5.jar;C:\Users\Adel\.m2\repository\org\springframework\spring-expression\6.2.5\spring-expression-6.2.5.jar;C:\Users\Adel\.m2\repository\org\springframework\boot\spring-boot-starter-actuator\3.4.4\spring-boot-starter-actuator-3.4.4.jar;C:\Users\Adel\.m2\repository\org\springframework\boot\spring-boot-actuator-autoconfigure\3.4.4\spring-boot-actuator-autoconfigure-3.4.4.jar;C:\Users\Adel\.m2\repository\org\springframework\boot\spring-boot-actuator\3.4.4\spring-boot-actuator-3.4.4.jar;C:\Users\Adel\.m2\repository\io\micrometer\micrometer-jakarta9\1.14.5\micrometer-jakarta9-1.14.5.jar;C:\Users\Adel\.m2\repository\io\micrometer\micrometer-core\1.14.5\micrometer-core-1.14.5.jar;C:\Users\Adel\.m2\repository\org\hdrhistogram\HdrHistogram\2.2.2\HdrHistogram-2.2.2.jar;C:\Users\Adel\.m2\repository\org\latencyutils\LatencyUtils\2.0.3\LatencyUtils-2.0.3.jar;C:\Users\Adel\.m2\repository\org\springframework\boot\spring-boot-starter-freemarker\3.4.4\spring-boot-starter-freemarker-3.4.4.jar;C:\Users\Adel\.m2\repository\org\freemarker\freemarker\2.3.34\freemarker-2.3.34.jar;C:\Users\Adel\.m2\repository\org\springframework\spring-context-support\6.2.5\spring-context-support-6.2.5.jar;C:\Users\Adel\.m2\repository\com\netflix\eureka\eureka-client-jersey3\2.0.4\eureka-client-jersey3-2.0.4.jar;C:\Users\Adel\.m2\repository\org\glassfish\jersey\connectors\jersey-apache-connector\3.1.10\jersey-apache-connector-3.1.10.jar;C:\Users\Adel\.m2\repository\com\netflix\eureka\eureka-core-jersey3\2.0.4\eureka-core-jersey3-2.0.4.jar;C:\Users\Adel\.m2\repository\com\netflix\eureka\eureka-core\2.0.4\eureka-core-2.0.4.jar;C:\Users\Adel\.m2\repository\com\google\guava\guava\33.0.0-jre\guava-33.0.0-jre.jar;C:\Users\Adel\.m2\repository\com\google\guava\failureaccess\1.0.2\failureaccess-1.0.2.jar;C:\Users\Adel\.m2\repository\com\google\guava\listenablefuture\9999.0-empty-to-avoid-conflict-with-guava\listenablefuture-9999.0-empty-to-avoid-conflict-with-guava.jar;C:\Users\Adel\.m2\repository\org\checkerframework\checker-qual\3.41.0\checker-qual-3.41.0.jar;C:\Users\Adel\.m2\repository\com\google\errorprone\error_prone_annotations\2.23.0\error_prone_annotations-2.23.0.jar;C:\Users\Adel\.m2\repository\com\google\j2objc\j2objc-annotations\2.8\j2objc-annotations-2.8.jar;C:\Users\Adel\.m2\repository\org\glassfish\jersey\containers\jersey-container-servlet\3.1.10\jersey-container-servlet-3.1.10.jar;C:\Users\Adel\.m2\repository\org\glassfish\jersey\containers\jersey-container-servlet-core\3.1.10\jersey-container-servlet-core-3.1.10.jar;C:\Users\Adel\.m2\repository\org\glassfish\jersey\core\jersey-common\3.1.10\jersey-common-3.1.10.jar;C:\Users\Adel\.m2\repository\org\glassfish\hk2\osgi-resource-locator\1.0.3\osgi-resource-locator-1.0.3.jar;C:\Users\Adel\.m2\repository\org\glassfish\jersey\core\jersey-server\3.1.10\jersey-server-3.1.10.jar;C:\Users\Adel\.m2\repository\jakarta\validation\jakarta.validation-api\3.0.2\jakarta.validation-api-3.0.2.jar;C:\Users\Adel\.m2\repository\org\glassfish\jersey\core\jersey-client\3.1.10\jersey-client-3.1.10.jar;C:\Users\Adel\.m2\repository\org\glassfish\jersey\inject\jersey-hk2\3.1.10\jersey-hk2-3.1.10.jar;C:\Users\Adel\.m2\repository\org\glassfish\hk2\hk2-locator\3.0.6\hk2-locator-3.0.6.jar;C:\Users\Adel\.m2\repository\org\glassfish\hk2\hk2-utils\3.0.6\hk2-utils-3.0.6.jar;C:\Users\Adel\.m2\repository\org\javassist\javassist\3.30.2-GA\javassist-3.30.2-GA.jar;C:\Users\Adel\.m2\repository\org\glassfish\hk2\spring-bridge\3.1.1\spring-bridge-3.1.1.jar;C:\Users\Adel\.m2\repository\org\glassfish\hk2\hk2-api\3.1.1\hk2-api-3.1.1.jar;C:\Users\Adel\.m2\repository\org\springframework\spring-context\6.2.5\spring-context-6.2.5.jar;C:\Users\Adel\.m2\repository\com\fasterxml\jackson\dataformat\jackson-dataformat-xml\2.18.3\jackson-dataformat-xml-2.18.3.jar;C:\Users\Adel\.m2\repository\org\codehaus\woodstox\stax2-api\4.2.2\stax2-api-4.2.2.jar;C:\Users\Adel\.m2\repository\com\fasterxml\woodstox\woodstox-core\7.0.0\woodstox-core-7.0.0.jar;C:\Users\Adel\.m2\repository\org\springframework\cloud\spring-cloud-starter-loadbalancer\4.2.1\spring-cloud-starter-loadbalancer-4.2.1.jar;C:\Users\Adel\.m2\repository\org\springframework\cloud\spring-cloud-loadbalancer\4.2.1\spring-cloud-loadbalancer-4.2.1.jar;C:\Users\Adel\.m2\repository\io\projectreactor\reactor-core\3.7.4\reactor-core-3.7.4.jar;C:\Users\Adel\.m2\repository\org\reactivestreams\reactive-streams\1.0.4\reactive-streams-1.0.4.jar;C:\Users\Adel\.m2\repository\io\projectreactor\addons\reactor-extra\3.5.2\reactor-extra-3.5.2.jar;C:\Users\Adel\.m2\repository\org\springframework\boot\spring-boot-starter-cache\3.4.4\spring-boot-starter-cache-3.4.4.jar;C:\Users\Adel\.m2\repository\com\stoyanr\evictor\1.0.0\evictor-1.0.0.jar;C:\Users\Adel\.m2\repository\org\glassfish\jaxb\jaxb-runtime\4.0.5\jaxb-runtime-4.0.5.jar;C:\Users\Adel\.m2\repository\org\glassfish\jaxb\jaxb-core\4.0.5\jaxb-core-4.0.5.jar;C:\Users\Adel\.m2\repository\org\eclipse\angus\angus-activation\2.0.2\angus-activation-2.0.2.jar;C:\Users\Adel\.m2\repository\org\glassfish\jaxb\txw2\4.0.5\txw2-4.0.5.jar;C:\Users\Adel\.m2\repository\com\sun\istack\istack-commons-runtime\4.1.2\istack-commons-runtime-4.1.2.jar;C:\Users\Adel\.m2\repository\org\springframework\cloud\spring-cloud-starter-netflix-eureka-client\4.2.1\spring-cloud-starter-netflix-eureka-client-4.2.1.jar;C:\Users\Adel\.m2\repository\org\springframework\cloud\spring-cloud-netflix-eureka-client\4.2.1\spring-cloud-netflix-eureka-client-4.2.1.jar;C:\Users\Adel\.m2\repository\com\netflix\eureka\eureka-client\2.0.4\eureka-client-2.0.4.jar;C:\Users\Adel\.m2\repository\com\thoughtworks\xstream\xstream\1.4.20\xstream-1.4.20.jar;C:\Users\Adel\.m2\repository\io\github\x-stream\mxparser\1.2.2\mxparser-1.2.2.jar;C:\Users\Adel\.m2\repository\xmlpull\xmlpull\1.1.3.1\xmlpull-1.1.3.1.jar;C:\Users\Adel\.m2\repository\jakarta\ws\rs\jakarta.ws.rs-api\3.1.0\jakarta.ws.rs-api-3.1.0.jar;C:\Users\Adel\.m2\repository\jakarta\inject\jakarta.inject-api\2.0.1\jakarta.inject-api-2.0.1.jar;C:\Users\Adel\.m2\repository\jakarta\annotation\jakarta.annotation-api\2.1.1\jakarta.annotation-api-2.1.1.jar;C:\Users\Adel\.m2\repository\com\netflix\spectator\spectator-api\1.7.3\spectator-api-1.7.3.jar;C:\Users\Adel\.m2\repository\org\slf4j\slf4j-api\2.0.17\slf4j-api-2.0.17.jar;C:\Users\Adel\.m2\repository\org\apache\httpcomponents\httpclient\4.5.3\httpclient-4.5.3.jar;C:\Users\Adel\.m2\repository\org\apache\httpcomponents\httpcore\4.4.16\httpcore-4.4.16.jar;C:\Users\Adel\.m2\repository\commons-codec\commons-codec\1.17.2\commons-codec-1.17.2.jar;C:\Users\Adel\.m2\repository\commons-configuration\commons-configuration\1.10\commons-configuration-1.10.jar;C:\Users\Adel\.m2\repository\commons-lang\commons-lang\2.6\commons-lang-2.6.jar;C:\Users\Adel\.m2\repository\com\netflix\netflix-commons\netflix-eventbus\0.3.0\netflix-eventbus-0.3.0.jar;C:\Users\Adel\.m2\repository\com\netflix\netflix-commons\netflix-infix\0.3.0\netflix-infix-0.3.0.jar;C:\Users\Adel\.m2\repository\commons-jxpath\commons-jxpath\1.3\commons-jxpath-1.3.jar;C:\Users\Adel\.m2\repository\joda-time\joda-time\2.3\joda-time-2.3.jar;C:\Users\Adel\.m2\repository\org\antlr\antlr-runtime\3.4\antlr-runtime-3.4.jar;C:\Users\Adel\.m2\repository\org\antlr\stringtemplate\3.2.1\stringtemplate-3.2.1.jar;C:\Users\Adel\.m2\repository\antlr\antlr\2.7.7\antlr-2.7.7.jar;C:\Users\Adel\.m2\repository\com\google\code\gson\gson\2.11.0\gson-2.11.0.jar;C:\Users\Adel\.m2\repository\com\netflix\servo\servo-core\0.5.3\servo-core-0.5.3.jar;C:\Users\Adel\.m2\repository\org\apache\commons\commons-math\2.2\commons-math-2.2.jar;C:\Users\Adel\.m2\repository\javax\annotation\javax.annotation-api\1.2\javax.annotation-api-1.2.jar;C:\Users\Adel\.m2\repository\org\codehaus\jettison\jettison\1.5.4\jettison-1.5.4.jar;C:\Users\Adel\.m2\repository\org\springframework\boot\spring-boot-starter\3.4.4\spring-boot-starter-3.4.4.jar;C:\Users\Adel\.m2\repository\org\springframework\boot\spring-boot\3.4.4\spring-boot-3.4.4.jar;C:\Users\Adel\.m2\repository\org\springframework\boot\spring-boot-starter-logging\3.4.4\spring-boot-starter-logging-3.4.4.jar;C:\Users\Adel\.m2\repository\ch\qos\logback\logback-classic\1.5.18\logback-classic-1.5.18.jar;C:\Users\Adel\.m2\repository\ch\qos\logback\logback-core\1.5.18\logback-core-1.5.18.jar;C:\Users\Adel\.m2\repository\org\apache\logging\log4j\log4j-to-slf4j\2.24.3\log4j-to-slf4j-2.24.3.jar;C:\Users\Adel\.m2\repository\org\apache\logging\log4j\log4j-api\2.24.3\log4j-api-2.24.3.jar;C:\Users\Adel\.m2\repository\org\slf4j\jul-to-slf4j\2.0.17\jul-to-slf4j-2.0.17.jar;C:\Users\Adel\.m2\repository\org\yaml\snakeyaml\2.3\snakeyaml-2.3.jar;C:\Users\Adel\.m2\repository\jakarta\xml\bind\jakarta.xml.bind-api\4.0.2\jakarta.xml.bind-api-4.0.2.jar;C:\Users\Adel\.m2\repository\jakarta\activation\jakarta.activation-api\2.1.3\jakarta.activation-api-2.1.3.jar;C:\Users\Adel\.m2\repository\org\springframework\spring-core\6.2.5\spring-core-6.2.5.jar;C:\Users\Adel\.m2\repository\org\springframework\spring-jcl\6.2.5\spring-jcl-6.2.5.jar
Launcher Type: SUN_STANDARD

[Global flags]
     intx CICompilerCount                          = 4                                         {product} {ergonomic}
     uint ConcGCThreads                            = 2                                         {product} {ergonomic}
     uint G1ConcRefinementThreads                  = 8                                         {product} {ergonomic}
   size_t G1HeapRegionSize                         = 1048576                                   {product} {ergonomic}
    uintx GCDrainStackTargetSize                   = 64                                        {product} {ergonomic}
   size_t InitialHeapSize                          = 134217728                                 {product} {ergonomic}
     bool ManagementServer                         = true                                      {product} {command line}
   size_t MarkStackSize                            = 4194304                                   {product} {ergonomic}
   size_t MaxHeapSize                              = 2124414976                                {product} {ergonomic}
   size_t MaxNewSize                               = 1274019840                                {product} {ergonomic}
   size_t MinHeapDeltaBytes                        = 1048576                                   {product} {ergonomic}
   size_t MinHeapSize                              = 8388608                                   {product} {ergonomic}
    uintx NonNMethodCodeHeapSize                   = 5839372                                {pd product} {ergonomic}
    uintx NonProfiledCodeHeapSize                  = 122909434                              {pd product} {ergonomic}
    uintx ProfiledCodeHeapSize                     = 122909434                              {pd product} {ergonomic}
    uintx ReservedCodeCacheSize                    = 251658240                              {pd product} {ergonomic}
     bool SegmentedCodeCache                       = true                                      {product} {ergonomic}
     bool ShowCodeDetailsInExceptionMessages       = true                                   {manageable} {command line}
   size_t SoftMaxHeapSize                          = 2124414976                             {manageable} {ergonomic}
     bool UseCompressedOops                        = true                           {product lp64_product} {ergonomic}
     bool UseG1GC                                  = true                                      {product} {ergonomic}
     bool UseLargePagesIndividualAllocation        = false                                  {pd product} {ergonomic}

Logging:
Log output configuration:
 #0: stdout all=warning uptime,level,tags foldmultilines=false
 #1: stderr all=off uptime,level,tags foldmultilines=false

Environment Variables:
PATH=C:\Program Files\Common Files\Oracle\Java\javapath;C:\WINDOWS\system32;C:\WINDOWS;C:\WINDOWS\System32\Wbem;C:\WINDOWS\System32\WindowsPowerShell\v1.0\;C:\WINDOWS\System32\OpenSSH\;D:\1\Git\cmd;C:\Program Files\Docker\Docker\resources\bin;C:\ProgramData\Adel\GitHubDesktop\bin;C:\Program Files\nodejs\;C:\Program Files\Git\bin;C:\Program Files\apache-maven-3.9.6\bin;D:\kafka-4.0.0-src\bin;C:\ProgramData\Oracle\Java\javapath;C:\Program Files\Common Files\Oracle\Java\javapath;C:\WINDOWS\system32;C:\WINDOWS;C:\WINDOWS\System32\Wbem;C:\WINDOWS\System32\WindowsPowerShell\v1.0\;C:\WINDOWS\System32\OpenSSH\;D:\1\Git\cmd;D:\1\flutter_windows_3.27.3-stable;C:\Users\Adel\AppData\Local\Programs\Python\Python312\Scripts\;C:\Users\Adel\AppData\Local\Programs\Python\Python312\;C:\Users\Adel\AppData\Local\Programs\Python\Launcher\;C:\Users\Adel\AppData\Local\Microsoft\WindowsApps;C:\Users\Adel\AppData\Local\Programs\Microsoft VS Code\bin;C:\msys64\usr\bin;C:\msys64\mingw64\bin;C:\msys64\mingw32\bin;C:\msys64\ucrt64\bin;C:\ProgramData\Adel\GitHubDesktop\bin;C:\Users\Adel\AppData\Local\Programs\MiKTeX\miktex\bin\x64\;D:\1\flutter_windows_3.27.3-stable\flutter\bin;C:\Program Files\Java\jdk1.8.0_111\bin;C:\Users\Adel\Downloads\maven-mvnd-1.0.2-windows-amd64\maven-mvnd-1.0.2-windows-amd64\bin;C:\ProgramData\Adel\GitHubDesktop\bin;C:\Users\Adel\AppData\Roaming\npm;C:\Program Files\maven-mvnd-1.0.2-windows-amd64\bin;
USERNAME=Adel
LANG=fr_FR.UTF-8
OS=Windows_NT
PROCESSOR_IDENTIFIER=Intel64 Family 6 Model 165 Stepping 2, GenuineIntel
TMP=C:\Users\Adel\AppData\Local\Temp
TEMP=C:\Users\Adel\AppData\Local\Temp




Periodic native trim disabled

---------------  S Y S T E M  ---------------

OS:
 Windows 11 , 64 bit Build 22621 (10.0.22621.4974)
OS uptime: 0 days 4:17 hours
Hyper-V role detected

CPU: total 8 (initial active 8) (4 cores per cpu, 2 threads per core) family 6 model 165 stepping 2 microcode 0xf0, cx8, cmov, fxsr, ht, mmx, 3dnowpref, sse, sse2, sse3, ssse3, sse4.1, sse4.2, popcnt, lzcnt, tsc, tscinvbit, avx, avx2, aes, erms, clmul, bmi1, bmi2, adx, fma, vzeroupper, clflush, clflushopt, hv, rdtscp, f16c
Processor Information for the first 8 processors :
  Max Mhz: 2496, Current Mhz: 2496, Mhz Limit: 2496

Memory: 4k page, system-wide physical 8099M (863M free)
TotalPageFile size 16142M (AvailPageFile size 12M)
current process WorkingSet (physical memory assigned to process): 234M, peak: 272M
current process commit charge ("private bytes"): 303M, peak: 306M

vm_info: OpenJDK 64-Bit Server VM (21.0.6+7-LTS) for windows-amd64 JRE (21.0.6+7-LTS), built on 2025-01-21T00:00:00Z by "admin" with MS VC++ 17.7 (VS2022)

END.
