#
# There is insufficient memory for the Java Runtime Environment to continue.
# Native memory allocation (mmap) failed to map 134217728 bytes for G1 virtual space
# Possible reasons:
#   The system is out of physical RAM or swap space
#   The process is running with CompressedOops enabled, and the Java Heap may be blocking the growth of the native heap
# Possible solutions:
#   Reduce memory load on the system
#   Increase physical memory or swap space
#   Check if swap backing store is full
#   Decrease Java heap size (-Xmx/-Xms)
#   Decrease number of Java threads
#   Decrease Java thread stack sizes (-Xss)
#   Set larger code cache with -XX:ReservedCodeCacheSize=
#   JVM is running with Unscaled Compressed Oops mode in which the Java heap is
#     placed in the first 4GB address space. The Java Heap base address is the
#     maximum limit for the native heap growth. Please use -XX:HeapBaseMinAddress
#     to set the Java Heap base and to place the Java Heap above 4GB virtual address.
# This output file may be truncated or incomplete.
#
#  Out of Memory Error (os_windows.cpp:3600), pid=25400, tid=24192
#
# JRE version:  (21.0.2+13) (build )
# Java VM: Java HotSpot(TM) 64-Bit Server VM (21.0.2+13-LTS-58, mixed mode, sharing, tiered, compressed oops, compressed class ptrs, g1 gc, windows-amd64)
# No core dump will be written. Minidumps are not enabled by default on client versions of Windows
#

---------------  S U M M A R Y ------------

Command Line: -Dclassworlds.conf=C:\Program Files\apache-maven-3.9.6\bin\m2.conf -Dmaven.home=C:\Program Files\apache-maven-3.9.6 -Dlibrary.jansi.path=C:\Program Files\apache-maven-3.9.6\lib\jansi-native -Dmaven.multiModuleProjectDirectory=D:\microservice\config-server org.codehaus.plexus.classworlds.launcher.Launcher

Host: Intel(R) Core(TM) i5-10300H CPU @ 2.50GHz, 8 cores, 7G,  Windows 11 , 64 bit Build 22621 (10.0.22621.4974)
Time: Mon Apr 14 09:56:07 2025 Paris, Madrid elapsed time: 0.015832 seconds (0d 0h 0m 0s)

---------------  T H R E A D  ---------------

Current thread (0x00000209e501da60):  JavaThread "Unknown thread" [_thread_in_vm, id=24192, stack(0x0000008afc600000,0x0000008afc700000) (1024K)]

Stack: [0x0000008afc600000,0x0000008afc700000]
Native frames: (J=compiled Java code, j=interpreted, Vv=VM code, C=native code)
V  [jvm.dll+0x6cade9]
V  [jvm.dll+0x8569c1]
V  [jvm.dll+0x858d2e]
V  [jvm.dll+0x859413]
V  [jvm.dll+0x280e56]
V  [jvm.dll+0x6c74d5]
V  [jvm.dll+0x6bbeca]
V  [jvm.dll+0x355bca]
V  [jvm.dll+0x35d816]
V  [jvm.dll+0x3ae67e]
V  [jvm.dll+0x3ae928]
V  [jvm.dll+0x3295dc]
V  [jvm.dll+0x32a16b]
V  [jvm.dll+0x81efa9]
V  [jvm.dll+0x3bba01]
V  [jvm.dll+0x807928]
V  [jvm.dll+0x44f50e]
V  [jvm.dll+0x450e11]
C  [jli.dll+0x52a3]
C  [ucrtbase.dll+0x29333]
C  [KERNEL32.DLL+0x1259d]
C  [ntdll.dll+0x5af38]


---------------  P R O C E S S  ---------------

Threads class SMR info:
_java_thread_list=0x00007ffe6ddebb88, length=0, elements={
}

Java Threads: ( => current thread )
Total: 0

Other Threads:
  0x00000209e727ded0 WorkerThread "GC Thread#0"                     [id=11208, stack(0x0000008afc700000,0x0000008afc800000) (1024K)]
  0x00000209e728eda0 ConcurrentGCThread "G1 Main Marker"            [id=17972, stack(0x0000008afc800000,0x0000008afc900000) (1024K)]
  0x00000209e728f8a0 WorkerThread "G1 Conc#0"                       [id=20996, stack(0x0000008afc900000,0x0000008afca00000) (1024K)]

[error occurred during error reporting (printing all threads), id 0xc0000005, EXCEPTION_ACCESS_VIOLATION (0xc0000005) at pc=0x00007ffe6d55c6a7]
VM state: not at safepoint (not fully initialized)

VM Mutex/Monitor currently owned by a thread:  ([mutex/lock_event])
[0x00007ffe6de5ce68] Heap_lock - owner thread: 0x00000209e501da60

Heap address: 0x0000000081600000, size: 2026 MB, Compressed Oops mode: 32-bit

CDS archive(s) mapped at: [0x0000000000000000-0x0000000000000000-0x0000000000000000), size 0, SharedBaseAddress: 0x0000000800000000, ArchiveRelocationMode: 1.
Narrow klass base: 0x0000000000000000, Narrow klass shift: 0, Narrow klass range: 0x0

GC Precious Log:
 CardTable entry size: 512
 Card Set container configuration: InlinePtr #cards 5 size 8 Array Of Cards #cards 12 size 40 Howl #buckets 4 coarsen threshold 1843 Howl Bitmap #cards 512 size 80 coarsen threshold 460 Card regions per heap region 1 cards per card region 2048

Heap:
 garbage-first heap   total 0K, used 0K [0x0000000081600000, 0x0000000100000000)
  region size 1024K, 0 young (0K), 0 survivors (0K)

[error occurred during error reporting (printing heap information), id 0xc0000005, EXCEPTION_ACCESS_VIOLATION (0xc0000005) at pc=0x00007ffe6d9439f9]
GC Heap History (0 events):
No events

Dll operation events (1 events):
Event: 0.010 Loaded shared library C:\Program Files\Java\jdk-21\bin\java.dll

Deoptimization events (0 events):
No events

Classes loaded (0 events):
No events

Classes unloaded (0 events):
No events

Classes redefined (0 events):
No events

Internal exceptions (0 events):
No events

ZGC Phase Switch (0 events):
No events

VM Operations (0 events):
No events

Events (0 events):
No events


Dynamic libraries:
0x00007ff6f85a0000 - 0x00007ff6f85b0000 	C:\Program Files\Java\jdk-21\bin\java.exe
0x00007ffed1770000 - 0x00007ffed1987000 	C:\WINDOWS\SYSTEM32\ntdll.dll
0x00007ffed0d50000 - 0x00007ffed0e14000 	C:\WINDOWS\System32\KERNEL32.DLL
0x00007ffecefb0000 - 0x00007ffecf381000 	C:\WINDOWS\System32\KERNELBASE.dll
0x00007ffecedd0000 - 0x00007ffeceee1000 	C:\WINDOWS\System32\ucrtbase.dll
0x00007ffebb5d0000 - 0x00007ffebb5eb000 	C:\Program Files\Java\jdk-21\bin\VCRUNTIME140.dll
0x00007ffebaf40000 - 0x00007ffebaf59000 	C:\Program Files\Java\jdk-21\bin\jli.dll
0x00007ffed0be0000 - 0x00007ffed0c91000 	C:\WINDOWS\System32\ADVAPI32.dll
0x00007ffed0e60000 - 0x00007ffed0f07000 	C:\WINDOWS\System32\msvcrt.dll
0x00007ffed0b20000 - 0x00007ffed0bc7000 	C:\WINDOWS\System32\sechost.dll
0x00007ffece9f0000 - 0x00007ffecea18000 	C:\WINDOWS\System32\bcrypt.dll
0x00007ffed0a00000 - 0x00007ffed0b14000 	C:\WINDOWS\System32\RPCRT4.dll
0x00007ffecfe50000 - 0x00007ffed0001000 	C:\WINDOWS\System32\USER32.dll
0x00007ffecf410000 - 0x00007ffecf436000 	C:\WINDOWS\System32\win32u.dll
0x00007ffed0e20000 - 0x00007ffed0e49000 	C:\WINDOWS\System32\GDI32.dll
0x00007ffecea20000 - 0x00007ffeceb3b000 	C:\WINDOWS\System32\gdi32full.dll
0x00007ffeced30000 - 0x00007ffecedca000 	C:\WINDOWS\System32\msvcp_win.dll
0x00007ffeb9010000 - 0x00007ffeb92a2000 	C:\WINDOWS\WinSxS\amd64_microsoft.windows.common-controls_6595b64144ccf1df_6.0.22621.4830_none_270fe7d773858e80\COMCTL32.dll
0x00007ffec93e0000 - 0x00007ffec93ea000 	C:\WINDOWS\SYSTEM32\VERSION.dll
0x00007ffed1010000 - 0x00007ffed1041000 	C:\WINDOWS\System32\IMM32.DLL
0x00007ffec99e0000 - 0x00007ffec99ec000 	C:\Program Files\Java\jdk-21\bin\vcruntime140_1.dll
0x00007ffeade30000 - 0x00007ffeadebe000 	C:\Program Files\Java\jdk-21\bin\msvcp140.dll
0x00007ffe6d220000 - 0x00007ffe6df37000 	C:\Program Files\Java\jdk-21\bin\server\jvm.dll
0x00007ffed0f90000 - 0x00007ffed1001000 	C:\WINDOWS\System32\WS2_32.dll
0x00007ffece5d0000 - 0x00007ffece61d000 	C:\WINDOWS\SYSTEM32\POWRPROF.dll
0x00007ffec9950000 - 0x00007ffec9984000 	C:\WINDOWS\SYSTEM32\WINMM.dll
0x00007ffece500000 - 0x00007ffece513000 	C:\WINDOWS\SYSTEM32\UMPDC.dll
0x00007ffecd8c0000 - 0x00007ffecd8d8000 	C:\WINDOWS\SYSTEM32\kernel.appcore.dll
0x00007ffebb8c0000 - 0x00007ffebb8ca000 	C:\Program Files\Java\jdk-21\bin\jimage.dll
0x00007ffecc020000 - 0x00007ffecc252000 	C:\WINDOWS\SYSTEM32\DBGHELP.DLL
0x00007ffecf9e0000 - 0x00007ffecfd70000 	C:\WINDOWS\System32\combase.dll
0x00007ffecfd70000 - 0x00007ffecfe47000 	C:\WINDOWS\System32\OLEAUT32.dll
0x00007ffea9530000 - 0x00007ffea9562000 	C:\WINDOWS\SYSTEM32\dbgcore.DLL
0x00007ffeceb40000 - 0x00007ffecebbb000 	C:\WINDOWS\System32\bcryptPrimitives.dll
0x00007ffebaf20000 - 0x00007ffebaf3f000 	C:\Program Files\Java\jdk-21\bin\java.dll

dbghelp: loaded successfully - version: 4.0.5 - missing functions: none
symbol engine: initialized successfully - sym options: 0x614 - pdb path: .;C:\Program Files\Java\jdk-21\bin;C:\WINDOWS\SYSTEM32;C:\WINDOWS\WinSxS\amd64_microsoft.windows.common-controls_6595b64144ccf1df_6.0.22621.4830_none_270fe7d773858e80;C:\Program Files\Java\jdk-21\bin\server

VM Arguments:
jvm_args: -Dclassworlds.conf=C:\Program Files\apache-maven-3.9.6\bin\m2.conf -Dmaven.home=C:\Program Files\apache-maven-3.9.6 -Dlibrary.jansi.path=C:\Program Files\apache-maven-3.9.6\lib\jansi-native -Dmaven.multiModuleProjectDirectory=D:\microservice\config-server 
java_command: org.codehaus.plexus.classworlds.launcher.Launcher
java_class_path (initial): C:\Program Files\apache-maven-3.9.6\boot\plexus-classworlds-2.7.0.jar
Launcher Type: SUN_STANDARD

[Global flags]
     intx CICompilerCount                          = 4                                         {product} {ergonomic}
     uint ConcGCThreads                            = 2                                         {product} {ergonomic}
     uint G1ConcRefinementThreads                  = 8                                         {product} {ergonomic}
   size_t G1HeapRegionSize                         = 1048576                                   {product} {ergonomic}
    uintx GCDrainStackTargetSize                   = 64                                        {product} {ergonomic}
   size_t InitialHeapSize                          = 134217728                                 {product} {ergonomic}
   size_t MarkStackSize                            = 4194304                                   {product} {ergonomic}
   size_t MaxHeapSize                              = 2124414976                                {product} {ergonomic}
   size_t MinHeapDeltaBytes                        = 1048576                                   {product} {ergonomic}
   size_t MinHeapSize                              = 8388608                                   {product} {ergonomic}
    uintx NonNMethodCodeHeapSize                   = 5839372                                {pd product} {ergonomic}
    uintx NonProfiledCodeHeapSize                  = 122909434                              {pd product} {ergonomic}
    uintx ProfiledCodeHeapSize                     = 122909434                              {pd product} {ergonomic}
    uintx ReservedCodeCacheSize                    = 251658240                              {pd product} {ergonomic}
     bool SegmentedCodeCache                       = true                                      {product} {ergonomic}
   size_t SoftMaxHeapSize                          = 2124414976                             {manageable} {ergonomic}
     bool UseCompressedOops                        = true                           {product lp64_product} {ergonomic}
     bool UseG1GC                                  = true                                      {product} {ergonomic}
     bool UseLargePagesIndividualAllocation        = false                                  {pd product} {ergonomic}

Logging:
Log output configuration:
 #0: stdout all=warning uptime,level,tags foldmultilines=false
 #1: stderr all=off uptime,level,tags foldmultilines=false

Environment Variables:
PATH=C:\Program Files\Common Files\Oracle\Java\javapath;C:\WINDOWS\system32;C:\WINDOWS;C:\WINDOWS\System32\Wbem;C:\WINDOWS\System32\WindowsPowerShell\v1.0\;C:\WINDOWS\System32\OpenSSH\;D:\1\Git\cmd;C:\Program Files\Docker\Docker\resources\bin;C:\ProgramData\Adel\GitHubDesktop\bin;C:\Program Files\nodejs\;C:\Program Files\Git\bin;C:\Program Files\apache-maven-3.9.6\bin;D:\kafka-4.0.0-src\bin;C:\ProgramData\Oracle\Java\javapath;C:\Program Files\Common Files\Oracle\Java\javapath;C:\WINDOWS\system32;C:\WINDOWS;C:\WINDOWS\System32\Wbem;C:\WINDOWS\System32\WindowsPowerShell\v1.0\;C:\WINDOWS\System32\OpenSSH\;D:\1\Git\cmd;D:\1\flutter_windows_3.27.3-stable;C:\Users\Adel\AppData\Local\Programs\Python\Python312\Scripts\;C:\Users\Adel\AppData\Local\Programs\Python\Python312\;C:\Users\Adel\AppData\Local\Programs\Python\Launcher\;C:\Users\Adel\AppData\Local\Microsoft\WindowsApps;C:\Users\Adel\AppData\Local\Programs\Microsoft VS Code\bin;C:\msys64\usr\bin;C:\msys64\mingw64\bin;C:\msys64\mingw32\bin;C:\msys64\ucrt64\bin;C:\ProgramData\Adel\GitHubDesktop\bin;C:\Users\Adel\AppData\Local\Programs\MiKTeX\miktex\bin\x64\;D:\1\flutter_windows_3.27.3-stable\flutter\bin;C:\Program Files\Java\jdk1.8.0_111\bin;C:\Users\Adel\Downloads\maven-mvnd-1.0.2-windows-amd64\maven-mvnd-1.0.2-windows-amd64\bin;C:\ProgramData\Adel\GitHubDesktop\bin;C:\Users\Adel\AppData\Roaming\npm;C:\Program Files\maven-mvnd-1.0.2-windows-amd64\bin;
USERNAME=Adel
LANG=fr_FR.UTF-8
OS=Windows_NT
PROCESSOR_IDENTIFIER=Intel64 Family 6 Model 165 Stepping 2, GenuineIntel
TMP=C:\Users\Adel\AppData\Local\Temp
TEMP=C:\Users\Adel\AppData\Local\Temp




Periodic native trim disabled

---------------  S Y S T E M  ---------------

OS:
 Windows 11 , 64 bit Build 22621 (10.0.22621.4974)
OS uptime: 0 days 17:44 hours
Hyper-V role detected

CPU: total 8 (initial active 8) (4 cores per cpu, 2 threads per core) family 6 model 165 stepping 2 microcode 0xf0, cx8, cmov, fxsr, ht, mmx, 3dnowpref, sse, sse2, sse3, ssse3, sse4.1, sse4.2, popcnt, lzcnt, tsc, tscinvbit, avx, avx2, aes, erms, clmul, bmi1, bmi2, adx, fma, vzeroupper, clflush, clflushopt, hv, rdtscp, f16c
Processor Information for all 8 processors :
  Max Mhz: 2496, Current Mhz: 2496, Mhz Limit: 2496

Memory: 4k page, system-wide physical 8099M (291M free)
TotalPageFile size 21479M (AvailPageFile size 47M)
current process WorkingSet (physical memory assigned to process): 11M, peak: 11M
current process commit charge ("private bytes"): 60M, peak: 188M

vm_info: Java HotSpot(TM) 64-Bit Server VM (21.0.2+13-LTS-58) for windows-amd64 JRE (21.0.2+13-LTS-58), built on 2024-01-05T18:32:24Z by "mach5one" with MS VC++ 17.1 (VS2022)

END.
