#
# There is insufficient memory for the Java Runtime Environment to continue.
# Native memory allocation (malloc) failed to allocate 1001776 bytes. Error detail: Chunk::new
# Possible reasons:
#   The system is out of physical RAM or swap space
#   This process is running with CompressedOops enabled, and the Java Heap may be blocking the growth of the native heap
# Possible solutions:
#   Reduce memory load on the system
#   Increase physical memory or swap space
#   Check if swap backing store is full
#   Decrease Java heap size (-Xmx/-Xms)
#   Decrease number of Java threads
#   Decrease Java thread stack sizes (-Xss)
#   Set larger code cache with -XX:ReservedCodeCacheSize=
#   JVM is running with Unscaled Compressed Oops mode in which the Java heap is
#     placed in the first 4GB address space. The Java Heap base address is the
#     maximum limit for the native heap growth. Please use -XX:HeapBaseMinAddress
#     to set the Java Heap base and to place the Java Heap above 4GB virtual address.
# This output file may be truncated or incomplete.
#
#  Out of Memory Error (arena.cpp:168), pid=10324, tid=18476
#
# JRE version: OpenJDK Runtime Environment Temurin-21.0.6+7 (21.0.6+7) (build 21.0.6+7-LTS)
# Java VM: OpenJDK 64-Bit Server VM Temurin-21.0.6+7 (21.0.6+7-LTS, mixed mode, sharing, tiered, compressed oops, compressed class ptrs, parallel gc, windows-amd64)
# No core dump will be written. Minidumps are not enabled by default on client versions of Windows
#

---------------  S U M M A R Y ------------

Command Line: --add-modules=ALL-SYSTEM --add-opens=java.base/java.util=ALL-UNNAMED --add-opens=java.base/java.lang=ALL-UNNAMED --add-opens=java.base/sun.nio.fs=ALL-UNNAMED -Declipse.application=org.eclipse.jdt.ls.core.id1 -Dosgi.bundles.defaultStartLevel=4 -Declipse.product=org.eclipse.jdt.ls.core.product -Djava.import.generatesMetadataFilesAtProjectRoot=false -DDetectVMInstallationsJob.disabled=true -Dfile.encoding=utf8 -XX:+UseParallelGC -XX:GCTimeRatio=4 -XX:AdaptiveSizePolicyWeight=90 -Dsun.zip.disableMemoryMapping=true -Xmx1G -Xms100m -Xlog:disable -javaagent:c:\Users\Adel\.vscode\extensions\redhat.java-1.41.1-win32-x64\lombok\lombok-1.18.36.jar -XX:+HeapDumpOnOutOfMemoryError -XX:HeapDumpPath=c:\Users\Adel\AppData\Roaming\Code\User\workspaceStorage\6b1361f77affa14ffa45e6e47cd1a5eb\redhat.java -Daether.dependencyCollector.impl=bf c:\Users\Adel\.vscode\extensions\redhat.java-1.41.1-win32-x64\server\plugins\org.eclipse.equinox.launcher_1.7.0.v20250331-1702.jar -configuration c:\Users\Adel\AppData\Roaming\Code\User\globalStorage\redhat.java\1.41.1\config_win -data c:\Users\Adel\AppData\Roaming\Code\User\workspaceStorage\6b1361f77affa14ffa45e6e47cd1a5eb\redhat.java\jdt_ws --pipe=\\.\pipe\lsp-41d84ca1bbd8c95f79561e7df3de590c-sock

Host: Intel(R) Core(TM) i5-10300H CPU @ 2.50GHz, 8 cores, 7G,  Windows 11 , 64 bit Build 22621 (10.0.22621.4974)
Time: Sat Apr 12 11:58:45 2025 Paris, Madrid elapsed time: 5602.387345 seconds (0d 1h 33m 22s)

---------------  T H R E A D  ---------------

Current thread (0x000001eef487de50):  JavaThread "C2 CompilerThread0" daemon [_thread_in_native, id=18476, stack(0x0000007145d00000,0x0000007145e00000) (1024K)]


Current CompileTask:
C2:5602387 16831       4       org.eclipse.jdt.internal.compiler.lookup.LookupEnvironment::getTypeFromTypeSignature (770 bytes)

Stack: [0x0000007145d00000,0x0000007145e00000]
Native frames: (J=compiled Java code, j=interpreted, Vv=VM code, C=native code)
V  [jvm.dll+0x6cdee9]
V  [jvm.dll+0x8a83d1]
V  [jvm.dll+0x8aa8fe]
V  [jvm.dll+0x8aafe3]
V  [jvm.dll+0x27f706]
V  [jvm.dll+0xc500d]
V  [jvm.dll+0xc5543]
V  [jvm.dll+0x2f2acd]
V  [jvm.dll+0x5f6a2a]
V  [jvm.dll+0x250bb2]
V  [jvm.dll+0x24965f]
V  [jvm.dll+0x246ec4]
V  [jvm.dll+0x1c75ee]
V  [jvm.dll+0x25685a]
V  [jvm.dll+0x254dfa]
V  [jvm.dll+0x3f0256]
V  [jvm.dll+0x851f8b]
V  [jvm.dll+0x6cc5ed]
C  [ucrtbase.dll+0x29333]
C  [KERNEL32.DLL+0x1259d]
C  [ntdll.dll+0x5af38]


---------------  P R O C E S S  ---------------

Threads class SMR info:
_java_thread_list=0x000001eefefd9640, length=46, elements={
0x000001eeef4be930, 0x000001eef4872010, 0x000001eef4873810, 0x000001eef48754a0,
0x000001eef4878530, 0x000001eef48792e0, 0x000001eef487d0d0, 0x000001eef487de50,
0x000001eef488fa90, 0x000001eef6312ab0, 0x000001eef6547ed0, 0x000001eef69abd00,
0x000001eef6d85790, 0x000001eefb0ab350, 0x000001eef6d7cce0, 0x000001eefb1d72e0,
0x000001eefb7d2610, 0x000001eefb691290, 0x000001eefb691fb0, 0x000001eefb690570,
0x000001eefb68f1c0, 0x000001eefbb25f60, 0x000001eefbb286c0, 0x000001eefbb279a0,
0x000001eefbb28030, 0x000001eefbb293e0, 0x000001eefbb23e90, 0x000001eefbb258d0,
0x000001eefbb29a70, 0x000001eefbb2a100, 0x000001eefbb28d50, 0x000001eefbb2ae20,
0x000001eefd01c520, 0x000001eefd019730, 0x000001eefd01b800, 0x000001eefd019dc0,
0x000001eefd01df60, 0x000001eefd01d240, 0x000001eefd017660, 0x000001eefd01d8d0,
0x000001eefd01b170, 0x000001eefd01e5f0, 0x000001eefd017cf0, 0x000001eefd01cbb0,
0x000001eefd018380, 0x000001eefd018a10
}

Java Threads: ( => current thread )
  0x000001eeef4be930 JavaThread "main"                              [_thread_blocked, id=11584, stack(0x0000007145200000,0x0000007145300000) (1024K)]
  0x000001eef4872010 JavaThread "Reference Handler"          daemon [_thread_blocked, id=13836, stack(0x0000007145700000,0x0000007145800000) (1024K)]
  0x000001eef4873810 JavaThread "Finalizer"                  daemon [_thread_blocked, id=13656, stack(0x0000007145800000,0x0000007145900000) (1024K)]
  0x000001eef48754a0 JavaThread "Signal Dispatcher"          daemon [_thread_blocked, id=18880, stack(0x0000007145900000,0x0000007145a00000) (1024K)]
  0x000001eef4878530 JavaThread "Attach Listener"            daemon [_thread_blocked, id=14176, stack(0x0000007145a00000,0x0000007145b00000) (1024K)]
  0x000001eef48792e0 JavaThread "Service Thread"             daemon [_thread_blocked, id=13944, stack(0x0000007145b00000,0x0000007145c00000) (1024K)]
  0x000001eef487d0d0 JavaThread "Monitor Deflation Thread"   daemon [_thread_blocked, id=8620, stack(0x0000007145c00000,0x0000007145d00000) (1024K)]
=>0x000001eef487de50 JavaThread "C2 CompilerThread0"         daemon [_thread_in_native, id=18476, stack(0x0000007145d00000,0x0000007145e00000) (1024K)]
  0x000001eef488fa90 JavaThread "C1 CompilerThread0"         daemon [_thread_blocked, id=19616, stack(0x0000007145e00000,0x0000007145f00000) (1024K)]
  0x000001eef6312ab0 JavaThread "Common-Cleaner"             daemon [_thread_blocked, id=14616, stack(0x0000007145f00000,0x0000007146000000) (1024K)]
  0x000001eef6547ed0 JavaThread "Notification Thread"        daemon [_thread_blocked, id=18324, stack(0x0000007146000000,0x0000007146100000) (1024K)]
  0x000001eef69abd00 JavaThread "Active Thread: Equinox Container: 9a07348f-ccc2-430d-97e3-37f1281e241d"        [_thread_blocked, id=2296, stack(0x0000007146700000,0x0000007146800000) (1024K)]
  0x000001eef6d85790 JavaThread "Refresh Thread: Equinox Container: 9a07348f-ccc2-430d-97e3-37f1281e241d" daemon [_thread_blocked, id=10312, stack(0x0000007146800000,0x0000007146900000) (1024K)]
  0x000001eefb0ab350 JavaThread "Framework Event Dispatcher: Equinox Container: 9a07348f-ccc2-430d-97e3-37f1281e241d" daemon [_thread_blocked, id=15876, stack(0x0000007146a00000,0x0000007146b00000) (1024K)]
  0x000001eef6d7cce0 JavaThread "Start Level: Equinox Container: 9a07348f-ccc2-430d-97e3-37f1281e241d" daemon [_thread_blocked, id=18040, stack(0x0000007146b00000,0x0000007146c00000) (1024K)]
  0x000001eefb1d72e0 JavaThread "Bundle File Closer"         daemon [_thread_blocked, id=19624, stack(0x0000007146d00000,0x0000007146e00000) (1024K)]
  0x000001eefb7d2610 JavaThread "SCR Component Actor"        daemon [_thread_blocked, id=2172, stack(0x0000007146e00000,0x0000007146f00000) (1024K)]
  0x000001eefb691290 JavaThread "Worker-JM"                         [_thread_blocked, id=16860, stack(0x0000007147000000,0x0000007147100000) (1024K)]
  0x000001eefb691fb0 JavaThread "JNA Cleaner"                daemon [_thread_blocked, id=18268, stack(0x0000007147100000,0x0000007147200000) (1024K)]
  0x000001eefb690570 JavaThread "Java indexing"              daemon [_thread_blocked, id=9932, stack(0x0000007147300000,0x0000007147400000) (1024K)]
  0x000001eefb68f1c0 JavaThread "Thread-2"                   daemon [_thread_in_native, id=16420, stack(0x0000007147900000,0x0000007147a00000) (1024K)]
  0x000001eefbb25f60 JavaThread "Thread-3"                   daemon [_thread_in_native, id=15396, stack(0x0000007147a00000,0x0000007147b00000) (1024K)]
  0x000001eefbb286c0 JavaThread "Thread-4"                   daemon [_thread_in_native, id=10252, stack(0x0000007147b00000,0x0000007147c00000) (1024K)]
  0x000001eefbb279a0 JavaThread "Thread-5"                   daemon [_thread_in_native, id=19740, stack(0x0000007147c00000,0x0000007147d00000) (1024K)]
  0x000001eefbb28030 JavaThread "Thread-6"                   daemon [_thread_in_native, id=12312, stack(0x0000007147d00000,0x0000007147e00000) (1024K)]
  0x000001eefbb293e0 JavaThread "Thread-7"                   daemon [_thread_in_native, id=19640, stack(0x0000007147e00000,0x0000007147f00000) (1024K)]
  0x000001eefbb23e90 JavaThread "Thread-8"                   daemon [_thread_in_native, id=20000, stack(0x0000007147f00000,0x0000007148000000) (1024K)]
  0x000001eefbb258d0 JavaThread "Thread-9"                   daemon [_thread_in_native, id=9088, stack(0x0000007148000000,0x0000007148100000) (1024K)]
  0x000001eefbb29a70 JavaThread "Thread-10"                  daemon [_thread_in_native, id=19060, stack(0x0000007148100000,0x0000007148200000) (1024K)]
  0x000001eefbb2a100 JavaThread "pool-2-thread-1"                   [_thread_blocked, id=14920, stack(0x0000007148200000,0x0000007148300000) (1024K)]
  0x000001eefbb28d50 JavaThread "WorkspaceEventsHandler"            [_thread_blocked, id=7396, stack(0x0000007148700000,0x0000007148800000) (1024K)]
  0x000001eefbb2ae20 JavaThread "pool-1-thread-1"                   [_thread_blocked, id=20428, stack(0x0000007148800000,0x0000007148900000) (1024K)]
  0x000001eefd01c520 JavaThread "Worker-11"                         [_thread_blocked, id=19328, stack(0x0000007145100000,0x0000007145200000) (1024K)]
  0x000001eefd019730 JavaThread "Worker-14"                         [_thread_blocked, id=18500, stack(0x0000007145300000,0x0000007145400000) (1024K)]
  0x000001eefd01b800 JavaThread "Worker-15"                         [_thread_blocked, id=16828, stack(0x0000007146c00000,0x0000007146d00000) (1024K)]
  0x000001eefd019dc0 JavaThread "ForkJoinPool.commonPool-worker-10" daemon [_thread_blocked, id=11448, stack(0x0000007146f00000,0x0000007147000000) (1024K)]
  0x000001eefd01df60 JavaThread "Worker-16"                         [_thread_blocked, id=19880, stack(0x0000007147400000,0x0000007147500000) (1024K)]
  0x000001eefd01d240 JavaThread "Worker-17"                         [_thread_blocked, id=16808, stack(0x0000007147500000,0x0000007147600000) (1024K)]
  0x000001eefd017660 JavaThread "ForkJoinPool.commonPool-worker-11" daemon [_thread_blocked, id=20144, stack(0x0000007147600000,0x0000007147700000) (1024K)]
  0x000001eefd01d8d0 JavaThread "ForkJoinPool.commonPool-worker-12" daemon [_thread_blocked, id=11504, stack(0x0000007147700000,0x0000007147800000) (1024K)]
  0x000001eefd01b170 JavaThread "ForkJoinPool.commonPool-worker-13" daemon [_thread_blocked, id=3308, stack(0x0000007147800000,0x0000007147900000) (1024K)]
  0x000001eefd01e5f0 JavaThread "ForkJoinPool.commonPool-worker-14" daemon [_thread_blocked, id=9140, stack(0x0000007148300000,0x0000007148400000) (1024K)]
  0x000001eefd017cf0 JavaThread "ForkJoinPool.commonPool-worker-15" daemon [_thread_blocked, id=17004, stack(0x0000007148400000,0x0000007148500000) (1024K)]
  0x000001eefd01cbb0 JavaThread "ForkJoinPool.commonPool-worker-16" daemon [_thread_blocked, id=6680, stack(0x0000007148500000,0x0000007148600000) (1024K)]
  0x000001eefd018380 JavaThread "Cleaner-0"                  daemon [_thread_blocked, id=19552, stack(0x0000007148a00000,0x0000007148b00000) (1024K)]
  0x000001eefd018a10 JavaThread "Keep-Alive-Timer"           daemon [_thread_blocked, id=14068, stack(0x0000007148b00000,0x0000007148c00000) (1024K)]
Total: 46

Other Threads:
  0x000001eeef57e4c0 VMThread "VM Thread"                           [id=10092, stack(0x0000007145600000,0x0000007145700000) (1024K)]
  0x000001eef478ca00 WatcherThread "VM Periodic Task Thread"        [id=6612, stack(0x0000007145500000,0x0000007145600000) (1024K)]
  0x000001eeef4de1d0 WorkerThread "GC Thread#0"                     [id=4996, stack(0x0000007145400000,0x0000007145500000) (1024K)]
  0x000001eef675d1e0 WorkerThread "GC Thread#1"                     [id=15044, stack(0x0000007146100000,0x0000007146200000) (1024K)]
  0x000001eef66a54c0 WorkerThread "GC Thread#2"                     [id=8200, stack(0x0000007146200000,0x0000007146300000) (1024K)]
  0x000001eef66a5860 WorkerThread "GC Thread#3"                     [id=3628, stack(0x0000007146300000,0x0000007146400000) (1024K)]
  0x000001eef6adcf00 WorkerThread "GC Thread#4"                     [id=14932, stack(0x0000007146400000,0x0000007146500000) (1024K)]
  0x000001eef6add2a0 WorkerThread "GC Thread#5"                     [id=2064, stack(0x0000007146500000,0x0000007146600000) (1024K)]
  0x000001eef6add640 WorkerThread "GC Thread#6"                     [id=15296, stack(0x0000007146600000,0x0000007146700000) (1024K)]
  0x000001eef6afde90 WorkerThread "GC Thread#7"                     [id=15456, stack(0x0000007146900000,0x0000007146a00000) (1024K)]
Total: 10

Threads with active compile tasks:
C2 CompilerThread0  5602414 16831       4       org.eclipse.jdt.internal.compiler.lookup.LookupEnvironment::getTypeFromTypeSignature (770 bytes)
Total: 1

VM state: not at safepoint (normal execution)

VM Mutex/Monitor currently owned by a thread: None

Heap address: 0x00000000c0000000, size: 1024 MB, Compressed Oops mode: 32-bit

CDS archive(s) mapped at: [0x000001ee8f000000-0x000001ee8fba0000-0x000001ee8fba0000), size 12189696, SharedBaseAddress: 0x000001ee8f000000, ArchiveRelocationMode: 1.
Compressed class space mapped at: 0x000001ee90000000-0x000001eed0000000, reserved size: 1073741824
Narrow klass base: 0x000001ee8f000000, Narrow klass shift: 0, Narrow klass range: 0x100000000

GC Precious Log:
 CardTable entry size: 512
 CPUs: 8 total, 8 available
 Memory: 8099M
 Large Page Support: Disabled
 NUMA Support: Disabled
 Compressed Oops: Enabled (32-bit)
 Alignments: Space 512K, Generation 512K, Heap 2M
 Heap Min Capacity: 100M
 Heap Initial Capacity: 100M
 Heap Max Capacity: 1G
 Pre-touch: Disabled
 Parallel Workers: 8

Heap:
 PSYoungGen      total 23040K, used 3470K [0x00000000eab00000, 0x00000000ed700000, 0x0000000100000000)
  eden space 21504K, 9% used [0x00000000eab00000,0x00000000eace6d18,0x00000000ec000000)
  from space 1536K, 99% used [0x00000000ec000000,0x00000000ec17cd08,0x00000000ec180000)
  to   space 11776K, 0% used [0x00000000ecb80000,0x00000000ecb80000,0x00000000ed700000)
 ParOldGen       total 630272K, used 629811K [0x00000000c0000000, 0x00000000e6780000, 0x00000000eab00000)
  object space 630272K, 99% used [0x00000000c0000000,0x00000000e670cdb0,0x00000000e6780000)
 Metaspace       used 78087K, committed 79936K, reserved 1179648K
  class space    used 8017K, committed 8832K, reserved 1048576K

Card table byte_map: [0x000001eeeee90000,0x000001eeef0a0000] _byte_map_base: 0x000001eeee890000

Marking Bits: (ParMarkBitMap*) 0x00007ffb875a3260
 Begin Bits: [0x000001eef26b0000, 0x000001eef36b0000)
 End Bits:   [0x000001eef36b0000, 0x000001eef46b0000)

Polling page: 0x000001eeeec80000

Metaspace:

Usage:
  Non-class:     68.43 MB used.
      Class:      7.83 MB used.
       Both:     76.26 MB used.

Virtual space:
  Non-class space:      128.00 MB reserved,      69.44 MB ( 54%) committed,  2 nodes.
      Class space:        1.00 GB reserved,       8.62 MB ( <1%) committed,  1 nodes.
             Both:        1.12 GB reserved,      78.06 MB (  7%) committed. 

Chunk freelists:
   Non-Class:  9.92 MB
       Class:  7.41 MB
        Both:  17.34 MB

MaxMetaspaceSize: unlimited
CompressedClassSpaceSize: 1.00 GB
Initial GC threshold: 21.00 MB
Current GC threshold: 111.56 MB
CDS: on
 - commit_granule_bytes: 65536.
 - commit_granule_words: 8192.
 - virtual_space_node_default_size: 8388608.
 - enlarge_chunks_in_place: 1.
 - use_allocation_guard: 0.


Internal statistics:

num_allocs_failed_limit: 11.
num_arena_births: 1436.
num_arena_deaths: 14.
num_vsnodes_births: 3.
num_vsnodes_deaths: 0.
num_space_committed: 1249.
num_space_uncommitted: 0.
num_chunks_returned_to_freelist: 25.
num_chunks_taken_from_freelist: 5037.
num_chunk_merges: 17.
num_chunk_splits: 3080.
num_chunks_enlarged: 1665.
num_inconsistent_stats: 0.

CodeHeap 'non-profiled nmethods': size=120000Kb used=13987Kb max_used=13987Kb free=106012Kb
 bounds [0x000001ee87ad0000, 0x000001ee88880000, 0x000001ee8f000000]
CodeHeap 'profiled nmethods': size=120000Kb used=33392Kb max_used=33392Kb free=86607Kb
 bounds [0x000001ee80000000, 0x000001ee820a0000, 0x000001ee87530000]
CodeHeap 'non-nmethods': size=5760Kb used=1517Kb max_used=1603Kb free=4242Kb
 bounds [0x000001ee87530000, 0x000001ee877a0000, 0x000001ee87ad0000]
 total_blobs=15514 nmethods=14675 adapters=743
 compilation: enabled
              stopped_count=0, restarted_count=0
 full_count=0

Compilation events (20 events):
Event: 5601.825 Thread 0x000001eef488fa90 16823       3       org.eclipse.jdt.internal.compiler.parser.Scanner::resetTo (122 bytes)
Event: 5601.825 Thread 0x000001eef488fa90 nmethod 16823 0x000001ee82099010 code [0x000001ee820991e0, 0x000001ee82099510]
Event: 5601.868 Thread 0x000001eef488fa90 16824       3       org.eclipse.jdt.internal.compiler.impl.CompilerOptions::<init> (78 bytes)
Event: 5601.869 Thread 0x000001eef488fa90 nmethod 16824 0x000001ee82099610 code [0x000001ee82099840, 0x000001ee82099e58]
Event: 5601.869 Thread 0x000001eef488fa90 16825       3       org.eclipse.jdt.internal.compiler.impl.CompilerOptions::resetDefaults (397 bytes)
Event: 5601.871 Thread 0x000001eef488fa90 nmethod 16825 0x000001ee8209a090 code [0x000001ee8209a2c0, 0x000001ee8209ad08]
Event: 5601.871 Thread 0x000001eef488fa90 16827       3       org.eclipse.jdt.internal.compiler.parser.Scanner::isRestrictedKeyword (68 bytes)
Event: 5601.871 Thread 0x000001eef488fa90 nmethod 16827 0x000001ee8209b010 code [0x000001ee8209b1c0, 0x000001ee8209b448]
Event: 5601.871 Thread 0x000001eef488fa90 16826       3       org.eclipse.core.internal.content.FileSpec::getBasicType (5 bytes)
Event: 5601.871 Thread 0x000001eef488fa90 nmethod 16826 0x000001ee80c65910 code [0x000001ee80c65aa0, 0x000001ee80c65b90]
Event: 5601.872 Thread 0x000001eef488fa90 16828       3       org.eclipse.jdt.internal.compiler.lookup.ReferenceBinding::readableName (170 bytes)
Event: 5601.873 Thread 0x000001eef488fa90 nmethod 16828 0x000001ee8209b590 code [0x000001ee8209b880, 0x000001ee8209c6c8]
Event: 5601.873 Thread 0x000001eef488fa90 16829       3       org.eclipse.jdt.internal.compiler.lookup.ReferenceBinding::readableName (6 bytes)
Event: 5601.873 Thread 0x000001eef488fa90 nmethod 16829 0x000001ee8209cc10 code [0x000001ee8209cdc0, 0x000001ee8209cf98]
Event: 5601.873 Thread 0x000001eef488fa90 16830       3       org.eclipse.jdt.internal.compiler.lookup.TypeBinding::typeVariables (4 bytes)
Event: 5601.873 Thread 0x000001eef488fa90 nmethod 16830 0x000001ee8209d090 code [0x000001ee8209d220, 0x000001ee8209d338]
Event: 5601.879 Thread 0x000001eef487de50 nmethod 16808 0x000001ee8886aa10 code [0x000001ee8886df60, 0x000001ee88874540]
Event: 5601.879 Thread 0x000001eef487de50 16822       4       org.eclipse.jdt.internal.compiler.lookup.ReferenceBinding::compare (53 bytes)
Event: 5601.880 Thread 0x000001eef487de50 nmethod 16822 0x000001ee88878b10 code [0x000001ee88878ca0, 0x000001ee88878e10]
Event: 5601.880 Thread 0x000001eef487de50 16831       4       org.eclipse.jdt.internal.compiler.lookup.LookupEnvironment::getTypeFromTypeSignature (770 bytes)

GC Heap History (20 events):
Event: 5599.240 GC heap before
{Heap before GC invocations=1619 (full 4):
 PSYoungGen      total 22528K, used 22185K [0x00000000eab00000, 0x00000000ec380000, 0x0000000100000000)
  eden space 21504K, 100% used [0x00000000eab00000,0x00000000ec000000,0x00000000ec000000)
  from space 1024K, 66% used [0x00000000ec180000,0x00000000ec22a5e8,0x00000000ec280000)
  to   space 1024K, 0% used [0x00000000ec280000,0x00000000ec280000,0x00000000ec380000)
 ParOldGen       total 618496K, used 618213K [0x00000000c0000000, 0x00000000e5c00000, 0x00000000eab00000)
  object space 618496K, 99% used [0x00000000c0000000,0x00000000e5bb94e8,0x00000000e5c00000)
 Metaspace       used 77911K, committed 79744K, reserved 1179648K
  class space    used 8013K, committed 8832K, reserved 1048576K
}
Event: 5599.242 GC heap after
{Heap after GC invocations=1619 (full 4):
 PSYoungGen      total 22528K, used 650K [0x00000000eab00000, 0x00000000ec380000, 0x0000000100000000)
  eden space 21504K, 0% used [0x00000000eab00000,0x00000000eab00000,0x00000000ec000000)
  from space 1024K, 63% used [0x00000000ec280000,0x00000000ec322888,0x00000000ec380000)
  to   space 1024K, 0% used [0x00000000ec180000,0x00000000ec180000,0x00000000ec280000)
 ParOldGen       total 619008K, used 618806K [0x00000000c0000000, 0x00000000e5c80000, 0x00000000eab00000)
  object space 619008K, 99% used [0x00000000c0000000,0x00000000e5c4dad0,0x00000000e5c80000)
 Metaspace       used 77911K, committed 79744K, reserved 1179648K
  class space    used 8013K, committed 8832K, reserved 1048576K
}
Event: 5599.407 GC heap before
{Heap before GC invocations=1620 (full 4):
 PSYoungGen      total 22528K, used 22154K [0x00000000eab00000, 0x00000000ec380000, 0x0000000100000000)
  eden space 21504K, 100% used [0x00000000eab00000,0x00000000ec000000,0x00000000ec000000)
  from space 1024K, 63% used [0x00000000ec280000,0x00000000ec322888,0x00000000ec380000)
  to   space 1024K, 0% used [0x00000000ec180000,0x00000000ec180000,0x00000000ec280000)
 ParOldGen       total 619008K, used 618806K [0x00000000c0000000, 0x00000000e5c80000, 0x00000000eab00000)
  object space 619008K, 99% used [0x00000000c0000000,0x00000000e5c4dad0,0x00000000e5c80000)
 Metaspace       used 77928K, committed 79744K, reserved 1179648K
  class space    used 8015K, committed 8832K, reserved 1048576K
}
Event: 5599.408 GC heap after
{Heap after GC invocations=1620 (full 4):
 PSYoungGen      total 22528K, used 1021K [0x00000000eab00000, 0x00000000ec300000, 0x0000000100000000)
  eden space 21504K, 0% used [0x00000000eab00000,0x00000000eab00000,0x00000000ec000000)
  from space 1024K, 99% used [0x00000000ec180000,0x00000000ec27f7f0,0x00000000ec280000)
  to   space 512K, 0% used [0x00000000ec280000,0x00000000ec280000,0x00000000ec300000)
 ParOldGen       total 619008K, used 618870K [0x00000000c0000000, 0x00000000e5c80000, 0x00000000eab00000)
  object space 619008K, 99% used [0x00000000c0000000,0x00000000e5c5db30,0x00000000e5c80000)
 Metaspace       used 77928K, committed 79744K, reserved 1179648K
  class space    used 8015K, committed 8832K, reserved 1048576K
}
Event: 5599.597 GC heap before
{Heap before GC invocations=1621 (full 4):
 PSYoungGen      total 22528K, used 22525K [0x00000000eab00000, 0x00000000ec300000, 0x0000000100000000)
  eden space 21504K, 100% used [0x00000000eab00000,0x00000000ec000000,0x00000000ec000000)
  from space 1024K, 99% used [0x00000000ec180000,0x00000000ec27f7f0,0x00000000ec280000)
  to   space 512K, 0% used [0x00000000ec280000,0x00000000ec280000,0x00000000ec300000)
 ParOldGen       total 619008K, used 618870K [0x00000000c0000000, 0x00000000e5c80000, 0x00000000eab00000)
  object space 619008K, 99% used [0x00000000c0000000,0x00000000e5c5db30,0x00000000e5c80000)
 Metaspace       used 77929K, committed 79744K, reserved 1179648K
  class space    used 8015K, committed 8832K, reserved 1048576K
}
Event: 5599.599 GC heap after
{Heap after GC invocations=1621 (full 4):
 PSYoungGen      total 22016K, used 506K [0x00000000eab00000, 0x00000000ec300000, 0x0000000100000000)
  eden space 21504K, 0% used [0x00000000eab00000,0x00000000eab00000,0x00000000ec000000)
  from space 512K, 98% used [0x00000000ec280000,0x00000000ec2fe900,0x00000000ec300000)
  to   space 1536K, 0% used [0x00000000ec000000,0x00000000ec000000,0x00000000ec180000)
 ParOldGen       total 620032K, used 619736K [0x00000000c0000000, 0x00000000e5d80000, 0x00000000eab00000)
  object space 620032K, 99% used [0x00000000c0000000,0x00000000e5d36180,0x00000000e5d80000)
 Metaspace       used 77929K, committed 79744K, reserved 1179648K
  class space    used 8015K, committed 8832K, reserved 1048576K
}
Event: 5599.625 GC heap before
{Heap before GC invocations=1622 (full 4):
 PSYoungGen      total 22016K, used 22010K [0x00000000eab00000, 0x00000000ec300000, 0x0000000100000000)
  eden space 21504K, 100% used [0x00000000eab00000,0x00000000ec000000,0x00000000ec000000)
  from space 512K, 98% used [0x00000000ec280000,0x00000000ec2fe900,0x00000000ec300000)
  to   space 1536K, 0% used [0x00000000ec000000,0x00000000ec000000,0x00000000ec180000)
 ParOldGen       total 620032K, used 619736K [0x00000000c0000000, 0x00000000e5d80000, 0x00000000eab00000)
  object space 620032K, 99% used [0x00000000c0000000,0x00000000e5d36180,0x00000000e5d80000)
 Metaspace       used 77944K, committed 79744K, reserved 1179648K
  class space    used 8015K, committed 8832K, reserved 1048576K
}
Event: 5599.626 GC heap after
{Heap after GC invocations=1622 (full 4):
 PSYoungGen      total 23040K, used 788K [0x00000000eab00000, 0x00000000ec300000, 0x0000000100000000)
  eden space 21504K, 0% used [0x00000000eab00000,0x00000000eab00000,0x00000000ec000000)
  from space 1536K, 51% used [0x00000000ec000000,0x00000000ec0c5220,0x00000000ec180000)
  to   space 1024K, 0% used [0x00000000ec200000,0x00000000ec200000,0x00000000ec300000)
 ParOldGen       total 620544K, used 620249K [0x00000000c0000000, 0x00000000e5e00000, 0x00000000eab00000)
  object space 620544K, 99% used [0x00000000c0000000,0x00000000e5db6770,0x00000000e5e00000)
 Metaspace       used 77944K, committed 79744K, reserved 1179648K
  class space    used 8015K, committed 8832K, reserved 1048576K
}
Event: 5599.651 GC heap before
{Heap before GC invocations=1623 (full 4):
 PSYoungGen      total 23040K, used 22292K [0x00000000eab00000, 0x00000000ec300000, 0x0000000100000000)
  eden space 21504K, 100% used [0x00000000eab00000,0x00000000ec000000,0x00000000ec000000)
  from space 1536K, 51% used [0x00000000ec000000,0x00000000ec0c5220,0x00000000ec180000)
  to   space 1024K, 0% used [0x00000000ec200000,0x00000000ec200000,0x00000000ec300000)
 ParOldGen       total 620544K, used 620249K [0x00000000c0000000, 0x00000000e5e00000, 0x00000000eab00000)
  object space 620544K, 99% used [0x00000000c0000000,0x00000000e5db6770,0x00000000e5e00000)
 Metaspace       used 77973K, committed 79808K, reserved 1179648K
  class space    used 8015K, committed 8832K, reserved 1048576K
}
Event: 5599.652 GC heap after
{Heap after GC invocations=1623 (full 4):
 PSYoungGen      total 22016K, used 474K [0x00000000eab00000, 0x00000000ec280000, 0x0000000100000000)
  eden space 21504K, 0% used [0x00000000eab00000,0x00000000eab00000,0x00000000ec000000)
  from space 512K, 92% used [0x00000000ec200000,0x00000000ec276900,0x00000000ec280000)
  to   space 1024K, 0% used [0x00000000ec080000,0x00000000ec080000,0x00000000ec180000)
 ParOldGen       total 621056K, used 620585K [0x00000000c0000000, 0x00000000e5e80000, 0x00000000eab00000)
  object space 621056K, 99% used [0x00000000c0000000,0x00000000e5e0a790,0x00000000e5e80000)
 Metaspace       used 77973K, committed 79808K, reserved 1179648K
  class space    used 8015K, committed 8832K, reserved 1048576K
}
Event: 5599.683 GC heap before
{Heap before GC invocations=1624 (full 4):
 PSYoungGen      total 22016K, used 21978K [0x00000000eab00000, 0x00000000ec280000, 0x0000000100000000)
  eden space 21504K, 100% used [0x00000000eab00000,0x00000000ec000000,0x00000000ec000000)
  from space 512K, 92% used [0x00000000ec200000,0x00000000ec276900,0x00000000ec280000)
  to   space 1024K, 0% used [0x00000000ec080000,0x00000000ec080000,0x00000000ec180000)
 ParOldGen       total 621056K, used 620585K [0x00000000c0000000, 0x00000000e5e80000, 0x00000000eab00000)
  object space 621056K, 99% used [0x00000000c0000000,0x00000000e5e0a790,0x00000000e5e80000)
 Metaspace       used 77976K, committed 79808K, reserved 1179648K
  class space    used 8015K, committed 8832K, reserved 1048576K
}
Event: 5599.684 GC heap after
{Heap after GC invocations=1624 (full 4):
 PSYoungGen      total 22528K, used 394K [0x00000000eab00000, 0x00000000ec280000, 0x0000000100000000)
  eden space 21504K, 0% used [0x00000000eab00000,0x00000000eab00000,0x00000000ec000000)
  from space 1024K, 38% used [0x00000000ec080000,0x00000000ec0e2910,0x00000000ec180000)
  to   space 512K, 0% used [0x00000000ec200000,0x00000000ec200000,0x00000000ec280000)
 ParOldGen       total 621056K, used 620617K [0x00000000c0000000, 0x00000000e5e80000, 0x00000000eab00000)
  object space 621056K, 99% used [0x00000000c0000000,0x00000000e5e12790,0x00000000e5e80000)
 Metaspace       used 77976K, committed 79808K, reserved 1179648K
  class space    used 8015K, committed 8832K, reserved 1048576K
}
Event: 5599.708 GC heap before
{Heap before GC invocations=1625 (full 4):
 PSYoungGen      total 22528K, used 21898K [0x00000000eab00000, 0x00000000ec280000, 0x0000000100000000)
  eden space 21504K, 100% used [0x00000000eab00000,0x00000000ec000000,0x00000000ec000000)
  from space 1024K, 38% used [0x00000000ec080000,0x00000000ec0e2910,0x00000000ec180000)
  to   space 512K, 0% used [0x00000000ec200000,0x00000000ec200000,0x00000000ec280000)
 ParOldGen       total 621056K, used 620617K [0x00000000c0000000, 0x00000000e5e80000, 0x00000000eab00000)
  object space 621056K, 99% used [0x00000000c0000000,0x00000000e5e12790,0x00000000e5e80000)
 Metaspace       used 77978K, committed 79808K, reserved 1179648K
  class space    used 8015K, committed 8832K, reserved 1048576K
}
Event: 5599.709 GC heap after
{Heap after GC invocations=1625 (full 4):
 PSYoungGen      total 22016K, used 272K [0x00000000eab00000, 0x00000000ec280000, 0x0000000100000000)
  eden space 21504K, 0% used [0x00000000eab00000,0x00000000eab00000,0x00000000ec000000)
  from space 512K, 53% used [0x00000000ec200000,0x00000000ec244010,0x00000000ec280000)
  to   space 512K, 0% used [0x00000000ec180000,0x00000000ec180000,0x00000000ec200000)
 ParOldGen       total 621056K, used 620681K [0x00000000c0000000, 0x00000000e5e80000, 0x00000000eab00000)
  object space 621056K, 99% used [0x00000000c0000000,0x00000000e5e227b0,0x00000000e5e80000)
 Metaspace       used 77978K, committed 79808K, reserved 1179648K
  class space    used 8015K, committed 8832K, reserved 1048576K
}
Event: 5599.732 GC heap before
{Heap before GC invocations=1626 (full 4):
 PSYoungGen      total 22016K, used 21776K [0x00000000eab00000, 0x00000000ec280000, 0x0000000100000000)
  eden space 21504K, 100% used [0x00000000eab00000,0x00000000ec000000,0x00000000ec000000)
  from space 512K, 53% used [0x00000000ec200000,0x00000000ec244010,0x00000000ec280000)
  to   space 512K, 0% used [0x00000000ec180000,0x00000000ec180000,0x00000000ec200000)
 ParOldGen       total 621056K, used 620681K [0x00000000c0000000, 0x00000000e5e80000, 0x00000000eab00000)
  object space 621056K, 99% used [0x00000000c0000000,0x00000000e5e227b0,0x00000000e5e80000)
 Metaspace       used 77981K, committed 79808K, reserved 1179648K
  class space    used 8015K, committed 8832K, reserved 1048576K
}
Event: 5599.733 GC heap after
{Heap after GC invocations=1626 (full 4):
 PSYoungGen      total 22016K, used 499K [0x00000000eab00000, 0x00000000ec280000, 0x0000000100000000)
  eden space 21504K, 0% used [0x00000000eab00000,0x00000000eab00000,0x00000000ec000000)
  from space 512K, 97% used [0x00000000ec180000,0x00000000ec1fcec8,0x00000000ec200000)
  to   space 512K, 0% used [0x00000000ec200000,0x00000000ec200000,0x00000000ec280000)
 ParOldGen       total 621056K, used 620798K [0x00000000c0000000, 0x00000000e5e80000, 0x00000000eab00000)
  object space 621056K, 99% used [0x00000000c0000000,0x00000000e5e3fab0,0x00000000e5e80000)
 Metaspace       used 77981K, committed 79808K, reserved 1179648K
  class space    used 8015K, committed 8832K, reserved 1048576K
}
Event: 5599.925 GC heap before
{Heap before GC invocations=1627 (full 4):
 PSYoungGen      total 22016K, used 22003K [0x00000000eab00000, 0x00000000ec280000, 0x0000000100000000)
  eden space 21504K, 100% used [0x00000000eab00000,0x00000000ec000000,0x00000000ec000000)
  from space 512K, 97% used [0x00000000ec180000,0x00000000ec1fcec8,0x00000000ec200000)
  to   space 512K, 0% used [0x00000000ec200000,0x00000000ec200000,0x00000000ec280000)
 ParOldGen       total 621056K, used 620798K [0x00000000c0000000, 0x00000000e5e80000, 0x00000000eab00000)
  object space 621056K, 99% used [0x00000000c0000000,0x00000000e5e3fab0,0x00000000e5e80000)
 Metaspace       used 78002K, committed 79808K, reserved 1179648K
  class space    used 8017K, committed 8832K, reserved 1048576K
}
Event: 5599.927 GC heap after
{Heap after GC invocations=1627 (full 4):
 PSYoungGen      total 22016K, used 500K [0x00000000eab00000, 0x00000000ec300000, 0x0000000100000000)
  eden space 21504K, 0% used [0x00000000eab00000,0x00000000eab00000,0x00000000ec000000)
  from space 512K, 97% used [0x00000000ec200000,0x00000000ec27d200,0x00000000ec280000)
  to   space 1536K, 0% used [0x00000000ec000000,0x00000000ec000000,0x00000000ec180000)
 ParOldGen       total 621568K, used 621316K [0x00000000c0000000, 0x00000000e5f00000, 0x00000000eab00000)
  object space 621568K, 99% used [0x00000000c0000000,0x00000000e5ec1288,0x00000000e5f00000)
 Metaspace       used 78002K, committed 79808K, reserved 1179648K
  class space    used 8017K, committed 8832K, reserved 1048576K
}
Event: 5601.850 GC heap before
{Heap before GC invocations=1628 (full 4):
 PSYoungGen      total 22016K, used 21493K [0x00000000eab00000, 0x00000000ec300000, 0x0000000100000000)
  eden space 21504K, 97% used [0x00000000eab00000,0x00000000ebf804d0,0x00000000ec000000)
  from space 512K, 97% used [0x00000000ec200000,0x00000000ec27d200,0x00000000ec280000)
  to   space 1536K, 0% used [0x00000000ec000000,0x00000000ec000000,0x00000000ec180000)
 ParOldGen       total 621568K, used 621316K [0x00000000c0000000, 0x00000000e5f00000, 0x00000000eab00000)
  object space 621568K, 99% used [0x00000000c0000000,0x00000000e5ec1288,0x00000000e5f00000)
 Metaspace       used 78038K, committed 79872K, reserved 1179648K
  class space    used 8017K, committed 8832K, reserved 1048576K
}
Event: 5601.855 GC heap after
{Heap after GC invocations=1628 (full 4):
 PSYoungGen      total 23040K, used 1523K [0x00000000eab00000, 0x00000000ed700000, 0x0000000100000000)
  eden space 21504K, 0% used [0x00000000eab00000,0x00000000eab00000,0x00000000ec000000)
  from space 1536K, 99% used [0x00000000ec000000,0x00000000ec17cd08,0x00000000ec180000)
  to   space 11776K, 0% used [0x00000000ecb80000,0x00000000ecb80000,0x00000000ed700000)
 ParOldGen       total 630272K, used 629811K [0x00000000c0000000, 0x00000000e6780000, 0x00000000eab00000)
  object space 630272K, 99% used [0x00000000c0000000,0x00000000e670cdb0,0x00000000e6780000)
 Metaspace       used 78038K, committed 79872K, reserved 1179648K
  class space    used 8017K, committed 8832K, reserved 1048576K
}

Dll operation events (12 events):
Event: 0.019 Loaded shared library c:\Users\Adel\.vscode\extensions\redhat.java-1.41.1-win32-x64\jre\21.0.6-win32-x86_64\bin\java.dll
Event: 0.118 Loaded shared library c:\Users\Adel\.vscode\extensions\redhat.java-1.41.1-win32-x64\jre\21.0.6-win32-x86_64\bin\zip.dll
Event: 0.152 Loaded shared library C:\Users\Adel\.vscode\extensions\redhat.java-1.41.1-win32-x64\jre\21.0.6-win32-x86_64\bin\instrument.dll
Event: 0.167 Loaded shared library C:\Users\Adel\.vscode\extensions\redhat.java-1.41.1-win32-x64\jre\21.0.6-win32-x86_64\bin\net.dll
Event: 0.170 Loaded shared library C:\Users\Adel\.vscode\extensions\redhat.java-1.41.1-win32-x64\jre\21.0.6-win32-x86_64\bin\nio.dll
Event: 0.176 Loaded shared library C:\Users\Adel\.vscode\extensions\redhat.java-1.41.1-win32-x64\jre\21.0.6-win32-x86_64\bin\zip.dll
Event: 0.211 Loaded shared library C:\Users\Adel\.vscode\extensions\redhat.java-1.41.1-win32-x64\jre\21.0.6-win32-x86_64\bin\jimage.dll
Event: 0.301 Loaded shared library c:\Users\Adel\.vscode\extensions\redhat.java-1.41.1-win32-x64\jre\21.0.6-win32-x86_64\bin\verify.dll
Event: 1.799 Loaded shared library C:\Users\Adel\AppData\Roaming\Code\User\globalStorage\redhat.java\1.41.1\config_win\org.eclipse.equinox.launcher\org.eclipse.equinox.launcher.win32.win32.x86_64_1.2.1300.v20250331-1702\eclipse_11911.dll
Event: 3.837 Loaded shared library C:\Users\Adel\AppData\Local\Temp\jna-2035754\jna7010651079784109168.dll
Event: 8.440 Loaded shared library C:\Users\Adel\.vscode\extensions\redhat.java-1.41.1-win32-x64\jre\21.0.6-win32-x86_64\bin\sunmscapi.dll
Event: 8.786 Loaded shared library C:\Users\Adel\.vscode\extensions\redhat.java-1.41.1-win32-x64\jre\21.0.6-win32-x86_64\bin\extnet.dll

Deoptimization events (20 events):
Event: 5599.602 Thread 0x000001eefd01e5f0 Uncommon trap: trap_request=0xffffffbe fr.pc=0x000001ee8881a90c relative=0x000000000000062c
Event: 5599.602 Thread 0x000001eefd01e5f0 Uncommon trap: reason=profile_predicate action=maybe_recompile pc=0x000001ee8881a90c method=org.eclipse.jdt.internal.compiler.lookup.BinaryTypeBinding.createMethods([Lorg/eclipse/jdt/internal/compiler/env/IBinaryMethod;Lorg/eclipse/jdt/internal/compiler/e
Event: 5599.602 Thread 0x000001eefd01e5f0 DEOPT PACKING pc=0x000001ee8881a90c sp=0x00000071483fda70
Event: 5599.602 Thread 0x000001eefd01e5f0 DEOPT UNPACKING pc=0x000001ee87583aa2 sp=0x00000071483fda00 mode 2
Event: 5599.702 Thread 0x000001eefb690c00 DEOPT PACKING pc=0x000001ee81b81a34 sp=0x0000007148cfe530
Event: 5599.702 Thread 0x000001eefb690c00 DEOPT UNPACKING pc=0x000001ee87584242 sp=0x0000007148cfd9c8 mode 0
Event: 5599.766 Thread 0x000001eefd01e5f0 Uncommon trap: trap_request=0xffffff45 fr.pc=0x000001ee885393d4 relative=0x00000000000009b4
Event: 5599.766 Thread 0x000001eefd01e5f0 Uncommon trap: reason=unstable_if action=reinterpret pc=0x000001ee885393d4 method=org.eclipse.jdt.internal.core.JarPackageFragmentRoot.getModuleDescription()Lorg/eclipse/jdt/core/IModuleDescription; @ 4 c2
Event: 5599.766 Thread 0x000001eefd01e5f0 DEOPT PACKING pc=0x000001ee885393d4 sp=0x00000071483fdec0
Event: 5599.766 Thread 0x000001eefd01e5f0 DEOPT UNPACKING pc=0x000001ee87583aa2 sp=0x00000071483fde78 mode 2
Event: 5599.775 Thread 0x000001eefd01e5f0 DEOPT PACKING pc=0x000001ee81bf5554 sp=0x00000071483fe230
Event: 5599.775 Thread 0x000001eefd01e5f0 DEOPT UNPACKING pc=0x000001ee87584242 sp=0x00000071483fd728 mode 0
Event: 5599.916 Thread 0x000001eefd01e5f0 Uncommon trap: trap_request=0xffffff6e fr.pc=0x000001ee885f50ac relative=0x000000000000018c
Event: 5599.916 Thread 0x000001eefd01e5f0 Uncommon trap: reason=loop_limit_check action=maybe_recompile pc=0x000001ee885f50ac method=org.eclipse.jdt.internal.compiler.lookup.ReferenceBinding.compare([C[CII)I @ 46 c2
Event: 5599.916 Thread 0x000001eefd01e5f0 DEOPT PACKING pc=0x000001ee885f50ac sp=0x00000071483fd950
Event: 5599.916 Thread 0x000001eefd01e5f0 DEOPT UNPACKING pc=0x000001ee87583aa2 sp=0x00000071483fd8c0 mode 2
Event: 5601.871 Thread 0x000001eefd01e5f0 Uncommon trap: trap_request=0xffffffd6 fr.pc=0x000001ee88644a50 relative=0x000000000000a270
Event: 5601.871 Thread 0x000001eefd01e5f0 Uncommon trap: reason=array_check action=maybe_recompile pc=0x000001ee88644a50 method=org.eclipse.jdt.internal.compiler.lookup.UnresolvedReferenceBinding.addWrapper(Lorg/eclipse/jdt/internal/compiler/lookup/HotSwappable;Lorg/eclipse/jdt/internal/compiler/
Event: 5601.872 Thread 0x000001eefd01e5f0 DEOPT PACKING pc=0x000001ee88644a50 sp=0x00000071483fd770
Event: 5601.872 Thread 0x000001eefd01e5f0 DEOPT UNPACKING pc=0x000001ee87583aa2 sp=0x00000071483fd580 mode 2

Classes loaded (20 events):
Event: 5595.221 Loading class com/sun/crypto/provider/ChaCha20Cipher$EngineAEADEnc
Event: 5595.222 Loading class com/sun/crypto/provider/ChaCha20Cipher$ChaChaEngine
Event: 5595.222 Loading class com/sun/crypto/provider/ChaCha20Cipher$ChaChaEngine done
Event: 5595.222 Loading class com/sun/crypto/provider/ChaCha20Cipher$EngineAEADEnc done
Event: 5595.222 Loading class com/sun/crypto/provider/Poly1305
Event: 5595.223 Loading class com/sun/crypto/provider/Poly1305 done
Event: 5595.223 Loading class sun/security/util/math/intpoly/IntegerPolynomial1305
Event: 5595.224 Loading class sun/security/util/math/intpoly/IntegerPolynomial1305 done
Event: 5595.292 Loading class sun/security/ssl/SSLCipher$T12CC20P1305ReadCipherGenerator$CC20P1305ReadCipher
Event: 5595.292 Loading class sun/security/ssl/SSLCipher$T12CC20P1305ReadCipherGenerator$CC20P1305ReadCipher done
Event: 5595.293 Loading class com/sun/crypto/provider/ChaCha20Cipher$EngineAEADDec
Event: 5595.293 Loading class com/sun/crypto/provider/ChaCha20Cipher$EngineAEADDec done
Event: 5595.341 Loading class java/nio/HeapByteBufferR
Event: 5595.342 Loading class java/nio/HeapByteBufferR done
Event: 5596.999 Loading class java/util/concurrent/LinkedBlockingQueue$Itr
Event: 5596.999 Loading class java/util/concurrent/LinkedBlockingQueue$Itr done
Event: 5597.585 Loading class java/lang/UnsupportedClassVersionError
Event: 5597.585 Loading class java/lang/UnsupportedClassVersionError done
Event: 5598.451 Loading class jdk/internal/ref/CleanerImpl$InnocuousThreadFactory
Event: 5598.451 Loading class jdk/internal/ref/CleanerImpl$InnocuousThreadFactory done

Classes unloaded (7 events):
Event: 5.026 Thread 0x000001eeef57e4c0 Unloading class 0x000001ee9019dc00 'java/lang/invoke/LambdaForm$MH+0x000001ee9019dc00'
Event: 5.026 Thread 0x000001eeef57e4c0 Unloading class 0x000001ee9019d800 'java/lang/invoke/LambdaForm$MH+0x000001ee9019d800'
Event: 5.026 Thread 0x000001eeef57e4c0 Unloading class 0x000001ee9019d400 'java/lang/invoke/LambdaForm$MH+0x000001ee9019d400'
Event: 5.026 Thread 0x000001eeef57e4c0 Unloading class 0x000001ee9019d000 'java/lang/invoke/LambdaForm$MH+0x000001ee9019d000'
Event: 5.026 Thread 0x000001eeef57e4c0 Unloading class 0x000001ee9019cc00 'java/lang/invoke/LambdaForm$BMH+0x000001ee9019cc00'
Event: 5.026 Thread 0x000001eeef57e4c0 Unloading class 0x000001ee9019c800 'java/lang/invoke/LambdaForm$DMH+0x000001ee9019c800'
Event: 5.026 Thread 0x000001eeef57e4c0 Unloading class 0x000001ee9019b400 'java/lang/invoke/LambdaForm$DMH+0x000001ee9019b400'

Classes redefined (0 events):
No events

Internal exceptions (20 events):
Event: 5599.000 Thread 0x000001eefd01e5f0 Exception <a 'sun/nio/fs/WindowsException'{0x00000000ebfc3550}> (0x00000000ebfc3550) 
thrown [s\src\hotspot\share\prims\jni.cpp, line 520]
Event: 5599.000 Thread 0x000001eefd01e5f0 Exception <a 'sun/nio/fs/WindowsException'{0x00000000ebfc4050}> (0x00000000ebfc4050) 
thrown [s\src\hotspot\share\prims\jni.cpp, line 520]
Event: 5599.056 Thread 0x000001eefd01e5f0 Exception <a 'sun/nio/fs/WindowsException'{0x00000000eade3bc0}> (0x00000000eade3bc0) 
thrown [s\src\hotspot\share\prims\jni.cpp, line 520]
Event: 5599.056 Thread 0x000001eefd01e5f0 Exception <a 'sun/nio/fs/WindowsException'{0x00000000eade46c0}> (0x00000000eade46c0) 
thrown [s\src\hotspot\share\prims\jni.cpp, line 520]
Event: 5599.161 Thread 0x000001eefd01e5f0 Exception <a 'sun/nio/fs/WindowsException'{0x00000000eb8d0628}> (0x00000000eb8d0628) 
thrown [s\src\hotspot\share\prims\jni.cpp, line 520]
Event: 5599.161 Thread 0x000001eefd01e5f0 Exception <a 'sun/nio/fs/WindowsException'{0x00000000eb8d1128}> (0x00000000eb8d1128) 
thrown [s\src\hotspot\share\prims\jni.cpp, line 520]
Event: 5599.235 Thread 0x000001eefd01e5f0 Exception <a 'sun/nio/fs/WindowsException'{0x00000000ebf29a10}> (0x00000000ebf29a10) 
thrown [s\src\hotspot\share\prims\jni.cpp, line 520]
Event: 5599.235 Thread 0x000001eefd01e5f0 Exception <a 'sun/nio/fs/WindowsException'{0x00000000ebf2a510}> (0x00000000ebf2a510) 
thrown [s\src\hotspot\share\prims\jni.cpp, line 520]
Event: 5599.319 Thread 0x000001eefd01e5f0 Exception <a 'sun/nio/fs/WindowsException'{0x00000000eb1a2940}> (0x00000000eb1a2940) 
thrown [s\src\hotspot\share\prims\jni.cpp, line 520]
Event: 5599.319 Thread 0x000001eefd01e5f0 Exception <a 'sun/nio/fs/WindowsException'{0x00000000eb1a3440}> (0x00000000eb1a3440) 
thrown [s\src\hotspot\share\prims\jni.cpp, line 520]
Event: 5599.376 Thread 0x000001eefd01e5f0 Exception <a 'sun/nio/fs/WindowsException'{0x00000000eb540648}> (0x00000000eb540648) 
thrown [s\src\hotspot\share\prims\jni.cpp, line 520]
Event: 5599.377 Thread 0x000001eefd01e5f0 Exception <a 'sun/nio/fs/WindowsException'{0x00000000eb541148}> (0x00000000eb541148) 
thrown [s\src\hotspot\share\prims\jni.cpp, line 520]
Event: 5599.428 Thread 0x000001eefd01e5f0 Exception <a 'sun/nio/fs/WindowsException'{0x00000000eb4d3758}> (0x00000000eb4d3758) 
thrown [s\src\hotspot\share\prims\jni.cpp, line 520]
Event: 5599.428 Thread 0x000001eefd01e5f0 Exception <a 'sun/nio/fs/WindowsException'{0x00000000eb4d4258}> (0x00000000eb4d4258) 
thrown [s\src\hotspot\share\prims\jni.cpp, line 520]
Event: 5599.748 Thread 0x000001eefd01e5f0 Exception <a 'sun/nio/fs/WindowsException'{0x00000000eb190448}> (0x00000000eb190448) 
thrown [s\src\hotspot\share\prims\jni.cpp, line 520]
Event: 5599.749 Thread 0x000001eefd01e5f0 Exception <a 'sun/nio/fs/WindowsException'{0x00000000eb190f48}> (0x00000000eb190f48) 
thrown [s\src\hotspot\share\prims\jni.cpp, line 520]
Event: 5599.778 Thread 0x000001eefd01e5f0 Exception <a 'sun/nio/fs/WindowsException'{0x00000000ebae5b18}> (0x00000000ebae5b18) 
thrown [s\src\hotspot\share\prims\jni.cpp, line 520]
Event: 5599.778 Thread 0x000001eefd01e5f0 Exception <a 'sun/nio/fs/WindowsException'{0x00000000ebae6618}> (0x00000000ebae6618) 
thrown [s\src\hotspot\share\prims\jni.cpp, line 520]
Event: 5599.936 Thread 0x000001eefd01e5f0 Exception <a 'sun/nio/fs/WindowsException'{0x00000000eae71230}> (0x00000000eae71230) 
thrown [s\src\hotspot\share\prims\jni.cpp, line 520]
Event: 5599.936 Thread 0x000001eefd01e5f0 Exception <a 'sun/nio/fs/WindowsException'{0x00000000eae71d30}> (0x00000000eae71d30) 
thrown [s\src\hotspot\share\prims\jni.cpp, line 520]

ZGC Phase Switch (0 events):
No events

VM Operations (20 events):
Event: 5599.407 Executing VM operation: ParallelGCFailedAllocation (Allocation Failure)
Event: 5599.408 Executing VM operation: ParallelGCFailedAllocation (Allocation Failure) done
Event: 5599.597 Executing VM operation: ParallelGCFailedAllocation (Allocation Failure)
Event: 5599.599 Executing VM operation: ParallelGCFailedAllocation (Allocation Failure) done
Event: 5599.625 Executing VM operation: ParallelGCFailedAllocation (Allocation Failure)
Event: 5599.626 Executing VM operation: ParallelGCFailedAllocation (Allocation Failure) done
Event: 5599.651 Executing VM operation: ParallelGCFailedAllocation (Allocation Failure)
Event: 5599.652 Executing VM operation: ParallelGCFailedAllocation (Allocation Failure) done
Event: 5599.683 Executing VM operation: ParallelGCFailedAllocation (Allocation Failure)
Event: 5599.684 Executing VM operation: ParallelGCFailedAllocation (Allocation Failure) done
Event: 5599.708 Executing VM operation: ParallelGCFailedAllocation (Allocation Failure)
Event: 5599.709 Executing VM operation: ParallelGCFailedAllocation (Allocation Failure) done
Event: 5599.732 Executing VM operation: ParallelGCFailedAllocation (Allocation Failure)
Event: 5599.733 Executing VM operation: ParallelGCFailedAllocation (Allocation Failure) done
Event: 5599.924 Executing VM operation: ParallelGCFailedAllocation (Allocation Failure)
Event: 5599.927 Executing VM operation: ParallelGCFailedAllocation (Allocation Failure) done
Event: 5600.940 Executing VM operation: Cleanup
Event: 5600.940 Executing VM operation: Cleanup done
Event: 5601.850 Executing VM operation: ParallelGCFailedAllocation (Allocation Failure)
Event: 5601.855 Executing VM operation: ParallelGCFailedAllocation (Allocation Failure) done

Memory protections (0 events):
No events

Nmethod flushes (20 events):
Event: 64.902 Thread 0x000001eeef57e4c0 flushing  nmethod 0x000001ee80f5f690
Event: 64.902 Thread 0x000001eeef57e4c0 flushing  nmethod 0x000001ee80f69090
Event: 64.902 Thread 0x000001eeef57e4c0 flushing  nmethod 0x000001ee80fa3d90
Event: 64.902 Thread 0x000001eeef57e4c0 flushing  nmethod 0x000001ee81006310
Event: 64.902 Thread 0x000001eeef57e4c0 flushing  nmethod 0x000001ee8100e790
Event: 64.902 Thread 0x000001eeef57e4c0 flushing  nmethod 0x000001ee8100fa10
Event: 64.903 Thread 0x000001eeef57e4c0 flushing  nmethod 0x000001ee81018f10
Event: 64.903 Thread 0x000001eeef57e4c0 flushing  nmethod 0x000001ee8102e490
Event: 64.903 Thread 0x000001eeef57e4c0 flushing  nmethod 0x000001ee81038c10
Event: 64.903 Thread 0x000001eeef57e4c0 flushing  nmethod 0x000001ee81042010
Event: 64.903 Thread 0x000001eeef57e4c0 flushing  nmethod 0x000001ee81042690
Event: 64.903 Thread 0x000001eeef57e4c0 flushing  nmethod 0x000001ee81042a90
Event: 64.903 Thread 0x000001eeef57e4c0 flushing  nmethod 0x000001ee81042e90
Event: 64.903 Thread 0x000001eeef57e4c0 flushing  nmethod 0x000001ee81057c10
Event: 64.903 Thread 0x000001eeef57e4c0 flushing  nmethod 0x000001ee81059190
Event: 64.903 Thread 0x000001eeef57e4c0 flushing  nmethod 0x000001ee81059e90
Event: 64.903 Thread 0x000001eeef57e4c0 flushing  nmethod 0x000001ee8105a210
Event: 64.903 Thread 0x000001eeef57e4c0 flushing  nmethod 0x000001ee8105b810
Event: 64.903 Thread 0x000001eeef57e4c0 flushing  nmethod 0x000001ee8106ab10
Event: 64.904 Thread 0x000001eeef57e4c0 flushing  nmethod 0x000001ee81076e10

Events (20 events):
Event: 5599.171 Thread 0x000001eefd01e5f0 Thread added: 0x000001eefd0190a0
Event: 5599.187 Thread 0x000001eefd01be90 Thread exited: 0x000001eefd01be90
Event: 5599.234 Thread 0x000001eefd0190a0 Thread added: 0x000001eefd01be90
Event: 5599.234 Thread 0x000001eefd01be90 Thread exited: 0x000001eefd01be90
Event: 5599.243 Thread 0x000001eefd01e5f0 Thread added: 0x000001eefd01be90
Event: 5599.325 Thread 0x000001eefd01e5f0 Thread added: 0x000001eefb691920
Event: 5599.326 Thread 0x000001eefd01be90 Thread exited: 0x000001eefd01be90
Event: 5599.332 Thread 0x000001eefd0190a0 Thread exited: 0x000001eefd0190a0
Event: 5599.373 Thread 0x000001eefb691920 Thread exited: 0x000001eefb691920
Event: 5599.443 Thread 0x000001eefd01e5f0 Thread added: 0x000001eefb68fee0
Event: 5599.509 Thread 0x000001eefd01e5f0 Thread added: 0x000001eefb690c00
Event: 5599.685 Thread 0x000001eefd01a450 Thread exited: 0x000001eefd01a450
Event: 5599.713 Thread 0x000001eefb690c00 Thread exited: 0x000001eefb690c00
Event: 5599.785 Thread 0x000001eefd01e5f0 Thread added: 0x000001eefb690c00
Event: 5599.851 Thread 0x000001eefd01e5f0 Thread added: 0x000001eefb691920
Event: 5599.952 Thread 0x000001eefb690c00 Thread exited: 0x000001eefb690c00
Event: 5599.969 Thread 0x000001eefb691920 Thread added: 0x000001eefb690c00
Event: 5599.969 Thread 0x000001eefb690c00 Thread exited: 0x000001eefb690c00
Event: 5600.109 Thread 0x000001eefb691920 Thread exited: 0x000001eefb691920
Event: 5601.215 Thread 0x000001eefb68fee0 Thread exited: 0x000001eefb68fee0


Dynamic libraries:
0x00007ff712220000 - 0x00007ff71222e000 	c:\Users\Adel\.vscode\extensions\redhat.java-1.41.1-win32-x64\jre\21.0.6-win32-x86_64\bin\java.exe
0x00007ffbf7e90000 - 0x00007ffbf80a7000 	C:\WINDOWS\SYSTEM32\ntdll.dll
0x00007ffbf6840000 - 0x00007ffbf6904000 	C:\WINDOWS\System32\KERNEL32.DLL
0x00007ffbf5780000 - 0x00007ffbf5b51000 	C:\WINDOWS\System32\KERNELBASE.dll
0x00007ffbf5000000 - 0x00007ffbf5111000 	C:\WINDOWS\System32\ucrtbase.dll
0x00007ffbe1770000 - 0x00007ffbe1788000 	c:\Users\Adel\.vscode\extensions\redhat.java-1.41.1-win32-x64\jre\21.0.6-win32-x86_64\bin\jli.dll
0x00007ffbf5c10000 - 0x00007ffbf5dc1000 	C:\WINDOWS\System32\USER32.dll
0x00007ffbf5690000 - 0x00007ffbf56b6000 	C:\WINDOWS\System32\win32u.dll
0x00007ffbf5b80000 - 0x00007ffbf5ba9000 	C:\WINDOWS\System32\GDI32.dll
0x00007ffbf5380000 - 0x00007ffbf549b000 	C:\WINDOWS\System32\gdi32full.dll
0x00007ffbf52e0000 - 0x00007ffbf537a000 	C:\WINDOWS\System32\msvcp_win.dll
0x00007ffbeb9f0000 - 0x00007ffbeba0e000 	c:\Users\Adel\.vscode\extensions\redhat.java-1.41.1-win32-x64\jre\21.0.6-win32-x86_64\bin\VCRUNTIME140.dll
0x00007ffbdf3b0000 - 0x00007ffbdf642000 	C:\WINDOWS\WinSxS\amd64_microsoft.windows.common-controls_6595b64144ccf1df_6.0.22621.4830_none_270fe7d773858e80\COMCTL32.dll
0x00007ffbf7bf0000 - 0x00007ffbf7c97000 	C:\WINDOWS\System32\msvcrt.dll
0x00007ffbf76a0000 - 0x00007ffbf76d1000 	C:\WINDOWS\System32\IMM32.DLL
0x00007ffbebc20000 - 0x00007ffbebc2c000 	c:\Users\Adel\.vscode\extensions\redhat.java-1.41.1-win32-x64\jre\21.0.6-win32-x86_64\bin\vcruntime140_1.dll
0x00007ffbc5010000 - 0x00007ffbc509d000 	c:\Users\Adel\.vscode\extensions\redhat.java-1.41.1-win32-x64\jre\21.0.6-win32-x86_64\bin\msvcp140.dll
0x00007ffb868f0000 - 0x00007ffb87680000 	c:\Users\Adel\.vscode\extensions\redhat.java-1.41.1-win32-x64\jre\21.0.6-win32-x86_64\bin\server\jvm.dll
0x00007ffbf7030000 - 0x00007ffbf70e1000 	C:\WINDOWS\System32\ADVAPI32.dll
0x00007ffbf69a0000 - 0x00007ffbf6a47000 	C:\WINDOWS\System32\sechost.dll
0x00007ffbf4fd0000 - 0x00007ffbf4ff8000 	C:\WINDOWS\System32\bcrypt.dll
0x00007ffbf6ad0000 - 0x00007ffbf6be4000 	C:\WINDOWS\System32\RPCRT4.dll
0x00007ffbf6a50000 - 0x00007ffbf6ac1000 	C:\WINDOWS\System32\WS2_32.dll
0x00007ffbf4cf0000 - 0x00007ffbf4d3d000 	C:\WINDOWS\SYSTEM32\POWRPROF.dll
0x00007ffbf0070000 - 0x00007ffbf00a4000 	C:\WINDOWS\SYSTEM32\WINMM.dll
0x00007ffbefb20000 - 0x00007ffbefb2a000 	C:\WINDOWS\SYSTEM32\VERSION.dll
0x00007ffbf4cd0000 - 0x00007ffbf4ce3000 	C:\WINDOWS\SYSTEM32\UMPDC.dll
0x00007ffbf3fe0000 - 0x00007ffbf3ff8000 	C:\WINDOWS\SYSTEM32\kernel.appcore.dll
0x00007ffbe1ae0000 - 0x00007ffbe1aea000 	c:\Users\Adel\.vscode\extensions\redhat.java-1.41.1-win32-x64\jre\21.0.6-win32-x86_64\bin\jimage.dll
0x00007ffbf2740000 - 0x00007ffbf2972000 	C:\WINDOWS\SYSTEM32\DBGHELP.DLL
0x00007ffbf7210000 - 0x00007ffbf75a0000 	C:\WINDOWS\System32\combase.dll
0x00007ffbf75c0000 - 0x00007ffbf7697000 	C:\WINDOWS\System32\OLEAUT32.dll
0x00007ffbcf920000 - 0x00007ffbcf952000 	C:\WINDOWS\SYSTEM32\dbgcore.DLL
0x00007ffbf5610000 - 0x00007ffbf568b000 	C:\WINDOWS\System32\bcryptPrimitives.dll
0x00007ffbe1a20000 - 0x00007ffbe1a2f000 	c:\Users\Adel\.vscode\extensions\redhat.java-1.41.1-win32-x64\jre\21.0.6-win32-x86_64\bin\instrument.dll
0x00007ffbe1750000 - 0x00007ffbe176f000 	c:\Users\Adel\.vscode\extensions\redhat.java-1.41.1-win32-x64\jre\21.0.6-win32-x86_64\bin\java.dll
0x00007ffbf5fb0000 - 0x00007ffbf6838000 	C:\WINDOWS\System32\SHELL32.dll
0x00007ffbf51a0000 - 0x00007ffbf52df000 	C:\WINDOWS\System32\wintypes.dll
0x00007ffbf2ee0000 - 0x00007ffbf37ed000 	C:\WINDOWS\SYSTEM32\windows.storage.dll
0x00007ffbf5dd0000 - 0x00007ffbf5eda000 	C:\WINDOWS\System32\SHCORE.dll
0x00007ffbf5bb0000 - 0x00007ffbf5c0e000 	C:\WINDOWS\System32\shlwapi.dll
0x00007ffbf4f00000 - 0x00007ffbf4f2b000 	C:\WINDOWS\SYSTEM32\profapi.dll
0x00007ffbe1460000 - 0x00007ffbe1478000 	c:\Users\Adel\.vscode\extensions\redhat.java-1.41.1-win32-x64\jre\21.0.6-win32-x86_64\bin\zip.dll
0x00007ffbe1740000 - 0x00007ffbe1750000 	C:\Users\Adel\.vscode\extensions\redhat.java-1.41.1-win32-x64\jre\21.0.6-win32-x86_64\bin\net.dll
0x00007ffbf0790000 - 0x00007ffbf08bc000 	C:\WINDOWS\SYSTEM32\WINHTTP.dll
0x00007ffbf4440000 - 0x00007ffbf44aa000 	C:\WINDOWS\system32\mswsock.dll
0x00007ffbe1100000 - 0x00007ffbe1116000 	C:\Users\Adel\.vscode\extensions\redhat.java-1.41.1-win32-x64\jre\21.0.6-win32-x86_64\bin\nio.dll
0x00007ffbe1590000 - 0x00007ffbe15a0000 	c:\Users\Adel\.vscode\extensions\redhat.java-1.41.1-win32-x64\jre\21.0.6-win32-x86_64\bin\verify.dll
0x00007ffbd0860000 - 0x00007ffbd08a5000 	C:\Users\Adel\AppData\Roaming\Code\User\globalStorage\redhat.java\1.41.1\config_win\org.eclipse.equinox.launcher\org.eclipse.equinox.launcher.win32.win32.x86_64_1.2.1300.v20250331-1702\eclipse_11911.dll
0x00007ffbf7ca0000 - 0x00007ffbf7e41000 	C:\WINDOWS\System32\ole32.dll
0x00007ffbf4790000 - 0x00007ffbf47ab000 	C:\WINDOWS\SYSTEM32\CRYPTSP.dll
0x00007ffbf3f40000 - 0x00007ffbf3f77000 	C:\WINDOWS\system32\rsaenh.dll
0x00007ffbf44e0000 - 0x00007ffbf4508000 	C:\WINDOWS\SYSTEM32\USERENV.dll
0x00007ffbf4770000 - 0x00007ffbf477c000 	C:\WINDOWS\SYSTEM32\CRYPTBASE.dll
0x00007ffbf3a50000 - 0x00007ffbf3a7d000 	C:\WINDOWS\SYSTEM32\IPHLPAPI.DLL
0x00007ffbf71b0000 - 0x00007ffbf71b9000 	C:\WINDOWS\System32\NSI.dll
0x00007ffbbeca0000 - 0x00007ffbbece9000 	C:\Users\Adel\AppData\Local\Temp\jna-2035754\jna7010651079784109168.dll
0x00007ffbf70f0000 - 0x00007ffbf70f8000 	C:\WINDOWS\System32\PSAPI.DLL
0x00007ffbf0490000 - 0x00007ffbf04a9000 	C:\WINDOWS\SYSTEM32\dhcpcsvc6.DLL
0x00007ffbf0470000 - 0x00007ffbf048f000 	C:\WINDOWS\SYSTEM32\dhcpcsvc.DLL
0x00007ffbeb9e0000 - 0x00007ffbeb9ee000 	C:\Users\Adel\.vscode\extensions\redhat.java-1.41.1-win32-x64\jre\21.0.6-win32-x86_64\bin\sunmscapi.dll
0x00007ffbf54a0000 - 0x00007ffbf5606000 	C:\WINDOWS\System32\CRYPT32.dll
0x00007ffbf48f0000 - 0x00007ffbf491d000 	C:\WINDOWS\SYSTEM32\ncrypt.dll
0x00007ffbf48b0000 - 0x00007ffbf48e7000 	C:\WINDOWS\SYSTEM32\NTASN1.dll
0x00007ffbf3ac0000 - 0x00007ffbf3bc2000 	C:\WINDOWS\SYSTEM32\DNSAPI.dll
0x00007ffbee820000 - 0x00007ffbee82a000 	C:\Windows\System32\rasadhlp.dll
0x00007ffbefce0000 - 0x00007ffbefd63000 	C:\WINDOWS\System32\fwpuclnt.dll
0x00007ffbeb9d0000 - 0x00007ffbeb9d9000 	C:\Users\Adel\.vscode\extensions\redhat.java-1.41.1-win32-x64\jre\21.0.6-win32-x86_64\bin\extnet.dll
0x00007ffbf40f0000 - 0x00007ffbf4124000 	C:\WINDOWS\SYSTEM32\ntmarta.dll

dbghelp: loaded successfully - version: 4.0.5 - missing functions: none
symbol engine: initialized successfully - sym options: 0x614 - pdb path: .;c:\Users\Adel\.vscode\extensions\redhat.java-1.41.1-win32-x64\jre\21.0.6-win32-x86_64\bin;C:\WINDOWS\SYSTEM32;C:\WINDOWS\WinSxS\amd64_microsoft.windows.common-controls_6595b64144ccf1df_6.0.22621.4830_none_270fe7d773858e80;c:\Users\Adel\.vscode\extensions\redhat.java-1.41.1-win32-x64\jre\21.0.6-win32-x86_64\bin\server;C:\Users\Adel\AppData\Roaming\Code\User\globalStorage\redhat.java\1.41.1\config_win\org.eclipse.equinox.launcher\org.eclipse.equinox.launcher.win32.win32.x86_64_1.2.1300.v20250331-1702;C:\Users\Adel\AppData\Local\Temp\jna-2035754

VM Arguments:
jvm_args: --add-modules=ALL-SYSTEM --add-opens=java.base/java.util=ALL-UNNAMED --add-opens=java.base/java.lang=ALL-UNNAMED --add-opens=java.base/sun.nio.fs=ALL-UNNAMED -Declipse.application=org.eclipse.jdt.ls.core.id1 -Dosgi.bundles.defaultStartLevel=4 -Declipse.product=org.eclipse.jdt.ls.core.product -Djava.import.generatesMetadataFilesAtProjectRoot=false -DDetectVMInstallationsJob.disabled=true -Dfile.encoding=utf8 -XX:+UseParallelGC -XX:GCTimeRatio=4 -XX:AdaptiveSizePolicyWeight=90 -Dsun.zip.disableMemoryMapping=true -Xmx1G -Xms100m -Xlog:disable -javaagent:c:\Users\Adel\.vscode\extensions\redhat.java-1.41.1-win32-x64\lombok\lombok-1.18.36.jar -XX:+HeapDumpOnOutOfMemoryError -XX:HeapDumpPath=c:\Users\Adel\AppData\Roaming\Code\User\workspaceStorage\6b1361f77affa14ffa45e6e47cd1a5eb\redhat.java -Daether.dependencyCollector.impl=bf 
java_command: c:\Users\Adel\.vscode\extensions\redhat.java-1.41.1-win32-x64\server\plugins\org.eclipse.equinox.launcher_1.7.0.v20250331-1702.jar -configuration c:\Users\Adel\AppData\Roaming\Code\User\globalStorage\redhat.java\1.41.1\config_win -data c:\Users\Adel\AppData\Roaming\Code\User\workspaceStorage\6b1361f77affa14ffa45e6e47cd1a5eb\redhat.java\jdt_ws --pipe=\\.\pipe\lsp-41d84ca1bbd8c95f79561e7df3de590c-sock
java_class_path (initial): c:\Users\Adel\.vscode\extensions\redhat.java-1.41.1-win32-x64\server\plugins\org.eclipse.equinox.launcher_1.7.0.v20250331-1702.jar
Launcher Type: SUN_STANDARD

[Global flags]
    uintx AdaptiveSizePolicyWeight                 = 90                                        {product} {command line}
     intx CICompilerCount                          = 4                                         {product} {ergonomic}
    uintx GCTimeRatio                              = 4                                         {product} {command line}
     bool HeapDumpOnOutOfMemoryError               = true                                   {manageable} {command line}
    ccstr HeapDumpPath                             = c:\Users\Adel\AppData\Roaming\Code\User\workspaceStorage\6b1361f77affa14ffa45e6e47cd1a5eb\redhat.java         {manageable} {command line}
   size_t InitialHeapSize                          = 104857600                                 {product} {command line}
   size_t MaxHeapSize                              = 1073741824                                {product} {command line}
   size_t MaxNewSize                               = 357564416                                 {product} {ergonomic}
   size_t MinHeapDeltaBytes                        = 524288                                    {product} {ergonomic}
   size_t MinHeapSize                              = 104857600                                 {product} {command line}
   size_t NewSize                                  = 34603008                                  {product} {ergonomic}
    uintx NonNMethodCodeHeapSize                   = 5839372                                {pd product} {ergonomic}
    uintx NonProfiledCodeHeapSize                  = 122909434                              {pd product} {ergonomic}
   size_t OldSize                                  = 70254592                                  {product} {ergonomic}
    uintx ProfiledCodeHeapSize                     = 122909434                              {pd product} {ergonomic}
    uintx ReservedCodeCacheSize                    = 251658240                              {pd product} {ergonomic}
     bool SegmentedCodeCache                       = true                                      {product} {ergonomic}
   size_t SoftMaxHeapSize                          = 1073741824                             {manageable} {ergonomic}
     bool UseCompressedOops                        = true                           {product lp64_product} {ergonomic}
     bool UseLargePagesIndividualAllocation        = false                                  {pd product} {ergonomic}
     bool UseParallelGC                            = true                                      {product} {command line}

Logging:
Log output configuration:
 #0: stdout all=off uptime,level,tags foldmultilines=false
 #1: stderr all=off uptime,level,tags foldmultilines=false

Environment Variables:
PATH=C:\Program Files\Common Files\Oracle\Java\javapath;C:\WINDOWS\system32;C:\WINDOWS;C:\WINDOWS\System32\Wbem;C:\WINDOWS\System32\WindowsPowerShell\v1.0\;C:\WINDOWS\System32\OpenSSH\;D:\1\Git\cmd;C:\Program Files\Docker\Docker\resources\bin;C:\ProgramData\Adel\GitHubDesktop\bin;C:\Program Files\nodejs\;C:\ProgramData\Oracle\Java\javapath;C:\Program Files\Common Files\Oracle\Java\javapath;C:\WINDOWS\system32;C:\WINDOWS;C:\WINDOWS\System32\Wbem;C:\WINDOWS\System32\WindowsPowerShell\v1.0\;C:\WINDOWS\System32\OpenSSH\;D:\1\Git\cmd;D:\1\flutter_windows_3.27.3-stable;C:\Users\Adel\AppData\Local\Programs\Python\Python312\Scripts\;C:\Users\Adel\AppData\Local\Programs\Python\Python312\;C:\Users\Adel\AppData\Local\Programs\Python\Launcher\;C:\Users\Adel\AppData\Local\Microsoft\WindowsApps;C:\Users\Adel\AppData\Local\Programs\Microsoft VS Code\bin;C:\msys64\usr\bin;C:\msys64\mingw64\bin;C:\msys64\mingw32\bin;C:\msys64\ucrt64\bin;C:\ProgramData\Adel\GitHubDesktop\bin;C:\Users\Adel\AppData\Local\Programs\MiKTeX\miktex\bin\x64\;D:\1\flutter_windows_3.27.3-stable\flutter\bin;C:\Program Files\Java\jdk1.8.0_111\bin;C:\Users\Adel\Downloads\maven-mvnd-1.0.2-windows-amd64\maven-mvnd-1.0.2-windows-amd64\bin;C:\ProgramData\Adel\GitHubDesktop\bin;C:\Users\Adel\AppData\Roaming\npm
USERNAME=Adel
OS=Windows_NT
PROCESSOR_IDENTIFIER=Intel64 Family 6 Model 165 Stepping 2, GenuineIntel
TMP=C:\Users\Adel\AppData\Local\Temp
TEMP=C:\Users\Adel\AppData\Local\Temp




Periodic native trim disabled

---------------  S Y S T E M  ---------------

OS:
 Windows 11 , 64 bit Build 22621 (10.0.22621.4974)
OS uptime: 2 days 14:04 hours
Hyper-V role detected

CPU: total 8 (initial active 8) (4 cores per cpu, 2 threads per core) family 6 model 165 stepping 2 microcode 0xf0, cx8, cmov, fxsr, ht, mmx, 3dnowpref, sse, sse2, sse3, ssse3, sse4.1, sse4.2, popcnt, lzcnt, tsc, tscinvbit, avx, avx2, aes, erms, clmul, bmi1, bmi2, adx, fma, vzeroupper, clflush, clflushopt, hv, rdtscp, f16c
Processor Information for the first 8 processors :
  Max Mhz: 2496, Current Mhz: 2496, Mhz Limit: 2496

Memory: 4k page, system-wide physical 8099M (209M free)
TotalPageFile size 21337M (AvailPageFile size 24M)
current process WorkingSet (physical memory assigned to process): 328M, peak: 696M
current process commit charge ("private bytes"): 951M, peak: 952M

vm_info: OpenJDK 64-Bit Server VM (21.0.6+7-LTS) for windows-amd64 JRE (21.0.6+7-LTS), built on 2025-01-21T00:00:00Z by "admin" with MS VC++ 17.7 (VS2022)

END.
