#
# There is insufficient memory for the Java Runtime Environment to continue.
# Native memory allocation (malloc) failed to allocate 925776 bytes. Error detail: Chunk::new
# Possible reasons:
#   The system is out of physical RAM or swap space
#   This process is running with CompressedOops enabled, and the Java Heap may be blocking the growth of the native heap
# Possible solutions:
#   Reduce memory load on the system
#   Increase physical memory or swap space
#   Check if swap backing store is full
#   Decrease Java heap size (-Xmx/-Xms)
#   Decrease number of Java threads
#   Decrease Java thread stack sizes (-Xss)
#   Set larger code cache with -XX:ReservedCodeCacheSize=
#   JVM is running with Unscaled Compressed Oops mode in which the Java heap is
#     placed in the first 4GB address space. The Java Heap base address is the
#     maximum limit for the native heap growth. Please use -XX:HeapBaseMinAddress
#     to set the Java Heap base and to place the Java Heap above 4GB virtual address.
# This output file may be truncated or incomplete.
#
#  Out of Memory Error (arena.cpp:168), pid=21752, tid=23580
#
# JRE version: OpenJDK Runtime Environment Temurin-21.0.7+6 (21.0.7+6) (build 21.0.7+6-LTS)
# Java VM: OpenJDK 64-Bit Server VM Temurin-21.0.7+6 (21.0.7+6-LTS, mixed mode, sharing, tiered, compressed oops, compressed class ptrs, parallel gc, windows-amd64)
# No core dump will be written. Minidumps are not enabled by default on client versions of Windows
#

---------------  S U M M A R Y ------------

Command Line: --add-modules=ALL-SYSTEM --add-opens=java.base/java.util=ALL-UNNAMED --add-opens=java.base/java.lang=ALL-UNNAMED --add-opens=java.base/sun.nio.fs=ALL-UNNAMED -Declipse.application=org.eclipse.jdt.ls.core.id1 -Dosgi.bundles.defaultStartLevel=4 -Declipse.product=org.eclipse.jdt.ls.core.product -Djava.import.generatesMetadataFilesAtProjectRoot=false -DDetectVMInstallationsJob.disabled=true -Dfile.encoding=utf8 -XX:+UseParallelGC -XX:GCTimeRatio=4 -XX:AdaptiveSizePolicyWeight=90 -Dsun.zip.disableMemoryMapping=true -Xmx1G -Xms100m -Xlog:disable -javaagent:c:\Users\Adel\.vscode\extensions\redhat.java-1.42.0-win32-x64\lombok\lombok-1.18.36.jar -XX:+HeapDumpOnOutOfMemoryError -XX:HeapDumpPath=c:\Users\Adel\AppData\Roaming\Code\User\workspaceStorage\45387e2bdb139d26aa9d40a2b8c5fab9\redhat.java -Daether.dependencyCollector.impl=bf c:\Users\Adel\.vscode\extensions\redhat.java-1.42.0-win32-x64\server\plugins\org.eclipse.equinox.launcher_1.7.0.v20250424-1814.jar -configuration c:\Users\Adel\AppData\Roaming\Code\User\globalStorage\redhat.java\1.42.0\config_win -data c:\Users\Adel\AppData\Roaming\Code\User\workspaceStorage\45387e2bdb139d26aa9d40a2b8c5fab9\redhat.java\jdt_ws --pipe=\\.\pipe\lsp-41684030c94bccfb0dc8e93995f52ca6-sock

Host: Intel(R) Core(TM) i5-10300H CPU @ 2.50GHz, 8 cores, 7G,  Windows 11 , 64 bit Build 22621 (10.0.22621.4974)
Time: Sun May 25 14:24:31 2025 Paris, Madrid elapsed time: 16.602745 seconds (0d 0h 0m 16s)

---------------  T H R E A D  ---------------

Current thread (0x0000021df6869900):  JavaThread "C2 CompilerThread0" daemon [_thread_in_native, id=23580, stack(0x00000045aa000000,0x00000045aa100000) (1024K)]


Current CompileTask:
C2:16602 12172   !   4       org.eclipse.jdt.internal.core.util.DeduplicationUtil::intern (149 bytes)

Stack: [0x00000045aa000000,0x00000045aa100000]
Native frames: (J=compiled Java code, j=interpreted, Vv=VM code, C=native code)
V  [jvm.dll+0x6ce119]
V  [jvm.dll+0x8a84a1]
V  [jvm.dll+0x8aa9ce]
V  [jvm.dll+0x8ab0b3]
V  [jvm.dll+0x27f8a6]
V  [jvm.dll+0xc507d]
V  [jvm.dll+0xc55b3]
V  [jvm.dll+0x3b692c]
V  [jvm.dll+0x382aa5]
V  [jvm.dll+0x381f0a]
V  [jvm.dll+0x247af0]
V  [jvm.dll+0x2470cf]
V  [jvm.dll+0x1c760e]
V  [jvm.dll+0x25695a]
V  [jvm.dll+0x254efa]
V  [jvm.dll+0x3f03f6]
V  [jvm.dll+0x851f6b]
V  [jvm.dll+0x6cc7dd]
C  [ucrtbase.dll+0x29333]
C  [KERNEL32.DLL+0x1259d]
C  [ntdll.dll+0x5af38]


---------------  P R O C E S S  ---------------

Threads class SMR info:
_java_thread_list=0x0000021dd571c090, length=61, elements={
0x0000021df149ef00, 0x0000021df155da30, 0x0000021df68546f0, 0x0000021df6856a70,
0x0000021df6857980, 0x0000021df685d880, 0x0000021df68630e0, 0x0000021df6869900,
0x0000021df686c880, 0x0000021df68651b0, 0x0000021df68623c0, 0x0000021df6865840,
0x0000021df6862a50, 0x0000021df6863770, 0x0000021df6863e00, 0x0000021df6864490,
0x0000021df6864b20, 0x0000021dfd38ac40, 0x0000021dfd386410, 0x0000021dfd389f20,
0x0000021dfd38cd10, 0x0000021dfd388b70, 0x0000021dfd389200, 0x0000021dfd3884e0,
0x0000021dfd38a5b0, 0x0000021dfd38d3a0, 0x0000021dfd386aa0, 0x0000021dfd387130,
0x0000021dfd38b2d0, 0x0000021dfd3877c0, 0x0000021dfd38bff0, 0x0000021dfd389890,
0x0000021dfd38c680, 0x0000021dfd38da30, 0x0000021dfec42a60, 0x0000021dfec40300,
0x0000021dfec40990, 0x0000021dfec423d0, 0x0000021dfec41020, 0x0000021dfec3fc70,
0x0000021dfec44b30, 0x0000021dfec43e10, 0x0000021dfec444a0, 0x0000021dfec45ee0,
0x0000021dfec45850, 0x0000021dfec46570, 0x0000021dfec3f5e0, 0x0000021dfec46c00,
0x0000021dfd2994d0, 0x0000021dfd293260, 0x0000021dfd2966e0, 0x0000021dfd292bd0,
0x0000021dfd2938f0, 0x0000021dfd29a1f0, 0x0000021dfd295330, 0x0000021dfd2959c0,
0x0000021dfd296d70, 0x0000021dfd293f80, 0x0000021dfd297400, 0x0000021dfd298120,
0x0000021dfddf5030
}

Java Threads: ( => current thread )
  0x0000021df149ef00 JavaThread "main"                              [_thread_blocked, id=23112, stack(0x00000045a9600000,0x00000045a9700000) (1024K)]
  0x0000021df155da30 JavaThread "Reference Handler"          daemon [_thread_blocked, id=592, stack(0x00000045a9a00000,0x00000045a9b00000) (1024K)]
  0x0000021df68546f0 JavaThread "Finalizer"                  daemon [_thread_blocked, id=9572, stack(0x00000045a9b00000,0x00000045a9c00000) (1024K)]
  0x0000021df6856a70 JavaThread "Signal Dispatcher"          daemon [_thread_blocked, id=11888, stack(0x00000045a9c00000,0x00000045a9d00000) (1024K)]
  0x0000021df6857980 JavaThread "Attach Listener"            daemon [_thread_blocked, id=17120, stack(0x00000045a9d00000,0x00000045a9e00000) (1024K)]
  0x0000021df685d880 JavaThread "Service Thread"             daemon [_thread_blocked, id=9716, stack(0x00000045a9e00000,0x00000045a9f00000) (1024K)]
  0x0000021df68630e0 JavaThread "Monitor Deflation Thread"   daemon [_thread_blocked, id=20908, stack(0x00000045a9f00000,0x00000045aa000000) (1024K)]
=>0x0000021df6869900 JavaThread "C2 CompilerThread0"         daemon [_thread_in_native, id=23580, stack(0x00000045aa000000,0x00000045aa100000) (1024K)]
  0x0000021df686c880 JavaThread "C1 CompilerThread0"         daemon [_thread_blocked, id=5988, stack(0x00000045aa100000,0x00000045aa200000) (1024K)]
  0x0000021df68651b0 JavaThread "Common-Cleaner"             daemon [_thread_blocked, id=3980, stack(0x00000045aa200000,0x00000045aa300000) (1024K)]
  0x0000021df68623c0 JavaThread "Notification Thread"        daemon [_thread_blocked, id=25840, stack(0x00000045aa400000,0x00000045aa500000) (1024K)]
  0x0000021df6865840 JavaThread "Active Thread: Equinox Container: 9c695178-ccf9-4ef0-9a5e-3100ebed6962"        [_thread_blocked, id=16984, stack(0x00000045aac00000,0x00000045aad00000) (1024K)]
  0x0000021df6862a50 JavaThread "Refresh Thread: Equinox Container: 9c695178-ccf9-4ef0-9a5e-3100ebed6962" daemon [_thread_blocked, id=5192, stack(0x00000045aad00000,0x00000045aae00000) (1024K)]
  0x0000021df6863770 JavaThread "Framework Event Dispatcher: Equinox Container: 9c695178-ccf9-4ef0-9a5e-3100ebed6962" daemon [_thread_blocked, id=20260, stack(0x00000045aaf00000,0x00000045ab000000) (1024K)]
  0x0000021df6863e00 JavaThread "Start Level: Equinox Container: 9c695178-ccf9-4ef0-9a5e-3100ebed6962" daemon [_thread_blocked, id=1792, stack(0x00000045ab000000,0x00000045ab100000) (1024K)]
  0x0000021df6864490 JavaThread "Bundle File Closer"         daemon [_thread_blocked, id=11396, stack(0x00000045ab100000,0x00000045ab200000) (1024K)]
  0x0000021df6864b20 JavaThread "SCR Component Actor"        daemon [_thread_blocked, id=4124, stack(0x00000045ab200000,0x00000045ab300000) (1024K)]
  0x0000021dfd38ac40 JavaThread "Worker-JM"                         [_thread_blocked, id=8068, stack(0x00000045aa500000,0x00000045aa600000) (1024K)]
  0x0000021dfd386410 JavaThread "JNA Cleaner"                daemon [_thread_blocked, id=8620, stack(0x00000045ab400000,0x00000045ab500000) (1024K)]
  0x0000021dfd389f20 JavaThread "Worker-0: Initialize Workspace"        [_thread_blocked, id=22052, stack(0x00000045ab500000,0x00000045ab600000) (1024K)]
  0x0000021dfd38cd10 JavaThread "Worker-1"                          [_thread_blocked, id=26128, stack(0x00000045ab600000,0x00000045ab700000) (1024K)]
  0x0000021dfd388b70 JavaThread "Worker-2"                          [_thread_blocked, id=23792, stack(0x00000045ab700000,0x00000045ab800000) (1024K)]
  0x0000021dfd389200 JavaThread "Java indexing"              daemon [_thread_in_Java, id=11500, stack(0x00000045ab900000,0x00000045aba00000) (1024K)]
  0x0000021dfd3884e0 JavaThread "Worker-3"                          [_thread_blocked, id=10416, stack(0x00000045aba00000,0x00000045abb00000) (1024K)]
  0x0000021dfd38a5b0 JavaThread "Worker-4"                          [_thread_blocked, id=22856, stack(0x00000045abd00000,0x00000045abe00000) (1024K)]
  0x0000021dfd38d3a0 JavaThread "Worker-5: Java indexing... "        [_thread_blocked, id=15544, stack(0x00000045abe00000,0x00000045abf00000) (1024K)]
  0x0000021dfd386aa0 JavaThread "Worker-6: Initialize workspace"        [_thread_blocked, id=11304, stack(0x00000045abf00000,0x00000045ac000000) (1024K)]
  0x0000021dfd387130 JavaThread "Thread-2"                   daemon [_thread_in_native, id=21192, stack(0x00000045ac000000,0x00000045ac100000) (1024K)]
  0x0000021dfd38b2d0 JavaThread "Thread-3"                   daemon [_thread_in_native, id=18064, stack(0x00000045ac100000,0x00000045ac200000) (1024K)]
  0x0000021dfd3877c0 JavaThread "Thread-4"                   daemon [_thread_in_native, id=22720, stack(0x00000045ac200000,0x00000045ac300000) (1024K)]
  0x0000021dfd38bff0 JavaThread "Thread-5"                   daemon [_thread_in_native, id=8440, stack(0x00000045ac300000,0x00000045ac400000) (1024K)]
  0x0000021dfd389890 JavaThread "Thread-6"                   daemon [_thread_in_native, id=23852, stack(0x00000045ac400000,0x00000045ac500000) (1024K)]
  0x0000021dfd38c680 JavaThread "Thread-7"                   daemon [_thread_in_native, id=26004, stack(0x00000045ac500000,0x00000045ac600000) (1024K)]
  0x0000021dfd38da30 JavaThread "Thread-8"                   daemon [_thread_in_native, id=25620, stack(0x00000045ac600000,0x00000045ac700000) (1024K)]
  0x0000021dfec42a60 JavaThread "Thread-9"                   daemon [_thread_in_native, id=25988, stack(0x00000045ac700000,0x00000045ac800000) (1024K)]
  0x0000021dfec40300 JavaThread "Thread-10"                  daemon [_thread_in_native, id=22572, stack(0x00000045ac800000,0x00000045ac900000) (1024K)]
  0x0000021dfec40990 JavaThread "pool-2-thread-1"                   [_thread_blocked, id=15900, stack(0x00000045ac900000,0x00000045aca00000) (1024K)]
  0x0000021dfec423d0 JavaThread "WorkspaceEventsHandler"            [_thread_blocked, id=6420, stack(0x00000045aca00000,0x00000045acb00000) (1024K)]
  0x0000021dfec41020 JavaThread "pool-1-thread-1"                   [_thread_blocked, id=16240, stack(0x00000045acb00000,0x00000045acc00000) (1024K)]
  0x0000021dfec3fc70 JavaThread "Worker-7"                          [_thread_blocked, id=23944, stack(0x00000045acc00000,0x00000045acd00000) (1024K)]
  0x0000021dfec44b30 JavaThread "Worker-8: Publish Diagnostics"        [_thread_in_Java, id=1580, stack(0x00000045acd00000,0x00000045ace00000) (1024K)]
  0x0000021dfec43e10 JavaThread "LocalFile Deleter"          daemon [_thread_blocked, id=17444, stack(0x00000045ace00000,0x00000045acf00000) (1024K)]
  0x0000021dfec444a0 JavaThread "LocalFile Deleter"          daemon [_thread_blocked, id=10548, stack(0x00000045acf00000,0x00000045ad000000) (1024K)]
  0x0000021dfec45ee0 JavaThread "LocalFile Deleter"          daemon [_thread_blocked, id=3972, stack(0x00000045ad000000,0x00000045ad100000) (1024K)]
  0x0000021dfec45850 JavaThread "LocalFile Deleter"          daemon [_thread_blocked, id=16812, stack(0x00000045ad100000,0x00000045ad200000) (1024K)]
  0x0000021dfec46570 JavaThread "LocalFile Deleter"          daemon [_thread_blocked, id=7944, stack(0x00000045ad200000,0x00000045ad300000) (1024K)]
  0x0000021dfec3f5e0 JavaThread "LocalFile Deleter"          daemon [_thread_blocked, id=22196, stack(0x00000045ad300000,0x00000045ad400000) (1024K)]
  0x0000021dfec46c00 JavaThread "Compiler Source File Reader" daemon [_thread_blocked, id=11124, stack(0x00000045ad400000,0x00000045ad500000) (1024K)]
  0x0000021dfd2994d0 JavaThread "Compiler Source File Reader" daemon [_thread_blocked, id=20288, stack(0x00000045ad500000,0x00000045ad600000) (1024K)]
  0x0000021dfd293260 JavaThread "Compiler Source File Reader" daemon [_thread_blocked, id=19268, stack(0x00000045ad600000,0x00000045ad700000) (1024K)]
  0x0000021dfd2966e0 JavaThread "Compiler Source File Reader" daemon [_thread_blocked, id=20728, stack(0x00000045ad700000,0x00000045ad800000) (1024K)]
  0x0000021dfd292bd0 JavaThread "Compiler Source File Reader" daemon [_thread_blocked, id=18428, stack(0x00000045ad800000,0x00000045ad900000) (1024K)]
  0x0000021dfd2938f0 JavaThread "Compiler Source File Reader" daemon [_thread_blocked, id=13964, stack(0x00000045ad900000,0x00000045ada00000) (1024K)]
  0x0000021dfd29a1f0 JavaThread "Compiler Processing Task"   daemon [_thread_blocked, id=19232, stack(0x00000045ab300000,0x00000045ab400000) (1024K)]
  0x0000021dfd295330 JavaThread "Compiler Class File Writer" daemon [_thread_blocked, id=20220, stack(0x00000045ada00000,0x00000045adb00000) (1024K)]
  0x0000021dfd2959c0 JavaThread "Compiler Class File Writer" daemon [_thread_blocked, id=16772, stack(0x00000045adb00000,0x00000045adc00000) (1024K)]
  0x0000021dfd296d70 JavaThread "Compiler Class File Writer" daemon [_thread_blocked, id=19208, stack(0x00000045adc00000,0x00000045add00000) (1024K)]
  0x0000021dfd293f80 JavaThread "Compiler Class File Writer" daemon [_thread_blocked, id=19292, stack(0x00000045add00000,0x00000045ade00000) (1024K)]
  0x0000021dfd297400 JavaThread "Compiler Class File Writer" daemon [_thread_blocked, id=4280, stack(0x00000045ade00000,0x00000045adf00000) (1024K)]
  0x0000021dfd298120 JavaThread "Compiler Class File Writer" daemon [_thread_blocked, id=13216, stack(0x00000045adf00000,0x00000045ae000000) (1024K)]
  0x0000021dfddf5030 JavaThread "C2 CompilerThread1"         daemon [_thread_in_native, id=25172, stack(0x00000045aa300000,0x00000045aa400000) (1024K)]
Total: 61

Other Threads:
  0x0000021df6853510 VMThread "VM Thread"                           [id=26436, stack(0x00000045a9900000,0x00000045a9a00000) (1024K)]
  0x0000021df1509ff0 WatcherThread "VM Periodic Task Thread"        [id=9388, stack(0x00000045a9800000,0x00000045a9900000) (1024K)]
  0x0000021df14be490 WorkerThread "GC Thread#0"                     [id=2500, stack(0x00000045a9700000,0x00000045a9800000) (1024K)]
  0x0000021df8a26eb0 WorkerThread "GC Thread#1"                     [id=21824, stack(0x00000045aa600000,0x00000045aa700000) (1024K)]
  0x0000021dfd1c0b10 WorkerThread "GC Thread#2"                     [id=10412, stack(0x00000045aa700000,0x00000045aa800000) (1024K)]
  0x0000021df8a27250 WorkerThread "GC Thread#3"                     [id=25780, stack(0x00000045aa800000,0x00000045aa900000) (1024K)]
  0x0000021df87ac770 WorkerThread "GC Thread#4"                     [id=2512, stack(0x00000045aa900000,0x00000045aaa00000) (1024K)]
  0x0000021df87acb10 WorkerThread "GC Thread#5"                     [id=17980, stack(0x00000045aaa00000,0x00000045aab00000) (1024K)]
  0x0000021df87aceb0 WorkerThread "GC Thread#6"                     [id=11588, stack(0x00000045aab00000,0x00000045aac00000) (1024K)]
  0x0000021dfd33d5f0 WorkerThread "GC Thread#7"                     [id=17264, stack(0x00000045aae00000,0x00000045aaf00000) (1024K)]
Total: 10

Threads with active compile tasks:
C2 CompilerThread0  16633 12172   !   4       org.eclipse.jdt.internal.core.util.DeduplicationUtil::intern (149 bytes)
C2 CompilerThread1  16633 12212       4       org.eclipse.jdt.internal.compiler.parser.Parser::consumeRule (7748 bytes)
Total: 2

VM state: not at safepoint (normal execution)

VM Mutex/Monitor currently owned by a thread: None

Heap address: 0x00000000c0000000, size: 1024 MB, Compressed Oops mode: 32-bit

CDS archive(s) mapped at: [0x0000021d8f000000-0x0000021d8fba0000-0x0000021d8fba0000), size 12189696, SharedBaseAddress: 0x0000021d8f000000, ArchiveRelocationMode: 1.
Compressed class space mapped at: 0x0000021d90000000-0x0000021dd0000000, reserved size: 1073741824
Narrow klass base: 0x0000021d8f000000, Narrow klass shift: 0, Narrow klass range: 0x100000000

GC Precious Log:
 CardTable entry size: 512
 CPUs: 8 total, 8 available
 Memory: 8099M
 Large Page Support: Disabled
 NUMA Support: Disabled
 Compressed Oops: Enabled (32-bit)
 Alignments: Space 512K, Generation 512K, Heap 2M
 Heap Min Capacity: 100M
 Heap Initial Capacity: 100M
 Heap Max Capacity: 1G
 Pre-touch: Disabled
 Parallel Workers: 8

Heap:
 PSYoungGen      total 11776K, used 4938K [0x00000000eab00000, 0x00000000eb800000, 0x0000000100000000)
  eden space 10240K, 33% used [0x00000000eab00000,0x00000000eae58180,0x00000000eb500000)
  from space 1536K, 98% used [0x00000000eb680000,0x00000000eb7fa9e8,0x00000000eb800000)
  to   space 1536K, 0% used [0x00000000eb500000,0x00000000eb500000,0x00000000eb680000)
 ParOldGen       total 287744K, used 287574K [0x00000000c0000000, 0x00000000d1900000, 0x00000000eab00000)
  object space 287744K, 99% used [0x00000000c0000000,0x00000000d18d5a10,0x00000000d1900000)
 Metaspace       used 64769K, committed 66304K, reserved 1114112K
  class space    used 6684K, committed 7360K, reserved 1048576K

Card table byte_map: [0x0000021df0e60000,0x0000021df1070000] _byte_map_base: 0x0000021df0860000

Marking Bits: (ParMarkBitMap*) 0x00007ffc11b831f0
 Begin Bits: [0x0000021df4690000, 0x0000021df5690000)
 End Bits:   [0x0000021df5690000, 0x0000021df6690000)

Polling page: 0x0000021def360000

Metaspace:

Usage:
  Non-class:     56.72 MB used.
      Class:      6.53 MB used.
       Both:     63.25 MB used.

Virtual space:
  Non-class space:       64.00 MB reserved,      57.56 MB ( 90%) committed,  1 nodes.
      Class space:        1.00 GB reserved,       7.19 MB ( <1%) committed,  1 nodes.
             Both:        1.06 GB reserved,      64.75 MB (  6%) committed. 

Chunk freelists:
   Non-Class:  6.41 MB
       Class:  8.82 MB
        Both:  15.23 MB

MaxMetaspaceSize: unlimited
CompressedClassSpaceSize: 1.00 GB
Initial GC threshold: 21.00 MB
Current GC threshold: 97.81 MB
CDS: on
 - commit_granule_bytes: 65536.
 - commit_granule_words: 8192.
 - virtual_space_node_default_size: 8388608.
 - enlarge_chunks_in_place: 1.
 - use_allocation_guard: 0.


Internal statistics:

num_allocs_failed_limit: 13.
num_arena_births: 1270.
num_arena_deaths: 14.
num_vsnodes_births: 2.
num_vsnodes_deaths: 0.
num_space_committed: 1036.
num_space_uncommitted: 0.
num_chunks_returned_to_freelist: 27.
num_chunks_taken_from_freelist: 4407.
num_chunk_merges: 19.
num_chunk_splits: 2672.
num_chunks_enlarged: 1466.
num_inconsistent_stats: 0.

CodeHeap 'non-profiled nmethods': size=120000Kb used=8033Kb max_used=8033Kb free=111966Kb
 bounds [0x0000021d87ad0000, 0x0000021d882b0000, 0x0000021d8f000000]
CodeHeap 'profiled nmethods': size=120000Kb used=25179Kb max_used=25179Kb free=94821Kb
 bounds [0x0000021d80000000, 0x0000021d818a0000, 0x0000021d87530000]
CodeHeap 'non-nmethods': size=5760Kb used=1441Kb max_used=1529Kb free=4318Kb
 bounds [0x0000021d87530000, 0x0000021d877a0000, 0x0000021d87ad0000]
 total_blobs=12186 nmethods=11434 adapters=657
 compilation: enabled
              stopped_count=0, restarted_count=0
 full_count=0

Compilation events (20 events):
Event: 16.535 Thread 0x0000021df686c880 nmethod 12203 0x0000021d882a3810 code [0x0000021d882a39a0, 0x0000021d882a3a68]
Event: 16.537 Thread 0x0000021dfddf5030 12204       4       java.lang.invoke.DirectMethodHandle$Holder::invokeStatic (15 bytes)
Event: 16.538 Thread 0x0000021df686c880 12205   !   3       org.eclipse.jdt.internal.core.JarPackageFragmentRoot::computeChildren (605 bytes)
Event: 16.538 Thread 0x0000021dfddf5030 nmethod 12204 0x0000021d882a3b10 code [0x0000021d882a3ca0, 0x0000021d882a3d88]
Event: 16.547 Thread 0x0000021df686c880 nmethod 12205 0x0000021d81872590 code [0x0000021d81872f60, 0x0000021d81879a60]
Event: 16.554 Thread 0x0000021df686c880 12206 %     3       org.eclipse.jdt.internal.core.util.WeakHashSet::rehash @ 38 (90 bytes)
Event: 16.554 Thread 0x0000021dfddf5030 12207       4       org.eclipse.jdt.internal.core.util.WeakHashSet::addValue (99 bytes)
Event: 16.555 Thread 0x0000021df686c880 nmethod 12206% 0x0000021d8187ce90 code [0x0000021d8187d080, 0x0000021d8187d4e0]
Event: 16.559 Thread 0x0000021dfddf5030 nmethod 12207 0x0000021d882a3e90 code [0x0000021d882a4040, 0x0000021d882a4388]
Event: 16.559 Thread 0x0000021dfddf5030 12208 %     4       org.eclipse.jdt.internal.core.util.WeakHashSet::rehash @ 38 (90 bytes)
Event: 16.570 Thread 0x0000021dfddf5030 nmethod 12208% 0x0000021d882a4610 code [0x0000021d882a4800, 0x0000021d882a4e70]
Event: 16.580 Thread 0x0000021df686c880 12209   !   3       org.eclipse.jdt.internal.core.search.indexing.AddJrtToIndex$JrtIndexer::visitFile (133 bytes)
Event: 16.583 Thread 0x0000021dfddf5030 12211   !   4       java.text.MessageFormat::makeFormat (696 bytes)
Event: 16.586 Thread 0x0000021df686c880 nmethod 12209 0x0000021d8187d710 code [0x0000021d8187de00, 0x0000021d81882040]
Event: 16.587 Thread 0x0000021df686c880 12210       3       org.eclipse.jdt.internal.compiler.classfmt.ClassFileReader::read (7 bytes)
Event: 16.587 Thread 0x0000021df686c880 nmethod 12210 0x0000021d81883e90 code [0x0000021d81884040, 0x0000021d81884160]
Event: 16.593 Thread 0x0000021df686c880 12213   !   3       org.eclipse.jdt.internal.compiler.parser.Scanner::scanForStringLiteral (636 bytes)
Event: 16.596 Thread 0x0000021df686c880 nmethod 12213 0x0000021d81884210 code [0x0000021d818845e0, 0x0000021d81885f90]
Event: 16.596 Thread 0x0000021df686c880 12215       3       org.eclipse.jdt.internal.compiler.parser.Parser::consumeModifiers (43 bytes)
Event: 16.596 Thread 0x0000021df686c880 nmethod 12215 0x0000021d81886d10 code [0x0000021d81886f00, 0x0000021d81887368]

GC Heap History (20 events):
Event: 16.361 GC heap before
{Heap before GC invocations=261 (full 3):
 PSYoungGen      total 11776K, used 11600K [0x00000000eab00000, 0x00000000eb880000, 0x0000000100000000)
  eden space 10752K, 100% used [0x00000000eab00000,0x00000000eb580000,0x00000000eb580000)
  from space 1024K, 82% used [0x00000000eb580000,0x00000000eb6542e0,0x00000000eb680000)
  to   space 1536K, 0% used [0x00000000eb700000,0x00000000eb700000,0x00000000eb880000)
 ParOldGen       total 275456K, used 275329K [0x00000000c0000000, 0x00000000d0d00000, 0x00000000eab00000)
  object space 275456K, 99% used [0x00000000c0000000,0x00000000d0ce04f0,0x00000000d0d00000)
 Metaspace       used 64638K, committed 66176K, reserved 1114112K
  class space    used 6668K, committed 7360K, reserved 1048576K
}
Event: 16.365 GC heap after
{Heap after GC invocations=261 (full 3):
 PSYoungGen      total 12288K, used 1258K [0x00000000eab00000, 0x00000000eb880000, 0x0000000100000000)
  eden space 10752K, 0% used [0x00000000eab00000,0x00000000eab00000,0x00000000eb580000)
  from space 1536K, 81% used [0x00000000eb700000,0x00000000eb83aa20,0x00000000eb880000)
  to   space 1536K, 0% used [0x00000000eb580000,0x00000000eb580000,0x00000000eb700000)
 ParOldGen       total 276480K, used 276043K [0x00000000c0000000, 0x00000000d0e00000, 0x00000000eab00000)
  object space 276480K, 99% used [0x00000000c0000000,0x00000000d0d92f50,0x00000000d0e00000)
 Metaspace       used 64638K, committed 66176K, reserved 1114112K
  class space    used 6668K, committed 7360K, reserved 1048576K
}
Event: 16.400 GC heap before
{Heap before GC invocations=262 (full 3):
 PSYoungGen      total 12288K, used 12010K [0x00000000eab00000, 0x00000000eb880000, 0x0000000100000000)
  eden space 10752K, 100% used [0x00000000eab00000,0x00000000eb580000,0x00000000eb580000)
  from space 1536K, 81% used [0x00000000eb700000,0x00000000eb83aa20,0x00000000eb880000)
  to   space 1536K, 0% used [0x00000000eb580000,0x00000000eb580000,0x00000000eb700000)
 ParOldGen       total 276480K, used 276043K [0x00000000c0000000, 0x00000000d0e00000, 0x00000000eab00000)
  object space 276480K, 99% used [0x00000000c0000000,0x00000000d0d92f50,0x00000000d0e00000)
 Metaspace       used 64648K, committed 66176K, reserved 1114112K
  class space    used 6668K, committed 7360K, reserved 1048576K
}
Event: 16.404 GC heap after
{Heap after GC invocations=262 (full 3):
 PSYoungGen      total 12288K, used 1512K [0x00000000eab00000, 0x00000000ebb80000, 0x0000000100000000)
  eden space 10752K, 0% used [0x00000000eab00000,0x00000000eab00000,0x00000000eb580000)
  from space 1536K, 98% used [0x00000000eb580000,0x00000000eb6fa390,0x00000000eb700000)
  to   space 3072K, 0% used [0x00000000eb880000,0x00000000eb880000,0x00000000ebb80000)
 ParOldGen       total 277504K, used 277238K [0x00000000c0000000, 0x00000000d0f00000, 0x00000000eab00000)
  object space 277504K, 99% used [0x00000000c0000000,0x00000000d0ebd940,0x00000000d0f00000)
 Metaspace       used 64648K, committed 66176K, reserved 1114112K
  class space    used 6668K, committed 7360K, reserved 1048576K
}
Event: 16.425 GC heap before
{Heap before GC invocations=263 (full 3):
 PSYoungGen      total 12288K, used 12264K [0x00000000eab00000, 0x00000000ebb80000, 0x0000000100000000)
  eden space 10752K, 100% used [0x00000000eab00000,0x00000000eb580000,0x00000000eb580000)
  from space 1536K, 98% used [0x00000000eb580000,0x00000000eb6fa390,0x00000000eb700000)
  to   space 3072K, 0% used [0x00000000eb880000,0x00000000eb880000,0x00000000ebb80000)
 ParOldGen       total 277504K, used 277238K [0x00000000c0000000, 0x00000000d0f00000, 0x00000000eab00000)
  object space 277504K, 99% used [0x00000000c0000000,0x00000000d0ebd940,0x00000000d0f00000)
 Metaspace       used 64648K, committed 66176K, reserved 1114112K
  class space    used 6668K, committed 7360K, reserved 1048576K
}
Event: 16.428 GC heap after
{Heap after GC invocations=263 (full 3):
 PSYoungGen      total 12288K, used 1294K [0x00000000eab00000, 0x00000000eba00000, 0x0000000100000000)
  eden space 10752K, 0% used [0x00000000eab00000,0x00000000eab00000,0x00000000eb580000)
  from space 1536K, 84% used [0x00000000eb880000,0x00000000eb9c3998,0x00000000eba00000)
  to   space 2048K, 0% used [0x00000000eb600000,0x00000000eb600000,0x00000000eb800000)
 ParOldGen       total 279040K, used 278716K [0x00000000c0000000, 0x00000000d1080000, 0x00000000eab00000)
  object space 279040K, 99% used [0x00000000c0000000,0x00000000d102f268,0x00000000d1080000)
 Metaspace       used 64648K, committed 66176K, reserved 1114112K
  class space    used 6668K, committed 7360K, reserved 1048576K
}
Event: 16.443 GC heap before
{Heap before GC invocations=264 (full 3):
 PSYoungGen      total 12288K, used 12046K [0x00000000eab00000, 0x00000000eba00000, 0x0000000100000000)
  eden space 10752K, 100% used [0x00000000eab00000,0x00000000eb580000,0x00000000eb580000)
  from space 1536K, 84% used [0x00000000eb880000,0x00000000eb9c3998,0x00000000eba00000)
  to   space 2048K, 0% used [0x00000000eb600000,0x00000000eb600000,0x00000000eb800000)
 ParOldGen       total 279040K, used 278716K [0x00000000c0000000, 0x00000000d1080000, 0x00000000eab00000)
  object space 279040K, 99% used [0x00000000c0000000,0x00000000d102f268,0x00000000d1080000)
 Metaspace       used 64648K, committed 66176K, reserved 1114112K
  class space    used 6668K, committed 7360K, reserved 1048576K
}
Event: 16.446 GC heap after
{Heap after GC invocations=264 (full 3):
 PSYoungGen      total 12288K, used 1171K [0x00000000eab00000, 0x00000000eb900000, 0x0000000100000000)
  eden space 10752K, 0% used [0x00000000eab00000,0x00000000eab00000,0x00000000eb580000)
  from space 1536K, 76% used [0x00000000eb600000,0x00000000eb724d90,0x00000000eb780000)
  to   space 1536K, 0% used [0x00000000eb780000,0x00000000eb780000,0x00000000eb900000)
 ParOldGen       total 280064K, used 279911K [0x00000000c0000000, 0x00000000d1180000, 0x00000000eab00000)
  object space 280064K, 99% used [0x00000000c0000000,0x00000000d1159d98,0x00000000d1180000)
 Metaspace       used 64648K, committed 66176K, reserved 1114112K
  class space    used 6668K, committed 7360K, reserved 1048576K
}
Event: 16.459 GC heap before
{Heap before GC invocations=265 (full 3):
 PSYoungGen      total 12288K, used 11923K [0x00000000eab00000, 0x00000000eb900000, 0x0000000100000000)
  eden space 10752K, 100% used [0x00000000eab00000,0x00000000eb580000,0x00000000eb580000)
  from space 1536K, 76% used [0x00000000eb600000,0x00000000eb724d90,0x00000000eb780000)
  to   space 1536K, 0% used [0x00000000eb780000,0x00000000eb780000,0x00000000eb900000)
 ParOldGen       total 280064K, used 279911K [0x00000000c0000000, 0x00000000d1180000, 0x00000000eab00000)
  object space 280064K, 99% used [0x00000000c0000000,0x00000000d1159d98,0x00000000d1180000)
 Metaspace       used 64648K, committed 66176K, reserved 1114112K
  class space    used 6668K, committed 7360K, reserved 1048576K
}
Event: 16.462 GC heap after
{Heap after GC invocations=265 (full 3):
 PSYoungGen      total 11776K, used 793K [0x00000000eab00000, 0x00000000eb880000, 0x0000000100000000)
  eden space 10752K, 0% used [0x00000000eab00000,0x00000000eab00000,0x00000000eb580000)
  from space 1024K, 77% used [0x00000000eb780000,0x00000000eb846400,0x00000000eb880000)
  to   space 1024K, 0% used [0x00000000eb680000,0x00000000eb680000,0x00000000eb780000)
 ParOldGen       total 281088K, used 280948K [0x00000000c0000000, 0x00000000d1280000, 0x00000000eab00000)
  object space 281088K, 99% used [0x00000000c0000000,0x00000000d125d290,0x00000000d1280000)
 Metaspace       used 64648K, committed 66176K, reserved 1114112K
  class space    used 6668K, committed 7360K, reserved 1048576K
}
Event: 16.475 GC heap before
{Heap before GC invocations=266 (full 3):
 PSYoungGen      total 11776K, used 11543K [0x00000000eab00000, 0x00000000eb880000, 0x0000000100000000)
  eden space 10752K, 99% used [0x00000000eab00000,0x00000000eb57fbb0,0x00000000eb580000)
  from space 1024K, 77% used [0x00000000eb780000,0x00000000eb846400,0x00000000eb880000)
  to   space 1024K, 0% used [0x00000000eb680000,0x00000000eb680000,0x00000000eb780000)
 ParOldGen       total 281088K, used 280948K [0x00000000c0000000, 0x00000000d1280000, 0x00000000eab00000)
  object space 281088K, 99% used [0x00000000c0000000,0x00000000d125d290,0x00000000d1280000)
 Metaspace       used 64648K, committed 66176K, reserved 1114112K
  class space    used 6668K, committed 7360K, reserved 1048576K
}
Event: 16.477 GC heap after
{Heap after GC invocations=266 (full 3):
 PSYoungGen      total 11776K, used 865K [0x00000000eab00000, 0x00000000eb800000, 0x0000000100000000)
  eden space 10752K, 0% used [0x00000000eab00000,0x00000000eab00000,0x00000000eb580000)
  from space 1024K, 84% used [0x00000000eb680000,0x00000000eb758490,0x00000000eb780000)
  to   space 512K, 0% used [0x00000000eb780000,0x00000000eb780000,0x00000000eb800000)
 ParOldGen       total 282112K, used 281657K [0x00000000c0000000, 0x00000000d1380000, 0x00000000eab00000)
  object space 282112K, 99% used [0x00000000c0000000,0x00000000d130e738,0x00000000d1380000)
 Metaspace       used 64648K, committed 66176K, reserved 1114112K
  class space    used 6668K, committed 7360K, reserved 1048576K
}
Event: 16.502 GC heap before
{Heap before GC invocations=267 (full 3):
 PSYoungGen      total 11776K, used 11617K [0x00000000eab00000, 0x00000000eb800000, 0x0000000100000000)
  eden space 10752K, 100% used [0x00000000eab00000,0x00000000eb580000,0x00000000eb580000)
  from space 1024K, 84% used [0x00000000eb680000,0x00000000eb758490,0x00000000eb780000)
  to   space 512K, 0% used [0x00000000eb780000,0x00000000eb780000,0x00000000eb800000)
 ParOldGen       total 282112K, used 281657K [0x00000000c0000000, 0x00000000d1380000, 0x00000000eab00000)
  object space 282112K, 99% used [0x00000000c0000000,0x00000000d130e738,0x00000000d1380000)
 Metaspace       used 64659K, committed 66240K, reserved 1114112K
  class space    used 6668K, committed 7360K, reserved 1048576K
}
Event: 16.505 GC heap after
{Heap after GC invocations=267 (full 3):
 PSYoungGen      total 10752K, used 496K [0x00000000eab00000, 0x00000000eba80000, 0x0000000100000000)
  eden space 10240K, 0% used [0x00000000eab00000,0x00000000eab00000,0x00000000eb500000)
  from space 512K, 96% used [0x00000000eb780000,0x00000000eb7fc0d0,0x00000000eb800000)
  to   space 2560K, 0% used [0x00000000eb500000,0x00000000eb500000,0x00000000eb780000)
 ParOldGen       total 283648K, used 283266K [0x00000000c0000000, 0x00000000d1500000, 0x00000000eab00000)
  object space 283648K, 99% used [0x00000000c0000000,0x00000000d14a09d8,0x00000000d1500000)
 Metaspace       used 64659K, committed 66240K, reserved 1114112K
  class space    used 6668K, committed 7360K, reserved 1048576K
}
Event: 16.525 GC heap before
{Heap before GC invocations=268 (full 3):
 PSYoungGen      total 10752K, used 10736K [0x00000000eab00000, 0x00000000eba80000, 0x0000000100000000)
  eden space 10240K, 100% used [0x00000000eab00000,0x00000000eb500000,0x00000000eb500000)
  from space 512K, 96% used [0x00000000eb780000,0x00000000eb7fc0d0,0x00000000eb800000)
  to   space 2560K, 0% used [0x00000000eb500000,0x00000000eb500000,0x00000000eb780000)
 ParOldGen       total 283648K, used 283266K [0x00000000c0000000, 0x00000000d1500000, 0x00000000eab00000)
  object space 283648K, 99% used [0x00000000c0000000,0x00000000d14a09d8,0x00000000d1500000)
 Metaspace       used 64667K, committed 66240K, reserved 1114112K
  class space    used 6668K, committed 7360K, reserved 1048576K
}
Event: 16.529 GC heap after
{Heap after GC invocations=268 (full 3):
 PSYoungGen      total 11776K, used 1102K [0x00000000eab00000, 0x00000000eb800000, 0x0000000100000000)
  eden space 10240K, 0% used [0x00000000eab00000,0x00000000eab00000,0x00000000eb500000)
  from space 1536K, 71% used [0x00000000eb500000,0x00000000eb6138e0,0x00000000eb680000)
  to   space 1536K, 0% used [0x00000000eb680000,0x00000000eb680000,0x00000000eb800000)
 ParOldGen       total 284160K, used 283794K [0x00000000c0000000, 0x00000000d1580000, 0x00000000eab00000)
  object space 284160K, 99% used [0x00000000c0000000,0x00000000d1524980,0x00000000d1580000)
 Metaspace       used 64667K, committed 66240K, reserved 1114112K
  class space    used 6668K, committed 7360K, reserved 1048576K
}
Event: 16.547 GC heap before
{Heap before GC invocations=269 (full 3):
 PSYoungGen      total 11776K, used 11342K [0x00000000eab00000, 0x00000000eb800000, 0x0000000100000000)
  eden space 10240K, 100% used [0x00000000eab00000,0x00000000eb500000,0x00000000eb500000)
  from space 1536K, 71% used [0x00000000eb500000,0x00000000eb6138e0,0x00000000eb680000)
  to   space 1536K, 0% used [0x00000000eb680000,0x00000000eb680000,0x00000000eb800000)
 ParOldGen       total 284160K, used 283794K [0x00000000c0000000, 0x00000000d1580000, 0x00000000eab00000)
  object space 284160K, 99% used [0x00000000c0000000,0x00000000d1524980,0x00000000d1580000)
 Metaspace       used 64671K, committed 66240K, reserved 1114112K
  class space    used 6668K, committed 7360K, reserved 1048576K
}
Event: 16.549 GC heap after
{Heap after GC invocations=269 (full 3):
 PSYoungGen      total 11776K, used 1024K [0x00000000eab00000, 0x00000000eb800000, 0x0000000100000000)
  eden space 10240K, 0% used [0x00000000eab00000,0x00000000eab00000,0x00000000eb500000)
  from space 1536K, 66% used [0x00000000eb680000,0x00000000eb7801a8,0x00000000eb800000)
  to   space 1536K, 0% used [0x00000000eb500000,0x00000000eb500000,0x00000000eb680000)
 ParOldGen       total 285184K, used 284782K [0x00000000c0000000, 0x00000000d1680000, 0x00000000eab00000)
  object space 285184K, 99% used [0x00000000c0000000,0x00000000d161ba68,0x00000000d1680000)
 Metaspace       used 64671K, committed 66240K, reserved 1114112K
  class space    used 6668K, committed 7360K, reserved 1048576K
}
Event: 16.574 GC heap before
{Heap before GC invocations=270 (full 3):
 PSYoungGen      total 11776K, used 11264K [0x00000000eab00000, 0x00000000eb800000, 0x0000000100000000)
  eden space 10240K, 100% used [0x00000000eab00000,0x00000000eb500000,0x00000000eb500000)
  from space 1536K, 66% used [0x00000000eb680000,0x00000000eb7801a8,0x00000000eb800000)
  to   space 1536K, 0% used [0x00000000eb500000,0x00000000eb500000,0x00000000eb680000)
 ParOldGen       total 285184K, used 284782K [0x00000000c0000000, 0x00000000d1680000, 0x00000000eab00000)
  object space 285184K, 99% used [0x00000000c0000000,0x00000000d161ba68,0x00000000d1680000)
 Metaspace       used 64671K, committed 66240K, reserved 1114112K
  class space    used 6668K, committed 7360K, reserved 1048576K
}
Event: 16.577 GC heap after
{Heap after GC invocations=270 (full 3):
 PSYoungGen      total 11776K, used 1270K [0x00000000eab00000, 0x00000000eb800000, 0x0000000100000000)
  eden space 10240K, 0% used [0x00000000eab00000,0x00000000eab00000,0x00000000eb500000)
  from space 1536K, 82% used [0x00000000eb500000,0x00000000eb63d940,0x00000000eb680000)
  to   space 1536K, 0% used [0x00000000eb680000,0x00000000eb680000,0x00000000eb800000)
 ParOldGen       total 286720K, used 286434K [0x00000000c0000000, 0x00000000d1800000, 0x00000000eab00000)
  object space 286720K, 99% used [0x00000000c0000000,0x00000000d17b89b0,0x00000000d1800000)
 Metaspace       used 64671K, committed 66240K, reserved 1114112K
  class space    used 6668K, committed 7360K, reserved 1048576K
}

Dll operation events (10 events):
Event: 0.011 Loaded shared library c:\Users\Adel\.vscode\extensions\redhat.java-1.42.0-win32-x64\jre\21.0.7-win32-x86_64\bin\java.dll
Event: 0.085 Loaded shared library c:\Users\Adel\.vscode\extensions\redhat.java-1.42.0-win32-x64\jre\21.0.7-win32-x86_64\bin\zip.dll
Event: 0.103 Loaded shared library C:\Users\Adel\.vscode\extensions\redhat.java-1.42.0-win32-x64\jre\21.0.7-win32-x86_64\bin\instrument.dll
Event: 0.108 Loaded shared library C:\Users\Adel\.vscode\extensions\redhat.java-1.42.0-win32-x64\jre\21.0.7-win32-x86_64\bin\net.dll
Event: 0.110 Loaded shared library C:\Users\Adel\.vscode\extensions\redhat.java-1.42.0-win32-x64\jre\21.0.7-win32-x86_64\bin\nio.dll
Event: 0.113 Loaded shared library C:\Users\Adel\.vscode\extensions\redhat.java-1.42.0-win32-x64\jre\21.0.7-win32-x86_64\bin\zip.dll
Event: 0.126 Loaded shared library C:\Users\Adel\.vscode\extensions\redhat.java-1.42.0-win32-x64\jre\21.0.7-win32-x86_64\bin\jimage.dll
Event: 0.186 Loaded shared library c:\Users\Adel\.vscode\extensions\redhat.java-1.42.0-win32-x64\jre\21.0.7-win32-x86_64\bin\verify.dll
Event: 1.347 Loaded shared library C:\Users\Adel\AppData\Roaming\Code\User\globalStorage\redhat.java\1.42.0\config_win\org.eclipse.equinox.launcher\org.eclipse.equinox.launcher.win32.win32.x86_64_1.2.1300.v20250331-1702\eclipse_11911.dll
Event: 2.813 Loaded shared library C:\Users\Adel\AppData\Local\Temp\jna-2035754\jna5414428483808070923.dll

Deoptimization events (20 events):
Event: 16.592 Thread 0x0000021dfec44b30 Uncommon trap: trap_request=0xffffffc6 fr.pc=0x0000021d88206af0 relative=0x00000000000002d0
Event: 16.592 Thread 0x0000021dfec44b30 Uncommon trap: reason=bimorphic_or_optimized_type_check action=maybe_recompile pc=0x0000021d88206af0 method=org.eclipse.jdt.internal.compiler.parser.Parser.consumeRule(I)V @ 4097 c2
Event: 16.592 Thread 0x0000021dfec44b30 DEOPT PACKING pc=0x0000021d88206af0 sp=0x00000045acdfe900
Event: 16.592 Thread 0x0000021dfec44b30 DEOPT UNPACKING pc=0x0000021d87583aa2 sp=0x00000045acdfe880 mode 2
Event: 16.593 Thread 0x0000021dfec44b30 Uncommon trap: trap_request=0xffffffc6 fr.pc=0x0000021d88206af0 relative=0x00000000000002d0
Event: 16.593 Thread 0x0000021dfec44b30 Uncommon trap: reason=bimorphic_or_optimized_type_check action=maybe_recompile pc=0x0000021d88206af0 method=org.eclipse.jdt.internal.compiler.parser.Parser.consumeRule(I)V @ 4097 c2
Event: 16.593 Thread 0x0000021dfec44b30 DEOPT PACKING pc=0x0000021d88206af0 sp=0x00000045acdfe900
Event: 16.593 Thread 0x0000021dfec44b30 DEOPT UNPACKING pc=0x0000021d87583aa2 sp=0x00000045acdfe880 mode 2
Event: 16.593 Thread 0x0000021dfec44b30 Uncommon trap: trap_request=0xffffffc6 fr.pc=0x0000021d88206af0 relative=0x00000000000002d0
Event: 16.593 Thread 0x0000021dfec44b30 Uncommon trap: reason=bimorphic_or_optimized_type_check action=maybe_recompile pc=0x0000021d88206af0 method=org.eclipse.jdt.internal.compiler.parser.Parser.consumeRule(I)V @ 4097 c2
Event: 16.593 Thread 0x0000021dfec44b30 DEOPT PACKING pc=0x0000021d88206af0 sp=0x00000045acdfe900
Event: 16.593 Thread 0x0000021dfec44b30 DEOPT UNPACKING pc=0x0000021d87583aa2 sp=0x00000045acdfe880 mode 2
Event: 16.600 Thread 0x0000021dfec44b30 Uncommon trap: trap_request=0xffffff6e fr.pc=0x0000021d882763e8 relative=0x00000000000001a8
Event: 16.600 Thread 0x0000021dfec44b30 Uncommon trap: reason=loop_limit_check action=maybe_recompile pc=0x0000021d882763e8 method=org.eclipse.jdt.internal.core.util.HashtableOfArrayToObject.hashCode([Ljava/lang/Object;I)I @ 27 c2
Event: 16.600 Thread 0x0000021dfec44b30 DEOPT PACKING pc=0x0000021d882763e8 sp=0x00000045acdfe570
Event: 16.600 Thread 0x0000021dfec44b30 DEOPT UNPACKING pc=0x0000021d87583aa2 sp=0x00000045acdfe4f8 mode 2
Event: 16.600 Thread 0x0000021dfec44b30 Uncommon trap: trap_request=0xffffff45 fr.pc=0x0000021d8828f264 relative=0x00000000000006a4
Event: 16.600 Thread 0x0000021dfec44b30 Uncommon trap: reason=unstable_if action=reinterpret pc=0x0000021d8828f264 method=java.util.ImmutableCollections$AbstractImmutableList.equals(Ljava/lang/Object;)Z @ 80 c2
Event: 16.600 Thread 0x0000021dfec44b30 DEOPT PACKING pc=0x0000021d8828f264 sp=0x00000045acdfe440
Event: 16.600 Thread 0x0000021dfec44b30 DEOPT UNPACKING pc=0x0000021d87583aa2 sp=0x00000045acdfe3d8 mode 2

Classes loaded (20 events):
Event: 13.454 Loading class java/nio/file/FileTreeWalker$1
Event: 13.454 Loading class java/nio/file/FileTreeWalker$1 done
Event: 13.455 Loading class sun/nio/fs/Globs
Event: 13.455 Loading class sun/nio/fs/Globs done
Event: 13.455 Loading class java/util/regex/Pattern$SliceU
Event: 13.455 Loading class java/util/regex/Pattern$SliceU done
Event: 13.455 Loading class sun/nio/fs/WindowsFileSystem$2
Event: 13.455 Loading class java/nio/file/PathMatcher
Event: 13.456 Loading class java/nio/file/PathMatcher done
Event: 13.456 Loading class sun/nio/fs/WindowsFileSystem$2 done
Event: 13.529 Loading class java/util/Collections$SynchronizedRandomAccessList
Event: 13.530 Loading class java/util/Collections$SynchronizedList
Event: 13.530 Loading class java/util/Collections$SynchronizedList done
Event: 13.530 Loading class java/util/Collections$SynchronizedRandomAccessList done
Event: 13.535 Loading class java/util/concurrent/CompletableFuture$Signaller
Event: 13.535 Loading class java/util/concurrent/CompletableFuture$Signaller done
Event: 13.926 Loading class java/nio/charset/CharacterCodingException
Event: 13.926 Loading class java/nio/charset/CharacterCodingException done
Event: 13.926 Loading class java/io/SequenceInputStream
Event: 13.927 Loading class java/io/SequenceInputStream done

Classes unloaded (7 events):
Event: 3.270 Thread 0x0000021df6853510 Unloading class 0x0000021d901a4c00 'java/lang/invoke/LambdaForm$MH+0x0000021d901a4c00'
Event: 3.270 Thread 0x0000021df6853510 Unloading class 0x0000021d901a4800 'java/lang/invoke/LambdaForm$MH+0x0000021d901a4800'
Event: 3.270 Thread 0x0000021df6853510 Unloading class 0x0000021d901a4400 'java/lang/invoke/LambdaForm$MH+0x0000021d901a4400'
Event: 3.270 Thread 0x0000021df6853510 Unloading class 0x0000021d901a4000 'java/lang/invoke/LambdaForm$MH+0x0000021d901a4000'
Event: 3.270 Thread 0x0000021df6853510 Unloading class 0x0000021d901a3c00 'java/lang/invoke/LambdaForm$BMH+0x0000021d901a3c00'
Event: 3.270 Thread 0x0000021df6853510 Unloading class 0x0000021d901a3800 'java/lang/invoke/LambdaForm$DMH+0x0000021d901a3800'
Event: 3.270 Thread 0x0000021df6853510 Unloading class 0x0000021d901a2400 'java/lang/invoke/LambdaForm$DMH+0x0000021d901a2400'

Classes redefined (0 events):
No events

Internal exceptions (20 events):
Event: 13.483 Thread 0x0000021dfd389f20 Exception <a 'sun/nio/fs/WindowsException'{0x00000000eac670d8}> (0x00000000eac670d8) 
thrown [s\src\hotspot\share\prims\jni.cpp, line 520]
Event: 13.483 Thread 0x0000021dfd389f20 Exception <a 'sun/nio/fs/WindowsException'{0x00000000eac67740}> (0x00000000eac67740) 
thrown [s\src\hotspot\share\prims\jni.cpp, line 520]
Event: 13.952 Thread 0x0000021dfec41020 Exception <a 'java/io/FileNotFoundException'{0x00000000eadca630}> (0x00000000eadca630) 
thrown [s\src\hotspot\share\prims\jni.cpp, line 520]
Event: 13.953 Thread 0x0000021dfec41020 Exception <a 'java/io/FileNotFoundException'{0x00000000eadcba28}> (0x00000000eadcba28) 
thrown [s\src\hotspot\share\prims\jni.cpp, line 520]
Event: 14.059 Thread 0x0000021dfec41020 Exception <a 'sun/nio/fs/WindowsException'{0x00000000eaed99c8}> (0x00000000eaed99c8) 
thrown [s\src\hotspot\share\prims\jni.cpp, line 520]
Event: 14.059 Thread 0x0000021dfec41020 Exception <a 'sun/nio/fs/WindowsException'{0x00000000eaeda018}> (0x00000000eaeda018) 
thrown [s\src\hotspot\share\prims\jni.cpp, line 520]
Event: 14.060 Thread 0x0000021dfec41020 Exception <a 'sun/nio/fs/WindowsException'{0x00000000eaedd240}> (0x00000000eaedd240) 
thrown [s\src\hotspot\share\prims\jni.cpp, line 520]
Event: 14.060 Thread 0x0000021dfec41020 Exception <a 'sun/nio/fs/WindowsException'{0x00000000eaedd890}> (0x00000000eaedd890) 
thrown [s\src\hotspot\share\prims\jni.cpp, line 520]
Event: 14.061 Thread 0x0000021dfec41020 Exception <a 'sun/nio/fs/WindowsException'{0x00000000eaede888}> (0x00000000eaede888) 
thrown [s\src\hotspot\share\prims\jni.cpp, line 520]
Event: 14.061 Thread 0x0000021dfec41020 Exception <a 'sun/nio/fs/WindowsException'{0x00000000eaedeeb8}> (0x00000000eaedeeb8) 
thrown [s\src\hotspot\share\prims\jni.cpp, line 520]
Event: 14.061 Thread 0x0000021dfec41020 Exception <a 'sun/nio/fs/WindowsException'{0x00000000eaedfa40}> (0x00000000eaedfa40) 
thrown [s\src\hotspot\share\prims\jni.cpp, line 520]
Event: 14.061 Thread 0x0000021dfec41020 Exception <a 'sun/nio/fs/WindowsException'{0x00000000eaee0070}> (0x00000000eaee0070) 
thrown [s\src\hotspot\share\prims\jni.cpp, line 520]
Event: 14.083 Thread 0x0000021dfec41020 Exception <a 'java/lang/IncompatibleClassChangeError'{0x00000000eaf77d00}: Found class java.lang.Object, but interface was expected> (0x00000000eaf77d00) 
thrown [s\src\hotspot\share\interpreter\linkResolver.cpp, line 840]
Event: 14.403 Thread 0x0000021dfd38cd10 Implicit null exception at 0x0000021d87f15803 to 0x0000021d87f15b2c
Event: 14.537 Thread 0x0000021dfec3fc70 Exception <a 'java/lang/NoSuchMethodError'{0x00000000eae46ae0}: 'java.lang.Object java.lang.invoke.DirectMethodHandle$Holder.invokeSpecial(java.lang.Object, java.lang.Object, int, long)'> (0x00000000eae46ae0) 
thrown [s\src\hotspot\share\interpreter\linkResolver.cpp, line 773]
Event: 15.575 Thread 0x0000021dfec44b30 Implicit null exception at 0x0000021d88263b89 to 0x0000021d88263c74
Event: 15.990 Thread 0x0000021dfec44b30 Implicit null exception at 0x0000021d8826d7c0 to 0x0000021d88271d30
Event: 16.039 Thread 0x0000021dfec44b30 Implicit null exception at 0x0000021d87d69789 to 0x0000021d87d69895
Event: 16.122 Thread 0x0000021dfec44b30 Implicit null exception at 0x0000021d87b29129 to 0x0000021d87b296f4
Event: 16.122 Thread 0x0000021dfec44b30 Implicit null exception at 0x0000021d88266920 to 0x0000021d88266e8c

ZGC Phase Switch (0 events):
No events

VM Operations (20 events):
Event: 16.360 Executing VM operation: ParallelGCFailedAllocation (Allocation Failure)
Event: 16.365 Executing VM operation: ParallelGCFailedAllocation (Allocation Failure) done
Event: 16.400 Executing VM operation: ParallelGCFailedAllocation (Allocation Failure)
Event: 16.405 Executing VM operation: ParallelGCFailedAllocation (Allocation Failure) done
Event: 16.424 Executing VM operation: ParallelGCFailedAllocation (Allocation Failure)
Event: 16.428 Executing VM operation: ParallelGCFailedAllocation (Allocation Failure) done
Event: 16.443 Executing VM operation: ParallelGCFailedAllocation (Allocation Failure)
Event: 16.446 Executing VM operation: ParallelGCFailedAllocation (Allocation Failure) done
Event: 16.459 Executing VM operation: ParallelGCFailedAllocation (Allocation Failure)
Event: 16.462 Executing VM operation: ParallelGCFailedAllocation (Allocation Failure) done
Event: 16.475 Executing VM operation: ParallelGCFailedAllocation (Allocation Failure)
Event: 16.477 Executing VM operation: ParallelGCFailedAllocation (Allocation Failure) done
Event: 16.502 Executing VM operation: ParallelGCFailedAllocation (Allocation Failure)
Event: 16.505 Executing VM operation: ParallelGCFailedAllocation (Allocation Failure) done
Event: 16.525 Executing VM operation: ParallelGCFailedAllocation (Allocation Failure)
Event: 16.529 Executing VM operation: ParallelGCFailedAllocation (Allocation Failure) done
Event: 16.547 Executing VM operation: ParallelGCFailedAllocation (Allocation Failure)
Event: 16.549 Executing VM operation: ParallelGCFailedAllocation (Allocation Failure) done
Event: 16.574 Executing VM operation: ParallelGCFailedAllocation (Allocation Failure)
Event: 16.577 Executing VM operation: ParallelGCFailedAllocation (Allocation Failure) done

Memory protections (0 events):
No events

Nmethod flushes (20 events):
Event: 10.957 Thread 0x0000021df6853510 flushing osr nmethod 0x0000021d808b5010
Event: 10.957 Thread 0x0000021df6853510 flushing  nmethod 0x0000021d808c2e90
Event: 10.957 Thread 0x0000021df6853510 flushing  nmethod 0x0000021d808c5910
Event: 10.957 Thread 0x0000021df6853510 flushing  nmethod 0x0000021d808cfd10
Event: 10.957 Thread 0x0000021df6853510 flushing  nmethod 0x0000021d808d3810
Event: 10.957 Thread 0x0000021df6853510 flushing  nmethod 0x0000021d808d3e10
Event: 10.957 Thread 0x0000021df6853510 flushing  nmethod 0x0000021d80900f90
Event: 10.957 Thread 0x0000021df6853510 flushing  nmethod 0x0000021d8090c910
Event: 10.957 Thread 0x0000021df6853510 flushing  nmethod 0x0000021d8090d810
Event: 10.957 Thread 0x0000021df6853510 flushing  nmethod 0x0000021d80910d10
Event: 10.957 Thread 0x0000021df6853510 flushing  nmethod 0x0000021d80911a10
Event: 10.957 Thread 0x0000021df6853510 flushing  nmethod 0x0000021d80912910
Event: 10.957 Thread 0x0000021df6853510 flushing  nmethod 0x0000021d80912d90
Event: 10.957 Thread 0x0000021df6853510 flushing  nmethod 0x0000021d80915410
Event: 10.957 Thread 0x0000021df6853510 flushing  nmethod 0x0000021d80923910
Event: 10.957 Thread 0x0000021df6853510 flushing  nmethod 0x0000021d8092ee10
Event: 10.957 Thread 0x0000021df6853510 flushing  nmethod 0x0000021d80946210
Event: 10.957 Thread 0x0000021df6853510 flushing  nmethod 0x0000021d8094bc10
Event: 10.957 Thread 0x0000021df6853510 flushing  nmethod 0x0000021d8096b610
Event: 10.957 Thread 0x0000021df6853510 flushing  nmethod 0x0000021d80997c90

Events (20 events):
Event: 12.767 Thread 0x0000021dfee4d8a0 Thread exited: 0x0000021dfee4d8a0
Event: 12.767 Thread 0x0000021dfee49070 Thread exited: 0x0000021dfee49070
Event: 12.767 Thread 0x0000021dfee4e5c0 Thread exited: 0x0000021dfee4e5c0
Event: 12.767 Thread 0x0000021dfee4aab0 Thread exited: 0x0000021dfee4aab0
Event: 12.768 Thread 0x0000021dfee4a420 Thread exited: 0x0000021dfee4a420
Event: 13.105 Thread 0x0000021dfec44b30 Thread added: 0x0000021dfee4cb80
Event: 13.105 Thread 0x0000021dfec44b30 Thread added: 0x0000021dfee4b7d0
Event: 13.105 Thread 0x0000021dfec44b30 Thread added: 0x0000021dfee49d90
Event: 13.105 Thread 0x0000021dfec44b30 Thread added: 0x0000021dfee4a420
Event: 13.105 Thread 0x0000021dfec44b30 Thread added: 0x0000021dfee47cc0
Event: 13.138 Thread 0x0000021dfee4a420 Thread exited: 0x0000021dfee4a420
Event: 13.138 Thread 0x0000021dfee4cb80 Thread exited: 0x0000021dfee4cb80
Event: 13.138 Thread 0x0000021dfee47cc0 Thread exited: 0x0000021dfee47cc0
Event: 13.139 Thread 0x0000021dfee4b7d0 Thread exited: 0x0000021dfee4b7d0
Event: 13.139 Thread 0x0000021dfee49d90 Thread exited: 0x0000021dfee49d90
Event: 14.534 Thread 0x0000021dfddf5030 Thread exited: 0x0000021dfddf5030
Event: 14.534 Thread 0x0000021df84be330 Thread exited: 0x0000021df84be330
Event: 15.228 Thread 0x0000021df686c880 Thread added: 0x0000021dfddf5030
Event: 16.368 Thread 0x0000021dfddf5030 Thread exited: 0x0000021dfddf5030
Event: 16.369 Thread 0x0000021df686c880 Thread added: 0x0000021dfddf5030


Dynamic libraries:
0x00007ff60d920000 - 0x00007ff60d92e000 	c:\Users\Adel\.vscode\extensions\redhat.java-1.42.0-win32-x64\jre\21.0.7-win32-x86_64\bin\java.exe
0x00007ffc62fd0000 - 0x00007ffc631e7000 	C:\WINDOWS\SYSTEM32\ntdll.dll
0x00007ffc61750000 - 0x00007ffc61814000 	C:\WINDOWS\System32\KERNEL32.DLL
0x00007ffc60350000 - 0x00007ffc60721000 	C:\WINDOWS\System32\KERNELBASE.dll
0x00007ffc609c0000 - 0x00007ffc60ad1000 	C:\WINDOWS\System32\ucrtbase.dll
0x00007ffc569c0000 - 0x00007ffc569de000 	c:\Users\Adel\.vscode\extensions\redhat.java-1.42.0-win32-x64\jre\21.0.7-win32-x86_64\bin\VCRUNTIME140.dll
0x00007ffc56cc0000 - 0x00007ffc56cd8000 	c:\Users\Adel\.vscode\extensions\redhat.java-1.42.0-win32-x64\jre\21.0.7-win32-x86_64\bin\jli.dll
0x00007ffc61c40000 - 0x00007ffc61df1000 	C:\WINDOWS\System32\USER32.dll
0x00007ffc60320000 - 0x00007ffc60346000 	C:\WINDOWS\System32\win32u.dll
0x00007ffc4a630000 - 0x00007ffc4a8c2000 	C:\WINDOWS\WinSxS\amd64_microsoft.windows.common-controls_6595b64144ccf1df_6.0.22621.4830_none_270fe7d773858e80\COMCTL32.dll
0x00007ffc61a80000 - 0x00007ffc61aa9000 	C:\WINDOWS\System32\GDI32.dll
0x00007ffc619d0000 - 0x00007ffc61a77000 	C:\WINDOWS\System32\msvcrt.dll
0x00007ffc608a0000 - 0x00007ffc609bb000 	C:\WINDOWS\System32\gdi32full.dll
0x00007ffc60280000 - 0x00007ffc6031a000 	C:\WINDOWS\System32\msvcp_win.dll
0x00007ffc61e00000 - 0x00007ffc61e31000 	C:\WINDOWS\System32\IMM32.DLL
0x00007ffc5c660000 - 0x00007ffc5c66c000 	c:\Users\Adel\.vscode\extensions\redhat.java-1.42.0-win32-x64\jre\21.0.7-win32-x86_64\bin\vcruntime140_1.dll
0x00007ffc3b3f0000 - 0x00007ffc3b47d000 	c:\Users\Adel\.vscode\extensions\redhat.java-1.42.0-win32-x64\jre\21.0.7-win32-x86_64\bin\msvcp140.dll
0x00007ffc10ed0000 - 0x00007ffc11c60000 	c:\Users\Adel\.vscode\extensions\redhat.java-1.42.0-win32-x64\jre\21.0.7-win32-x86_64\bin\server\jvm.dll
0x00007ffc61e50000 - 0x00007ffc61f01000 	C:\WINDOWS\System32\ADVAPI32.dll
0x00007ffc62e80000 - 0x00007ffc62f27000 	C:\WINDOWS\System32\sechost.dll
0x00007ffc60110000 - 0x00007ffc60138000 	C:\WINDOWS\System32\bcrypt.dll
0x00007ffc62390000 - 0x00007ffc624a4000 	C:\WINDOWS\System32\RPCRT4.dll
0x00007ffc61ab0000 - 0x00007ffc61b21000 	C:\WINDOWS\System32\WS2_32.dll
0x00007ffc5fe30000 - 0x00007ffc5fe7d000 	C:\WINDOWS\SYSTEM32\POWRPROF.dll
0x00007ffc5b140000 - 0x00007ffc5b174000 	C:\WINDOWS\SYSTEM32\WINMM.dll
0x00007ffc5a9e0000 - 0x00007ffc5a9ea000 	C:\WINDOWS\SYSTEM32\VERSION.dll
0x00007ffc5fd60000 - 0x00007ffc5fd73000 	C:\WINDOWS\SYSTEM32\UMPDC.dll
0x00007ffc5f120000 - 0x00007ffc5f138000 	C:\WINDOWS\SYSTEM32\kernel.appcore.dll
0x00007ffc5bf60000 - 0x00007ffc5bf6a000 	c:\Users\Adel\.vscode\extensions\redhat.java-1.42.0-win32-x64\jre\21.0.7-win32-x86_64\bin\jimage.dll
0x00007ffc5d890000 - 0x00007ffc5dac2000 	C:\WINDOWS\SYSTEM32\DBGHELP.DLL
0x00007ffc61f30000 - 0x00007ffc622c0000 	C:\WINDOWS\System32\combase.dll
0x00007ffc626b0000 - 0x00007ffc62787000 	C:\WINDOWS\System32\OLEAUT32.dll
0x00007ffc48e70000 - 0x00007ffc48ea2000 	C:\WINDOWS\SYSTEM32\dbgcore.DLL
0x00007ffc60b60000 - 0x00007ffc60bdb000 	C:\WINDOWS\System32\bcryptPrimitives.dll
0x00007ffc5b8a0000 - 0x00007ffc5b8af000 	c:\Users\Adel\.vscode\extensions\redhat.java-1.42.0-win32-x64\jre\21.0.7-win32-x86_64\bin\instrument.dll
0x00007ffc54550000 - 0x00007ffc5456f000 	c:\Users\Adel\.vscode\extensions\redhat.java-1.42.0-win32-x64\jre\21.0.7-win32-x86_64\bin\java.dll
0x00007ffc60ec0000 - 0x00007ffc61748000 	C:\WINDOWS\System32\SHELL32.dll
0x00007ffc60140000 - 0x00007ffc6027f000 	C:\WINDOWS\System32\wintypes.dll
0x00007ffc5e020000 - 0x00007ffc5e92d000 	C:\WINDOWS\SYSTEM32\windows.storage.dll
0x00007ffc61b30000 - 0x00007ffc61c3a000 	C:\WINDOWS\System32\SHCORE.dll
0x00007ffc62f30000 - 0x00007ffc62f8e000 	C:\WINDOWS\System32\shlwapi.dll
0x00007ffc60040000 - 0x00007ffc6006b000 	C:\WINDOWS\SYSTEM32\profapi.dll
0x00007ffc54310000 - 0x00007ffc54328000 	c:\Users\Adel\.vscode\extensions\redhat.java-1.42.0-win32-x64\jre\21.0.7-win32-x86_64\bin\zip.dll
0x00007ffc56b90000 - 0x00007ffc56ba0000 	C:\Users\Adel\.vscode\extensions\redhat.java-1.42.0-win32-x64\jre\21.0.7-win32-x86_64\bin\net.dll
0x00007ffc5bc40000 - 0x00007ffc5bd6c000 	C:\WINDOWS\SYSTEM32\WINHTTP.dll
0x00007ffc5f580000 - 0x00007ffc5f5ea000 	C:\WINDOWS\system32\mswsock.dll
0x00007ffc521e0000 - 0x00007ffc521f6000 	C:\Users\Adel\.vscode\extensions\redhat.java-1.42.0-win32-x64\jre\21.0.7-win32-x86_64\bin\nio.dll
0x00007ffc55160000 - 0x00007ffc55170000 	c:\Users\Adel\.vscode\extensions\redhat.java-1.42.0-win32-x64\jre\21.0.7-win32-x86_64\bin\verify.dll
0x00007ffc3db00000 - 0x00007ffc3db45000 	C:\Users\Adel\AppData\Roaming\Code\User\globalStorage\redhat.java\1.42.0\config_win\org.eclipse.equinox.launcher\org.eclipse.equinox.launcher.win32.win32.x86_64_1.2.1300.v20250331-1702\eclipse_11911.dll
0x00007ffc61820000 - 0x00007ffc619c1000 	C:\WINDOWS\System32\ole32.dll
0x00007ffc5f8d0000 - 0x00007ffc5f8eb000 	C:\WINDOWS\SYSTEM32\CRYPTSP.dll
0x00007ffc5f080000 - 0x00007ffc5f0b7000 	C:\WINDOWS\system32\rsaenh.dll
0x00007ffc5f620000 - 0x00007ffc5f648000 	C:\WINDOWS\SYSTEM32\USERENV.dll
0x00007ffc5f8b0000 - 0x00007ffc5f8bc000 	C:\WINDOWS\SYSTEM32\CRYPTBASE.dll
0x00007ffc5eb90000 - 0x00007ffc5ebbd000 	C:\WINDOWS\SYSTEM32\IPHLPAPI.DLL
0x00007ffc61f20000 - 0x00007ffc61f29000 	C:\WINDOWS\System32\NSI.dll
0x00007ffc58950000 - 0x00007ffc58999000 	C:\Users\Adel\AppData\Local\Temp\jna-2035754\jna5414428483808070923.dll
0x00007ffc60eb0000 - 0x00007ffc60eb8000 	C:\WINDOWS\System32\PSAPI.DLL
0x00007ffc5bfa0000 - 0x00007ffc5bfb9000 	C:\WINDOWS\SYSTEM32\dhcpcsvc6.DLL
0x00007ffc5b880000 - 0x00007ffc5b89f000 	C:\WINDOWS\SYSTEM32\dhcpcsvc.DLL

dbghelp: loaded successfully - version: 4.0.5 - missing functions: none
symbol engine: initialized successfully - sym options: 0x614 - pdb path: .;c:\Users\Adel\.vscode\extensions\redhat.java-1.42.0-win32-x64\jre\21.0.7-win32-x86_64\bin;C:\WINDOWS\SYSTEM32;C:\WINDOWS\WinSxS\amd64_microsoft.windows.common-controls_6595b64144ccf1df_6.0.22621.4830_none_270fe7d773858e80;c:\Users\Adel\.vscode\extensions\redhat.java-1.42.0-win32-x64\jre\21.0.7-win32-x86_64\bin\server;C:\Users\Adel\AppData\Roaming\Code\User\globalStorage\redhat.java\1.42.0\config_win\org.eclipse.equinox.launcher\org.eclipse.equinox.launcher.win32.win32.x86_64_1.2.1300.v20250331-1702;C:\Users\Adel\AppData\Local\Temp\jna-2035754

VM Arguments:
jvm_args: --add-modules=ALL-SYSTEM --add-opens=java.base/java.util=ALL-UNNAMED --add-opens=java.base/java.lang=ALL-UNNAMED --add-opens=java.base/sun.nio.fs=ALL-UNNAMED -Declipse.application=org.eclipse.jdt.ls.core.id1 -Dosgi.bundles.defaultStartLevel=4 -Declipse.product=org.eclipse.jdt.ls.core.product -Djava.import.generatesMetadataFilesAtProjectRoot=false -DDetectVMInstallationsJob.disabled=true -Dfile.encoding=utf8 -XX:+UseParallelGC -XX:GCTimeRatio=4 -XX:AdaptiveSizePolicyWeight=90 -Dsun.zip.disableMemoryMapping=true -Xmx1G -Xms100m -Xlog:disable -javaagent:c:\Users\Adel\.vscode\extensions\redhat.java-1.42.0-win32-x64\lombok\lombok-1.18.36.jar -XX:+HeapDumpOnOutOfMemoryError -XX:HeapDumpPath=c:\Users\Adel\AppData\Roaming\Code\User\workspaceStorage\45387e2bdb139d26aa9d40a2b8c5fab9\redhat.java -Daether.dependencyCollector.impl=bf 
java_command: c:\Users\Adel\.vscode\extensions\redhat.java-1.42.0-win32-x64\server\plugins\org.eclipse.equinox.launcher_1.7.0.v20250424-1814.jar -configuration c:\Users\Adel\AppData\Roaming\Code\User\globalStorage\redhat.java\1.42.0\config_win -data c:\Users\Adel\AppData\Roaming\Code\User\workspaceStorage\45387e2bdb139d26aa9d40a2b8c5fab9\redhat.java\jdt_ws --pipe=\\.\pipe\lsp-41684030c94bccfb0dc8e93995f52ca6-sock
java_class_path (initial): c:\Users\Adel\.vscode\extensions\redhat.java-1.42.0-win32-x64\server\plugins\org.eclipse.equinox.launcher_1.7.0.v20250424-1814.jar
Launcher Type: SUN_STANDARD

[Global flags]
    uintx AdaptiveSizePolicyWeight                 = 90                                        {product} {command line}
     intx CICompilerCount                          = 4                                         {product} {ergonomic}
    uintx GCTimeRatio                              = 4                                         {product} {command line}
     bool HeapDumpOnOutOfMemoryError               = true                                   {manageable} {command line}
    ccstr HeapDumpPath                             = c:\Users\Adel\AppData\Roaming\Code\User\workspaceStorage\45387e2bdb139d26aa9d40a2b8c5fab9\redhat.java         {manageable} {command line}
   size_t InitialHeapSize                          = 104857600                                 {product} {command line}
   size_t MaxHeapSize                              = 1073741824                                {product} {command line}
   size_t MaxNewSize                               = 357564416                                 {product} {ergonomic}
   size_t MinHeapDeltaBytes                        = 524288                                    {product} {ergonomic}
   size_t MinHeapSize                              = 104857600                                 {product} {command line}
   size_t NewSize                                  = 34603008                                  {product} {ergonomic}
    uintx NonNMethodCodeHeapSize                   = 5839372                                {pd product} {ergonomic}
    uintx NonProfiledCodeHeapSize                  = 122909434                              {pd product} {ergonomic}
   size_t OldSize                                  = 70254592                                  {product} {ergonomic}
    uintx ProfiledCodeHeapSize                     = 122909434                              {pd product} {ergonomic}
    uintx ReservedCodeCacheSize                    = 251658240                              {pd product} {ergonomic}
     bool SegmentedCodeCache                       = true                                      {product} {ergonomic}
   size_t SoftMaxHeapSize                          = 1073741824                             {manageable} {ergonomic}
     bool UseCompressedOops                        = true                           {product lp64_product} {ergonomic}
     bool UseLargePagesIndividualAllocation        = false                                  {pd product} {ergonomic}
     bool UseParallelGC                            = true                                      {product} {command line}

Logging:
Log output configuration:
 #0: stdout all=off uptime,level,tags foldmultilines=false
 #1: stderr all=off uptime,level,tags foldmultilines=false

Environment Variables:
PATH=C:\Program Files\Common Files\Oracle\Java\javapath;C:\WINDOWS\system32;C:\WINDOWS;C:\WINDOWS\System32\Wbem;C:\WINDOWS\System32\WindowsPowerShell\v1.0\;C:\WINDOWS\System32\OpenSSH\;D:\1\Git\cmd;C:\Program Files\Docker\Docker\resources\bin;C:\ProgramData\Adel\GitHubDesktop\bin;C:\Program Files\nodejs\;C:\Program Files\Git\bin;C:\Program Files\apache-maven-3.9.6\bin;D:\kafka-4.0.0-src\bin;C:\Program Files\MySQL\MySQL Server 8.0\bin;C:\ProgramData\Oracle\Java\javapath;C:\Program Files\Common Files\Oracle\Java\javapath;C:\WINDOWS\system32;C:\WINDOWS;C:\WINDOWS\System32\Wbem;C:\WINDOWS\System32\WindowsPowerShell\v1.0\;C:\WINDOWS\System32\OpenSSH\;D:\1\Git\cmd;D:\1\flutter_windows_3.27.3-stable;C:\Users\Adel\AppData\Local\Programs\Python\Python312\Scripts\;C:\Users\Adel\AppData\Local\Programs\Python\Python312\;C:\Users\Adel\AppData\Local\Programs\Python\Launcher\;C:\Users\Adel\AppData\Local\Microsoft\WindowsApps;C:\Users\Adel\AppData\Local\Programs\Microsoft VS Code\bin;C:\msys64\usr\bin;C:\msys64\mingw64\bin;C:\msys64\mingw32\bin;C:\msys64\ucrt64\bin;C:\ProgramData\Adel\GitHubDesktop\bin;D:\1\flutter_windows_3.27.3-stable\flutter\bin;C:\Program Files\Java\jdk1.8.0_111\bin;C:\Users\Adel\Downloads\maven-mvnd-1.0.2-windows-amd64\maven-mvnd-1.0.2-windows-amd64\bin;C:\ProgramData\Adel\GitHubDesktop\bin;C:\Users\Adel\AppData\Roaming\npm;C:\Program Files\maven-mvnd-1.0.2-windows-amd64\bin;C:\Program Files\InfluxDB;
USERNAME=Adel
OS=Windows_NT
PROCESSOR_IDENTIFIER=Intel64 Family 6 Model 165 Stepping 2, GenuineIntel
TMP=C:\Users\Adel\AppData\Local\Temp
TEMP=C:\Users\Adel\AppData\Local\Temp




Periodic native trim disabled

---------------  S Y S T E M  ---------------

OS:
 Windows 11 , 64 bit Build 22621 (10.0.22621.4974)
OS uptime: 15 days 15:22 hours
Hyper-V role detected

CPU: total 8 (initial active 8) (4 cores per cpu, 2 threads per core) family 6 model 165 stepping 2 microcode 0xf0, cx8, cmov, fxsr, ht, mmx, 3dnowpref, sse, sse2, sse3, ssse3, sse4.1, sse4.2, popcnt, lzcnt, tsc, tscinvbit, avx, avx2, aes, erms, clmul, bmi1, bmi2, adx, fma, vzeroupper, clflush, clflushopt, hv, rdtscp, f16c
Processor Information for the first 8 processors :
  Max Mhz: 2496, Current Mhz: 2496, Mhz Limit: 2496

Memory: 4k page, system-wide physical 8099M (482M free)
TotalPageFile size 22449M (AvailPageFile size 3M)
current process WorkingSet (physical memory assigned to process): 504M, peak: 525M
current process commit charge ("private bytes"): 565M, peak: 566M

vm_info: OpenJDK 64-Bit Server VM (21.0.7+6-LTS) for windows-amd64 JRE (21.0.7+6-LTS), built on 2025-04-15T00:00:00Z by "admin" with MS VC++ 17.7 (VS2022)

END.
