#
# There is insufficient memory for the Java Runtime Environment to continue.
# Native memory allocation (malloc) failed to allocate 630256 bytes. Error detail: Chunk::new
# Possible reasons:
#   The system is out of physical RAM or swap space
#   This process is running with CompressedOops enabled, and the Java Heap may be blocking the growth of the native heap
# Possible solutions:
#   Reduce memory load on the system
#   Increase physical memory or swap space
#   Check if swap backing store is full
#   Decrease Java heap size (-Xmx/-Xms)
#   Decrease number of Java threads
#   Decrease Java thread stack sizes (-Xss)
#   Set larger code cache with -XX:ReservedCodeCacheSize=
#   JVM is running with Unscaled Compressed Oops mode in which the Java heap is
#     placed in the first 4GB address space. The Java Heap base address is the
#     maximum limit for the native heap growth. Please use -XX:HeapBaseMinAddress
#     to set the Java Heap base and to place the Java Heap above 4GB virtual address.
# This output file may be truncated or incomplete.
#
#  Out of Memory Error (arena.cpp:168), pid=25680, tid=23236
#
# JRE version: OpenJDK Runtime Environment Temurin-21.0.7+6 (21.0.7+6) (build 21.0.7+6-LTS)
# Java VM: OpenJDK 64-Bit Server VM Temurin-21.0.7+6 (21.0.7+6-LTS, mixed mode, sharing, tiered, compressed oops, compressed class ptrs, parallel gc, windows-amd64)
# No core dump will be written. Minidumps are not enabled by default on client versions of Windows
#

---------------  S U M M A R Y ------------

Command Line: --add-modules=ALL-SYSTEM --add-opens=java.base/java.util=ALL-UNNAMED --add-opens=java.base/java.lang=ALL-UNNAMED --add-opens=java.base/sun.nio.fs=ALL-UNNAMED -Declipse.application=org.eclipse.jdt.ls.core.id1 -Dosgi.bundles.defaultStartLevel=4 -Declipse.product=org.eclipse.jdt.ls.core.product -Djava.import.generatesMetadataFilesAtProjectRoot=false -DDetectVMInstallationsJob.disabled=true -Dfile.encoding=utf8 -XX:+UseParallelGC -XX:GCTimeRatio=4 -XX:AdaptiveSizePolicyWeight=90 -Dsun.zip.disableMemoryMapping=true -Xmx1G -Xms100m -Xlog:disable -javaagent:c:\Users\Adel\.vscode\extensions\redhat.java-1.42.0-win32-x64\lombok\lombok-1.18.36.jar c:\Users\Adel\.vscode\extensions\redhat.java-1.42.0-win32-x64\server\plugins\org.eclipse.equinox.launcher_1.7.0.v20250424-1814.jar -configuration c:\Users\Adel\AppData\Roaming\Code\User\globalStorage\redhat.java\1.42.0\config_ss_win -data c:\Users\Adel\AppData\Roaming\Code\User\workspaceStorage\45387e2bdb139d26aa9d40a2b8c5fab9\redhat.java\ss_ws --pipe=\\.\pipe\lsp-d3644fd9d1498679f24dd86d4c855d58-sock

Host: Intel(R) Core(TM) i5-10300H CPU @ 2.50GHz, 8 cores, 7G,  Windows 11 , 64 bit Build 22621 (10.0.22621.4974)
Time: Sun May 25 14:23:15 2025 Paris, Madrid elapsed time: 7.642875 seconds (0d 0h 0m 7s)

---------------  T H R E A D  ---------------

Current thread (0x00000232e9ca6cf0):  JavaThread "C2 CompilerThread1" daemon [_thread_in_native, id=23236, stack(0x000000353f900000,0x000000353fa00000) (1024K)]


Current CompileTask:
C2:7642 4468 %     4       org.lombokweb.asm.SymbolTable::<init> @ 98 (536 bytes)

Stack: [0x000000353f900000,0x000000353fa00000]
Native frames: (J=compiled Java code, j=interpreted, Vv=VM code, C=native code)
V  [jvm.dll+0x6ce119]
V  [jvm.dll+0x8a84a1]
V  [jvm.dll+0x8aa9ce]
V  [jvm.dll+0x8ab0b3]
V  [jvm.dll+0x27f8a6]
V  [jvm.dll+0xc507d]
V  [jvm.dll+0xc55b3]
V  [jvm.dll+0x3b68f2]
V  [jvm.dll+0x382aa5]
V  [jvm.dll+0x381f0a]
V  [jvm.dll+0x247af0]
V  [jvm.dll+0x2470cf]
V  [jvm.dll+0x1c760e]
V  [jvm.dll+0x25695a]
V  [jvm.dll+0x254efa]
V  [jvm.dll+0x3f03f6]
V  [jvm.dll+0x851f6b]
V  [jvm.dll+0x6cc7dd]
C  [ucrtbase.dll+0x29333]
C  [KERNEL32.DLL+0x1259d]
C  [ntdll.dll+0x5af38]


---------------  P R O C E S S  ---------------

Threads class SMR info:
_java_thread_list=0x00000232e9972c60, length=37, elements={
0x00000232d3b2cea0, 0x00000232e7ee0ea0, 0x00000232e7ee24f0, 0x00000232e7ee45e0,
0x00000232e7ee54f0, 0x00000232e7eea090, 0x00000232e7eed2a0, 0x00000232e7efc450,
0x00000232e7efcaf0, 0x00000232e9976620, 0x00000232e9bb3130, 0x00000232e9c1bf30,
0x00000232ee868d40, 0x00000232eec1c360, 0x00000232ee4b8f90, 0x00000232ee8f7c40,
0x00000232eec15ef0, 0x00000232ef00d050, 0x00000232ee783bb0, 0x00000232eed41140,
0x00000232eed42b80, 0x00000232eed43210, 0x00000232eed417d0, 0x00000232eed41e60,
0x00000232eed40420, 0x00000232eed424f0, 0x00000232eed3fd90, 0x00000232eed40ab0,
0x00000232efbd5080, 0x00000232efbd9f40, 0x00000232efbdb980, 0x00000232efbd7150,
0x00000232efbd8500, 0x00000232efbdac60, 0x00000232efbd98b0, 0x00000232efbdc6a0,
0x00000232e9ca6cf0
}

Java Threads: ( => current thread )
  0x00000232d3b2cea0 JavaThread "main"                              [_thread_blocked, id=12108, stack(0x000000353db00000,0x000000353dc00000) (1024K)]
  0x00000232e7ee0ea0 JavaThread "Reference Handler"          daemon [_thread_blocked, id=12128, stack(0x000000353df00000,0x000000353e000000) (1024K)]
  0x00000232e7ee24f0 JavaThread "Finalizer"                  daemon [_thread_blocked, id=12244, stack(0x000000353e000000,0x000000353e100000) (1024K)]
  0x00000232e7ee45e0 JavaThread "Signal Dispatcher"          daemon [_thread_blocked, id=25984, stack(0x000000353e100000,0x000000353e200000) (1024K)]
  0x00000232e7ee54f0 JavaThread "Attach Listener"            daemon [_thread_blocked, id=2916, stack(0x000000353e200000,0x000000353e300000) (1024K)]
  0x00000232e7eea090 JavaThread "Service Thread"             daemon [_thread_blocked, id=25508, stack(0x000000353e300000,0x000000353e400000) (1024K)]
  0x00000232e7eed2a0 JavaThread "Monitor Deflation Thread"   daemon [_thread_blocked, id=20916, stack(0x000000353e400000,0x000000353e500000) (1024K)]
  0x00000232e7efc450 JavaThread "C2 CompilerThread0"         daemon [_thread_in_native, id=12232, stack(0x000000353e500000,0x000000353e600000) (1024K)]
  0x00000232e7efcaf0 JavaThread "C1 CompilerThread0"         daemon [_thread_blocked, id=26056, stack(0x000000353e600000,0x000000353e700000) (1024K)]
  0x00000232e9976620 JavaThread "Common-Cleaner"             daemon [_thread_blocked, id=15568, stack(0x000000353e700000,0x000000353e800000) (1024K)]
  0x00000232e9bb3130 JavaThread "Notification Thread"        daemon [_thread_blocked, id=18612, stack(0x000000353e900000,0x000000353ea00000) (1024K)]
  0x00000232e9c1bf30 JavaThread "Active Thread: Equinox Container: e16f2327-09a5-4cd4-b587-d824b793d514"        [_thread_blocked, id=26584, stack(0x000000353ea00000,0x000000353eb00000) (1024K)]
  0x00000232ee868d40 JavaThread "Framework Event Dispatcher: Equinox Container: e16f2327-09a5-4cd4-b587-d824b793d514" daemon [_thread_blocked, id=9388, stack(0x000000353f100000,0x000000353f200000) (1024K)]
  0x00000232eec1c360 JavaThread "Start Level: Equinox Container: e16f2327-09a5-4cd4-b587-d824b793d514" daemon [_thread_blocked, id=10396, stack(0x000000353f200000,0x000000353f300000) (1024K)]
  0x00000232ee4b8f90 JavaThread "SCR Component Actor"        daemon [_thread_blocked, id=22580, stack(0x000000353f300000,0x000000353f400000) (1024K)]
  0x00000232ee8f7c40 JavaThread "SCR Component Registry"     daemon [_thread_blocked, id=6672, stack(0x000000353e800000,0x000000353e900000) (1024K)]
  0x00000232eec15ef0 JavaThread "Worker-JM"                         [_thread_blocked, id=7620, stack(0x000000353f600000,0x000000353f700000) (1024K)]
  0x00000232ef00d050 JavaThread "JNA Cleaner"                daemon [_thread_blocked, id=2584, stack(0x000000353f700000,0x000000353f800000) (1024K)]
  0x00000232ee783bb0 JavaThread "Worker-0"                          [_thread_blocked, id=11668, stack(0x000000353f500000,0x000000353f600000) (1024K)]
  0x00000232eed41140 JavaThread "Worker-1"                          [_thread_blocked, id=4368, stack(0x000000353f800000,0x000000353f900000) (1024K)]
  0x00000232eed42b80 JavaThread "Thread-2"                   daemon [_thread_in_native, id=9144, stack(0x000000353fc00000,0x000000353fd00000) (1024K)]
  0x00000232eed43210 JavaThread "Thread-3"                   daemon [_thread_in_native, id=26436, stack(0x000000353fd00000,0x000000353fe00000) (1024K)]
  0x00000232eed417d0 JavaThread "Thread-4"                   daemon [_thread_in_native, id=15584, stack(0x000000353fe00000,0x000000353ff00000) (1024K)]
  0x00000232eed41e60 JavaThread "Thread-5"                   daemon [_thread_in_native, id=624, stack(0x000000353ff00000,0x0000003540000000) (1024K)]
  0x00000232eed40420 JavaThread "Thread-6"                   daemon [_thread_in_native, id=21944, stack(0x0000003540000000,0x0000003540100000) (1024K)]
  0x00000232eed424f0 JavaThread "Thread-7"                   daemon [_thread_in_native, id=25784, stack(0x0000003540100000,0x0000003540200000) (1024K)]
  0x00000232eed3fd90 JavaThread "Thread-8"                   daemon [_thread_in_native, id=20748, stack(0x0000003540200000,0x0000003540300000) (1024K)]
  0x00000232eed40ab0 JavaThread "Thread-9"                   daemon [_thread_in_native, id=18548, stack(0x0000003540300000,0x0000003540400000) (1024K)]
  0x00000232efbd5080 JavaThread "Thread-10"                  daemon [_thread_in_native, id=26092, stack(0x0000003540400000,0x0000003540500000) (1024K)]
  0x00000232efbd9f40 JavaThread "pool-2-thread-1"                   [_thread_blocked, id=24568, stack(0x0000003540500000,0x0000003540600000) (1024K)]
  0x00000232efbdb980 JavaThread "WorkspaceEventsHandler"            [_thread_blocked, id=21976, stack(0x0000003540600000,0x0000003540700000) (1024K)]
  0x00000232efbd7150 JavaThread "pool-1-thread-1"                   [_thread_blocked, id=15428, stack(0x0000003540700000,0x0000003540800000) (1024K)]
  0x00000232efbd8500 JavaThread "Worker-2"                          [_thread_blocked, id=23788, stack(0x0000003540800000,0x0000003540900000) (1024K)]
  0x00000232efbdac60 JavaThread "ForkJoinPool.commonPool-worker-1" daemon [_thread_blocked, id=17188, stack(0x0000003540900000,0x0000003540a00000) (1024K)]
  0x00000232efbd98b0 JavaThread "ForkJoinPool.commonPool-worker-2" daemon [_thread_in_Java, id=3464, stack(0x0000003540a00000,0x0000003540b00000) (1024K)]
  0x00000232efbdc6a0 JavaThread "ForkJoinPool.commonPool-worker-3" daemon [_thread_blocked, id=14972, stack(0x0000003540b00000,0x0000003540c00000) (1024K)]
=>0x00000232e9ca6cf0 JavaThread "C2 CompilerThread1"         daemon [_thread_in_native, id=23236, stack(0x000000353f900000,0x000000353fa00000) (1024K)]
Total: 37

Other Threads:
  0x00000232e7ec2610 VMThread "VM Thread"                           [id=20908, stack(0x000000353de00000,0x000000353df00000) (1024K)]
  0x00000232e7dfca00 WatcherThread "VM Periodic Task Thread"        [id=9460, stack(0x000000353dd00000,0x000000353de00000) (1024K)]
  0x00000232d3b4c210 WorkerThread "GC Thread#0"                     [id=10908, stack(0x000000353dc00000,0x000000353dd00000) (1024K)]
  0x00000232ee245390 WorkerThread "GC Thread#1"                     [id=13212, stack(0x000000353eb00000,0x000000353ec00000) (1024K)]
  0x00000232ee245940 WorkerThread "GC Thread#2"                     [id=8588, stack(0x000000353ec00000,0x000000353ed00000) (1024K)]
  0x00000232ee245ce0 WorkerThread "GC Thread#3"                     [id=14284, stack(0x000000353ed00000,0x000000353ee00000) (1024K)]
  0x00000232ee246080 WorkerThread "GC Thread#4"                     [id=23668, stack(0x000000353ee00000,0x000000353ef00000) (1024K)]
  0x00000232ee7698c0 WorkerThread "GC Thread#5"                     [id=25780, stack(0x000000353ef00000,0x000000353f000000) (1024K)]
  0x00000232ee76a070 WorkerThread "GC Thread#6"                     [id=23756, stack(0x000000353f000000,0x000000353f100000) (1024K)]
  0x00000232ee4b95f0 WorkerThread "GC Thread#7"                     [id=2540, stack(0x000000353f400000,0x000000353f500000) (1024K)]
Total: 10

Threads with active compile tasks:
C2 CompilerThread0  7683 4505       4       org.lombokweb.asm.ClassReader::readMethod (1070 bytes)
C2 CompilerThread1  7683 4468 %     4       org.lombokweb.asm.SymbolTable::<init> @ 98 (536 bytes)
Total: 2

VM state: not at safepoint (normal execution)

VM Mutex/Monitor currently owned by a thread: None

Heap address: 0x00000000c0000000, size: 1024 MB, Compressed Oops mode: 32-bit

CDS archive(s) mapped at: [0x0000023280000000-0x0000023280ba0000-0x0000023280ba0000), size 12189696, SharedBaseAddress: 0x0000023280000000, ArchiveRelocationMode: 1.
Compressed class space mapped at: 0x0000023281000000-0x00000232c1000000, reserved size: 1073741824
Narrow klass base: 0x0000023280000000, Narrow klass shift: 0, Narrow klass range: 0x100000000

GC Precious Log:
 CardTable entry size: 512
 CPUs: 8 total, 8 available
 Memory: 8099M
 Large Page Support: Disabled
 NUMA Support: Disabled
 Compressed Oops: Enabled (32-bit)
 Alignments: Space 512K, Generation 512K, Heap 2M
 Heap Min Capacity: 100M
 Heap Initial Capacity: 100M
 Heap Max Capacity: 1G
 Pre-touch: Disabled
 Parallel Workers: 8

Heap:
 PSYoungGen      total 24064K, used 16929K [0x00000000eab00000, 0x00000000ec780000, 0x0000000100000000)
  eden space 22016K, 67% used [0x00000000eab00000,0x00000000eb98c578,0x00000000ec080000)
  from space 2048K, 99% used [0x00000000ec180000,0x00000000ec37c0d8,0x00000000ec380000)
  to   space 3584K, 0% used [0x00000000ec400000,0x00000000ec400000,0x00000000ec780000)
 ParOldGen       total 68608K, used 24233K [0x00000000c0000000, 0x00000000c4300000, 0x00000000eab00000)
  object space 68608K, 35% used [0x00000000c0000000,0x00000000c17aa750,0x00000000c4300000)
 Metaspace       used 38504K, committed 39424K, reserved 1114112K
  class space    used 3821K, committed 4224K, reserved 1048576K

Card table byte_map: [0x00000232d34f0000,0x00000232d3700000] _byte_map_base: 0x00000232d2ef0000

Marking Bits: (ParMarkBitMap*) 0x00007ffc11b831f0
 Begin Bits: [0x00000232e5d20000, 0x00000232e6d20000)
 End Bits:   [0x00000232e6d20000, 0x00000232e7d20000)

Polling page: 0x00000232d1b30000

Metaspace:

Usage:
  Non-class:     33.87 MB used.
      Class:      3.73 MB used.
       Both:     37.60 MB used.

Virtual space:
  Non-class space:       64.00 MB reserved,      34.38 MB ( 54%) committed,  1 nodes.
      Class space:        1.00 GB reserved,       4.12 MB ( <1%) committed,  1 nodes.
             Both:        1.06 GB reserved,      38.50 MB (  4%) committed. 

Chunk freelists:
   Non-Class:  13.08 MB
       Class:  11.85 MB
        Both:  24.93 MB

MaxMetaspaceSize: unlimited
CompressedClassSpaceSize: 1.00 GB
Initial GC threshold: 21.00 MB
Current GC threshold: 58.38 MB
CDS: on
 - commit_granule_bytes: 65536.
 - commit_granule_words: 8192.
 - virtual_space_node_default_size: 8388608.
 - enlarge_chunks_in_place: 1.
 - use_allocation_guard: 0.


Internal statistics:

num_allocs_failed_limit: 6.
num_arena_births: 678.
num_arena_deaths: 24.
num_vsnodes_births: 2.
num_vsnodes_deaths: 0.
num_space_committed: 616.
num_space_uncommitted: 0.
num_chunks_returned_to_freelist: 33.
num_chunks_taken_from_freelist: 2276.
num_chunk_merges: 15.
num_chunk_splits: 1463.
num_chunks_enlarged: 914.
num_inconsistent_stats: 0.

CodeHeap 'non-profiled nmethods': size=120000Kb used=2262Kb max_used=2262Kb free=117737Kb
 bounds [0x00000232de7f0000, 0x00000232dea60000, 0x00000232e5d20000]
CodeHeap 'profiled nmethods': size=120000Kb used=8717Kb max_used=8717Kb free=111283Kb
 bounds [0x00000232d6d20000, 0x00000232d75b0000, 0x00000232de250000]
CodeHeap 'non-nmethods': size=5760Kb used=1395Kb max_used=1451Kb free=4364Kb
 bounds [0x00000232de250000, 0x00000232de4c0000, 0x00000232de7f0000]
 total_blobs=4822 nmethods=4122 adapters=606
 compilation: enabled
              stopped_count=0, restarted_count=0
 full_count=0

Compilation events (20 events):
Event: 7.609 Thread 0x00000232e7efcaf0 nmethod 4497 0x00000232d6d94890 code [0x00000232d6d94a60, 0x00000232d6d94d90]
Event: 7.612 Thread 0x00000232e7efcaf0 4498       3       java.util.regex.Pattern$Prolog::match (11 bytes)
Event: 7.612 Thread 0x00000232e7efcaf0 nmethod 4498 0x00000232d757cd10 code [0x00000232d757cec0, 0x00000232d757d098]
Event: 7.612 Thread 0x00000232e7efcaf0 4499       3       java.util.regex.Pattern$Loop::matchInit (156 bytes)
Event: 7.613 Thread 0x00000232e7efcaf0 nmethod 4499 0x00000232d757d190 code [0x00000232d757d3c0, 0x00000232d757dcc0]
Event: 7.613 Thread 0x00000232e7efcaf0 4501       3       lombok.patcher.scripts.WrapReturnValuesScript$WrapReturnValues::visitInsn (283 bytes)
Event: 7.614 Thread 0x00000232e7efcaf0 nmethod 4501 0x00000232d757e090 code [0x00000232d757e4a0, 0x00000232d75800a8]
Event: 7.614 Thread 0x00000232e7efcaf0 4504       3       org.lombokweb.asm.MethodVisitor::visitTypeInsn (17 bytes)
Event: 7.615 Thread 0x00000232e7efcaf0 nmethod 4504 0x00000232d7580a90 code [0x00000232d7580c40, 0x00000232d7580e48]
Event: 7.615 Thread 0x00000232e7efcaf0 4500       3       java.util.regex.IntHashSet::<init> (42 bytes)
Event: 7.615 Thread 0x00000232e7efcaf0 nmethod 4500 0x00000232d7580f10 code [0x00000232d75810e0, 0x00000232d7581420]
Event: 7.615 Thread 0x00000232e7efcaf0 4503       1       lombok.patcher.scripts.WrapReturnValuesScript::access$4 (5 bytes)
Event: 7.615 Thread 0x00000232e7efcaf0 nmethod 4503 0x00000232dea23e10 code [0x00000232dea23fa0, 0x00000232dea24050]
Event: 7.616 Thread 0x00000232e7efcaf0 4506       3       java.util.Arrays$ArrayList::iterator (12 bytes)
Event: 7.616 Thread 0x00000232e7efcaf0 nmethod 4506 0x00000232d7581510 code [0x00000232d75816c0, 0x00000232d7581908]
Event: 7.616 Thread 0x00000232e7efcaf0 4507       3       java.util.Arrays$ArrayItr::<init> (10 bytes)
Event: 7.616 Thread 0x00000232e7efcaf0 nmethod 4507 0x00000232d6d94490 code [0x00000232d6d94640, 0x00000232d6d947c8]
Event: 7.617 Thread 0x00000232e7efcaf0 4508       3       org.lombokweb.asm.ClassReader::readCode (5117 bytes)
Event: 7.618 Thread 0x00000232e7efc450 nmethod 4477 0x00000232dea24110 code [0x00000232dea243a0, 0x00000232dea25238]
Event: 7.618 Thread 0x00000232e7efc450 4505       4       org.lombokweb.asm.ClassReader::readMethod (1070 bytes)

GC Heap History (20 events):
Event: 6.056 GC heap before
{Heap before GC invocations=12 (full 1):
 PSYoungGen      total 25088K, used 24892K [0x00000000eab00000, 0x00000000ec980000, 0x0000000100000000)
  eden space 22016K, 100% used [0x00000000eab00000,0x00000000ec080000,0x00000000ec080000)
  from space 3072K, 93% used [0x00000000ec680000,0x00000000ec94f2b0,0x00000000ec980000)
  to   space 4096K, 0% used [0x00000000ec180000,0x00000000ec180000,0x00000000ec580000)
 ParOldGen       total 68608K, used 13199K [0x00000000c0000000, 0x00000000c4300000, 0x00000000eab00000)
  object space 68608K, 19% used [0x00000000c0000000,0x00000000c0ce3cb8,0x00000000c4300000)
 Metaspace       used 33626K, committed 34496K, reserved 1114112K
  class space    used 3359K, committed 3776K, reserved 1048576K
}
Event: 6.061 GC heap after
{Heap after GC invocations=12 (full 1):
 PSYoungGen      total 26112K, used 532K [0x00000000eab00000, 0x00000000ec700000, 0x0000000100000000)
  eden space 22016K, 0% used [0x00000000eab00000,0x00000000eab00000,0x00000000ec080000)
  from space 4096K, 13% used [0x00000000ec180000,0x00000000ec2052d0,0x00000000ec580000)
  to   space 1536K, 0% used [0x00000000ec580000,0x00000000ec580000,0x00000000ec700000)
 ParOldGen       total 68608K, used 15942K [0x00000000c0000000, 0x00000000c4300000, 0x00000000eab00000)
  object space 68608K, 23% used [0x00000000c0000000,0x00000000c0f91960,0x00000000c4300000)
 Metaspace       used 33626K, committed 34496K, reserved 1114112K
  class space    used 3359K, committed 3776K, reserved 1048576K
}
Event: 6.310 GC heap before
{Heap before GC invocations=13 (full 1):
 PSYoungGen      total 26112K, used 13000K [0x00000000eab00000, 0x00000000ec700000, 0x0000000100000000)
  eden space 22016K, 56% used [0x00000000eab00000,0x00000000eb72cef8,0x00000000ec080000)
  from space 4096K, 13% used [0x00000000ec180000,0x00000000ec2052d0,0x00000000ec580000)
  to   space 1536K, 0% used [0x00000000ec580000,0x00000000ec580000,0x00000000ec700000)
 ParOldGen       total 68608K, used 15942K [0x00000000c0000000, 0x00000000c4300000, 0x00000000eab00000)
  object space 68608K, 23% used [0x00000000c0000000,0x00000000c0f91960,0x00000000c4300000)
 Metaspace       used 35041K, committed 35840K, reserved 1114112K
  class space    used 3479K, committed 3840K, reserved 1048576K
}
Event: 6.312 GC heap after
{Heap after GC invocations=13 (full 1):
 PSYoungGen      total 22528K, used 416K [0x00000000eab00000, 0x00000000ec600000, 0x0000000100000000)
  eden space 22016K, 0% used [0x00000000eab00000,0x00000000eab00000,0x00000000ec080000)
  from space 512K, 81% used [0x00000000ec580000,0x00000000ec5e8000,0x00000000ec600000)
  to   space 1024K, 0% used [0x00000000ec400000,0x00000000ec400000,0x00000000ec500000)
 ParOldGen       total 68608K, used 16206K [0x00000000c0000000, 0x00000000c4300000, 0x00000000eab00000)
  object space 68608K, 23% used [0x00000000c0000000,0x00000000c0fd3960,0x00000000c4300000)
 Metaspace       used 35041K, committed 35840K, reserved 1114112K
  class space    used 3479K, committed 3840K, reserved 1048576K
}
Event: 6.312 GC heap before
{Heap before GC invocations=14 (full 2):
 PSYoungGen      total 22528K, used 416K [0x00000000eab00000, 0x00000000ec600000, 0x0000000100000000)
  eden space 22016K, 0% used [0x00000000eab00000,0x00000000eab00000,0x00000000ec080000)
  from space 512K, 81% used [0x00000000ec580000,0x00000000ec5e8000,0x00000000ec600000)
  to   space 1024K, 0% used [0x00000000ec400000,0x00000000ec400000,0x00000000ec500000)
 ParOldGen       total 68608K, used 16206K [0x00000000c0000000, 0x00000000c4300000, 0x00000000eab00000)
  object space 68608K, 23% used [0x00000000c0000000,0x00000000c0fd3960,0x00000000c4300000)
 Metaspace       used 35041K, committed 35840K, reserved 1114112K
  class space    used 3479K, committed 3840K, reserved 1048576K
}
Event: 6.348 GC heap after
{Heap after GC invocations=14 (full 2):
 PSYoungGen      total 22528K, used 0K [0x00000000eab00000, 0x00000000ec600000, 0x0000000100000000)
  eden space 22016K, 0% used [0x00000000eab00000,0x00000000eab00000,0x00000000ec080000)
  from space 512K, 0% used [0x00000000ec580000,0x00000000ec580000,0x00000000ec600000)
  to   space 1024K, 0% used [0x00000000ec400000,0x00000000ec400000,0x00000000ec500000)
 ParOldGen       total 68608K, used 15511K [0x00000000c0000000, 0x00000000c4300000, 0x00000000eab00000)
  object space 68608K, 22% used [0x00000000c0000000,0x00000000c0f25d30,0x00000000c4300000)
 Metaspace       used 35032K, committed 35840K, reserved 1114112K
  class space    used 3476K, committed 3840K, reserved 1048576K
}
Event: 6.783 GC heap before
{Heap before GC invocations=15 (full 2):
 PSYoungGen      total 22528K, used 22016K [0x00000000eab00000, 0x00000000ec600000, 0x0000000100000000)
  eden space 22016K, 100% used [0x00000000eab00000,0x00000000ec080000,0x00000000ec080000)
  from space 512K, 0% used [0x00000000ec580000,0x00000000ec580000,0x00000000ec600000)
  to   space 1024K, 0% used [0x00000000ec400000,0x00000000ec400000,0x00000000ec500000)
 ParOldGen       total 68608K, used 15511K [0x00000000c0000000, 0x00000000c4300000, 0x00000000eab00000)
  object space 68608K, 22% used [0x00000000c0000000,0x00000000c0f25d30,0x00000000c4300000)
 Metaspace       used 36799K, committed 37696K, reserved 1114112K
  class space    used 3649K, committed 4032K, reserved 1048576K
}
Event: 6.785 GC heap after
{Heap after GC invocations=15 (full 2):
 PSYoungGen      total 23040K, used 999K [0x00000000eab00000, 0x00000000ec880000, 0x0000000100000000)
  eden space 22016K, 0% used [0x00000000eab00000,0x00000000eab00000,0x00000000ec080000)
  from space 1024K, 97% used [0x00000000ec400000,0x00000000ec4f9d90,0x00000000ec500000)
  to   space 3584K, 0% used [0x00000000ec500000,0x00000000ec500000,0x00000000ec880000)
 ParOldGen       total 68608K, used 17806K [0x00000000c0000000, 0x00000000c4300000, 0x00000000eab00000)
  object space 68608K, 25% used [0x00000000c0000000,0x00000000c1163ad0,0x00000000c4300000)
 Metaspace       used 36799K, committed 37696K, reserved 1114112K
  class space    used 3649K, committed 4032K, reserved 1048576K
}
Event: 6.901 GC heap before
{Heap before GC invocations=16 (full 2):
 PSYoungGen      total 23040K, used 23015K [0x00000000eab00000, 0x00000000ec880000, 0x0000000100000000)
  eden space 22016K, 100% used [0x00000000eab00000,0x00000000ec080000,0x00000000ec080000)
  from space 1024K, 97% used [0x00000000ec400000,0x00000000ec4f9d90,0x00000000ec500000)
  to   space 3584K, 0% used [0x00000000ec500000,0x00000000ec500000,0x00000000ec880000)
 ParOldGen       total 68608K, used 17806K [0x00000000c0000000, 0x00000000c4300000, 0x00000000eab00000)
  object space 68608K, 25% used [0x00000000c0000000,0x00000000c1163ad0,0x00000000c4300000)
 Metaspace       used 36799K, committed 37696K, reserved 1114112K
  class space    used 3649K, committed 4032K, reserved 1048576K
}
Event: 6.903 GC heap after
{Heap after GC invocations=16 (full 2):
 PSYoungGen      total 23040K, used 640K [0x00000000eab00000, 0x00000000ec600000, 0x0000000100000000)
  eden space 22016K, 0% used [0x00000000eab00000,0x00000000eab00000,0x00000000ec080000)
  from space 1024K, 62% used [0x00000000ec500000,0x00000000ec5a0000,0x00000000ec600000)
  to   space 2048K, 0% used [0x00000000ec200000,0x00000000ec200000,0x00000000ec400000)
 ParOldGen       total 68608K, used 18757K [0x00000000c0000000, 0x00000000c4300000, 0x00000000eab00000)
  object space 68608K, 27% used [0x00000000c0000000,0x00000000c1251760,0x00000000c4300000)
 Metaspace       used 36799K, committed 37696K, reserved 1114112K
  class space    used 3649K, committed 4032K, reserved 1048576K
}
Event: 6.984 GC heap before
{Heap before GC invocations=17 (full 2):
 PSYoungGen      total 23040K, used 22656K [0x00000000eab00000, 0x00000000ec600000, 0x0000000100000000)
  eden space 22016K, 100% used [0x00000000eab00000,0x00000000ec080000,0x00000000ec080000)
  from space 1024K, 62% used [0x00000000ec500000,0x00000000ec5a0000,0x00000000ec600000)
  to   space 2048K, 0% used [0x00000000ec200000,0x00000000ec200000,0x00000000ec400000)
 ParOldGen       total 68608K, used 18757K [0x00000000c0000000, 0x00000000c4300000, 0x00000000eab00000)
  object space 68608K, 27% used [0x00000000c0000000,0x00000000c1251760,0x00000000c4300000)
 Metaspace       used 36968K, committed 37888K, reserved 1114112K
  class space    used 3663K, committed 4096K, reserved 1048576K
}
Event: 6.987 GC heap after
{Heap after GC invocations=17 (full 2):
 PSYoungGen      total 24064K, used 672K [0x00000000eab00000, 0x00000000ec580000, 0x0000000100000000)
  eden space 22016K, 0% used [0x00000000eab00000,0x00000000eab00000,0x00000000ec080000)
  from space 2048K, 32% used [0x00000000ec200000,0x00000000ec2a8000,0x00000000ec400000)
  to   space 1024K, 0% used [0x00000000ec480000,0x00000000ec480000,0x00000000ec580000)
 ParOldGen       total 68608K, used 19305K [0x00000000c0000000, 0x00000000c4300000, 0x00000000eab00000)
  object space 68608K, 28% used [0x00000000c0000000,0x00000000c12da770,0x00000000c4300000)
 Metaspace       used 36968K, committed 37888K, reserved 1114112K
  class space    used 3663K, committed 4096K, reserved 1048576K
}
Event: 7.055 GC heap before
{Heap before GC invocations=18 (full 2):
 PSYoungGen      total 24064K, used 22688K [0x00000000eab00000, 0x00000000ec580000, 0x0000000100000000)
  eden space 22016K, 100% used [0x00000000eab00000,0x00000000ec080000,0x00000000ec080000)
  from space 2048K, 32% used [0x00000000ec200000,0x00000000ec2a8000,0x00000000ec400000)
  to   space 1024K, 0% used [0x00000000ec480000,0x00000000ec480000,0x00000000ec580000)
 ParOldGen       total 68608K, used 19305K [0x00000000c0000000, 0x00000000c4300000, 0x00000000eab00000)
  object space 68608K, 28% used [0x00000000c0000000,0x00000000c12da770,0x00000000c4300000)
 Metaspace       used 36974K, committed 37888K, reserved 1114112K
  class space    used 3663K, committed 4096K, reserved 1048576K
}
Event: 7.057 GC heap after
{Heap after GC invocations=18 (full 2):
 PSYoungGen      total 23040K, used 672K [0x00000000eab00000, 0x00000000ec580000, 0x0000000100000000)
  eden space 22016K, 0% used [0x00000000eab00000,0x00000000eab00000,0x00000000ec080000)
  from space 1024K, 65% used [0x00000000ec480000,0x00000000ec528000,0x00000000ec580000)
  to   space 1024K, 0% used [0x00000000ec380000,0x00000000ec380000,0x00000000ec480000)
 ParOldGen       total 68608K, used 19849K [0x00000000c0000000, 0x00000000c4300000, 0x00000000eab00000)
  object space 68608K, 28% used [0x00000000c0000000,0x00000000c1362770,0x00000000c4300000)
 Metaspace       used 36974K, committed 37888K, reserved 1114112K
  class space    used 3663K, committed 4096K, reserved 1048576K
}
Event: 7.189 GC heap before
{Heap before GC invocations=19 (full 2):
 PSYoungGen      total 23040K, used 22688K [0x00000000eab00000, 0x00000000ec580000, 0x0000000100000000)
  eden space 22016K, 100% used [0x00000000eab00000,0x00000000ec080000,0x00000000ec080000)
  from space 1024K, 65% used [0x00000000ec480000,0x00000000ec528000,0x00000000ec580000)
  to   space 1024K, 0% used [0x00000000ec380000,0x00000000ec380000,0x00000000ec480000)
 ParOldGen       total 68608K, used 19849K [0x00000000c0000000, 0x00000000c4300000, 0x00000000eab00000)
  object space 68608K, 28% used [0x00000000c0000000,0x00000000c1362770,0x00000000c4300000)
 Metaspace       used 37072K, committed 38016K, reserved 1114112K
  class space    used 3665K, committed 4096K, reserved 1048576K
}
Event: 7.206 GC heap after
{Heap after GC invocations=19 (full 2):
 PSYoungGen      total 23040K, used 999K [0x00000000eab00000, 0x00000000ec880000, 0x0000000100000000)
  eden space 22016K, 0% used [0x00000000eab00000,0x00000000eab00000,0x00000000ec080000)
  from space 1024K, 97% used [0x00000000ec380000,0x00000000ec479f50,0x00000000ec480000)
  to   space 4096K, 0% used [0x00000000ec480000,0x00000000ec480000,0x00000000ec880000)
 ParOldGen       total 68608K, used 22101K [0x00000000c0000000, 0x00000000c4300000, 0x00000000eab00000)
  object space 68608K, 32% used [0x00000000c0000000,0x00000000c15957b0,0x00000000c4300000)
 Metaspace       used 37072K, committed 38016K, reserved 1114112K
  class space    used 3665K, committed 4096K, reserved 1048576K
}
Event: 7.271 GC heap before
{Heap before GC invocations=20 (full 2):
 PSYoungGen      total 23040K, used 23015K [0x00000000eab00000, 0x00000000ec880000, 0x0000000100000000)
  eden space 22016K, 100% used [0x00000000eab00000,0x00000000ec080000,0x00000000ec080000)
  from space 1024K, 97% used [0x00000000ec380000,0x00000000ec479f50,0x00000000ec480000)
  to   space 4096K, 0% used [0x00000000ec480000,0x00000000ec480000,0x00000000ec880000)
 ParOldGen       total 68608K, used 22101K [0x00000000c0000000, 0x00000000c4300000, 0x00000000eab00000)
  object space 68608K, 32% used [0x00000000c0000000,0x00000000c15957b0,0x00000000c4300000)
 Metaspace       used 37072K, committed 38016K, reserved 1114112K
  class space    used 3665K, committed 4096K, reserved 1048576K
}
Event: 7.274 GC heap after
{Heap after GC invocations=20 (full 2):
 PSYoungGen      total 23040K, used 974K [0x00000000eab00000, 0x00000000ec580000, 0x0000000100000000)
  eden space 22016K, 0% used [0x00000000eab00000,0x00000000eab00000,0x00000000ec080000)
  from space 1024K, 95% used [0x00000000ec480000,0x00000000ec573bb8,0x00000000ec580000)
  to   space 2048K, 0% used [0x00000000ec180000,0x00000000ec180000,0x00000000ec380000)
 ParOldGen       total 68608K, used 23108K [0x00000000c0000000, 0x00000000c4300000, 0x00000000eab00000)
  object space 68608K, 33% used [0x00000000c0000000,0x00000000c1691278,0x00000000c4300000)
 Metaspace       used 37072K, committed 38016K, reserved 1114112K
  class space    used 3665K, committed 4096K, reserved 1048576K
}
Event: 7.586 GC heap before
{Heap before GC invocations=21 (full 2):
 PSYoungGen      total 23040K, used 22967K [0x00000000eab00000, 0x00000000ec580000, 0x0000000100000000)
  eden space 22016K, 99% used [0x00000000eab00000,0x00000000ec07a320,0x00000000ec080000)
  from space 1024K, 95% used [0x00000000ec480000,0x00000000ec573bb8,0x00000000ec580000)
  to   space 2048K, 0% used [0x00000000ec180000,0x00000000ec180000,0x00000000ec380000)
 ParOldGen       total 68608K, used 23108K [0x00000000c0000000, 0x00000000c4300000, 0x00000000eab00000)
  object space 68608K, 33% used [0x00000000c0000000,0x00000000c1691278,0x00000000c4300000)
 Metaspace       used 38473K, committed 39424K, reserved 1114112K
  class space    used 3821K, committed 4224K, reserved 1048576K
}
Event: 7.590 GC heap after
{Heap after GC invocations=21 (full 2):
 PSYoungGen      total 24064K, used 2032K [0x00000000eab00000, 0x00000000ec780000, 0x0000000100000000)
  eden space 22016K, 0% used [0x00000000eab00000,0x00000000eab00000,0x00000000ec080000)
  from space 2048K, 99% used [0x00000000ec180000,0x00000000ec37c0d8,0x00000000ec380000)
  to   space 3584K, 0% used [0x00000000ec400000,0x00000000ec400000,0x00000000ec780000)
 ParOldGen       total 68608K, used 24233K [0x00000000c0000000, 0x00000000c4300000, 0x00000000eab00000)
  object space 68608K, 35% used [0x00000000c0000000,0x00000000c17aa750,0x00000000c4300000)
 Metaspace       used 38473K, committed 39424K, reserved 1114112K
  class space    used 3821K, committed 4224K, reserved 1048576K
}

Dll operation events (10 events):
Event: 0.010 Loaded shared library c:\Users\Adel\.vscode\extensions\redhat.java-1.42.0-win32-x64\jre\21.0.7-win32-x86_64\bin\java.dll
Event: 0.067 Loaded shared library c:\Users\Adel\.vscode\extensions\redhat.java-1.42.0-win32-x64\jre\21.0.7-win32-x86_64\bin\zip.dll
Event: 0.091 Loaded shared library C:\Users\Adel\.vscode\extensions\redhat.java-1.42.0-win32-x64\jre\21.0.7-win32-x86_64\bin\instrument.dll
Event: 0.096 Loaded shared library C:\Users\Adel\.vscode\extensions\redhat.java-1.42.0-win32-x64\jre\21.0.7-win32-x86_64\bin\net.dll
Event: 0.099 Loaded shared library C:\Users\Adel\.vscode\extensions\redhat.java-1.42.0-win32-x64\jre\21.0.7-win32-x86_64\bin\nio.dll
Event: 0.104 Loaded shared library C:\Users\Adel\.vscode\extensions\redhat.java-1.42.0-win32-x64\jre\21.0.7-win32-x86_64\bin\zip.dll
Event: 0.127 Loaded shared library C:\Users\Adel\.vscode\extensions\redhat.java-1.42.0-win32-x64\jre\21.0.7-win32-x86_64\bin\jimage.dll
Event: 0.224 Loaded shared library c:\Users\Adel\.vscode\extensions\redhat.java-1.42.0-win32-x64\jre\21.0.7-win32-x86_64\bin\verify.dll
Event: 1.823 Loaded shared library C:\Users\Adel\AppData\Roaming\Code\User\globalStorage\redhat.java\1.42.0\config_ss_win\org.eclipse.equinox.launcher\org.eclipse.equinox.launcher.win32.win32.x86_64_1.2.1300.v20250331-1702\eclipse_11911.dll
Event: 3.062 Loaded shared library C:\Users\Adel\AppData\Local\Temp\jna-2035754\jna1528688128404402166.dll

Deoptimization events (20 events):
Event: 7.610 Thread 0x00000232efbd98b0 DEOPT PACKING pc=0x00000232d7233a33 sp=0x0000003540af95a0
Event: 7.610 Thread 0x00000232efbd98b0 DEOPT UNPACKING pc=0x00000232de2a4242 sp=0x0000003540af8ad0 mode 0
Event: 7.611 Thread 0x00000232efbd98b0 Uncommon trap: trap_request=0xffffffde fr.pc=0x00000232de958d84 relative=0x00000000000068a4
Event: 7.611 Thread 0x00000232efbd98b0 Uncommon trap: reason=class_check action=maybe_recompile pc=0x00000232de958d84 method=lombok.patcher.PatchScript$MethodPatcher.visitMethod(ILjava/lang/String;Ljava/lang/String;Ljava/lang/String;[Ljava/lang/String;)Lorg/lombokweb/asm/MethodVisitor; @ 101 c
Event: 7.611 Thread 0x00000232efbd98b0 DEOPT PACKING pc=0x00000232de958d84 sp=0x0000003540af9470
Event: 7.611 Thread 0x00000232efbd98b0 DEOPT UNPACKING pc=0x00000232de2a3aa2 sp=0x0000003540af93e8 mode 2
Event: 7.611 Thread 0x00000232efbd98b0 Uncommon trap: trap_request=0xffffffde fr.pc=0x00000232de958d84 relative=0x00000000000068a4
Event: 7.611 Thread 0x00000232efbd98b0 Uncommon trap: reason=class_check action=maybe_recompile pc=0x00000232de958d84 method=lombok.patcher.PatchScript$MethodPatcher.visitMethod(ILjava/lang/String;Ljava/lang/String;Ljava/lang/String;[Ljava/lang/String;)Lorg/lombokweb/asm/MethodVisitor; @ 101 c
Event: 7.611 Thread 0x00000232efbd98b0 DEOPT PACKING pc=0x00000232de958d84 sp=0x0000003540af9470
Event: 7.611 Thread 0x00000232efbd98b0 DEOPT UNPACKING pc=0x00000232de2a3aa2 sp=0x0000003540af93e8 mode 2
Event: 7.611 Thread 0x00000232efbd98b0 Uncommon trap: trap_request=0xffffffde fr.pc=0x00000232de958d84 relative=0x00000000000068a4
Event: 7.611 Thread 0x00000232efbd98b0 Uncommon trap: reason=class_check action=maybe_recompile pc=0x00000232de958d84 method=lombok.patcher.PatchScript$MethodPatcher.visitMethod(ILjava/lang/String;Ljava/lang/String;Ljava/lang/String;[Ljava/lang/String;)Lorg/lombokweb/asm/MethodVisitor; @ 101 c
Event: 7.611 Thread 0x00000232efbd98b0 DEOPT PACKING pc=0x00000232de958d84 sp=0x0000003540af9470
Event: 7.611 Thread 0x00000232efbd98b0 DEOPT UNPACKING pc=0x00000232de2a3aa2 sp=0x0000003540af93e8 mode 2
Event: 7.611 Thread 0x00000232efbd98b0 Uncommon trap: trap_request=0xffffffde fr.pc=0x00000232de958d84 relative=0x00000000000068a4
Event: 7.611 Thread 0x00000232efbd98b0 Uncommon trap: reason=class_check action=maybe_recompile pc=0x00000232de958d84 method=lombok.patcher.PatchScript$MethodPatcher.visitMethod(ILjava/lang/String;Ljava/lang/String;Ljava/lang/String;[Ljava/lang/String;)Lorg/lombokweb/asm/MethodVisitor; @ 101 c
Event: 7.611 Thread 0x00000232efbd98b0 DEOPT PACKING pc=0x00000232de958d84 sp=0x0000003540af9470
Event: 7.611 Thread 0x00000232efbd98b0 DEOPT UNPACKING pc=0x00000232de2a3aa2 sp=0x0000003540af93e8 mode 2
Event: 7.627 Thread 0x00000232efbd98b0 DEOPT PACKING pc=0x00000232d7233a33 sp=0x0000003540af95a0
Event: 7.627 Thread 0x00000232efbd98b0 DEOPT UNPACKING pc=0x00000232de2a4242 sp=0x0000003540af8ad0 mode 0

Classes loaded (20 events):
Event: 6.551 Loading class sun/util/logging/resources/logging_fr_FR
Event: 6.551 Loading class sun/util/logging/resources/logging_fr_FR done
Event: 6.551 Loading class sun/util/logging/resources/logging_fr_FR
Event: 6.551 Loading class sun/util/logging/resources/logging_fr_FR done
Event: 6.551 Loading class java/util/Formatter$DateTime
Event: 6.551 Loading class java/util/Formatter$DateTime done
Event: 6.552 Loading class java/time/ZonedDateTime$1
Event: 6.552 Loading class java/time/ZonedDateTime$1 done
Event: 6.558 Loading class java/util/concurrent/CompletionException
Event: 6.558 Loading class java/util/concurrent/CompletionException done
Event: 6.605 Loading class java/io/FileReader
Event: 6.605 Loading class java/io/FileReader done
Event: 6.605 Loading class java/lang/UnsupportedClassVersionError
Event: 6.605 Loading class java/lang/UnsupportedClassVersionError done
Event: 6.720 Loading class java/util/AbstractList$ListItr
Event: 6.720 Loading class java/util/AbstractList$ListItr done
Event: 7.476 Loading class java/util/Collections$SynchronizedRandomAccessList
Event: 7.476 Loading class java/util/Collections$SynchronizedList
Event: 7.476 Loading class java/util/Collections$SynchronizedList done
Event: 7.476 Loading class java/util/Collections$SynchronizedRandomAccessList done

Classes unloaded (12 events):
Event: 3.963 Thread 0x00000232e7ec2610 Unloading class 0x0000023281184800 'java/lang/invoke/LambdaForm$MH+0x0000023281184800'
Event: 3.963 Thread 0x00000232e7ec2610 Unloading class 0x0000023281184400 'java/lang/invoke/LambdaForm$MH+0x0000023281184400'
Event: 3.963 Thread 0x00000232e7ec2610 Unloading class 0x0000023281184000 'java/lang/invoke/LambdaForm$MH+0x0000023281184000'
Event: 3.963 Thread 0x00000232e7ec2610 Unloading class 0x0000023281183c00 'java/lang/invoke/LambdaForm$MH+0x0000023281183c00'
Event: 3.963 Thread 0x00000232e7ec2610 Unloading class 0x0000023281183800 'java/lang/invoke/LambdaForm$BMH+0x0000023281183800'
Event: 3.963 Thread 0x00000232e7ec2610 Unloading class 0x0000023281183400 'java/lang/invoke/LambdaForm$DMH+0x0000023281183400'
Event: 3.963 Thread 0x00000232e7ec2610 Unloading class 0x0000023281182000 'java/lang/invoke/LambdaForm$DMH+0x0000023281182000'
Event: 6.317 Thread 0x00000232e7ec2610 Unloading class 0x00000232813c8000 'java/lang/invoke/LambdaForm$MH+0x00000232813c8000'
Event: 6.317 Thread 0x00000232e7ec2610 Unloading class 0x00000232813b8c00 'java/lang/invoke/LambdaForm$MH+0x00000232813b8c00'
Event: 6.317 Thread 0x00000232e7ec2610 Unloading class 0x00000232813b8400 'java/lang/invoke/LambdaForm$MH+0x00000232813b8400'
Event: 6.317 Thread 0x00000232e7ec2610 Unloading class 0x00000232813b8800 'java/lang/invoke/LambdaForm$MH+0x00000232813b8800'
Event: 6.317 Thread 0x00000232e7ec2610 Unloading class 0x00000232813b8000 'java/lang/invoke/LambdaForm$MH+0x00000232813b8000'

Classes redefined (0 events):
No events

Internal exceptions (20 events):
Event: 5.583 Thread 0x00000232efbd7150 Exception <a 'java/lang/LinkageError'{0x00000000eab890f8}: loader lombok.launch.ShadowClassLoader @688c13fb attempted duplicate class definition for lombok.launch.PatchFixesHider$Transform. (lombok.launch.PatchFixesHider$Transform is in unnamed module of loader lombok.launch.ShadowClassLoader @688c13fb, parent loader org.eclipse.osgi.internal.loader.EquinoxClassLoader @42deebd8)> (0x00000000eab890f8) 
thrown [s\src\hotspot\share\classfile\systemDictionary.cpp, line 1682]
Event: 5.584 Thread 0x00000232efbdc6a0 Exception <a 'java/lang/LinkageError'{0x00000000eab41300}: loader lombok.launch.ShadowClassLoader @688c13fb attempted duplicate class definition for lombok.launch.PatchFixesHider$Transform. (lombok.launch.PatchFixesHider$Transform is in unnamed module of loader lombok.launch.ShadowClassLoader @688c13fb, parent loader org.eclipse.osgi.internal.loader.EquinoxClassLoader @42deebd8)> (0x00000000eab41300) 
thrown [s\src\hotspot\share\classfile\systemDictionary.cpp, line 1682]
Event: 5.584 Thread 0x00000232efbdac60 Exception <a 'java/lang/LinkageError'{0x00000000eabb21e0}: loader lombok.launch.ShadowClassLoader @688c13fb attempted duplicate class definition for lombok.launch.PatchFixesHider$Transform. (lombok.launch.PatchFixesHider$Transform is in unnamed module of loader lombok.launch.ShadowClassLoader @688c13fb, parent loader org.eclipse.osgi.internal.loader.EquinoxClassLoader @42deebd8)> (0x00000000eabb21e0) 
thrown [s\src\hotspot\share\classfile\systemDictionary.cpp, line 1682]
Event: 6.100 Thread 0x00000232efbd98b0 Implicit null exception at 0x00000232de9d1820 to 0x00000232de9d2398
Event: 6.273 Thread 0x00000232efbdac60 Exception <a 'java/lang/LinkageError'{0x00000000eb582ab0}: loader lombok.launch.ShadowClassLoader @1b5c809 attempted duplicate class definition for lombok.launch.PatchFixesHider$FieldInitializer. (lombok.launch.PatchFixesHider$FieldInitializer is in unnamed module of loader lombok.launch.ShadowClassLoader @1b5c809, parent loader org.eclipse.osgi.internal.loader.EquinoxClassLoader @6b19e3eb)> (0x00000000eb582ab0) 
thrown [s\src\hotspot\share\classfile\systemDictionary.cpp, line 1682]
Event: 6.282 Thread 0x00000232efbdc6a0 Exception <a 'java/lang/LinkageError'{0x00000000eb5e8018}: loader lombok.launch.ShadowClassLoader @1b5c809 attempted duplicate class definition for lombok.launch.PatchFixesHider$FieldInitializer. (lombok.launch.PatchFixesHider$FieldInitializer is in unnamed module of loader lombok.launch.ShadowClassLoader @1b5c809, parent loader org.eclipse.osgi.internal.loader.EquinoxClassLoader @6b19e3eb)> (0x00000000eb5e8018) 
thrown [s\src\hotspot\share\classfile\systemDictionary.cpp, line 1682]
Event: 6.289 Thread 0x00000232efbd7150 Exception <a 'java/lang/LinkageError'{0x00000000eb5ec080}: loader lombok.launch.ShadowClassLoader @1b5c809 attempted duplicate class definition for lombok.launch.PatchFixesHider$FieldInitializer. (lombok.launch.PatchFixesHider$FieldInitializer is in unnamed module of loader lombok.launch.ShadowClassLoader @1b5c809, parent loader org.eclipse.osgi.internal.loader.EquinoxClassLoader @6b19e3eb)> (0x00000000eb5ec080) 
thrown [s\src\hotspot\share\classfile\systemDictionary.cpp, line 1682]
Event: 6.353 Thread 0x00000232efbd98b0 Exception <a 'java/lang/NoSuchMethodError'{0x00000000eab2bb18}: 'java.lang.Object java.lang.invoke.DirectMethodHandle$Holder.invokeSpecial(java.lang.Object, java.lang.Object, java.lang.Object, java.lang.Object, int, java.lang.Object, java.lang.Object)'> (0x00000000eab2bb18) 
thrown [s\src\hotspot\share\interpreter\linkResolver.cpp, line 773]
Event: 6.550 Thread 0x00000232efbd7150 Exception <a 'java/lang/ClassNotFoundException'{0x00000000eb1a60f8}: sun/util/logging/resources/spi/loggingProvider> (0x00000000eb1a60f8) 
thrown [s\src\hotspot\share\classfile\systemDictionary.cpp, line 312]
Event: 6.553 Thread 0x00000232efbd7150 Exception <a 'java/lang/IncompatibleClassChangeError'{0x00000000eb1beed0}: Found class java.lang.Object, but interface was expected> (0x00000000eb1beed0) 
thrown [s\src\hotspot\share\interpreter\linkResolver.cpp, line 840]
Event: 6.555 Thread 0x00000232efbd7150 Exception <a 'java/lang/IncompatibleClassChangeError'{0x00000000eb1e3d80}: Found class java.lang.Object, but interface was expected> (0x00000000eb1e3d80) 
thrown [s\src\hotspot\share\interpreter\linkResolver.cpp, line 840]
Event: 6.569 Thread 0x00000232efbd7150 Exception <a 'java/lang/IncompatibleClassChangeError'{0x00000000eb230978}: Found class java.lang.Object, but interface was expected> (0x00000000eb230978) 
thrown [s\src\hotspot\share\interpreter\linkResolver.cpp, line 840]
Event: 6.625 Thread 0x00000232efbd98b0 Exception <a 'java/lang/NoSuchMethodError'{0x00000000eb4b02f0}: 'int java.lang.invoke.Invokers$Holder.invokeExact_MT(java.lang.Object, java.lang.Object)'> (0x00000000eb4b02f0) 
thrown [s\src\hotspot\share\interpreter\linkResolver.cpp, line 773]
Event: 6.971 Thread 0x00000232ee783bb0 Exception <a 'java/lang/NoSuchMethodError'{0x00000000ebc52e10}: 'java.lang.Object java.lang.invoke.DirectMethodHandle$Holder.invokeSpecial(java.lang.Object, java.lang.Object, int, long)'> (0x00000000ebc52e10) 
thrown [s\src\hotspot\share\interpreter\linkResolver.cpp, line 773]
Event: 6.988 Thread 0x00000232efbdac60 Exception <a 'java/lang/ArrayIndexOutOfBoundsException'{0x00000000eab01c10}> (0x00000000eab01c10) 
thrown [s\src\hotspot\share\runtime\sharedRuntime.cpp, line 625]
Event: 7.345 Thread 0x00000232efbd98b0 Exception <a 'java/lang/NoSuchMethodError'{0x00000000eb27c620}: 'int java.lang.invoke.DirectMethodHandle$Holder.invokeInterface(java.lang.Object, java.lang.Object)'> (0x00000000eb27c620) 
thrown [s\src\hotspot\share\interpreter\linkResolver.cpp, line 773]
Event: 7.345 Thread 0x00000232efbd98b0 Exception <a 'java/lang/IncompatibleClassChangeError'{0x00000000eb27f8e0}: Found class java.lang.Object, but interface was expected> (0x00000000eb27f8e0) 
thrown [s\src\hotspot\share\interpreter\linkResolver.cpp, line 840]
Event: 7.399 Thread 0x00000232efbd98b0 Exception <a 'java/lang/NoSuchMethodError'{0x00000000eb453b88}: 'int java.lang.invoke.DirectMethodHandle$Holder.invokeSpecialIFC(java.lang.Object, java.lang.Object, java.lang.Object)'> (0x00000000eb453b88) 
thrown [s\src\hotspot\share\interpreter\linkResolver.cpp, line 773]
Event: 7.411 Thread 0x00000232efbd98b0 Exception <a 'java/io/FileNotFoundException'{0x00000000eb4b6c70}> (0x00000000eb4b6c70) 
thrown [s\src\hotspot\share\prims\jni.cpp, line 520]
Event: 7.411 Thread 0x00000232efbd98b0 Exception <a 'java/io/FileNotFoundException'{0x00000000eb4b82f0}> (0x00000000eb4b82f0) 
thrown [s\src\hotspot\share\prims\jni.cpp, line 520]

ZGC Phase Switch (0 events):
No events

VM Operations (20 events):
Event: 6.901 Executing VM operation: ParallelGCFailedAllocation (Allocation Failure)
Event: 6.903 Executing VM operation: ParallelGCFailedAllocation (Allocation Failure) done
Event: 6.984 Executing VM operation: ParallelGCFailedAllocation (Allocation Failure)
Event: 6.987 Executing VM operation: ParallelGCFailedAllocation (Allocation Failure) done
Event: 7.055 Executing VM operation: ParallelGCFailedAllocation (Allocation Failure)
Event: 7.057 Executing VM operation: ParallelGCFailedAllocation (Allocation Failure) done
Event: 7.188 Executing VM operation: ParallelGCFailedAllocation (Allocation Failure)
Event: 7.206 Executing VM operation: ParallelGCFailedAllocation (Allocation Failure) done
Event: 7.271 Executing VM operation: ParallelGCFailedAllocation (Allocation Failure)
Event: 7.274 Executing VM operation: ParallelGCFailedAllocation (Allocation Failure) done
Event: 7.325 Executing VM operation: HandshakeAllThreads (Deoptimize)
Event: 7.325 Executing VM operation: HandshakeAllThreads (Deoptimize) done
Event: 7.465 Executing VM operation: HandshakeAllThreads (Deoptimize)
Event: 7.466 Executing VM operation: HandshakeAllThreads (Deoptimize) done
Event: 7.467 Executing VM operation: HandshakeAllThreads (Deoptimize)
Event: 7.467 Executing VM operation: HandshakeAllThreads (Deoptimize) done
Event: 7.479 Executing VM operation: HandshakeAllThreads (Deoptimize)
Event: 7.480 Executing VM operation: HandshakeAllThreads (Deoptimize) done
Event: 7.586 Executing VM operation: ParallelGCFailedAllocation (Allocation Failure)
Event: 7.590 Executing VM operation: ParallelGCFailedAllocation (Allocation Failure) done

Memory protections (0 events):
No events

Nmethod flushes (20 events):
Event: 6.327 Thread 0x00000232e7ec2610 flushing  nmethod 0x00000232d707cd90
Event: 6.327 Thread 0x00000232e7ec2610 flushing  nmethod 0x00000232d7135e10
Event: 6.327 Thread 0x00000232e7ec2610 flushing  nmethod 0x00000232d7136290
Event: 6.327 Thread 0x00000232e7ec2610 flushing  nmethod 0x00000232d7136c10
Event: 6.327 Thread 0x00000232e7ec2610 flushing  nmethod 0x00000232d7160d90
Event: 6.327 Thread 0x00000232e7ec2610 flushing  nmethod 0x00000232d7161790
Event: 6.327 Thread 0x00000232e7ec2610 flushing  nmethod 0x00000232d7167a90
Event: 6.327 Thread 0x00000232e7ec2610 flushing  nmethod 0x00000232d7167e90
Event: 6.327 Thread 0x00000232e7ec2610 flushing  nmethod 0x00000232d718b890
Event: 6.327 Thread 0x00000232e7ec2610 flushing  nmethod 0x00000232d718e590
Event: 6.327 Thread 0x00000232e7ec2610 flushing  nmethod 0x00000232d71aff90
Event: 6.327 Thread 0x00000232e7ec2610 flushing  nmethod 0x00000232d71bed90
Event: 6.327 Thread 0x00000232e7ec2610 flushing  nmethod 0x00000232d71e7290
Event: 6.327 Thread 0x00000232e7ec2610 flushing  nmethod 0x00000232d71ecd90
Event: 6.327 Thread 0x00000232e7ec2610 flushing  nmethod 0x00000232d71f5290
Event: 6.327 Thread 0x00000232e7ec2610 flushing  nmethod 0x00000232d71fb690
Event: 6.327 Thread 0x00000232e7ec2610 flushing  nmethod 0x00000232d7200010
Event: 6.327 Thread 0x00000232e7ec2610 flushing  nmethod 0x00000232d7201590
Event: 6.327 Thread 0x00000232e7ec2610 flushing  nmethod 0x00000232d7202310
Event: 6.327 Thread 0x00000232e7ec2610 flushing  nmethod 0x00000232d7202f10

Events (20 events):
Event: 4.268 Thread 0x00000232eec1c360 Thread added: 0x00000232eed417d0
Event: 4.340 Thread 0x00000232eed417d0 Thread exited: 0x00000232eed417d0
Event: 4.640 Thread 0x00000232d3b2cea0 Thread added: 0x00000232eed42b80
Event: 4.641 Thread 0x00000232d3b2cea0 Thread added: 0x00000232eed43210
Event: 4.641 Thread 0x00000232d3b2cea0 Thread added: 0x00000232eed417d0
Event: 4.641 Thread 0x00000232d3b2cea0 Thread added: 0x00000232eed41e60
Event: 4.641 Thread 0x00000232d3b2cea0 Thread added: 0x00000232eed40420
Event: 4.641 Thread 0x00000232d3b2cea0 Thread added: 0x00000232eed424f0
Event: 4.641 Thread 0x00000232d3b2cea0 Thread added: 0x00000232eed3fd90
Event: 4.641 Thread 0x00000232d3b2cea0 Thread added: 0x00000232eed40ab0
Event: 4.641 Thread 0x00000232d3b2cea0 Thread added: 0x00000232efbd5080
Event: 4.673 Thread 0x00000232d3b2cea0 Thread added: 0x00000232efbd9f40
Event: 4.881 Thread 0x00000232d3b2cea0 Thread added: 0x00000232efbdb980
Event: 4.881 Thread 0x00000232d3b2cea0 Thread added: 0x00000232efbd7150
Event: 4.904 Thread 0x00000232eed41140 Thread added: 0x00000232efbd8500
Event: 5.199 Thread 0x00000232efbd7150 Thread added: 0x00000232efbdac60
Event: 5.203 Thread 0x00000232efbd7150 Thread added: 0x00000232efbd98b0
Event: 5.214 Thread 0x00000232efbd7150 Thread added: 0x00000232efbdc6a0
Event: 5.544 Thread 0x00000232ef0c6cc0 Thread exited: 0x00000232ef0c6cc0
Event: 5.765 Thread 0x00000232e7efcaf0 Thread added: 0x00000232e9ca6cf0


Dynamic libraries:
0x00007ff60d920000 - 0x00007ff60d92e000 	c:\Users\Adel\.vscode\extensions\redhat.java-1.42.0-win32-x64\jre\21.0.7-win32-x86_64\bin\java.exe
0x00007ffc62fd0000 - 0x00007ffc631e7000 	C:\WINDOWS\SYSTEM32\ntdll.dll
0x00007ffc61750000 - 0x00007ffc61814000 	C:\WINDOWS\System32\KERNEL32.DLL
0x00007ffc60350000 - 0x00007ffc60721000 	C:\WINDOWS\System32\KERNELBASE.dll
0x00007ffc609c0000 - 0x00007ffc60ad1000 	C:\WINDOWS\System32\ucrtbase.dll
0x00007ffc569c0000 - 0x00007ffc569de000 	c:\Users\Adel\.vscode\extensions\redhat.java-1.42.0-win32-x64\jre\21.0.7-win32-x86_64\bin\VCRUNTIME140.dll
0x00007ffc56cc0000 - 0x00007ffc56cd8000 	c:\Users\Adel\.vscode\extensions\redhat.java-1.42.0-win32-x64\jre\21.0.7-win32-x86_64\bin\jli.dll
0x00007ffc61c40000 - 0x00007ffc61df1000 	C:\WINDOWS\System32\USER32.dll
0x00007ffc4a630000 - 0x00007ffc4a8c2000 	C:\WINDOWS\WinSxS\amd64_microsoft.windows.common-controls_6595b64144ccf1df_6.0.22621.4830_none_270fe7d773858e80\COMCTL32.dll
0x00007ffc60320000 - 0x00007ffc60346000 	C:\WINDOWS\System32\win32u.dll
0x00007ffc619d0000 - 0x00007ffc61a77000 	C:\WINDOWS\System32\msvcrt.dll
0x00007ffc61a80000 - 0x00007ffc61aa9000 	C:\WINDOWS\System32\GDI32.dll
0x00007ffc608a0000 - 0x00007ffc609bb000 	C:\WINDOWS\System32\gdi32full.dll
0x00007ffc60280000 - 0x00007ffc6031a000 	C:\WINDOWS\System32\msvcp_win.dll
0x00007ffc61e00000 - 0x00007ffc61e31000 	C:\WINDOWS\System32\IMM32.DLL
0x00007ffc5c660000 - 0x00007ffc5c66c000 	c:\Users\Adel\.vscode\extensions\redhat.java-1.42.0-win32-x64\jre\21.0.7-win32-x86_64\bin\vcruntime140_1.dll
0x00007ffc3b3f0000 - 0x00007ffc3b47d000 	c:\Users\Adel\.vscode\extensions\redhat.java-1.42.0-win32-x64\jre\21.0.7-win32-x86_64\bin\msvcp140.dll
0x00007ffc10ed0000 - 0x00007ffc11c60000 	c:\Users\Adel\.vscode\extensions\redhat.java-1.42.0-win32-x64\jre\21.0.7-win32-x86_64\bin\server\jvm.dll
0x00007ffc61e50000 - 0x00007ffc61f01000 	C:\WINDOWS\System32\ADVAPI32.dll
0x00007ffc62e80000 - 0x00007ffc62f27000 	C:\WINDOWS\System32\sechost.dll
0x00007ffc60110000 - 0x00007ffc60138000 	C:\WINDOWS\System32\bcrypt.dll
0x00007ffc62390000 - 0x00007ffc624a4000 	C:\WINDOWS\System32\RPCRT4.dll
0x00007ffc61ab0000 - 0x00007ffc61b21000 	C:\WINDOWS\System32\WS2_32.dll
0x00007ffc5fe30000 - 0x00007ffc5fe7d000 	C:\WINDOWS\SYSTEM32\POWRPROF.dll
0x00007ffc5b140000 - 0x00007ffc5b174000 	C:\WINDOWS\SYSTEM32\WINMM.dll
0x00007ffc5a9e0000 - 0x00007ffc5a9ea000 	C:\WINDOWS\SYSTEM32\VERSION.dll
0x00007ffc5fd60000 - 0x00007ffc5fd73000 	C:\WINDOWS\SYSTEM32\UMPDC.dll
0x00007ffc5f120000 - 0x00007ffc5f138000 	C:\WINDOWS\SYSTEM32\kernel.appcore.dll
0x00007ffc5bf60000 - 0x00007ffc5bf6a000 	c:\Users\Adel\.vscode\extensions\redhat.java-1.42.0-win32-x64\jre\21.0.7-win32-x86_64\bin\jimage.dll
0x00007ffc5d890000 - 0x00007ffc5dac2000 	C:\WINDOWS\SYSTEM32\DBGHELP.DLL
0x00007ffc61f30000 - 0x00007ffc622c0000 	C:\WINDOWS\System32\combase.dll
0x00007ffc626b0000 - 0x00007ffc62787000 	C:\WINDOWS\System32\OLEAUT32.dll
0x00007ffc48e70000 - 0x00007ffc48ea2000 	C:\WINDOWS\SYSTEM32\dbgcore.DLL
0x00007ffc60b60000 - 0x00007ffc60bdb000 	C:\WINDOWS\System32\bcryptPrimitives.dll
0x00007ffc5b8a0000 - 0x00007ffc5b8af000 	c:\Users\Adel\.vscode\extensions\redhat.java-1.42.0-win32-x64\jre\21.0.7-win32-x86_64\bin\instrument.dll
0x00007ffc54550000 - 0x00007ffc5456f000 	c:\Users\Adel\.vscode\extensions\redhat.java-1.42.0-win32-x64\jre\21.0.7-win32-x86_64\bin\java.dll
0x00007ffc60ec0000 - 0x00007ffc61748000 	C:\WINDOWS\System32\SHELL32.dll
0x00007ffc60140000 - 0x00007ffc6027f000 	C:\WINDOWS\System32\wintypes.dll
0x00007ffc5e020000 - 0x00007ffc5e92d000 	C:\WINDOWS\SYSTEM32\windows.storage.dll
0x00007ffc61b30000 - 0x00007ffc61c3a000 	C:\WINDOWS\System32\SHCORE.dll
0x00007ffc62f30000 - 0x00007ffc62f8e000 	C:\WINDOWS\System32\shlwapi.dll
0x00007ffc60040000 - 0x00007ffc6006b000 	C:\WINDOWS\SYSTEM32\profapi.dll
0x00007ffc54310000 - 0x00007ffc54328000 	c:\Users\Adel\.vscode\extensions\redhat.java-1.42.0-win32-x64\jre\21.0.7-win32-x86_64\bin\zip.dll
0x00007ffc56b90000 - 0x00007ffc56ba0000 	C:\Users\Adel\.vscode\extensions\redhat.java-1.42.0-win32-x64\jre\21.0.7-win32-x86_64\bin\net.dll
0x00007ffc5bc40000 - 0x00007ffc5bd6c000 	C:\WINDOWS\SYSTEM32\WINHTTP.dll
0x00007ffc5f580000 - 0x00007ffc5f5ea000 	C:\WINDOWS\system32\mswsock.dll
0x00007ffc521e0000 - 0x00007ffc521f6000 	C:\Users\Adel\.vscode\extensions\redhat.java-1.42.0-win32-x64\jre\21.0.7-win32-x86_64\bin\nio.dll
0x00007ffc55160000 - 0x00007ffc55170000 	c:\Users\Adel\.vscode\extensions\redhat.java-1.42.0-win32-x64\jre\21.0.7-win32-x86_64\bin\verify.dll
0x00007ffc58980000 - 0x00007ffc589c5000 	C:\Users\Adel\AppData\Roaming\Code\User\globalStorage\redhat.java\1.42.0\config_ss_win\org.eclipse.equinox.launcher\org.eclipse.equinox.launcher.win32.win32.x86_64_1.2.1300.v20250331-1702\eclipse_11911.dll
0x00007ffc61820000 - 0x00007ffc619c1000 	C:\WINDOWS\System32\ole32.dll
0x00007ffc5f8d0000 - 0x00007ffc5f8eb000 	C:\WINDOWS\SYSTEM32\CRYPTSP.dll
0x00007ffc5f080000 - 0x00007ffc5f0b7000 	C:\WINDOWS\system32\rsaenh.dll
0x00007ffc5f620000 - 0x00007ffc5f648000 	C:\WINDOWS\SYSTEM32\USERENV.dll
0x00007ffc5f8b0000 - 0x00007ffc5f8bc000 	C:\WINDOWS\SYSTEM32\CRYPTBASE.dll
0x00007ffc5eb90000 - 0x00007ffc5ebbd000 	C:\WINDOWS\SYSTEM32\IPHLPAPI.DLL
0x00007ffc61f20000 - 0x00007ffc61f29000 	C:\WINDOWS\System32\NSI.dll
0x00007ffc4b4d0000 - 0x00007ffc4b519000 	C:\Users\Adel\AppData\Local\Temp\jna-2035754\jna1528688128404402166.dll
0x00007ffc60eb0000 - 0x00007ffc60eb8000 	C:\WINDOWS\System32\PSAPI.DLL
0x00007ffc5bfa0000 - 0x00007ffc5bfb9000 	C:\WINDOWS\SYSTEM32\dhcpcsvc6.DLL
0x00007ffc5b880000 - 0x00007ffc5b89f000 	C:\WINDOWS\SYSTEM32\dhcpcsvc.DLL

dbghelp: loaded successfully - version: 4.0.5 - missing functions: none
symbol engine: initialized successfully - sym options: 0x614 - pdb path: .;c:\Users\Adel\.vscode\extensions\redhat.java-1.42.0-win32-x64\jre\21.0.7-win32-x86_64\bin;C:\WINDOWS\SYSTEM32;C:\WINDOWS\WinSxS\amd64_microsoft.windows.common-controls_6595b64144ccf1df_6.0.22621.4830_none_270fe7d773858e80;c:\Users\Adel\.vscode\extensions\redhat.java-1.42.0-win32-x64\jre\21.0.7-win32-x86_64\bin\server;C:\Users\Adel\AppData\Roaming\Code\User\globalStorage\redhat.java\1.42.0\config_ss_win\org.eclipse.equinox.launcher\org.eclipse.equinox.launcher.win32.win32.x86_64_1.2.1300.v20250331-1702;C:\Users\Adel\AppData\Local\Temp\jna-2035754

VM Arguments:
jvm_args: --add-modules=ALL-SYSTEM --add-opens=java.base/java.util=ALL-UNNAMED --add-opens=java.base/java.lang=ALL-UNNAMED --add-opens=java.base/sun.nio.fs=ALL-UNNAMED -Declipse.application=org.eclipse.jdt.ls.core.id1 -Dosgi.bundles.defaultStartLevel=4 -Declipse.product=org.eclipse.jdt.ls.core.product -Djava.import.generatesMetadataFilesAtProjectRoot=false -DDetectVMInstallationsJob.disabled=true -Dfile.encoding=utf8 -XX:+UseParallelGC -XX:GCTimeRatio=4 -XX:AdaptiveSizePolicyWeight=90 -Dsun.zip.disableMemoryMapping=true -Xmx1G -Xms100m -Xlog:disable -javaagent:c:\Users\Adel\.vscode\extensions\redhat.java-1.42.0-win32-x64\lombok\lombok-1.18.36.jar 
java_command: c:\Users\Adel\.vscode\extensions\redhat.java-1.42.0-win32-x64\server\plugins\org.eclipse.equinox.launcher_1.7.0.v20250424-1814.jar -configuration c:\Users\Adel\AppData\Roaming\Code\User\globalStorage\redhat.java\1.42.0\config_ss_win -data c:\Users\Adel\AppData\Roaming\Code\User\workspaceStorage\45387e2bdb139d26aa9d40a2b8c5fab9\redhat.java\ss_ws --pipe=\\.\pipe\lsp-d3644fd9d1498679f24dd86d4c855d58-sock
java_class_path (initial): c:\Users\Adel\.vscode\extensions\redhat.java-1.42.0-win32-x64\server\plugins\org.eclipse.equinox.launcher_1.7.0.v20250424-1814.jar
Launcher Type: SUN_STANDARD

[Global flags]
    uintx AdaptiveSizePolicyWeight                 = 90                                        {product} {command line}
     intx CICompilerCount                          = 4                                         {product} {ergonomic}
    uintx GCTimeRatio                              = 4                                         {product} {command line}
   size_t InitialHeapSize                          = 104857600                                 {product} {command line}
   size_t MaxHeapSize                              = 1073741824                                {product} {command line}
   size_t MaxNewSize                               = 357564416                                 {product} {ergonomic}
   size_t MinHeapDeltaBytes                        = 524288                                    {product} {ergonomic}
   size_t MinHeapSize                              = 104857600                                 {product} {command line}
   size_t NewSize                                  = 34603008                                  {product} {ergonomic}
    uintx NonNMethodCodeHeapSize                   = 5839372                                {pd product} {ergonomic}
    uintx NonProfiledCodeHeapSize                  = 122909434                              {pd product} {ergonomic}
   size_t OldSize                                  = 70254592                                  {product} {ergonomic}
    uintx ProfiledCodeHeapSize                     = 122909434                              {pd product} {ergonomic}
    uintx ReservedCodeCacheSize                    = 251658240                              {pd product} {ergonomic}
     bool SegmentedCodeCache                       = true                                      {product} {ergonomic}
   size_t SoftMaxHeapSize                          = 1073741824                             {manageable} {ergonomic}
     bool UseCompressedOops                        = true                           {product lp64_product} {ergonomic}
     bool UseLargePagesIndividualAllocation        = false                                  {pd product} {ergonomic}
     bool UseParallelGC                            = true                                      {product} {command line}

Logging:
Log output configuration:
 #0: stdout all=off uptime,level,tags foldmultilines=false
 #1: stderr all=off uptime,level,tags foldmultilines=false

Environment Variables:
PATH=C:\Program Files\Common Files\Oracle\Java\javapath;C:\WINDOWS\system32;C:\WINDOWS;C:\WINDOWS\System32\Wbem;C:\WINDOWS\System32\WindowsPowerShell\v1.0\;C:\WINDOWS\System32\OpenSSH\;D:\1\Git\cmd;C:\Program Files\Docker\Docker\resources\bin;C:\ProgramData\Adel\GitHubDesktop\bin;C:\Program Files\nodejs\;C:\Program Files\Git\bin;C:\Program Files\apache-maven-3.9.6\bin;D:\kafka-4.0.0-src\bin;C:\Program Files\MySQL\MySQL Server 8.0\bin;C:\ProgramData\Oracle\Java\javapath;C:\Program Files\Common Files\Oracle\Java\javapath;C:\WINDOWS\system32;C:\WINDOWS;C:\WINDOWS\System32\Wbem;C:\WINDOWS\System32\WindowsPowerShell\v1.0\;C:\WINDOWS\System32\OpenSSH\;D:\1\Git\cmd;D:\1\flutter_windows_3.27.3-stable;C:\Users\Adel\AppData\Local\Programs\Python\Python312\Scripts\;C:\Users\Adel\AppData\Local\Programs\Python\Python312\;C:\Users\Adel\AppData\Local\Programs\Python\Launcher\;C:\Users\Adel\AppData\Local\Microsoft\WindowsApps;C:\Users\Adel\AppData\Local\Programs\Microsoft VS Code\bin;C:\msys64\usr\bin;C:\msys64\mingw64\bin;C:\msys64\mingw32\bin;C:\msys64\ucrt64\bin;C:\ProgramData\Adel\GitHubDesktop\bin;D:\1\flutter_windows_3.27.3-stable\flutter\bin;C:\Program Files\Java\jdk1.8.0_111\bin;C:\Users\Adel\Downloads\maven-mvnd-1.0.2-windows-amd64\maven-mvnd-1.0.2-windows-amd64\bin;C:\ProgramData\Adel\GitHubDesktop\bin;C:\Users\Adel\AppData\Roaming\npm;C:\Program Files\maven-mvnd-1.0.2-windows-amd64\bin;C:\Program Files\InfluxDB;
USERNAME=Adel
OS=Windows_NT
PROCESSOR_IDENTIFIER=Intel64 Family 6 Model 165 Stepping 2, GenuineIntel
TMP=C:\Users\Adel\AppData\Local\Temp
TEMP=C:\Users\Adel\AppData\Local\Temp




Periodic native trim disabled

---------------  S Y S T E M  ---------------

OS:
 Windows 11 , 64 bit Build 22621 (10.0.22621.4974)
OS uptime: 15 days 15:21 hours
Hyper-V role detected

CPU: total 8 (initial active 8) (4 cores per cpu, 2 threads per core) family 6 model 165 stepping 2 microcode 0xf0, cx8, cmov, fxsr, ht, mmx, 3dnowpref, sse, sse2, sse3, ssse3, sse4.1, sse4.2, popcnt, lzcnt, tsc, tscinvbit, avx, avx2, aes, erms, clmul, bmi1, bmi2, adx, fma, vzeroupper, clflush, clflushopt, hv, rdtscp, f16c
Processor Information for the first 8 processors :
  Max Mhz: 2496, Current Mhz: 2496, Mhz Limit: 2496

Memory: 4k page, system-wide physical 8099M (431M free)
TotalPageFile size 22338M (AvailPageFile size 0M)
current process WorkingSet (physical memory assigned to process): 183M, peak: 183M
current process commit charge ("private bytes"): 268M, peak: 272M

vm_info: OpenJDK 64-Bit Server VM (21.0.7+6-LTS) for windows-amd64 JRE (21.0.7+6-LTS), built on 2025-04-15T00:00:00Z by "admin" with MS VC++ 17.7 (VS2022)

END.
